//  Catapult University Version 2011a.126 (Production Release) Wed Aug  8 00:52:07 PDT 2012
//  
//  Copyright (c) Calypto Design Systems, Inc., 1996-2012, All Rights Reserved.
//                       UNPUBLISHED, LICENSED SOFTWARE.
//            CONFIDENTIAL AND PROPRIETARY INFORMATION WHICH IS THE
//          PROPERTY OF CALYPTO DESIGN SYSTEMS OR ITS LICENSORS
//  
//  Running on Windows 7 mf2915@EEWS305-026 Service Pack 1 6.01.7601 i686
//  
//  Package information: SIFLIBS v17.0_1.1, HLS_PKGS v17.0_1.1, 
//                       DesignPad v2.78_0.0
//  
//  This version may only be used for academic purposes.  Some optimizations 
//  are disabled, so results obtained from this version may be sub-optimal.
//  
//  Start time Thu May 05 17:38:10 2016
# -------------------------------------------------
# Logging session transcript to file "C:\Users\mf2915\AppData\Local\Temp\log748aca2e4.0"
# Loading options from registry.
# Warning: set_working_dir: Directory 'C:/Windows/System32' not writable, using C:/Users/mf2915/AppData/Local/Temp
project load C:/workspace/new/EIE-1stYear-project-fpga/fpga_files/catapult_proj/markers/Catapult.ccs
# Moving session transcript to file "C:\workspace\new\EIE-1stYear-project-fpga\fpga_files\catapult_proj\markers\catapult.log"
# Reading component library '$MGC_HOME\pkgs\siflibs\mgc_busdefs.lib' [mgc_busdefs]... (LIB-49)
# Reading component library '$MGC_HOME\pkgs\siflibs\stdops.lib' [STDOPS]... (LIB-49)
# Reading component library '$MGC_HOME\pkgs\siflibs\mgc_ioport.lib' [mgc_ioport]... (LIB-49)
# Reading component library '$MGC_HOME\pkgs\ccs_altera\Altera_accel_CycloneIII.lib' [Altera_accel_CycloneIII]... (LIB-49)
# Reading component library '$MGC_HOME\pkgs\siflibs\psr2010a_up2\mgc_Altera-Cyclone-III-6_beh_psr.lib' [mgc_Altera-Cyclone-III-6_beh_psr]... (LIB-49)
# Reading component library '$MGC_HOME\pkgs\siflibs\mgc_busdefs.lib' [mgc_busdefs]... (LIB-49)
# Reading component library '$MGC_HOME\pkgs\siflibs\stdops.lib' [STDOPS]... (LIB-49)
# Reading component library '$MGC_HOME\pkgs\siflibs\mgc_ioport.lib' [mgc_ioport]... (LIB-49)
# Reading component library '$MGC_HOME\pkgs\ccs_altera\Altera_accel_CycloneIII.lib' [Altera_accel_CycloneIII]... (LIB-49)
# Reading component library '$MGC_HOME\pkgs\siflibs\psr2010a_up2\mgc_Altera-Cyclone-III-6_beh_psr.lib' [mgc_Altera-Cyclone-III-6_beh_psr]... (LIB-49)
# File '$PROJECT_HOME/../markers_source/blur.c' saved
# Input file has changed
go new
solution file set {$PROJECT_HOME/../markers_source/blur.c} -updated
# Info: Branching solution 'solution.v26' at state 'new' (PRJ-2)
# File '$PROJECT_HOME/../markers_source/blur.c' saved
# File '$PROJECT_HOME/../markers_source/blur.c' saved
# File '$PROJECT_HOME/../markers_source/blur.c' saved
# File '$PROJECT_HOME/../markers_source/blur.c' saved
go extract
# Info: Starting transformation 'analyze' on solution 'solution.v26' (SOL-8)
# Front End called with arguments: -- {C:\workspace\new\EIE-1stYear-project-fpga\fpga_files\catapult_proj\markers_source\blur.h} {C:\workspace\new\EIE-1stYear-project-fpga\fpga_files\catapult_proj\markers_source\blur.c} {C:\workspace\new\EIE-1stYear-project-fpga\fpga_files\catapult_proj\markers_source\shift_class.h} (CIN-69)
# Edison Design Group C++/C Front End - Version 3.10.1 (CIN-1)
# $PROJECT_HOME/../markers_source/blur.c(58): Pragma 'hls_design<top>' detected on routine 'markers' (CIN-6)
# Source file analysis completed (CIN-68)
# Info: Completed transformation 'analyze' on solution 'solution.v26': elapsed time 1.32 seconds, memory usage 380764kB, peak memory usage 450664kB (SOL-9)
# Info: Starting transformation 'compile' on solution 'solution.v26' (SOL-8)
# Generating synthesis internal form... (CIN-3)
# $PROJECT_HOME/../markers_source/blur.c(59): Found top design routine 'markers' specified by directive (CIN-52)
# $PROJECT_HOME/../markers_source/blur.c(59): Synthesizing routine 'markers' (CIN-13)
# $PROJECT_HOME/../markers_source/blur.c(59): Inlining routine 'markers' (CIN-14)
# Warning: $PROJECT_HOME/../markers_source/blur.c(76): Instantiating global variable 'acc' which may be accessed outside this scope (CIN-18)
# Warning: $PROJECT_HOME/../markers_source/blur.c(80): Instantiating global variable 'red_xy' which may be accessed outside this scope (CIN-18)
# Warning: $PROJECT_HOME/../markers_source/blur.c(82): Instantiating global variable 'blue_xy' which may be accessed outside this scope (CIN-18)
# Warning: $PROJECT_HOME/../markers_source/blur.c(106): Instantiating global variable 'red_xy_previous' which may be accessed outside this scope (CIN-18)
# Warning: $PROJECT_HOME/../markers_source/blur.c(129): Instantiating global variable 'blue_xy_previous' which may be accessed outside this scope (CIN-18)
# Warning: $PROJECT_HOME/../markers_source/blur.c(165): Instantiating global variable 'volume_memory' which may be accessed outside this scope (CIN-18)
# $PROJECT_HOME/../markers_source/blur.c(59): Optimizing block '/markers' ... (CIN-4)
# $PROJECT_HOME/../markers_source/blur.c(59): Inout port 'vin' is only used as an input. (OPT-10)
# $PROJECT_HOME/../markers_source/blur.c(59): Inout port 'vout' is only used as an output. (OPT-11)
# $PROJECT_HOME/../markers_source/blur.c(59): Inout port 'volume' is only used as an output. (OPT-11)
# Info: Optimizing partition '/markers': (Total ops = 397, Real ops = 99, Vars = 102) (SOL-10)
# Info: Optimizing partition '/markers/core': (Total ops = 397, Real ops = 99, Vars = 98) (SOL-10)
# Info: Optimizing partition '/markers/core': (Total ops = 397, Real ops = 99, Vars = 98) (SOL-10)
# Info: Optimizing partition '/markers': (Total ops = 397, Real ops = 99, Vars = 102) (SOL-10)
# Info: Optimizing partition '/markers': (Total ops = 397, Real ops = 99, Vars = 102) (SOL-10)
# Info: Optimizing partition '/markers/core': (Total ops = 397, Real ops = 99, Vars = 98) (SOL-10)
# Info: Optimizing partition '/markers/core': (Total ops = 272, Real ops = 60, Vars = 63) (SOL-10)
# Info: Optimizing partition '/markers': (Total ops = 272, Real ops = 60, Vars = 67) (SOL-10)
# Info: Optimizing partition '/markers': (Total ops = 272, Real ops = 60, Vars = 67) (SOL-10)
# Info: Optimizing partition '/markers/core': (Total ops = 268, Real ops = 58, Vars = 72) (SOL-10)
# Info: Optimizing partition '/markers/core': (Total ops = 296, Real ops = 48, Vars = 39) (SOL-10)
# Info: Optimizing partition '/markers': (Total ops = 296, Real ops = 48, Vars = 43) (SOL-10)
# Info: Optimizing partition '/markers/core': (Total ops = 295, Real ops = 48, Vars = 42) (SOL-10)
# Info: Optimizing partition '/markers/core': (Total ops = 291, Real ops = 48, Vars = 38) (SOL-10)
# Info: Optimizing partition '/markers': (Total ops = 291, Real ops = 48, Vars = 42) (SOL-10)
# Info: Optimizing partition '/markers/core': (Total ops = 291, Real ops = 48, Vars = 38) (SOL-10)
# Info: Optimizing partition '/markers': (Total ops = 291, Real ops = 48, Vars = 42) (SOL-10)
# Info: Optimizing partition '/markers': (Total ops = 291, Real ops = 48, Vars = 42) (SOL-10)
# Info: Optimizing partition '/markers/core': (Total ops = 291, Real ops = 48, Vars = 38) (SOL-10)
# Info: Optimizing partition '/markers/core': (Total ops = 272, Real ops = 51, Vars = 63) (SOL-10)
# Info: Optimizing partition '/markers/core': (Total ops = 224, Real ops = 49, Vars = 44) (SOL-10)
# Info: Optimizing partition '/markers/core': (Total ops = 219, Real ops = 49, Vars = 30) (SOL-10)
# Info: Optimizing partition '/markers': (Total ops = 219, Real ops = 49, Vars = 34) (SOL-10)
# Info: Optimizing partition '/markers/core': (Total ops = 219, Real ops = 49, Vars = 30) (SOL-10)
# Info: Optimizing partition '/markers': (Total ops = 219, Real ops = 49, Vars = 34) (SOL-10)
# Info: Optimizing partition '/markers': (Total ops = 219, Real ops = 49, Vars = 34) (SOL-10)
# Info: Optimizing partition '/markers/core': (Total ops = 219, Real ops = 49, Vars = 30) (SOL-10)
# Design 'markers' was read (SOL-1)
# Info: Completed transformation 'compile' on solution 'markers.v65': elapsed time 27.83 seconds, memory usage 382344kB, peak memory usage 450664kB (SOL-9)
# Info: Starting transformation 'architect' on solution 'markers.v65' (SOL-8)
# $PROJECT_HOME/../markers_source/blur.c(59): Loop '/markers/core/main' is left rolled. (LOOP-4)
# Info: Optimizing partition '/markers': (Total ops = 218, Real ops = 50, Vars = 41) (SOL-10)
# Info: Optimizing partition '/markers/core': (Total ops = 218, Real ops = 50, Vars = 34) (SOL-10)
# Info: Optimizing partition '/markers/core': (Total ops = 186, Real ops = 48, Vars = 28) (SOL-10)
# Info: Optimizing partition '/markers/core': (Total ops = 180, Real ops = 48, Vars = 26) (SOL-10)
# Info: Optimizing partition '/markers/core': (Total ops = 180, Real ops = 48, Vars = 26) (SOL-10)
# Info: Optimizing partition '/markers': (Total ops = 180, Real ops = 48, Vars = 33) (SOL-10)
# Info: Optimizing partition '/markers/core': (Total ops = 180, Real ops = 48, Vars = 26) (SOL-10)
# Info: Optimizing partition '/markers': (Total ops = 180, Real ops = 48, Vars = 33) (SOL-10)
# $PROJECT_HOME/../markers_source/blur.c(59): I/O-Port inferred - resource 'vout:rsc' (from var: vout) mapped to 'mgc_ioport.mgc_out_stdreg' (size: 30). (MEM-2)
# $PROJECT_HOME/../markers_source/blur.c(59): I/O-Port inferred - resource 'volume:rsc' (from var: volume) mapped to 'mgc_ioport.mgc_out_stdreg' (size: 8). (MEM-2)
# Info: Optimizing partition '/markers': (Total ops = 181, Real ops = 48, Vars = 33) (SOL-10)
# Info: Optimizing partition '/markers/core': (Total ops = 181, Real ops = 48, Vars = 26) (SOL-10)
# Info: Optimizing partition '/markers/core': (Total ops = 181, Real ops = 48, Vars = 22) (SOL-10)
# Info: Optimizing partition '/markers': (Total ops = 181, Real ops = 48, Vars = 29) (SOL-10)
# Info: Optimizing partition '/markers': (Total ops = 168, Real ops = 48, Vars = 32) (SOL-10)
# Info: Optimizing partition '/markers/core': (Total ops = 168, Real ops = 48, Vars = 25) (SOL-10)
# Info: Optimizing partition '/markers': (Total ops = 168, Real ops = 48, Vars = 32) (SOL-10)
# Info: Optimizing partition '/markers/core': (Total ops = 485, Real ops = 98, Vars = 221) (SOL-10)
# Info: Optimizing partition '/markers/core': (Total ops = 247, Real ops = 85, Vars = 53) (SOL-10)
# Design 'markers' contains '90' real operations. (SOL-11)
# Info: Completed transformation 'architect' on solution 'markers.v65': elapsed time 63.83 seconds, memory usage 383572kB, peak memory usage 450664kB (SOL-9)
# Info: Starting transformation 'allocate' on solution 'markers.v65' (SOL-8)
# Performing concurrent resource allocation and scheduling on '/markers/core' (CRAAS-1)
# Info: Select qualified components for data operations ... (CRAAS-3)
# Info: Apply resource constraints on data operations ... (CRAAS-4)
# $PROJECT_HOME/../markers_source/blur.c(59): Prescheduled LOOP 'main' (4 c-steps) (SCHD-7)
# $PROJECT_HOME/../markers_source/blur.c(59): Prescheduled LOOP 'core:rlp' (0 c-steps) (SCHD-7)
# $PROJECT_HOME/../markers_source/blur.c(59): Prescheduled SEQUENTIAL 'core' (total length 4 c-steps) (SCHD-8)
# Info: Initial schedule of SEQUENTIAL 'core': Latency = 3, Area (Datapath, Register, Total) = 292.90, 0.00, 292.90 (CRAAS-11)
# At least one feasible schedule exists. (CRAAS-9)
# Info: Optimized LOOP 'main': Latency = 3, Area (Datapath, Register, Total) = 291.90, 0.00, 291.90 (CRAAS-10)
# Info: Optimized LOOP 'main': Latency = 3, Area (Datapath, Register, Total) = 290.90, 0.00, 290.90 (CRAAS-10)
# Info: Optimized LOOP 'main': Latency = 3, Area (Datapath, Register, Total) = 288.49, 0.00, 288.49 (CRAAS-10)
# Info: Final schedule of SEQUENTIAL 'core': Latency = 3, Area (Datapath, Register, Total) = 288.49, 0.00, 288.49 (CRAAS-12)
# Resource allocation and scheduling done. (CRAAS-2)
# Netlist written to file 'schedule.gnt' (NET-4)
# Info: Completed transformation 'allocate' on solution 'markers.v65': elapsed time 11.12 seconds, memory usage 384588kB, peak memory usage 450664kB (SOL-9)
# Info: Starting transformation 'schedule' on solution 'markers.v65' (SOL-8)
# Performing concurrent resource allocation and scheduling on '/markers/core' (CRAAS-1)
# Warning: Cannot build distributed pipeline in process 'core' because of missing handshake for resource 'vout:rsc' (SCHD-15)
# Warning: Cannot build distributed pipeline in process 'core' because of missing handshake for resource 'volume:rsc' (SCHD-15)
# Global signal 'vout:rsc.z' added to design 'markers' for component 'vout:rsc:mgc_out_stdreg' (LIB-3)
# Global signal 'volume:rsc.z' added to design 'markers' for component 'volume:rsc:mgc_out_stdreg' (LIB-3)
# Info: Optimizing partition '/markers': (Total ops = 375, Real ops = 91, Vars = 106) (SOL-10)
# Info: Optimizing partition '/markers/markers:core': (Total ops = 363, Real ops = 90, Vars = 96) (SOL-10)
# Info: Optimizing partition '/markers/markers:core/core': (Total ops = 356, Real ops = 90, Vars = 89) (SOL-10)
# Info: Optimizing partition '/markers/markers:core/core': (Total ops = 285, Real ops = 87, Vars = 75) (SOL-10)
# Info: Optimizing partition '/markers/markers:core/core': (Total ops = 279, Real ops = 87, Vars = 69) (SOL-10)
# Info: Optimizing partition '/markers': (Total ops = 294, Real ops = 87, Vars = 84) (SOL-10)
# Info: Optimizing partition '/markers/markers:core': (Total ops = 284, Real ops = 87, Vars = 75) (SOL-10)
# Info: Optimizing partition '/markers/markers:core/core': (Total ops = 278, Real ops = 87, Vars = 69) (SOL-10)
# Info: Optimizing partition '/markers': (Total ops = 294, Real ops = 87, Vars = 83) (SOL-10)
# Info: Optimizing partition '/markers/markers:core': (Total ops = 284, Real ops = 87, Vars = 75) (SOL-10)
# Report written to file 'cycle.rpt'
# Netlist written to file 'cycle.v' (NET-4)
# Info: Completed transformation 'schedule' on solution 'markers.v65': elapsed time 7.46 seconds, memory usage 388812kB, peak memory usage 450664kB (SOL-9)
# Info: Starting transformation 'dpfsm' on solution 'markers.v65' (SOL-8)
# Performing FSM extraction... (FSM-1)
# Info: Optimizing partition '/markers': (Total ops = 481, Real ops = 137, Vars = 363) (SOL-10)
# Info: Optimizing partition '/markers/markers:core': (Total ops = 471, Real ops = 137, Vars = 355) (SOL-10)
# Info: Optimizing partition '/markers': (Total ops = 469, Real ops = 134, Vars = 56) (SOL-10)
# Info: Optimizing partition '/markers/markers:core': (Total ops = 459, Real ops = 134, Vars = 48) (SOL-10)
# Info: Optimizing partition '/markers': (Total ops = 303, Real ops = 118, Vars = 76) (SOL-10)
# Info: Optimizing partition '/markers/markers:core': (Total ops = 293, Real ops = 118, Vars = 68) (SOL-10)
# Info: Optimizing partition '/markers': (Total ops = 282, Real ops = 99, Vars = 55) (SOL-10)
# Info: Optimizing partition '/markers/markers:core': (Total ops = 272, Real ops = 99, Vars = 47) (SOL-10)
# Info: Optimizing partition '/markers': (Total ops = 281, Real ops = 98, Vars = 54) (SOL-10)
# Info: Optimizing partition '/markers/markers:core': (Total ops = 271, Real ops = 98, Vars = 46) (SOL-10)
# Info: Optimizing partition '/markers': (Total ops = 281, Real ops = 98, Vars = 54) (SOL-10)
# Info: Optimizing partition '/markers/markers:core': (Total ops = 271, Real ops = 98, Vars = 46) (SOL-10)
# Info: Optimizing partition '/markers/markers:core': (Total ops = 271, Real ops = 98, Vars = 46) (SOL-10)
# Info: Optimizing partition '/markers': (Total ops = 281, Real ops = 98, Vars = 54) (SOL-10)
# Info: Optimizing partition '/markers': (Total ops = 281, Real ops = 98, Vars = 54) (SOL-10)
# Info: Optimizing partition '/markers/markers:core': (Total ops = 271, Real ops = 98, Vars = 46) (SOL-10)
# Info: Optimizing partition '/markers': (Total ops = 283, Real ops = 98, Vars = 56) (SOL-10)
# Info: Optimizing partition '/markers/markers:core': (Total ops = 273, Real ops = 98, Vars = 48) (SOL-10)
# Info: Optimizing partition '/markers': (Total ops = 281, Real ops = 98, Vars = 54) (SOL-10)
# Info: Optimizing partition '/markers/markers:core': (Total ops = 271, Real ops = 98, Vars = 46) (SOL-10)
# Info: Completed transformation 'dpfsm' on solution 'markers.v65': elapsed time 10.76 seconds, memory usage 388932kB, peak memory usage 450664kB (SOL-9)
# Info: Starting transformation 'extract' on solution 'markers.v65' (SOL-8)
# Warning: Reassigned operation if:acc#7:DEFAULT to mgc_Altera-Cyclone-III-6_beh_psr.mgc_add(2,0,1,0,2) (ASG-1)
# Info: Optimizing partition '/markers': (Total ops = 295, Real ops = 100, Vars = 292) (SOL-10)
# Info: Optimizing partition '/markers/markers:core': (Total ops = 285, Real ops = 100, Vars = 284) (SOL-10)
# Info: Optimizing partition '/markers': (Total ops = 253, Real ops = 88, Vars = 54) (SOL-10)
# Info: Optimizing partition '/markers/markers:core': (Total ops = 243, Real ops = 88, Vars = 46) (SOL-10)
# Info: Optimizing partition '/markers': (Total ops = 253, Real ops = 88, Vars = 52) (SOL-10)
# Info: Optimizing partition '/markers/markers:core': (Total ops = 243, Real ops = 88, Vars = 44) (SOL-10)
# Info: Optimizing partition '/markers/markers:core': (Total ops = 245, Real ops = 88, Vars = 46) (SOL-10)
# Info: Optimizing partition '/markers/markers:core': (Total ops = 243, Real ops = 88, Vars = 44) (SOL-10)
# Info: Optimizing partition '/markers': (Total ops = 253, Real ops = 88, Vars = 52) (SOL-10)
# Info: Optimizing partition '/markers': (Total ops = 253, Real ops = 88, Vars = 52) (SOL-10)
# Info: Optimizing partition '/markers/markers:core': (Total ops = 243, Real ops = 88, Vars = 44) (SOL-10)
# Info: Optimizing partition '/markers': (Total ops = 253, Real ops = 88, Vars = 52) (SOL-10)
# Info: Optimizing partition '/markers/markers:core': (Total ops = 243, Real ops = 88, Vars = 44) (SOL-10)
# Warning: Reassigned operation and:mgc_Altera-Cyclone-III-6_beh_psr.mgc_and(4,2) to mgc_Altera-Cyclone-III-6_beh_psr.mgc_and(4,3) (ASG-1)
# Warning: Reassigned operation and#1:mgc_Altera-Cyclone-III-6_beh_psr.mgc_and(4,2) to mgc_Altera-Cyclone-III-6_beh_psr.mgc_and(4,3) (ASG-1)
# Warning: Reassigned operation and#2:mgc_Altera-Cyclone-III-6_beh_psr.mgc_and(10,2) to mgc_Altera-Cyclone-III-6_beh_psr.mgc_and(10,3) (ASG-1)
# Warning: Reassigned operation and#3:mgc_Altera-Cyclone-III-6_beh_psr.mgc_and(10,2) to mgc_Altera-Cyclone-III-6_beh_psr.mgc_and(10,3) (ASG-1)
# Warning: Reassigned operation and#4:mgc_Altera-Cyclone-III-6_beh_psr.mgc_and(10,2) to mgc_Altera-Cyclone-III-6_beh_psr.mgc_and(10,3) (ASG-1)
# Warning: Reassigned operation and#5:mgc_Altera-Cyclone-III-6_beh_psr.mgc_and(10,2) to mgc_Altera-Cyclone-III-6_beh_psr.mgc_and(10,3) (ASG-1)
# Info: Optimizing partition '/markers': (Total ops = 267, Real ops = 90, Vars = 264) (SOL-10)
# Info: Optimizing partition '/markers/markers:core': (Total ops = 257, Real ops = 90, Vars = 256) (SOL-10)
# Netlist written to file 'schematic.nlv' (NET-4)
# Info: Optimizing partition '/markers': (Total ops = 267, Real ops = 90, Vars = 264) (SOL-10)
# Info: Optimizing partition '/markers/markers:core': (Total ops = 257, Real ops = 90, Vars = 256) (SOL-10)
# Info: Optimizing partition '/markers': (Total ops = 239, Real ops = 88, Vars = 54) (SOL-10)
# Info: Optimizing partition '/markers/markers:core': (Total ops = 229, Real ops = 88, Vars = 46) (SOL-10)
# Info: Optimizing partition '/markers': (Total ops = 231, Real ops = 82, Vars = 49) (SOL-10)
# Info: Optimizing partition '/markers/markers:core': (Total ops = 221, Real ops = 82, Vars = 41) (SOL-10)
# Info: Optimizing partition '/markers': (Total ops = 231, Real ops = 82, Vars = 49) (SOL-10)
# Info: Optimizing partition '/markers/markers:core': (Total ops = 221, Real ops = 82, Vars = 41) (SOL-10)
# Report written to file 'rtl.rpt'
# Netlist written to file 'rtl.v' (NET-4)
# generate concat
# order file name is: rtl.v_order.txt
# Add dependent file: ./rtl_mgc_ioport.v
# Add dependent file: ./rtl_mgc_ioport_v2001.v
# Add dependent file: ./rtl.v
# Finished writing concatenated file: C:/workspace/new/EIE-1stYear-project-fpga/fpga_files/catapult_proj/markers/Catapult/markers.v65/concat_rtl.v
# Synthesis timing script written to file './rtl.v.psr_timing'
# IO timing constraints written to synthesis script file
# Synthesis script written to file 'rtl.v.psr'
# Info: Completed transformation 'extract' on solution 'markers.v65': elapsed time 28.55 seconds, memory usage 389048kB, peak memory usage 450664kB (SOL-9)
# File '$PROJECT_HOME/../markers_source/blur.c' saved
# File '$PROJECT_HOME/../markers_source/blur.c' saved
# Input file has changed
go new
solution file set {$PROJECT_HOME/../markers_source/blur.c} -updated
# Info: Branching solution 'solution.v26' at state 'new' (PRJ-2)
go extract
# Info: Starting transformation 'analyze' on solution 'solution.v26' (SOL-8)
# Front End called with arguments: -- {C:\workspace\new\EIE-1stYear-project-fpga\fpga_files\catapult_proj\markers_source\blur.h} {C:\workspace\new\EIE-1stYear-project-fpga\fpga_files\catapult_proj\markers_source\blur.c} {C:\workspace\new\EIE-1stYear-project-fpga\fpga_files\catapult_proj\markers_source\shift_class.h} (CIN-69)
# Edison Design Group C++/C Front End - Version 3.10.1 (CIN-1)
# $PROJECT_HOME/../markers_source/blur.c(58): Pragma 'hls_design<top>' detected on routine 'markers' (CIN-6)
# Source file analysis completed (CIN-68)
# Info: Completed transformation 'analyze' on solution 'solution.v26': elapsed time 1.33 seconds, memory usage 387904kB, peak memory usage 456864kB (SOL-9)
# Info: Starting transformation 'compile' on solution 'solution.v26' (SOL-8)
# Generating synthesis internal form... (CIN-3)
# $PROJECT_HOME/../markers_source/blur.c(59): Found top design routine 'markers' specified by directive (CIN-52)
# $PROJECT_HOME/../markers_source/blur.c(59): Synthesizing routine 'markers' (CIN-13)
# $PROJECT_HOME/../markers_source/blur.c(59): Inlining routine 'markers' (CIN-14)
# Warning: $PROJECT_HOME/../markers_source/blur.c(76): Instantiating global variable 'acc' which may be accessed outside this scope (CIN-18)
# Warning: $PROJECT_HOME/../markers_source/blur.c(80): Instantiating global variable 'red_xy' which may be accessed outside this scope (CIN-18)
# Warning: $PROJECT_HOME/../markers_source/blur.c(82): Instantiating global variable 'blue_xy' which may be accessed outside this scope (CIN-18)
# Warning: $PROJECT_HOME/../markers_source/blur.c(106): Instantiating global variable 'red_xy_previous' which may be accessed outside this scope (CIN-18)
# Warning: $PROJECT_HOME/../markers_source/blur.c(129): Instantiating global variable 'blue_xy_previous' which may be accessed outside this scope (CIN-18)
# Warning: $PROJECT_HOME/../markers_source/blur.c(165): Instantiating global variable 'volume_memory' which may be accessed outside this scope (CIN-18)
# $PROJECT_HOME/../markers_source/blur.c(59): Optimizing block '/markers' ... (CIN-4)
# $PROJECT_HOME/../markers_source/blur.c(59): Inout port 'vin' is only used as an input. (OPT-10)
# $PROJECT_HOME/../markers_source/blur.c(59): Inout port 'vout' is only used as an output. (OPT-11)
# $PROJECT_HOME/../markers_source/blur.c(59): Inout port 'volume' is only used as an output. (OPT-11)
# Info: Optimizing partition '/markers': (Total ops = 397, Real ops = 99, Vars = 102) (SOL-10)
# Info: Optimizing partition '/markers/core': (Total ops = 397, Real ops = 99, Vars = 98) (SOL-10)
# Info: Optimizing partition '/markers/core': (Total ops = 397, Real ops = 99, Vars = 98) (SOL-10)
# Info: Optimizing partition '/markers': (Total ops = 397, Real ops = 99, Vars = 102) (SOL-10)
# Info: Optimizing partition '/markers': (Total ops = 397, Real ops = 99, Vars = 102) (SOL-10)
# Info: Optimizing partition '/markers/core': (Total ops = 397, Real ops = 99, Vars = 98) (SOL-10)
# Info: Optimizing partition '/markers/core': (Total ops = 272, Real ops = 60, Vars = 63) (SOL-10)
# Info: Optimizing partition '/markers': (Total ops = 272, Real ops = 60, Vars = 67) (SOL-10)
# Info: Optimizing partition '/markers': (Total ops = 272, Real ops = 60, Vars = 67) (SOL-10)
# Info: Optimizing partition '/markers/core': (Total ops = 268, Real ops = 58, Vars = 72) (SOL-10)
# Info: Optimizing partition '/markers/core': (Total ops = 296, Real ops = 48, Vars = 39) (SOL-10)
# Info: Optimizing partition '/markers': (Total ops = 296, Real ops = 48, Vars = 43) (SOL-10)
# Info: Optimizing partition '/markers/core': (Total ops = 295, Real ops = 48, Vars = 42) (SOL-10)
# Info: Optimizing partition '/markers/core': (Total ops = 291, Real ops = 48, Vars = 38) (SOL-10)
# Info: Optimizing partition '/markers': (Total ops = 291, Real ops = 48, Vars = 42) (SOL-10)
# Info: Optimizing partition '/markers/core': (Total ops = 291, Real ops = 48, Vars = 38) (SOL-10)
# Info: Optimizing partition '/markers': (Total ops = 291, Real ops = 48, Vars = 42) (SOL-10)
# Info: Optimizing partition '/markers': (Total ops = 291, Real ops = 48, Vars = 42) (SOL-10)
# Info: Optimizing partition '/markers/core': (Total ops = 291, Real ops = 48, Vars = 38) (SOL-10)
# Info: Optimizing partition '/markers/core': (Total ops = 272, Real ops = 51, Vars = 63) (SOL-10)
# Info: Optimizing partition '/markers/core': (Total ops = 224, Real ops = 49, Vars = 44) (SOL-10)
# Info: Optimizing partition '/markers/core': (Total ops = 219, Real ops = 49, Vars = 30) (SOL-10)
# Info: Optimizing partition '/markers': (Total ops = 219, Real ops = 49, Vars = 34) (SOL-10)
# Info: Optimizing partition '/markers/core': (Total ops = 219, Real ops = 49, Vars = 30) (SOL-10)
# Info: Optimizing partition '/markers': (Total ops = 219, Real ops = 49, Vars = 34) (SOL-10)
# Info: Optimizing partition '/markers': (Total ops = 219, Real ops = 49, Vars = 34) (SOL-10)
# Info: Optimizing partition '/markers/core': (Total ops = 219, Real ops = 49, Vars = 30) (SOL-10)
# Design 'markers' was read (SOL-1)
# Info: Completed transformation 'compile' on solution 'markers.v66': elapsed time 28.56 seconds, memory usage 386144kB, peak memory usage 456864kB (SOL-9)
# Info: Starting transformation 'architect' on solution 'markers.v66' (SOL-8)
# $PROJECT_HOME/../markers_source/blur.c(59): Loop '/markers/core/main' is left rolled. (LOOP-4)
# Info: Optimizing partition '/markers': (Total ops = 218, Real ops = 50, Vars = 41) (SOL-10)
# Info: Optimizing partition '/markers/core': (Total ops = 218, Real ops = 50, Vars = 34) (SOL-10)
# Info: Optimizing partition '/markers/core': (Total ops = 186, Real ops = 48, Vars = 28) (SOL-10)
# Info: Optimizing partition '/markers/core': (Total ops = 180, Real ops = 48, Vars = 26) (SOL-10)
# Info: Optimizing partition '/markers/core': (Total ops = 180, Real ops = 48, Vars = 26) (SOL-10)
# Info: Optimizing partition '/markers': (Total ops = 180, Real ops = 48, Vars = 33) (SOL-10)
# Info: Optimizing partition '/markers/core': (Total ops = 180, Real ops = 48, Vars = 26) (SOL-10)
# Info: Optimizing partition '/markers': (Total ops = 180, Real ops = 48, Vars = 33) (SOL-10)
# $PROJECT_HOME/../markers_source/blur.c(59): I/O-Port inferred - resource 'vout:rsc' (from var: vout) mapped to 'mgc_ioport.mgc_out_stdreg' (size: 30). (MEM-2)
# $PROJECT_HOME/../markers_source/blur.c(59): I/O-Port inferred - resource 'volume:rsc' (from var: volume) mapped to 'mgc_ioport.mgc_out_stdreg' (size: 8). (MEM-2)
# Info: Optimizing partition '/markers': (Total ops = 181, Real ops = 48, Vars = 33) (SOL-10)
# Info: Optimizing partition '/markers/core': (Total ops = 181, Real ops = 48, Vars = 26) (SOL-10)
# Info: Optimizing partition '/markers/core': (Total ops = 181, Real ops = 48, Vars = 22) (SOL-10)
# Info: Optimizing partition '/markers': (Total ops = 181, Real ops = 48, Vars = 29) (SOL-10)
# Info: Optimizing partition '/markers': (Total ops = 168, Real ops = 48, Vars = 32) (SOL-10)
# Info: Optimizing partition '/markers/core': (Total ops = 168, Real ops = 48, Vars = 25) (SOL-10)
# Info: Optimizing partition '/markers': (Total ops = 168, Real ops = 48, Vars = 32) (SOL-10)
# Info: Optimizing partition '/markers/core': (Total ops = 485, Real ops = 98, Vars = 221) (SOL-10)
# Info: Optimizing partition '/markers/core': (Total ops = 247, Real ops = 85, Vars = 53) (SOL-10)
# Design 'markers' contains '90' real operations. (SOL-11)
# Info: Completed transformation 'architect' on solution 'markers.v66': elapsed time 64.65 seconds, memory usage 386772kB, peak memory usage 456864kB (SOL-9)
# Info: Starting transformation 'allocate' on solution 'markers.v66' (SOL-8)
# Performing concurrent resource allocation and scheduling on '/markers/core' (CRAAS-1)
# Info: Select qualified components for data operations ... (CRAAS-3)
# Info: Apply resource constraints on data operations ... (CRAAS-4)
# $PROJECT_HOME/../markers_source/blur.c(59): Prescheduled LOOP 'main' (4 c-steps) (SCHD-7)
# $PROJECT_HOME/../markers_source/blur.c(59): Prescheduled LOOP 'core:rlp' (0 c-steps) (SCHD-7)
# $PROJECT_HOME/../markers_source/blur.c(59): Prescheduled SEQUENTIAL 'core' (total length 4 c-steps) (SCHD-8)
# Info: Initial schedule of SEQUENTIAL 'core': Latency = 3, Area (Datapath, Register, Total) = 290.63, 0.00, 290.63 (CRAAS-11)
# At least one feasible schedule exists. (CRAAS-9)
# Info: Optimized LOOP 'main': Latency = 3, Area (Datapath, Register, Total) = 289.63, 0.00, 289.63 (CRAAS-10)
# Info: Optimized LOOP 'main': Latency = 3, Area (Datapath, Register, Total) = 288.63, 0.00, 288.63 (CRAAS-10)
# Info: Optimized LOOP 'main': Latency = 3, Area (Datapath, Register, Total) = 286.22, 0.00, 286.22 (CRAAS-10)
# Info: Final schedule of SEQUENTIAL 'core': Latency = 3, Area (Datapath, Register, Total) = 286.22, 0.00, 286.22 (CRAAS-12)
# Resource allocation and scheduling done. (CRAAS-2)
# Netlist written to file 'schedule.gnt' (NET-4)
# Info: Completed transformation 'allocate' on solution 'markers.v66': elapsed time 11.06 seconds, memory usage 387064kB, peak memory usage 456864kB (SOL-9)
# Info: Starting transformation 'schedule' on solution 'markers.v66' (SOL-8)
# Performing concurrent resource allocation and scheduling on '/markers/core' (CRAAS-1)
# Warning: Cannot build distributed pipeline in process 'core' because of missing handshake for resource 'vout:rsc' (SCHD-15)
# Warning: Cannot build distributed pipeline in process 'core' because of missing handshake for resource 'volume:rsc' (SCHD-15)
# Global signal 'vout:rsc.z' added to design 'markers' for component 'vout:rsc:mgc_out_stdreg' (LIB-3)
# Global signal 'volume:rsc.z' added to design 'markers' for component 'volume:rsc:mgc_out_stdreg' (LIB-3)
# Info: Optimizing partition '/markers': (Total ops = 375, Real ops = 91, Vars = 106) (SOL-10)
# Info: Optimizing partition '/markers/markers:core': (Total ops = 363, Real ops = 90, Vars = 96) (SOL-10)
# Info: Optimizing partition '/markers/markers:core/core': (Total ops = 356, Real ops = 90, Vars = 89) (SOL-10)
# Info: Optimizing partition '/markers/markers:core/core': (Total ops = 285, Real ops = 87, Vars = 75) (SOL-10)
# Info: Optimizing partition '/markers/markers:core/core': (Total ops = 279, Real ops = 87, Vars = 69) (SOL-10)
# Info: Optimizing partition '/markers': (Total ops = 294, Real ops = 87, Vars = 84) (SOL-10)
# Info: Optimizing partition '/markers/markers:core': (Total ops = 284, Real ops = 87, Vars = 75) (SOL-10)
# Info: Optimizing partition '/markers/markers:core/core': (Total ops = 278, Real ops = 87, Vars = 69) (SOL-10)
# Info: Optimizing partition '/markers': (Total ops = 294, Real ops = 87, Vars = 83) (SOL-10)
# Info: Optimizing partition '/markers/markers:core': (Total ops = 284, Real ops = 87, Vars = 75) (SOL-10)
# Report written to file 'cycle.rpt'
# Netlist written to file 'cycle.v' (NET-4)
# Info: Completed transformation 'schedule' on solution 'markers.v66': elapsed time 7.43 seconds, memory usage 391288kB, peak memory usage 456864kB (SOL-9)
# Info: Starting transformation 'dpfsm' on solution 'markers.v66' (SOL-8)
# Performing FSM extraction... (FSM-1)
# Info: Optimizing partition '/markers': (Total ops = 481, Real ops = 137, Vars = 363) (SOL-10)
# Info: Optimizing partition '/markers/markers:core': (Total ops = 471, Real ops = 137, Vars = 355) (SOL-10)
# Info: Optimizing partition '/markers': (Total ops = 469, Real ops = 134, Vars = 56) (SOL-10)
# Info: Optimizing partition '/markers/markers:core': (Total ops = 459, Real ops = 134, Vars = 48) (SOL-10)
# Info: Optimizing partition '/markers': (Total ops = 303, Real ops = 118, Vars = 76) (SOL-10)
# Info: Optimizing partition '/markers/markers:core': (Total ops = 293, Real ops = 118, Vars = 68) (SOL-10)
# Info: Optimizing partition '/markers': (Total ops = 282, Real ops = 99, Vars = 55) (SOL-10)
# Info: Optimizing partition '/markers/markers:core': (Total ops = 272, Real ops = 99, Vars = 47) (SOL-10)
# Info: Optimizing partition '/markers': (Total ops = 281, Real ops = 98, Vars = 54) (SOL-10)
# Info: Optimizing partition '/markers/markers:core': (Total ops = 271, Real ops = 98, Vars = 46) (SOL-10)
# Info: Optimizing partition '/markers': (Total ops = 281, Real ops = 98, Vars = 54) (SOL-10)
# Info: Optimizing partition '/markers/markers:core': (Total ops = 271, Real ops = 98, Vars = 46) (SOL-10)
# Info: Optimizing partition '/markers/markers:core': (Total ops = 271, Real ops = 98, Vars = 46) (SOL-10)
# Info: Optimizing partition '/markers': (Total ops = 281, Real ops = 98, Vars = 54) (SOL-10)
# Info: Optimizing partition '/markers': (Total ops = 281, Real ops = 98, Vars = 54) (SOL-10)
# Info: Optimizing partition '/markers/markers:core': (Total ops = 271, Real ops = 98, Vars = 46) (SOL-10)
# Info: Optimizing partition '/markers': (Total ops = 283, Real ops = 98, Vars = 56) (SOL-10)
# Info: Optimizing partition '/markers/markers:core': (Total ops = 273, Real ops = 98, Vars = 48) (SOL-10)
# Info: Optimizing partition '/markers': (Total ops = 281, Real ops = 98, Vars = 54) (SOL-10)
# Info: Optimizing partition '/markers/markers:core': (Total ops = 271, Real ops = 98, Vars = 46) (SOL-10)
# Info: Completed transformation 'dpfsm' on solution 'markers.v66': elapsed time 10.95 seconds, memory usage 391452kB, peak memory usage 456864kB (SOL-9)
# Info: Starting transformation 'extract' on solution 'markers.v66' (SOL-8)
# Warning: Reassigned operation if:acc#7:DEFAULT to mgc_Altera-Cyclone-III-6_beh_psr.mgc_add(2,0,1,0,2) (ASG-1)
# Info: Optimizing partition '/markers': (Total ops = 295, Real ops = 100, Vars = 292) (SOL-10)
# Info: Optimizing partition '/markers/markers:core': (Total ops = 285, Real ops = 100, Vars = 284) (SOL-10)
# Info: Optimizing partition '/markers': (Total ops = 253, Real ops = 88, Vars = 54) (SOL-10)
# Info: Optimizing partition '/markers/markers:core': (Total ops = 243, Real ops = 88, Vars = 46) (SOL-10)
# Info: Optimizing partition '/markers': (Total ops = 253, Real ops = 88, Vars = 52) (SOL-10)
# Info: Optimizing partition '/markers/markers:core': (Total ops = 243, Real ops = 88, Vars = 44) (SOL-10)
# Info: Optimizing partition '/markers/markers:core': (Total ops = 245, Real ops = 88, Vars = 46) (SOL-10)
# Info: Optimizing partition '/markers/markers:core': (Total ops = 243, Real ops = 88, Vars = 44) (SOL-10)
# Info: Optimizing partition '/markers': (Total ops = 253, Real ops = 88, Vars = 52) (SOL-10)
# Info: Optimizing partition '/markers': (Total ops = 253, Real ops = 88, Vars = 52) (SOL-10)
# Info: Optimizing partition '/markers/markers:core': (Total ops = 243, Real ops = 88, Vars = 44) (SOL-10)
# Info: Optimizing partition '/markers': (Total ops = 253, Real ops = 88, Vars = 52) (SOL-10)
# Info: Optimizing partition '/markers/markers:core': (Total ops = 243, Real ops = 88, Vars = 44) (SOL-10)
# Warning: Reassigned operation and:mgc_Altera-Cyclone-III-6_beh_psr.mgc_and(4,2) to mgc_Altera-Cyclone-III-6_beh_psr.mgc_and(4,3) (ASG-1)
# Warning: Reassigned operation and#1:mgc_Altera-Cyclone-III-6_beh_psr.mgc_and(4,2) to mgc_Altera-Cyclone-III-6_beh_psr.mgc_and(4,3) (ASG-1)
# Warning: Reassigned operation and#2:mgc_Altera-Cyclone-III-6_beh_psr.mgc_and(10,2) to mgc_Altera-Cyclone-III-6_beh_psr.mgc_and(10,3) (ASG-1)
# Warning: Reassigned operation and#3:mgc_Altera-Cyclone-III-6_beh_psr.mgc_and(10,2) to mgc_Altera-Cyclone-III-6_beh_psr.mgc_and(10,3) (ASG-1)
# Warning: Reassigned operation and#4:mgc_Altera-Cyclone-III-6_beh_psr.mgc_and(10,2) to mgc_Altera-Cyclone-III-6_beh_psr.mgc_and(10,3) (ASG-1)
# Warning: Reassigned operation and#5:mgc_Altera-Cyclone-III-6_beh_psr.mgc_and(10,2) to mgc_Altera-Cyclone-III-6_beh_psr.mgc_and(10,3) (ASG-1)
# Info: Optimizing partition '/markers': (Total ops = 267, Real ops = 90, Vars = 264) (SOL-10)
# Info: Optimizing partition '/markers/markers:core': (Total ops = 257, Real ops = 90, Vars = 256) (SOL-10)
# Netlist written to file 'schematic.nlv' (NET-4)
# Info: Optimizing partition '/markers': (Total ops = 267, Real ops = 90, Vars = 264) (SOL-10)
# Info: Optimizing partition '/markers/markers:core': (Total ops = 257, Real ops = 90, Vars = 256) (SOL-10)
# Info: Optimizing partition '/markers': (Total ops = 239, Real ops = 88, Vars = 54) (SOL-10)
# Info: Optimizing partition '/markers/markers:core': (Total ops = 229, Real ops = 88, Vars = 46) (SOL-10)
# Info: Optimizing partition '/markers': (Total ops = 231, Real ops = 82, Vars = 49) (SOL-10)
# Info: Optimizing partition '/markers/markers:core': (Total ops = 221, Real ops = 82, Vars = 41) (SOL-10)
# Info: Optimizing partition '/markers': (Total ops = 231, Real ops = 82, Vars = 49) (SOL-10)
# Info: Optimizing partition '/markers/markers:core': (Total ops = 221, Real ops = 82, Vars = 41) (SOL-10)
# Report written to file 'rtl.rpt'
# Netlist written to file 'rtl.v' (NET-4)
# generate concat
# order file name is: rtl.v_order.txt
# Add dependent file: ./rtl_mgc_ioport.v
# Add dependent file: ./rtl_mgc_ioport_v2001.v
# Add dependent file: ./rtl.v
# Finished writing concatenated file: C:/workspace/new/EIE-1stYear-project-fpga/fpga_files/catapult_proj/markers/Catapult/markers.v66/concat_rtl.v
# Synthesis timing script written to file './rtl.v.psr_timing'
# IO timing constraints written to synthesis script file
# Synthesis script written to file 'rtl.v.psr'
# Info: Completed transformation 'extract' on solution 'markers.v66': elapsed time 28.63 seconds, memory usage 391576kB, peak memory usage 456864kB (SOL-9)
# File '$PROJECT_HOME/../markers_source/blur.c' saved
# Input file has changed
go new
solution file set {$PROJECT_HOME/../markers_source/blur.c} -updated
# Info: Branching solution 'solution.v26' at state 'new' (PRJ-2)
go extract
# Info: Starting transformation 'analyze' on solution 'solution.v26' (SOL-8)
# Front End called with arguments: -- {C:\workspace\new\EIE-1stYear-project-fpga\fpga_files\catapult_proj\markers_source\blur.h} {C:\workspace\new\EIE-1stYear-project-fpga\fpga_files\catapult_proj\markers_source\blur.c} {C:\workspace\new\EIE-1stYear-project-fpga\fpga_files\catapult_proj\markers_source\shift_class.h} (CIN-69)
# Edison Design Group C++/C Front End - Version 3.10.1 (CIN-1)
# $PROJECT_HOME/../markers_source/blur.c(58): Pragma 'hls_design<top>' detected on routine 'markers' (CIN-6)
# Source file analysis completed (CIN-68)
# Info: Completed transformation 'analyze' on solution 'solution.v26': elapsed time 1.34 seconds, memory usage 391824kB, peak memory usage 463052kB (SOL-9)
# Info: Starting transformation 'compile' on solution 'solution.v26' (SOL-8)
# Generating synthesis internal form... (CIN-3)
# $PROJECT_HOME/../markers_source/blur.c(59): Found top design routine 'markers' specified by directive (CIN-52)
# $PROJECT_HOME/../markers_source/blur.c(59): Synthesizing routine 'markers' (CIN-13)
# $PROJECT_HOME/../markers_source/blur.c(59): Inlining routine 'markers' (CIN-14)
# Warning: $PROJECT_HOME/../markers_source/blur.c(76): Instantiating global variable 'acc' which may be accessed outside this scope (CIN-18)
# Warning: $PROJECT_HOME/../markers_source/blur.c(80): Instantiating global variable 'red_xy' which may be accessed outside this scope (CIN-18)
# Warning: $PROJECT_HOME/../markers_source/blur.c(82): Instantiating global variable 'blue_xy' which may be accessed outside this scope (CIN-18)
# Warning: $PROJECT_HOME/../markers_source/blur.c(106): Instantiating global variable 'red_xy_previous' which may be accessed outside this scope (CIN-18)
# Warning: $PROJECT_HOME/../markers_source/blur.c(129): Instantiating global variable 'blue_xy_previous' which may be accessed outside this scope (CIN-18)
# Warning: $PROJECT_HOME/../markers_source/blur.c(165): Instantiating global variable 'volume_memory' which may be accessed outside this scope (CIN-18)
# $PROJECT_HOME/../markers_source/blur.c(59): Optimizing block '/markers' ... (CIN-4)
# $PROJECT_HOME/../markers_source/blur.c(59): Inout port 'vin' is only used as an input. (OPT-10)
# $PROJECT_HOME/../markers_source/blur.c(59): Inout port 'vout' is only used as an output. (OPT-11)
# $PROJECT_HOME/../markers_source/blur.c(59): Inout port 'volume' is only used as an output. (OPT-11)
# Info: Optimizing partition '/markers': (Total ops = 397, Real ops = 99, Vars = 102) (SOL-10)
# Info: Optimizing partition '/markers/core': (Total ops = 397, Real ops = 99, Vars = 98) (SOL-10)
# Info: Optimizing partition '/markers/core': (Total ops = 397, Real ops = 99, Vars = 98) (SOL-10)
# Info: Optimizing partition '/markers': (Total ops = 397, Real ops = 99, Vars = 102) (SOL-10)
# Info: Optimizing partition '/markers': (Total ops = 397, Real ops = 99, Vars = 102) (SOL-10)
# Info: Optimizing partition '/markers/core': (Total ops = 397, Real ops = 99, Vars = 98) (SOL-10)
# Info: Optimizing partition '/markers/core': (Total ops = 272, Real ops = 60, Vars = 63) (SOL-10)
# Info: Optimizing partition '/markers': (Total ops = 272, Real ops = 60, Vars = 67) (SOL-10)
# Info: Optimizing partition '/markers': (Total ops = 272, Real ops = 60, Vars = 67) (SOL-10)
# Info: Optimizing partition '/markers/core': (Total ops = 268, Real ops = 58, Vars = 72) (SOL-10)
# Info: Optimizing partition '/markers/core': (Total ops = 296, Real ops = 48, Vars = 39) (SOL-10)
# Info: Optimizing partition '/markers': (Total ops = 296, Real ops = 48, Vars = 43) (SOL-10)
# Info: Optimizing partition '/markers/core': (Total ops = 295, Real ops = 48, Vars = 42) (SOL-10)
# Info: Optimizing partition '/markers/core': (Total ops = 291, Real ops = 48, Vars = 38) (SOL-10)
# Info: Optimizing partition '/markers': (Total ops = 291, Real ops = 48, Vars = 42) (SOL-10)
# Info: Optimizing partition '/markers/core': (Total ops = 291, Real ops = 48, Vars = 38) (SOL-10)
# Info: Optimizing partition '/markers': (Total ops = 291, Real ops = 48, Vars = 42) (SOL-10)
# Info: Optimizing partition '/markers': (Total ops = 291, Real ops = 48, Vars = 42) (SOL-10)
# Info: Optimizing partition '/markers/core': (Total ops = 291, Real ops = 48, Vars = 38) (SOL-10)
# Info: Optimizing partition '/markers/core': (Total ops = 272, Real ops = 51, Vars = 63) (SOL-10)
# Info: Optimizing partition '/markers/core': (Total ops = 224, Real ops = 49, Vars = 44) (SOL-10)
# Info: Optimizing partition '/markers/core': (Total ops = 219, Real ops = 49, Vars = 30) (SOL-10)
# Info: Optimizing partition '/markers': (Total ops = 219, Real ops = 49, Vars = 34) (SOL-10)
# Info: Optimizing partition '/markers/core': (Total ops = 219, Real ops = 49, Vars = 30) (SOL-10)
# Info: Optimizing partition '/markers': (Total ops = 219, Real ops = 49, Vars = 34) (SOL-10)
# Info: Optimizing partition '/markers': (Total ops = 219, Real ops = 49, Vars = 34) (SOL-10)
# Info: Optimizing partition '/markers/core': (Total ops = 219, Real ops = 49, Vars = 30) (SOL-10)
# Design 'markers' was read (SOL-1)
# Info: Completed transformation 'compile' on solution 'markers.v67': elapsed time 29.20 seconds, memory usage 391440kB, peak memory usage 463052kB (SOL-9)
# Info: Starting transformation 'architect' on solution 'markers.v67' (SOL-8)
# $PROJECT_HOME/../markers_source/blur.c(59): Loop '/markers/core/main' is left rolled. (LOOP-4)
# Info: Optimizing partition '/markers': (Total ops = 218, Real ops = 50, Vars = 41) (SOL-10)
# Info: Optimizing partition '/markers/core': (Total ops = 218, Real ops = 50, Vars = 34) (SOL-10)
# Info: Optimizing partition '/markers/core': (Total ops = 186, Real ops = 48, Vars = 28) (SOL-10)
# Info: Optimizing partition '/markers/core': (Total ops = 180, Real ops = 48, Vars = 26) (SOL-10)
# Info: Optimizing partition '/markers/core': (Total ops = 180, Real ops = 48, Vars = 26) (SOL-10)
# Info: Optimizing partition '/markers': (Total ops = 180, Real ops = 48, Vars = 33) (SOL-10)
# Info: Optimizing partition '/markers/core': (Total ops = 180, Real ops = 48, Vars = 26) (SOL-10)
# Info: Optimizing partition '/markers': (Total ops = 180, Real ops = 48, Vars = 33) (SOL-10)
# $PROJECT_HOME/../markers_source/blur.c(59): I/O-Port inferred - resource 'vout:rsc' (from var: vout) mapped to 'mgc_ioport.mgc_out_stdreg' (size: 30). (MEM-2)
# $PROJECT_HOME/../markers_source/blur.c(59): I/O-Port inferred - resource 'volume:rsc' (from var: volume) mapped to 'mgc_ioport.mgc_out_stdreg' (size: 8). (MEM-2)
# Info: Optimizing partition '/markers': (Total ops = 181, Real ops = 48, Vars = 33) (SOL-10)
# Info: Optimizing partition '/markers/core': (Total ops = 181, Real ops = 48, Vars = 26) (SOL-10)
# Info: Optimizing partition '/markers/core': (Total ops = 181, Real ops = 48, Vars = 22) (SOL-10)
# Info: Optimizing partition '/markers': (Total ops = 181, Real ops = 48, Vars = 29) (SOL-10)
# Info: Optimizing partition '/markers': (Total ops = 168, Real ops = 48, Vars = 32) (SOL-10)
# Info: Optimizing partition '/markers/core': (Total ops = 168, Real ops = 48, Vars = 25) (SOL-10)
# Info: Optimizing partition '/markers': (Total ops = 168, Real ops = 48, Vars = 32) (SOL-10)
# Info: Optimizing partition '/markers/core': (Total ops = 485, Real ops = 98, Vars = 221) (SOL-10)
# Info: Optimizing partition '/markers/core': (Total ops = 247, Real ops = 85, Vars = 53) (SOL-10)
# Design 'markers' contains '90' real operations. (SOL-11)
# Info: Completed transformation 'architect' on solution 'markers.v67': elapsed time 65.82 seconds, memory usage 391944kB, peak memory usage 463052kB (SOL-9)
# Info: Starting transformation 'allocate' on solution 'markers.v67' (SOL-8)
# Performing concurrent resource allocation and scheduling on '/markers/core' (CRAAS-1)
# Info: Select qualified components for data operations ... (CRAAS-3)
# Info: Apply resource constraints on data operations ... (CRAAS-4)
# $PROJECT_HOME/../markers_source/blur.c(59): Prescheduled LOOP 'main' (4 c-steps) (SCHD-7)
# $PROJECT_HOME/../markers_source/blur.c(59): Prescheduled LOOP 'core:rlp' (0 c-steps) (SCHD-7)
# $PROJECT_HOME/../markers_source/blur.c(59): Prescheduled SEQUENTIAL 'core' (total length 4 c-steps) (SCHD-8)
# Info: Initial schedule of SEQUENTIAL 'core': Latency = 3, Area (Datapath, Register, Total) = 294.07, 0.00, 294.07 (CRAAS-11)
# At least one feasible schedule exists. (CRAAS-9)
# Info: Optimized LOOP 'main': Latency = 3, Area (Datapath, Register, Total) = 293.07, 0.00, 293.07 (CRAAS-10)
# Info: Optimized LOOP 'main': Latency = 3, Area (Datapath, Register, Total) = 292.07, 0.00, 292.07 (CRAAS-10)
# Info: Optimized LOOP 'main': Latency = 3, Area (Datapath, Register, Total) = 287.95, 0.00, 287.95 (CRAAS-10)
# Info: Final schedule of SEQUENTIAL 'core': Latency = 3, Area (Datapath, Register, Total) = 287.95, 0.00, 287.95 (CRAAS-12)
# Resource allocation and scheduling done. (CRAAS-2)
# Netlist written to file 'schedule.gnt' (NET-4)
# Info: Completed transformation 'allocate' on solution 'markers.v67': elapsed time 11.75 seconds, memory usage 392192kB, peak memory usage 463052kB (SOL-9)
# Info: Starting transformation 'schedule' on solution 'markers.v67' (SOL-8)
# Performing concurrent resource allocation and scheduling on '/markers/core' (CRAAS-1)
# Warning: Cannot build distributed pipeline in process 'core' because of missing handshake for resource 'vout:rsc' (SCHD-15)
# Warning: Cannot build distributed pipeline in process 'core' because of missing handshake for resource 'volume:rsc' (SCHD-15)
# Global signal 'vout:rsc.z' added to design 'markers' for component 'vout:rsc:mgc_out_stdreg' (LIB-3)
# Global signal 'volume:rsc.z' added to design 'markers' for component 'volume:rsc:mgc_out_stdreg' (LIB-3)
# Info: Optimizing partition '/markers': (Total ops = 375, Real ops = 91, Vars = 106) (SOL-10)
# Info: Optimizing partition '/markers/markers:core': (Total ops = 363, Real ops = 90, Vars = 96) (SOL-10)
# Info: Optimizing partition '/markers/markers:core/core': (Total ops = 356, Real ops = 90, Vars = 89) (SOL-10)
# Info: Optimizing partition '/markers/markers:core/core': (Total ops = 285, Real ops = 87, Vars = 75) (SOL-10)
# Info: Optimizing partition '/markers/markers:core/core': (Total ops = 279, Real ops = 87, Vars = 69) (SOL-10)
# Info: Optimizing partition '/markers': (Total ops = 294, Real ops = 87, Vars = 84) (SOL-10)
# Info: Optimizing partition '/markers/markers:core': (Total ops = 284, Real ops = 87, Vars = 75) (SOL-10)
# Info: Optimizing partition '/markers/markers:core/core': (Total ops = 278, Real ops = 87, Vars = 69) (SOL-10)
# Info: Optimizing partition '/markers': (Total ops = 294, Real ops = 87, Vars = 83) (SOL-10)
# Info: Optimizing partition '/markers/markers:core': (Total ops = 284, Real ops = 87, Vars = 75) (SOL-10)
# Report written to file 'cycle.rpt'
# Netlist written to file 'cycle.v' (NET-4)
# Info: Completed transformation 'schedule' on solution 'markers.v67': elapsed time 7.60 seconds, memory usage 395716kB, peak memory usage 463052kB (SOL-9)
# Info: Starting transformation 'dpfsm' on solution 'markers.v67' (SOL-8)
# Performing FSM extraction... (FSM-1)
# Info: Optimizing partition '/markers': (Total ops = 482, Real ops = 139, Vars = 359) (SOL-10)
# Info: Optimizing partition '/markers/markers:core': (Total ops = 472, Real ops = 139, Vars = 351) (SOL-10)
# Info: Optimizing partition '/markers': (Total ops = 474, Real ops = 136, Vars = 55) (SOL-10)
# Info: Optimizing partition '/markers/markers:core': (Total ops = 464, Real ops = 136, Vars = 47) (SOL-10)
# Info: Optimizing partition '/markers': (Total ops = 308, Real ops = 120, Vars = 75) (SOL-10)
# Info: Optimizing partition '/markers/markers:core': (Total ops = 298, Real ops = 120, Vars = 67) (SOL-10)
# Info: Optimizing partition '/markers': (Total ops = 287, Real ops = 101, Vars = 54) (SOL-10)
# Info: Optimizing partition '/markers/markers:core': (Total ops = 277, Real ops = 101, Vars = 46) (SOL-10)
# Info: Optimizing partition '/markers': (Total ops = 286, Real ops = 100, Vars = 53) (SOL-10)
# Info: Optimizing partition '/markers/markers:core': (Total ops = 276, Real ops = 100, Vars = 45) (SOL-10)
# Info: Optimizing partition '/markers': (Total ops = 286, Real ops = 100, Vars = 53) (SOL-10)
# Info: Optimizing partition '/markers/markers:core': (Total ops = 276, Real ops = 100, Vars = 45) (SOL-10)
# Info: Optimizing partition '/markers/markers:core': (Total ops = 276, Real ops = 100, Vars = 45) (SOL-10)
# Info: Optimizing partition '/markers': (Total ops = 286, Real ops = 100, Vars = 53) (SOL-10)
# Info: Optimizing partition '/markers': (Total ops = 286, Real ops = 100, Vars = 53) (SOL-10)
# Info: Optimizing partition '/markers/markers:core': (Total ops = 276, Real ops = 100, Vars = 45) (SOL-10)
# Info: Optimizing partition '/markers': (Total ops = 288, Real ops = 100, Vars = 55) (SOL-10)
# Info: Optimizing partition '/markers/markers:core': (Total ops = 278, Real ops = 100, Vars = 47) (SOL-10)
# Info: Optimizing partition '/markers': (Total ops = 286, Real ops = 100, Vars = 53) (SOL-10)
# Info: Optimizing partition '/markers/markers:core': (Total ops = 276, Real ops = 100, Vars = 45) (SOL-10)
# Info: Completed transformation 'dpfsm' on solution 'markers.v67': elapsed time 11.48 seconds, memory usage 396532kB, peak memory usage 463052kB (SOL-9)
# Info: Starting transformation 'extract' on solution 'markers.v67' (SOL-8)
# Warning: Reassigned operation if:acc#7:DEFAULT to mgc_Altera-Cyclone-III-6_beh_psr.mgc_add(2,0,1,0,2) (ASG-1)
# Info: Optimizing partition '/markers': (Total ops = 300, Real ops = 102, Vars = 297) (SOL-10)
# Info: Optimizing partition '/markers/markers:core': (Total ops = 290, Real ops = 102, Vars = 289) (SOL-10)
# Info: Optimizing partition '/markers': (Total ops = 258, Real ops = 90, Vars = 53) (SOL-10)
# Info: Optimizing partition '/markers/markers:core': (Total ops = 248, Real ops = 90, Vars = 45) (SOL-10)
# Info: Optimizing partition '/markers': (Total ops = 258, Real ops = 90, Vars = 51) (SOL-10)
# Info: Optimizing partition '/markers/markers:core': (Total ops = 248, Real ops = 90, Vars = 43) (SOL-10)
# Info: Optimizing partition '/markers/markers:core': (Total ops = 250, Real ops = 90, Vars = 45) (SOL-10)
# Info: Optimizing partition '/markers/markers:core': (Total ops = 248, Real ops = 90, Vars = 43) (SOL-10)
# Info: Optimizing partition '/markers': (Total ops = 258, Real ops = 90, Vars = 51) (SOL-10)
# Info: Optimizing partition '/markers': (Total ops = 258, Real ops = 90, Vars = 51) (SOL-10)
# Info: Optimizing partition '/markers/markers:core': (Total ops = 248, Real ops = 90, Vars = 43) (SOL-10)
# Info: Optimizing partition '/markers': (Total ops = 258, Real ops = 90, Vars = 51) (SOL-10)
# Info: Optimizing partition '/markers/markers:core': (Total ops = 248, Real ops = 90, Vars = 43) (SOL-10)
# Warning: Reassigned operation and:mgc_Altera-Cyclone-III-6_beh_psr.mgc_and(4,2) to mgc_Altera-Cyclone-III-6_beh_psr.mgc_and(4,3) (ASG-1)
# Warning: Reassigned operation and#1:mgc_Altera-Cyclone-III-6_beh_psr.mgc_and(4,2) to mgc_Altera-Cyclone-III-6_beh_psr.mgc_and(4,3) (ASG-1)
# Warning: Reassigned operation and#2:mgc_Altera-Cyclone-III-6_beh_psr.mgc_and(10,2) to mgc_Altera-Cyclone-III-6_beh_psr.mgc_and(10,3) (ASG-1)
# Warning: Reassigned operation and#3:mgc_Altera-Cyclone-III-6_beh_psr.mgc_and(10,2) to mgc_Altera-Cyclone-III-6_beh_psr.mgc_and(10,3) (ASG-1)
# Warning: Reassigned operation and#4:mgc_Altera-Cyclone-III-6_beh_psr.mgc_and(10,2) to mgc_Altera-Cyclone-III-6_beh_psr.mgc_and(10,3) (ASG-1)
# Warning: Reassigned operation and#5:mgc_Altera-Cyclone-III-6_beh_psr.mgc_and(10,2) to mgc_Altera-Cyclone-III-6_beh_psr.mgc_and(10,3) (ASG-1)
# Info: Optimizing partition '/markers': (Total ops = 272, Real ops = 92, Vars = 269) (SOL-10)
# Info: Optimizing partition '/markers/markers:core': (Total ops = 262, Real ops = 92, Vars = 261) (SOL-10)
# Netlist written to file 'schematic.nlv' (NET-4)
# Info: Optimizing partition '/markers': (Total ops = 272, Real ops = 92, Vars = 269) (SOL-10)
# Info: Optimizing partition '/markers/markers:core': (Total ops = 262, Real ops = 92, Vars = 261) (SOL-10)
# Info: Optimizing partition '/markers': (Total ops = 243, Real ops = 90, Vars = 53) (SOL-10)
# Info: Optimizing partition '/markers/markers:core': (Total ops = 233, Real ops = 90, Vars = 45) (SOL-10)
# Info: Optimizing partition '/markers': (Total ops = 235, Real ops = 84, Vars = 48) (SOL-10)
# Info: Optimizing partition '/markers/markers:core': (Total ops = 225, Real ops = 84, Vars = 40) (SOL-10)
# Info: Optimizing partition '/markers': (Total ops = 235, Real ops = 84, Vars = 48) (SOL-10)
# Info: Optimizing partition '/markers/markers:core': (Total ops = 225, Real ops = 84, Vars = 40) (SOL-10)
# Report written to file 'rtl.rpt'
# Netlist written to file 'rtl.v' (NET-4)
# generate concat
# order file name is: rtl.v_order.txt
# Add dependent file: ./rtl_mgc_ioport.v
# Add dependent file: ./rtl_mgc_ioport_v2001.v
# Add dependent file: ./rtl.v
# Finished writing concatenated file: C:/workspace/new/EIE-1stYear-project-fpga/fpga_files/catapult_proj/markers/Catapult/markers.v67/concat_rtl.v
# Synthesis timing script written to file './rtl.v.psr_timing'
# IO timing constraints written to synthesis script file
# Synthesis script written to file 'rtl.v.psr'
# Info: Completed transformation 'extract' on solution 'markers.v67': elapsed time 31.47 seconds, memory usage 397156kB, peak memory usage 463052kB (SOL-9)
# File '$PROJECT_HOME/../markers_source/blur.c' saved
# Input file has changed
go new
solution file set {$PROJECT_HOME/../markers_source/blur.c} -updated
# Info: Branching solution 'solution.v26' at state 'new' (PRJ-2)
project save
# Saving project file 'C:/workspace/new/EIE-1stYear-project-fpga/fpga_files/catapult_proj/markers/Catapult.ccs'. (PRJ-5)
quit -f
