-- Catapult University Version: Report                                              
-- ---------------------------- ---------------------------------------------------
-- Version:                     2011a.126 Production Release                        
-- Build Date:                  Wed Aug  8 00:52:07 PDT 2012                        
                                                                                    
-- Generated by:                mf2915@EEWS305-026                                  
-- Generated date:              Thu May 05 16:33:04 +0100 2016                      

Solution Settings: markers.v61
  Current state: extract
  Project: Catapult
  
  Design Input Files Specified
    $PROJECT_HOME/../markers_source/shift_class.h
    $PROJECT_HOME/../markers_source/blur.c
      $MGC_HOME/shared/include/ac_fixed.h
        $MGC_HOME/shared/include/ac_int.h
      $PROJECT_HOME/../markers_source/blur.h
      $PROJECT_HOME/../markers_source/shift_class.h
    $PROJECT_HOME/../markers_source/blur.h
      $MGC_HOME/shared/include/ac_int.h
  
  Processes/Blocks in Design
    Process       Real Operation(s) count Latency Throughput Reset Length II Comments 
    ------------- ----------------------- ------- ---------- ------------ -- --------
    /markers/core                     119       4          1            0  1          
    Design Total:                     119       4          1            0  0          
    
  Bill Of Materials (Datapath)
    Component Name                          Area Score Area(LUTs) Delay Post Alloc Post Assign 
    --------------------------------------- ---------- ---------- ----- ---------- -----------
    [Lib: mgc_Altera-Cyclone-III-6_beh_psr]                                                    
    mgc_add(1,0,1,0,2)                           2.319      2.319 0.506          0           1 
    mgc_add(11,1,7,1,12)                        12.000     12.000 1.213          6           6 
    mgc_add(12,0,11,0,12)                       13.228     13.228 1.436          6           6 
    mgc_add(2,0,1,0,2)                           3.315      3.315 0.658          0           1 
    mgc_add(4,0,4,0,5)                           5.293      5.293 0.854          1           1 
    mgc_add(4,0,4,1,5)                           5.000      5.000 0.691          5           5 
    mgc_add(5,0,5,0,6)                           6.285      6.285 0.938          1           0 
    mgc_add(5,0,5,1,6)                           6.000      6.000 0.775          5           5 
    mgc_add(6,0,6,1,7)                           7.000      7.000 0.854          1           1 
    mgc_add(7,0,6,0,7)                           8.271      8.271 1.093          1           1 
    mgc_add(8,1,4,1,9)                           9.000      9.000 1.009          1           1 
    mgc_add(9,0,8,1,9)                          10.000     10.000 1.235          3           2 
    mgc_add(9,1,4,1,10)                         10.000     10.000 1.081          1           1 
    mgc_and(1,2)                                 0.730      0.730 0.263          0           4 
    mgc_and(1,3)                                 1.054      1.054 0.416          0           1 
    mgc_and(10,2)                                7.298      7.298 0.263          4           0 
    mgc_and(10,3)                               10.545     10.545 0.416          0           4 
    mgc_and(4,2)                                 2.919      2.919 0.263          2           0 
    mgc_and(4,3)                                 4.218      4.218 0.416          0           2 
    mgc_mux(1,1,2)                               0.919      0.919 0.369          0           5 
    mgc_mux(10,1,2)                              9.194      9.194 0.369         10          14 
    mgc_mux(30,1,2)                             27.583     27.583 0.369          0           1 
    mgc_mux(4,1,2)                               3.678      3.678 0.369          2           2 
    mgc_nand(1,2)                                0.730      0.730 0.268          0           3 
    mgc_nor(1,10)                                3.327      3.327 0.872          0           4 
    mgc_nor(1,11)                                3.652      3.652 0.908          0           2 
    mgc_nor(1,2)                                 0.730      0.730 0.263          0           5 
    mgc_nor(1,20)                                6.573      6.573 1.135          0           2 
    mgc_nor(1,4)                                 1.379      1.379 0.525          0           2 
    mgc_not(1)                                   0.000      0.000 0.000          0           8 
    mgc_not(10)                                  0.000      0.000 0.000          0          10 
    mgc_not(11)                                  0.000      0.000 0.000          0           2 
    mgc_not(4)                                   0.000      0.000 0.000          0           2 
    mgc_not(8)                                   0.000      0.000 0.000          0           2 
    mgc_or(1,4)                                  1.379      1.379 0.536          0           1 
    mgc_reg_pos(1,1,0,0,0,1,1)                   0.000      0.000 0.000          0          14 
    mgc_reg_pos(10,1,0,0,0,1,1)                  0.000      0.000 0.000          0          14 
    mgc_reg_pos(11,1,0,0,0,1,1)                  0.000      0.000 0.000          0           2 
    mgc_reg_pos(30,1,0,0,0,1,1)                  0.000      0.000 0.000          0           1 
    mgc_reg_pos(4,1,0,0,0,1,1)                   0.000      0.000 0.000          0           2 
    [Lib: mgc_ioport]                                                                          
    mgc_out_stdreg(2,30)                         0.000      0.000 0.000          1           1 
    mgc_out_stdreg(4,8)                          0.000      0.000 0.000          1           1 
                                                                                               
    TOTAL AREA (After Assignment):             538.141    538.000                              
    
  Area Scores
                      Post-Scheduling  Post-DP & FSM Post-Assignment 
    ----------------- --------------- -------------- ---------------
    Total Area Score:    416.5          669.1           538.1        
    Total Reg:             0.0            0.0             0.0        
                                                                     
    DataPath:            416.5 (100%)   669.1 (100%)    538.1 (100%) 
      MUX:                99.3  (24%)   304.8  (46%)    168.3  (31%) 
      FUNC:              282.2  (68%)   271.6  (41%)    271.6  (50%) 
      LOGIC:              35.0   (8%)    92.8  (14%)     98.3  (18%) 
      BUFFER:              0.0            0.0             0.0        
      MEM:                 0.0            0.0             0.0        
      ROM:                 0.0            0.0             0.0        
      REG:                 0.0            0.0             0.0        
                                                                     
    
    FSM:                   0.0            0.0             0.0        
      FSM-REG:             0.0            0.0             0.0        
      FSM-COMB:            0.0            0.0             0.0        
                                                                     
    
  Register-to-Variable Mappings
    Register                                Size(bits) Gated Register CG Opt Done Variables                                             
    --------------------------------------- ---------- -------------- ----------- -----------------------------------------------------
    vout:rsc:mgc_out_stdreg.d                       30         Y                  vout:rsc:mgc_out_stdreg.d                             
    deltax_blue:acc.psp.sva#1                       11         Y                  deltax_blue:acc.psp.sva#1                             
    deltax_red:acc.psp.sva#1                        11         Y                  deltax_red:acc.psp.sva#1                              
    blue_xy(0).sva.dfm#3                            10         Y                  blue_xy(0).sva.dfm#3                                  
    blue_xy(0).sva.dfm#4                            10         Y                  blue_xy(0).sva.dfm#4                                  
    blue_xy(1).sva.dfm#3                            10         Y                  blue_xy(1).sva.dfm#3                                  
    blue_xy(1).sva.dfm#4                            10         Y                  blue_xy(1).sva.dfm#4                                  
    blue_xy_previous(0).sva                         10         Y                  blue_xy_previous(0).sva                               
    blue_xy_previous(1).sva                         10         Y                  blue_xy_previous(1).sva                               
    blue_xy_previous(1).sva.dfm#2                   10         Y                  blue_xy_previous(1).sva.dfm#2                         
    red_xy(0).sva.dfm#3                             10         Y                  red_xy(0).sva.dfm#3                                   
    red_xy(0).sva.dfm#4                             10         Y                  red_xy(0).sva.dfm#4                                   
    red_xy(1).sva.dfm#3                             10         Y                  red_xy(1).sva.dfm#3                                   
    red_xy(1).sva.dfm#4                             10         Y                  red_xy(1).sva.dfm#4                                   
    red_xy_previous(0).sva                          10         Y                  red_xy_previous(0).sva                                
    red_xy_previous(1).sva                          10         Y                  red_xy_previous(1).sva                                
    red_xy_previous(1).sva.dfm#2                    10         Y                  red_xy_previous(1).sva.dfm#2                          
    acc#8(0).sva.dfm#2                               4         Y                  acc#8(0).sva.dfm#2                                    
    acc#8(1).sva.dfm#2                               4         Y                  acc#8(1).sva.dfm#2                                    
    aif#13:slc.svs                                   1         Y                  aif#13:slc.svs                                        
    aif#29:slc.svs#1                                 1         Y                  aif#29:slc.svs#1                                      
    land#10.lpi#1.dfm#1                              1         Y                  land#10.lpi#1.dfm#1                                   
    land#13.lpi#1.dfm#1                              1         Y                  land#13.lpi#1.dfm#1                                   
    land#15.lpi#1.dfm#1                              1         Y                  land#15.lpi#1.dfm#1                                   
    land#2.lpi#1.dfm#1                               1         Y                  land#2.lpi#1.dfm#1                                    
    land#4.lpi#1.dfm#1                               1         Y                  land#4.lpi#1.dfm#1                                    
    land#7.lpi#1.dfm#1                               1         Y                  land#7.lpi#1.dfm#1                                    
    main.stage_0#2                                   1         Y                  main.stage_0#2                                        
    main.stage_0#3                                   1         Y                  main.stage_0#3                                        
    main.stage_0#4                                   1         Y                  main.stage_0#4                                        
    reg(deltay_square_blue:acc.psp.sva).tmp          1         Y                  reg(deltay_square_blue:acc.psp.sva).tmp               
    reg(deltay_square_red:acc.psp.sva).tmp           1         Y                  reg(deltay_square_red:acc.psp.sva).tmp                
    slc#5.svs#1                                      1         Y                  slc#5.svs#1                                           
                                                                                                                                        
    Total:                                         214            214           0 (Total Gating Ratio: 1.00, CG Opt Gating Ratio: 0.00) 
    
  Timing Report
    Critical Path
      Max Delay:  7.138182
      Slack:      -0.47151499999999924
      
      Path                                               Startpoint                           Endpoint                      Delay  Slack   
      -------------------------------------------------- ------------------------------------ ----------------------------- ------ -------
      1                                                  markers:core/reg(acc#8(1).sva.dfm#2) markers:core/reg(slc#5.svs#1) 7.1382 -0.4715 
                                                                                                                                           
        Instance                                         Component                                                          Delta  Delay   
        --------                                         ---------                                                          -----  -----   
        markers:core/reg(acc#8(1).sva.dfm#2)             mgc_reg_pos_4_1_0_0_0_1_1                                          0.0000 0.0000  
        markers:core/acc#8(1).sva.dfm#2                                                                                     0.0000 0.0000  
        markers:core/if#3:acc                            mgc_add_4_0_4_1_5                                                  0.6911 0.6911  
        markers:core/if#3:acc.itm                                                                                           0.0000 0.6911  
        markers:core/mux#20                              mgc_mux_4_1_2                                                      0.3690 1.0600  
        markers:core/acc#8(1).sva.dfm#1:mx0                                                                                 0.0000 1.0600  
        markers:core/not#3                               mgc_not_4                                                          0.0000 1.0600  
        markers:core/not#3.itm                                                                                              0.0000 1.0600  
        markers:core/conc#154                                                                                               0.0000 1.0600  
        markers:core/conc#154.itm                                                                                           0.0000 1.0600  
        markers:core/acc#3                               mgc_add_5_0_5_1_6                                                  0.7751 1.8352  
        markers:core/acc#3.itm                                                                                              0.0000 1.8352  
        markers:core/slc#3                                                                                                  0.0000 1.8352  
        markers:core/slc#3.itm                                                                                              0.0000 1.8352  
        markers:core/nand#5                              mgc_nand_1_2                                                       0.2679 2.1030  
        markers:core/or.dcpl#17                                                                                             0.0000 2.1030  
        markers:core/mux#16                              mgc_mux_10_1_2                                                     0.3690 2.4720  
        markers:core/blue_xy(0).sva.dfm#4:mx0                                                                               0.0000 2.4720  
        markers:core/slc(blue_xy(0).sva.dfm#4:mx0)                                                                          0.0000 2.4720  
        markers:core/slc(blue_xy(0).sva.dfm#4:mx0).itm                                                                      0.0000 2.4720  
        markers:core/if#10:nor#1                         mgc_nor_1_10                                                       0.8720 3.3440  
        markers:core/if#10:nor#1.itm                                                                                        0.0000 3.3440  
        markers:core/if#10:nor                           mgc_nor_1_11                                                       0.9081 4.2522  
        markers:core/if#10:nor.tmp                                                                                          0.0000 4.2522  
        markers:core/mux#17                              mgc_mux_10_1_2                                                     0.3690 4.6211  
        markers:core/mux#17.itm                                                                                             0.0000 4.6211  
        markers:core/deltax_blue:not                     mgc_not_10                                                         0.0000 4.6211  
        markers:core/deltax_blue:not.itm                                                                                    0.0000 4.6211  
        markers:core/conc#139                                                                                               0.0000 4.6211  
        markers:core/conc#139.itm                                                                                           0.0000 4.6211  
        markers:core/deltax_blue:acc#1                   mgc_add_12_0_11_0_12                                               1.4360 6.0571  
        markers:core/deltax_blue:acc#1.itm                                                                                  0.0000 6.0571  
        markers:core/deltax_blue:slc                                                                                        0.0000 6.0571  
        markers:core/deltax_blue:acc.psp.sva                                                                                0.0000 6.0571  
        markers:core/slc(deltax_blue:acc.psp.sva)                                                                           0.0000 6.0571  
        markers:core/slc(deltax_blue:acc.psp.sva).itm                                                                       0.0000 6.0571  
        markers:core/if#11:acc                           mgc_add_9_1_4_1_10                                                 1.0811 7.1382  
        markers:core/if#11:acc.itm                                                                                          0.0000 7.1382  
        markers:core/slc#5                                                                                                  0.0000 7.1382  
        markers:core/slc#5.itm                                                                                              0.0000 7.1382  
        markers:core/reg(slc#5.svs#1)                    mgc_reg_pos_1_1_0_0_0_1_1                                          0.0000 7.1382  
                                                                                                                                           
      2                                                  markers:core/reg(acc#8(1).sva.dfm#2) markers:core/reg(slc#5.svs#1) 7.1382 -0.4715 
                                                                                                                                           
        Instance                                         Component                                                          Delta  Delay   
        --------                                         ---------                                                          -----  -----   
        markers:core/reg(acc#8(1).sva.dfm#2)             mgc_reg_pos_4_1_0_0_0_1_1                                          0.0000 0.0000  
        markers:core/acc#8(1).sva.dfm#2                                                                                     0.0000 0.0000  
        markers:core/if#3:acc                            mgc_add_4_0_4_1_5                                                  0.6911 0.6911  
        markers:core/if#3:acc.itm                                                                                           0.0000 0.6911  
        markers:core/mux#20                              mgc_mux_4_1_2                                                      0.3690 1.0600  
        markers:core/acc#8(1).sva.dfm#1:mx0                                                                                 0.0000 1.0600  
        markers:core/not#3                               mgc_not_4                                                          0.0000 1.0600  
        markers:core/not#3.itm                                                                                              0.0000 1.0600  
        markers:core/conc#154                                                                                               0.0000 1.0600  
        markers:core/conc#154.itm                                                                                           0.0000 1.0600  
        markers:core/acc#3                               mgc_add_5_0_5_1_6                                                  0.7751 1.8352  
        markers:core/acc#3.itm                                                                                              0.0000 1.8352  
        markers:core/slc#3                                                                                                  0.0000 1.8352  
        markers:core/slc#3.itm                                                                                              0.0000 1.8352  
        markers:core/nand#5                              mgc_nand_1_2                                                       0.2679 2.1030  
        markers:core/or.dcpl#17                                                                                             0.0000 2.1030  
        markers:core/mux#16                              mgc_mux_10_1_2                                                     0.3690 2.4720  
        markers:core/blue_xy(0).sva.dfm#4:mx0                                                                               0.0000 2.4720  
        markers:core/slc(blue_xy(0).sva.dfm#4:mx0)#1                                                                        0.0000 2.4720  
        markers:core/slc(blue_xy(0).sva.dfm#4:mx0)#1.itm                                                                    0.0000 2.4720  
        markers:core/if#10:nor#1                         mgc_nor_1_10                                                       0.8720 3.3440  
        markers:core/if#10:nor#1.itm                                                                                        0.0000 3.3440  
        markers:core/if#10:nor                           mgc_nor_1_11                                                       0.9081 4.2522  
        markers:core/if#10:nor.tmp                                                                                          0.0000 4.2522  
        markers:core/mux#17                              mgc_mux_10_1_2                                                     0.3690 4.6211  
        markers:core/mux#17.itm                                                                                             0.0000 4.6211  
        markers:core/deltax_blue:not                     mgc_not_10                                                         0.0000 4.6211  
        markers:core/deltax_blue:not.itm                                                                                    0.0000 4.6211  
        markers:core/conc#139                                                                                               0.0000 4.6211  
        markers:core/conc#139.itm                                                                                           0.0000 4.6211  
        markers:core/deltax_blue:acc#1                   mgc_add_12_0_11_0_12                                               1.4360 6.0571  
        markers:core/deltax_blue:acc#1.itm                                                                                  0.0000 6.0571  
        markers:core/deltax_blue:slc                                                                                        0.0000 6.0571  
        markers:core/deltax_blue:acc.psp.sva                                                                                0.0000 6.0571  
        markers:core/slc(deltax_blue:acc.psp.sva)                                                                           0.0000 6.0571  
        markers:core/slc(deltax_blue:acc.psp.sva).itm                                                                       0.0000 6.0571  
        markers:core/if#11:acc                           mgc_add_9_1_4_1_10                                                 1.0811 7.1382  
        markers:core/if#11:acc.itm                                                                                          0.0000 7.1382  
        markers:core/slc#5                                                                                                  0.0000 7.1382  
        markers:core/slc#5.itm                                                                                              0.0000 7.1382  
        markers:core/reg(slc#5.svs#1)                    mgc_reg_pos_1_1_0_0_0_1_1                                          0.0000 7.1382  
                                                                                                                                           
      3                                                  markers:core/reg(acc#8(1).sva.dfm#2) markers:core/reg(slc#5.svs#1) 7.1382 -0.4715 
                                                                                                                                           
        Instance                                         Component                                                          Delta  Delay   
        --------                                         ---------                                                          -----  -----   
        markers:core/reg(acc#8(1).sva.dfm#2)             mgc_reg_pos_4_1_0_0_0_1_1                                          0.0000 0.0000  
        markers:core/acc#8(1).sva.dfm#2                                                                                     0.0000 0.0000  
        markers:core/if#3:acc                            mgc_add_4_0_4_1_5                                                  0.6911 0.6911  
        markers:core/if#3:acc.itm                                                                                           0.0000 0.6911  
        markers:core/mux#20                              mgc_mux_4_1_2                                                      0.3690 1.0600  
        markers:core/acc#8(1).sva.dfm#1:mx0                                                                                 0.0000 1.0600  
        markers:core/not#3                               mgc_not_4                                                          0.0000 1.0600  
        markers:core/not#3.itm                                                                                              0.0000 1.0600  
        markers:core/conc#154                                                                                               0.0000 1.0600  
        markers:core/conc#154.itm                                                                                           0.0000 1.0600  
        markers:core/acc#3                               mgc_add_5_0_5_1_6                                                  0.7751 1.8352  
        markers:core/acc#3.itm                                                                                              0.0000 1.8352  
        markers:core/slc#3                                                                                                  0.0000 1.8352  
        markers:core/slc#3.itm                                                                                              0.0000 1.8352  
        markers:core/nand#5                              mgc_nand_1_2                                                       0.2679 2.1030  
        markers:core/or.dcpl#17                                                                                             0.0000 2.1030  
        markers:core/mux#16                              mgc_mux_10_1_2                                                     0.3690 2.4720  
        markers:core/blue_xy(0).sva.dfm#4:mx0                                                                               0.0000 2.4720  
        markers:core/slc(blue_xy(0).sva.dfm#4:mx0)#9                                                                        0.0000 2.4720  
        markers:core/slc(blue_xy(0).sva.dfm#4:mx0)#9.itm                                                                    0.0000 2.4720  
        markers:core/if#10:nor#1                         mgc_nor_1_10                                                       0.8720 3.3440  
        markers:core/if#10:nor#1.itm                                                                                        0.0000 3.3440  
        markers:core/if#10:nor                           mgc_nor_1_11                                                       0.9081 4.2522  
        markers:core/if#10:nor.tmp                                                                                          0.0000 4.2522  
        markers:core/mux#17                              mgc_mux_10_1_2                                                     0.3690 4.6211  
        markers:core/mux#17.itm                                                                                             0.0000 4.6211  
        markers:core/deltax_blue:not                     mgc_not_10                                                         0.0000 4.6211  
        markers:core/deltax_blue:not.itm                                                                                    0.0000 4.6211  
        markers:core/conc#139                                                                                               0.0000 4.6211  
        markers:core/conc#139.itm                                                                                           0.0000 4.6211  
        markers:core/deltax_blue:acc#1                   mgc_add_12_0_11_0_12                                               1.4360 6.0571  
        markers:core/deltax_blue:acc#1.itm                                                                                  0.0000 6.0571  
        markers:core/deltax_blue:slc                                                                                        0.0000 6.0571  
        markers:core/deltax_blue:acc.psp.sva                                                                                0.0000 6.0571  
        markers:core/slc(deltax_blue:acc.psp.sva)                                                                           0.0000 6.0571  
        markers:core/slc(deltax_blue:acc.psp.sva).itm                                                                       0.0000 6.0571  
        markers:core/if#11:acc                           mgc_add_9_1_4_1_10                                                 1.0811 7.1382  
        markers:core/if#11:acc.itm                                                                                          0.0000 7.1382  
        markers:core/slc#5                                                                                                  0.0000 7.1382  
        markers:core/slc#5.itm                                                                                              0.0000 7.1382  
        markers:core/reg(slc#5.svs#1)                    mgc_reg_pos_1_1_0_0_0_1_1                                          0.0000 7.1382  
                                                                                                                                           
      4                                                  markers:core/reg(acc#8(1).sva.dfm#2) markers:core/reg(slc#5.svs#1) 7.1382 -0.4715 
                                                                                                                                           
        Instance                                         Component                                                          Delta  Delay   
        --------                                         ---------                                                          -----  -----   
        markers:core/reg(acc#8(1).sva.dfm#2)             mgc_reg_pos_4_1_0_0_0_1_1                                          0.0000 0.0000  
        markers:core/acc#8(1).sva.dfm#2                                                                                     0.0000 0.0000  
        markers:core/if#3:acc                            mgc_add_4_0_4_1_5                                                  0.6911 0.6911  
        markers:core/if#3:acc.itm                                                                                           0.0000 0.6911  
        markers:core/mux#20                              mgc_mux_4_1_2                                                      0.3690 1.0600  
        markers:core/acc#8(1).sva.dfm#1:mx0                                                                                 0.0000 1.0600  
        markers:core/not#3                               mgc_not_4                                                          0.0000 1.0600  
        markers:core/not#3.itm                                                                                              0.0000 1.0600  
        markers:core/conc#154                                                                                               0.0000 1.0600  
        markers:core/conc#154.itm                                                                                           0.0000 1.0600  
        markers:core/acc#3                               mgc_add_5_0_5_1_6                                                  0.7751 1.8352  
        markers:core/acc#3.itm                                                                                              0.0000 1.8352  
        markers:core/slc#3                                                                                                  0.0000 1.8352  
        markers:core/slc#3.itm                                                                                              0.0000 1.8352  
        markers:core/nand#5                              mgc_nand_1_2                                                       0.2679 2.1030  
        markers:core/or.dcpl#17                                                                                             0.0000 2.1030  
        markers:core/mux#16                              mgc_mux_10_1_2                                                     0.3690 2.4720  
        markers:core/blue_xy(0).sva.dfm#4:mx0                                                                               0.0000 2.4720  
        markers:core/slc(blue_xy(0).sva.dfm#4:mx0)#2                                                                        0.0000 2.4720  
        markers:core/slc(blue_xy(0).sva.dfm#4:mx0)#2.itm                                                                    0.0000 2.4720  
        markers:core/if#10:nor#1                         mgc_nor_1_10                                                       0.8720 3.3440  
        markers:core/if#10:nor#1.itm                                                                                        0.0000 3.3440  
        markers:core/if#10:nor                           mgc_nor_1_11                                                       0.9081 4.2522  
        markers:core/if#10:nor.tmp                                                                                          0.0000 4.2522  
        markers:core/mux#17                              mgc_mux_10_1_2                                                     0.3690 4.6211  
        markers:core/mux#17.itm                                                                                             0.0000 4.6211  
        markers:core/deltax_blue:not                     mgc_not_10                                                         0.0000 4.6211  
        markers:core/deltax_blue:not.itm                                                                                    0.0000 4.6211  
        markers:core/conc#139                                                                                               0.0000 4.6211  
        markers:core/conc#139.itm                                                                                           0.0000 4.6211  
        markers:core/deltax_blue:acc#1                   mgc_add_12_0_11_0_12                                               1.4360 6.0571  
        markers:core/deltax_blue:acc#1.itm                                                                                  0.0000 6.0571  
        markers:core/deltax_blue:slc                                                                                        0.0000 6.0571  
        markers:core/deltax_blue:acc.psp.sva                                                                                0.0000 6.0571  
        markers:core/slc(deltax_blue:acc.psp.sva)                                                                           0.0000 6.0571  
        markers:core/slc(deltax_blue:acc.psp.sva).itm                                                                       0.0000 6.0571  
        markers:core/if#11:acc                           mgc_add_9_1_4_1_10                                                 1.0811 7.1382  
        markers:core/if#11:acc.itm                                                                                          0.0000 7.1382  
        markers:core/slc#5                                                                                                  0.0000 7.1382  
        markers:core/slc#5.itm                                                                                              0.0000 7.1382  
        markers:core/reg(slc#5.svs#1)                    mgc_reg_pos_1_1_0_0_0_1_1                                          0.0000 7.1382  
                                                                                                                                           
      5                                                  markers:core/reg(acc#8(1).sva.dfm#2) markers:core/reg(slc#5.svs#1) 7.1382 -0.4715 
                                                                                                                                           
        Instance                                         Component                                                          Delta  Delay   
        --------                                         ---------                                                          -----  -----   
        markers:core/reg(acc#8(1).sva.dfm#2)             mgc_reg_pos_4_1_0_0_0_1_1                                          0.0000 0.0000  
        markers:core/acc#8(1).sva.dfm#2                                                                                     0.0000 0.0000  
        markers:core/if#3:acc                            mgc_add_4_0_4_1_5                                                  0.6911 0.6911  
        markers:core/if#3:acc.itm                                                                                           0.0000 0.6911  
        markers:core/mux#20                              mgc_mux_4_1_2                                                      0.3690 1.0600  
        markers:core/acc#8(1).sva.dfm#1:mx0                                                                                 0.0000 1.0600  
        markers:core/not#3                               mgc_not_4                                                          0.0000 1.0600  
        markers:core/not#3.itm                                                                                              0.0000 1.0600  
        markers:core/conc#154                                                                                               0.0000 1.0600  
        markers:core/conc#154.itm                                                                                           0.0000 1.0600  
        markers:core/acc#3                               mgc_add_5_0_5_1_6                                                  0.7751 1.8352  
        markers:core/acc#3.itm                                                                                              0.0000 1.8352  
        markers:core/slc#3                                                                                                  0.0000 1.8352  
        markers:core/slc#3.itm                                                                                              0.0000 1.8352  
        markers:core/nand#5                              mgc_nand_1_2                                                       0.2679 2.1030  
        markers:core/or.dcpl#17                                                                                             0.0000 2.1030  
        markers:core/mux#16                              mgc_mux_10_1_2                                                     0.3690 2.4720  
        markers:core/blue_xy(0).sva.dfm#4:mx0                                                                               0.0000 2.4720  
        markers:core/slc(blue_xy(0).sva.dfm#4:mx0)#4                                                                        0.0000 2.4720  
        markers:core/slc(blue_xy(0).sva.dfm#4:mx0)#4.itm                                                                    0.0000 2.4720  
        markers:core/if#10:nor#1                         mgc_nor_1_10                                                       0.8720 3.3440  
        markers:core/if#10:nor#1.itm                                                                                        0.0000 3.3440  
        markers:core/if#10:nor                           mgc_nor_1_11                                                       0.9081 4.2522  
        markers:core/if#10:nor.tmp                                                                                          0.0000 4.2522  
        markers:core/mux#17                              mgc_mux_10_1_2                                                     0.3690 4.6211  
        markers:core/mux#17.itm                                                                                             0.0000 4.6211  
        markers:core/deltax_blue:not                     mgc_not_10                                                         0.0000 4.6211  
        markers:core/deltax_blue:not.itm                                                                                    0.0000 4.6211  
        markers:core/conc#139                                                                                               0.0000 4.6211  
        markers:core/conc#139.itm                                                                                           0.0000 4.6211  
        markers:core/deltax_blue:acc#1                   mgc_add_12_0_11_0_12                                               1.4360 6.0571  
        markers:core/deltax_blue:acc#1.itm                                                                                  0.0000 6.0571  
        markers:core/deltax_blue:slc                                                                                        0.0000 6.0571  
        markers:core/deltax_blue:acc.psp.sva                                                                                0.0000 6.0571  
        markers:core/slc(deltax_blue:acc.psp.sva)                                                                           0.0000 6.0571  
        markers:core/slc(deltax_blue:acc.psp.sva).itm                                                                       0.0000 6.0571  
        markers:core/if#11:acc                           mgc_add_9_1_4_1_10                                                 1.0811 7.1382  
        markers:core/if#11:acc.itm                                                                                          0.0000 7.1382  
        markers:core/slc#5                                                                                                  0.0000 7.1382  
        markers:core/slc#5.itm                                                                                              0.0000 7.1382  
        markers:core/reg(slc#5.svs#1)                    mgc_reg_pos_1_1_0_0_0_1_1                                          0.0000 7.1382  
                                                                                                                                           
      6                                                  markers:core/reg(acc#8(1).sva.dfm#2) markers:core/reg(slc#5.svs#1) 7.1382 -0.4715 
                                                                                                                                           
        Instance                                         Component                                                          Delta  Delay   
        --------                                         ---------                                                          -----  -----   
        markers:core/reg(acc#8(1).sva.dfm#2)             mgc_reg_pos_4_1_0_0_0_1_1                                          0.0000 0.0000  
        markers:core/acc#8(1).sva.dfm#2                                                                                     0.0000 0.0000  
        markers:core/if#3:acc                            mgc_add_4_0_4_1_5                                                  0.6911 0.6911  
        markers:core/if#3:acc.itm                                                                                           0.0000 0.6911  
        markers:core/mux#20                              mgc_mux_4_1_2                                                      0.3690 1.0600  
        markers:core/acc#8(1).sva.dfm#1:mx0                                                                                 0.0000 1.0600  
        markers:core/not#3                               mgc_not_4                                                          0.0000 1.0600  
        markers:core/not#3.itm                                                                                              0.0000 1.0600  
        markers:core/conc#154                                                                                               0.0000 1.0600  
        markers:core/conc#154.itm                                                                                           0.0000 1.0600  
        markers:core/acc#3                               mgc_add_5_0_5_1_6                                                  0.7751 1.8352  
        markers:core/acc#3.itm                                                                                              0.0000 1.8352  
        markers:core/slc#3                                                                                                  0.0000 1.8352  
        markers:core/slc#3.itm                                                                                              0.0000 1.8352  
        markers:core/nand#5                              mgc_nand_1_2                                                       0.2679 2.1030  
        markers:core/or.dcpl#17                                                                                             0.0000 2.1030  
        markers:core/mux#16                              mgc_mux_10_1_2                                                     0.3690 2.4720  
        markers:core/blue_xy(0).sva.dfm#4:mx0                                                                               0.0000 2.4720  
        markers:core/slc(blue_xy(0).sva.dfm#4:mx0)#7                                                                        0.0000 2.4720  
        markers:core/slc(blue_xy(0).sva.dfm#4:mx0)#7.itm                                                                    0.0000 2.4720  
        markers:core/if#10:nor#1                         mgc_nor_1_10                                                       0.8720 3.3440  
        markers:core/if#10:nor#1.itm                                                                                        0.0000 3.3440  
        markers:core/if#10:nor                           mgc_nor_1_11                                                       0.9081 4.2522  
        markers:core/if#10:nor.tmp                                                                                          0.0000 4.2522  
        markers:core/mux#17                              mgc_mux_10_1_2                                                     0.3690 4.6211  
        markers:core/mux#17.itm                                                                                             0.0000 4.6211  
        markers:core/deltax_blue:not                     mgc_not_10                                                         0.0000 4.6211  
        markers:core/deltax_blue:not.itm                                                                                    0.0000 4.6211  
        markers:core/conc#139                                                                                               0.0000 4.6211  
        markers:core/conc#139.itm                                                                                           0.0000 4.6211  
        markers:core/deltax_blue:acc#1                   mgc_add_12_0_11_0_12                                               1.4360 6.0571  
        markers:core/deltax_blue:acc#1.itm                                                                                  0.0000 6.0571  
        markers:core/deltax_blue:slc                                                                                        0.0000 6.0571  
        markers:core/deltax_blue:acc.psp.sva                                                                                0.0000 6.0571  
        markers:core/slc(deltax_blue:acc.psp.sva)                                                                           0.0000 6.0571  
        markers:core/slc(deltax_blue:acc.psp.sva).itm                                                                       0.0000 6.0571  
        markers:core/if#11:acc                           mgc_add_9_1_4_1_10                                                 1.0811 7.1382  
        markers:core/if#11:acc.itm                                                                                          0.0000 7.1382  
        markers:core/slc#5                                                                                                  0.0000 7.1382  
        markers:core/slc#5.itm                                                                                              0.0000 7.1382  
        markers:core/reg(slc#5.svs#1)                    mgc_reg_pos_1_1_0_0_0_1_1                                          0.0000 7.1382  
                                                                                                                                           
      7                                                  markers:core/reg(acc#8(1).sva.dfm#2) markers:core/reg(slc#5.svs#1) 7.1382 -0.4715 
                                                                                                                                           
        Instance                                         Component                                                          Delta  Delay   
        --------                                         ---------                                                          -----  -----   
        markers:core/reg(acc#8(1).sva.dfm#2)             mgc_reg_pos_4_1_0_0_0_1_1                                          0.0000 0.0000  
        markers:core/acc#8(1).sva.dfm#2                                                                                     0.0000 0.0000  
        markers:core/if#3:acc                            mgc_add_4_0_4_1_5                                                  0.6911 0.6911  
        markers:core/if#3:acc.itm                                                                                           0.0000 0.6911  
        markers:core/mux#20                              mgc_mux_4_1_2                                                      0.3690 1.0600  
        markers:core/acc#8(1).sva.dfm#1:mx0                                                                                 0.0000 1.0600  
        markers:core/not#3                               mgc_not_4                                                          0.0000 1.0600  
        markers:core/not#3.itm                                                                                              0.0000 1.0600  
        markers:core/conc#154                                                                                               0.0000 1.0600  
        markers:core/conc#154.itm                                                                                           0.0000 1.0600  
        markers:core/acc#3                               mgc_add_5_0_5_1_6                                                  0.7751 1.8352  
        markers:core/acc#3.itm                                                                                              0.0000 1.8352  
        markers:core/slc#3                                                                                                  0.0000 1.8352  
        markers:core/slc#3.itm                                                                                              0.0000 1.8352  
        markers:core/nand#5                              mgc_nand_1_2                                                       0.2679 2.1030  
        markers:core/or.dcpl#17                                                                                             0.0000 2.1030  
        markers:core/mux#16                              mgc_mux_10_1_2                                                     0.3690 2.4720  
        markers:core/blue_xy(0).sva.dfm#4:mx0                                                                               0.0000 2.4720  
        markers:core/slc(blue_xy(0).sva.dfm#4:mx0)#5                                                                        0.0000 2.4720  
        markers:core/slc(blue_xy(0).sva.dfm#4:mx0)#5.itm                                                                    0.0000 2.4720  
        markers:core/if#10:nor#1                         mgc_nor_1_10                                                       0.8720 3.3440  
        markers:core/if#10:nor#1.itm                                                                                        0.0000 3.3440  
        markers:core/if#10:nor                           mgc_nor_1_11                                                       0.9081 4.2522  
        markers:core/if#10:nor.tmp                                                                                          0.0000 4.2522  
        markers:core/mux#17                              mgc_mux_10_1_2                                                     0.3690 4.6211  
        markers:core/mux#17.itm                                                                                             0.0000 4.6211  
        markers:core/deltax_blue:not                     mgc_not_10                                                         0.0000 4.6211  
        markers:core/deltax_blue:not.itm                                                                                    0.0000 4.6211  
        markers:core/conc#139                                                                                               0.0000 4.6211  
        markers:core/conc#139.itm                                                                                           0.0000 4.6211  
        markers:core/deltax_blue:acc#1                   mgc_add_12_0_11_0_12                                               1.4360 6.0571  
        markers:core/deltax_blue:acc#1.itm                                                                                  0.0000 6.0571  
        markers:core/deltax_blue:slc                                                                                        0.0000 6.0571  
        markers:core/deltax_blue:acc.psp.sva                                                                                0.0000 6.0571  
        markers:core/slc(deltax_blue:acc.psp.sva)                                                                           0.0000 6.0571  
        markers:core/slc(deltax_blue:acc.psp.sva).itm                                                                       0.0000 6.0571  
        markers:core/if#11:acc                           mgc_add_9_1_4_1_10                                                 1.0811 7.1382  
        markers:core/if#11:acc.itm                                                                                          0.0000 7.1382  
        markers:core/slc#5                                                                                                  0.0000 7.1382  
        markers:core/slc#5.itm                                                                                              0.0000 7.1382  
        markers:core/reg(slc#5.svs#1)                    mgc_reg_pos_1_1_0_0_0_1_1                                          0.0000 7.1382  
                                                                                                                                           
      8                                                  markers:core/reg(acc#8(1).sva.dfm#2) markers:core/reg(slc#5.svs#1) 7.1382 -0.4715 
                                                                                                                                           
        Instance                                         Component                                                          Delta  Delay   
        --------                                         ---------                                                          -----  -----   
        markers:core/reg(acc#8(1).sva.dfm#2)             mgc_reg_pos_4_1_0_0_0_1_1                                          0.0000 0.0000  
        markers:core/acc#8(1).sva.dfm#2                                                                                     0.0000 0.0000  
        markers:core/if#3:acc                            mgc_add_4_0_4_1_5                                                  0.6911 0.6911  
        markers:core/if#3:acc.itm                                                                                           0.0000 0.6911  
        markers:core/mux#20                              mgc_mux_4_1_2                                                      0.3690 1.0600  
        markers:core/acc#8(1).sva.dfm#1:mx0                                                                                 0.0000 1.0600  
        markers:core/not#3                               mgc_not_4                                                          0.0000 1.0600  
        markers:core/not#3.itm                                                                                              0.0000 1.0600  
        markers:core/conc#154                                                                                               0.0000 1.0600  
        markers:core/conc#154.itm                                                                                           0.0000 1.0600  
        markers:core/acc#3                               mgc_add_5_0_5_1_6                                                  0.7751 1.8352  
        markers:core/acc#3.itm                                                                                              0.0000 1.8352  
        markers:core/slc#3                                                                                                  0.0000 1.8352  
        markers:core/slc#3.itm                                                                                              0.0000 1.8352  
        markers:core/nand#5                              mgc_nand_1_2                                                       0.2679 2.1030  
        markers:core/or.dcpl#17                                                                                             0.0000 2.1030  
        markers:core/mux#16                              mgc_mux_10_1_2                                                     0.3690 2.4720  
        markers:core/blue_xy(0).sva.dfm#4:mx0                                                                               0.0000 2.4720  
        markers:core/slc(blue_xy(0).sva.dfm#4:mx0)#6                                                                        0.0000 2.4720  
        markers:core/slc(blue_xy(0).sva.dfm#4:mx0)#6.itm                                                                    0.0000 2.4720  
        markers:core/if#10:nor#1                         mgc_nor_1_10                                                       0.8720 3.3440  
        markers:core/if#10:nor#1.itm                                                                                        0.0000 3.3440  
        markers:core/if#10:nor                           mgc_nor_1_11                                                       0.9081 4.2522  
        markers:core/if#10:nor.tmp                                                                                          0.0000 4.2522  
        markers:core/mux#17                              mgc_mux_10_1_2                                                     0.3690 4.6211  
        markers:core/mux#17.itm                                                                                             0.0000 4.6211  
        markers:core/deltax_blue:not                     mgc_not_10                                                         0.0000 4.6211  
        markers:core/deltax_blue:not.itm                                                                                    0.0000 4.6211  
        markers:core/conc#139                                                                                               0.0000 4.6211  
        markers:core/conc#139.itm                                                                                           0.0000 4.6211  
        markers:core/deltax_blue:acc#1                   mgc_add_12_0_11_0_12                                               1.4360 6.0571  
        markers:core/deltax_blue:acc#1.itm                                                                                  0.0000 6.0571  
        markers:core/deltax_blue:slc                                                                                        0.0000 6.0571  
        markers:core/deltax_blue:acc.psp.sva                                                                                0.0000 6.0571  
        markers:core/slc(deltax_blue:acc.psp.sva)                                                                           0.0000 6.0571  
        markers:core/slc(deltax_blue:acc.psp.sva).itm                                                                       0.0000 6.0571  
        markers:core/if#11:acc                           mgc_add_9_1_4_1_10                                                 1.0811 7.1382  
        markers:core/if#11:acc.itm                                                                                          0.0000 7.1382  
        markers:core/slc#5                                                                                                  0.0000 7.1382  
        markers:core/slc#5.itm                                                                                              0.0000 7.1382  
        markers:core/reg(slc#5.svs#1)                    mgc_reg_pos_1_1_0_0_0_1_1                                          0.0000 7.1382  
                                                                                                                                           
      9                                                  markers:core/reg(acc#8(1).sva.dfm#2) markers:core/reg(slc#5.svs#1) 7.1382 -0.4715 
                                                                                                                                           
        Instance                                         Component                                                          Delta  Delay   
        --------                                         ---------                                                          -----  -----   
        markers:core/reg(acc#8(1).sva.dfm#2)             mgc_reg_pos_4_1_0_0_0_1_1                                          0.0000 0.0000  
        markers:core/acc#8(1).sva.dfm#2                                                                                     0.0000 0.0000  
        markers:core/if#3:acc                            mgc_add_4_0_4_1_5                                                  0.6911 0.6911  
        markers:core/if#3:acc.itm                                                                                           0.0000 0.6911  
        markers:core/mux#20                              mgc_mux_4_1_2                                                      0.3690 1.0600  
        markers:core/acc#8(1).sva.dfm#1:mx0                                                                                 0.0000 1.0600  
        markers:core/not#3                               mgc_not_4                                                          0.0000 1.0600  
        markers:core/not#3.itm                                                                                              0.0000 1.0600  
        markers:core/conc#154                                                                                               0.0000 1.0600  
        markers:core/conc#154.itm                                                                                           0.0000 1.0600  
        markers:core/acc#3                               mgc_add_5_0_5_1_6                                                  0.7751 1.8352  
        markers:core/acc#3.itm                                                                                              0.0000 1.8352  
        markers:core/slc#3                                                                                                  0.0000 1.8352  
        markers:core/slc#3.itm                                                                                              0.0000 1.8352  
        markers:core/nand#5                              mgc_nand_1_2                                                       0.2679 2.1030  
        markers:core/or.dcpl#17                                                                                             0.0000 2.1030  
        markers:core/mux#16                              mgc_mux_10_1_2                                                     0.3690 2.4720  
        markers:core/blue_xy(0).sva.dfm#4:mx0                                                                               0.0000 2.4720  
        markers:core/slc(blue_xy(0).sva.dfm#4:mx0)#8                                                                        0.0000 2.4720  
        markers:core/slc(blue_xy(0).sva.dfm#4:mx0)#8.itm                                                                    0.0000 2.4720  
        markers:core/if#10:nor#1                         mgc_nor_1_10                                                       0.8720 3.3440  
        markers:core/if#10:nor#1.itm                                                                                        0.0000 3.3440  
        markers:core/if#10:nor                           mgc_nor_1_11                                                       0.9081 4.2522  
        markers:core/if#10:nor.tmp                                                                                          0.0000 4.2522  
        markers:core/mux#17                              mgc_mux_10_1_2                                                     0.3690 4.6211  
        markers:core/mux#17.itm                                                                                             0.0000 4.6211  
        markers:core/deltax_blue:not                     mgc_not_10                                                         0.0000 4.6211  
        markers:core/deltax_blue:not.itm                                                                                    0.0000 4.6211  
        markers:core/conc#139                                                                                               0.0000 4.6211  
        markers:core/conc#139.itm                                                                                           0.0000 4.6211  
        markers:core/deltax_blue:acc#1                   mgc_add_12_0_11_0_12                                               1.4360 6.0571  
        markers:core/deltax_blue:acc#1.itm                                                                                  0.0000 6.0571  
        markers:core/deltax_blue:slc                                                                                        0.0000 6.0571  
        markers:core/deltax_blue:acc.psp.sva                                                                                0.0000 6.0571  
        markers:core/slc(deltax_blue:acc.psp.sva)                                                                           0.0000 6.0571  
        markers:core/slc(deltax_blue:acc.psp.sva).itm                                                                       0.0000 6.0571  
        markers:core/if#11:acc                           mgc_add_9_1_4_1_10                                                 1.0811 7.1382  
        markers:core/if#11:acc.itm                                                                                          0.0000 7.1382  
        markers:core/slc#5                                                                                                  0.0000 7.1382  
        markers:core/slc#5.itm                                                                                              0.0000 7.1382  
        markers:core/reg(slc#5.svs#1)                    mgc_reg_pos_1_1_0_0_0_1_1                                          0.0000 7.1382  
                                                                                                                                           
      10                                                 markers:core/reg(acc#8(1).sva.dfm#2) markers:core/reg(slc#5.svs#1) 7.1382 -0.4715 
                                                                                                                                           
        Instance                                         Component                                                          Delta  Delay   
        --------                                         ---------                                                          -----  -----   
        markers:core/reg(acc#8(1).sva.dfm#2)             mgc_reg_pos_4_1_0_0_0_1_1                                          0.0000 0.0000  
        markers:core/acc#8(1).sva.dfm#2                                                                                     0.0000 0.0000  
        markers:core/if#3:acc                            mgc_add_4_0_4_1_5                                                  0.6911 0.6911  
        markers:core/if#3:acc.itm                                                                                           0.0000 0.6911  
        markers:core/mux#20                              mgc_mux_4_1_2                                                      0.3690 1.0600  
        markers:core/acc#8(1).sva.dfm#1:mx0                                                                                 0.0000 1.0600  
        markers:core/not#3                               mgc_not_4                                                          0.0000 1.0600  
        markers:core/not#3.itm                                                                                              0.0000 1.0600  
        markers:core/conc#154                                                                                               0.0000 1.0600  
        markers:core/conc#154.itm                                                                                           0.0000 1.0600  
        markers:core/acc#3                               mgc_add_5_0_5_1_6                                                  0.7751 1.8352  
        markers:core/acc#3.itm                                                                                              0.0000 1.8352  
        markers:core/slc#3                                                                                                  0.0000 1.8352  
        markers:core/slc#3.itm                                                                                              0.0000 1.8352  
        markers:core/nand#5                              mgc_nand_1_2                                                       0.2679 2.1030  
        markers:core/or.dcpl#17                                                                                             0.0000 2.1030  
        markers:core/mux#16                              mgc_mux_10_1_2                                                     0.3690 2.4720  
        markers:core/blue_xy(0).sva.dfm#4:mx0                                                                               0.0000 2.4720  
        markers:core/slc(blue_xy(0).sva.dfm#4:mx0)#3                                                                        0.0000 2.4720  
        markers:core/slc(blue_xy(0).sva.dfm#4:mx0)#3.itm                                                                    0.0000 2.4720  
        markers:core/if#10:nor#1                         mgc_nor_1_10                                                       0.8720 3.3440  
        markers:core/if#10:nor#1.itm                                                                                        0.0000 3.3440  
        markers:core/if#10:nor                           mgc_nor_1_11                                                       0.9081 4.2522  
        markers:core/if#10:nor.tmp                                                                                          0.0000 4.2522  
        markers:core/mux#17                              mgc_mux_10_1_2                                                     0.3690 4.6211  
        markers:core/mux#17.itm                                                                                             0.0000 4.6211  
        markers:core/deltax_blue:not                     mgc_not_10                                                         0.0000 4.6211  
        markers:core/deltax_blue:not.itm                                                                                    0.0000 4.6211  
        markers:core/conc#139                                                                                               0.0000 4.6211  
        markers:core/conc#139.itm                                                                                           0.0000 4.6211  
        markers:core/deltax_blue:acc#1                   mgc_add_12_0_11_0_12                                               1.4360 6.0571  
        markers:core/deltax_blue:acc#1.itm                                                                                  0.0000 6.0571  
        markers:core/deltax_blue:slc                                                                                        0.0000 6.0571  
        markers:core/deltax_blue:acc.psp.sva                                                                                0.0000 6.0571  
        markers:core/slc(deltax_blue:acc.psp.sva)                                                                           0.0000 6.0571  
        markers:core/slc(deltax_blue:acc.psp.sva).itm                                                                       0.0000 6.0571  
        markers:core/if#11:acc                           mgc_add_9_1_4_1_10                                                 1.0811 7.1382  
        markers:core/if#11:acc.itm                                                                                          0.0000 7.1382  
        markers:core/slc#5                                                                                                  0.0000 7.1382  
        markers:core/slc#5.itm                                                                                              0.0000 7.1382  
        markers:core/reg(slc#5.svs#1)                    mgc_reg_pos_1_1_0_0_0_1_1                                          0.0000 7.1382  
                                                                                                                                           
      
    Register Input and Register-to-Output Slack
      Clock period or pin-to-reg delay constraint (clk): 6.666667
      Clock uncertainty constraint (clk)               : 0.0
      
      Instance                                         Port                          Slack (Delay) Messages                
      ------------------------------------------------ --------------------------- ------- ------- -----------------------
      markers:core/reg(vout:rsc:mgc_out_stdreg.d)      mux.itm                      2.7075  3.9592                         
      markers:core/reg(red_xy_previous(1).sva.dfm#2)   mux#3.itm                    4.5595  2.1072                         
      markers:core/reg(blue_xy_previous(1).sva.dfm#2)  mux#6.itm                    4.5595  2.1072                         
      markers:core/reg(land#13.lpi#1.dfm#1)            if#12:nor.itm                1.6479  5.0188                         
      markers:core/reg(land#15.lpi#1.dfm#1)            if#13:nor.itm                1.6479  5.0188                         
      markers:core/reg(red_xy_previous(0).sva)         red_xy_previous(0).sva:mx0   0.5747  6.0920                         
      markers:core/reg(red_xy(0).sva.dfm#4)            red_xy(0).sva.dfm#4:mx0     -0.3997  7.0664 (clock period exceeded) 
      markers:core/reg(deltax_red:acc.psp.sva#1)       deltax_red:acc.psp.sva      -0.3997  7.0664 (clock period exceeded) 
      markers:core/reg(blue_xy_previous(0).sva)        blue_xy_previous(0).sva:mx0  0.5029  6.1638                         
      markers:core/reg(blue_xy(0).sva.dfm#4)           blue_xy(0).sva.dfm#4:mx0    -0.4715  7.1382 (clock period exceeded) 
      markers:core/reg(deltax_blue:acc.psp.sva#1)      deltax_blue:acc.psp.sva     -0.4715  7.1382 (clock period exceeded) 
      markers:core/reg(land#10.lpi#1.dfm#1)            if#10:nor.tmp               -0.4715  7.1382 (clock period exceeded) 
      markers:core/reg(slc#5.svs#1)                    slc#5.itm                   -0.4715  7.1382 (clock period exceeded) 
      markers:core/reg(land#7.lpi#1.dfm#1)             if#8:nor.tmp                -0.3997  7.0664 (clock period exceeded) 
      markers:core/reg(aif#29:slc.svs#1)               aif#29:slc.itm              -0.3997  7.0664 (clock period exceeded) 
      markers:core/reg(acc#8(0).sva.dfm#2)             and.itm                      1.1538  5.5129                         
      markers:core/reg(acc#8(1).sva.dfm#2)             and#1.itm                    1.1538  5.5129                         
      markers:core/reg(red_xy(1).sva.dfm#3)            and#3.itm                    3.7786  2.8881                         
      markers:core/reg(red_xy(0).sva.dfm#3)            and#2.itm                    3.7786  2.8881                         
      markers:core/reg(blue_xy(1).sva.dfm#3)           and#5.itm                    3.7786  2.8881                         
      markers:core/reg(blue_xy(0).sva.dfm#3)           and#4.itm                    3.7786  2.8881                         
      markers:core/reg(land#4.lpi#1.dfm#1)             if#3:nor.itm                 4.5377  2.1289                         
      markers:core/reg(land#2.lpi#1.dfm#1)             if#2:nor.itm                 5.1692  1.4974                         
      markers:core/reg(aif#13:slc.svs)                 aif#13:slc.svs:mx0           4.5377  2.1289                         
      markers:core/reg(main.stage_0#2)                 C1023_10#2                   6.6667  0.0000                         
      markers:core/reg(main.stage_0#3)                 main.stage_0#2               6.2506  0.4161                         
      markers:core/reg(main.stage_0#4)                 main.stage_0#3               2.2410  4.4256                         
      markers:core/reg(red_xy_previous(1).sva)         mux#23.itm                   4.2970  2.3697                         
      markers:core/reg(red_xy(1).sva.dfm#4)            red_xy(1).sva.dfm#4:mx0      3.7786  2.8881                         
      markers:core/reg(blue_xy_previous(1).sva)        mux#25.itm                   4.2970  2.3697                         
      markers:core/reg(blue_xy(1).sva.dfm#4)           blue_xy(1).sva.dfm#4:mx0     3.7786  2.8881                         
      markers:core/reg(deltay_square_red:acc.psp.sva)  mux#2.itm                    4.4928  2.1739                         
      markers:core/reg(deltay_square_blue:acc.psp.sva) mux#5.itm                    4.4928  2.1739                         
      markers                                          vout:rsc.z                   6.6667  0.0000                         
      markers                                          volume:rsc.z                 6.6667  0.0000                         
      
  Operator Bitwidth Summary
    Operation  Size (bits) Count 
    ---------- ----------- -----
    add                          
    -                   12    12 
    -                   10     1 
    -                    9     3 
    -                    7     2 
    -                    6     5 
    -                    5     6 
    -                    2     2 
    and                          
    -                    3     7 
    -                    2     4 
    mux                          
    -                    1    22 
    nand                         
    -                    2     3 
    nor                          
    -                   20     2 
    -                   11     2 
    -                   10     4 
    -                    4     2 
    -                    2     5 
    not                          
    -                   11     2 
    -                   10    10 
    -                    8     2 
    -                    4     2 
    -                    1     8 
    or                           
    -                    4     1 
    reg                          
    -                   30     1 
    -                   11     2 
    -                   10    14 
    -                    4     2 
    -                    1    14 
    write_port                   
    -                   30     1 
    -                    8     1 
    
  End of Report
