-- Catapult University Version: Report                                              
-- ---------------------------- ---------------------------------------------------
-- Version:                     2011a.126 Production Release                        
-- Build Date:                  Wed Aug  8 00:52:07 PDT 2012                        
                                                                                    
-- Generated by:                mf2915@EEWS305-026                                  
-- Generated date:              Fri May 06 10:20:57 +0100 2016                      

Solution Settings: markers.v73
  Current state: extract
  Project: Catapult
  
  Design Input Files Specified
    $PROJECT_HOME/../markers_source/shift_class.h
    $PROJECT_HOME/../markers_source/blur.c
      $MGC_HOME/shared/include/ac_fixed.h
        $MGC_HOME/shared/include/ac_int.h
      $PROJECT_HOME/../markers_source/blur.h
      $PROJECT_HOME/../markers_source/shift_class.h
    $PROJECT_HOME/../markers_source/blur.h
      $MGC_HOME/shared/include/ac_int.h
  
  Processes/Blocks in Design
    Process       Real Operation(s) count Latency Throughput Reset Length II Comments 
    ------------- ----------------------- ------- ---------- ------------ -- --------
    /markers/core                      98       3          1            0  1          
    Design Total:                      98       3          1            0  0          
    
  Bill Of Materials (Datapath)
    Component Name                          Area Score Area(LUTs) Delay Post Alloc Post Assign 
    --------------------------------------- ---------- ---------- ----- ---------- -----------
    [Lib: mgc_Altera-Cyclone-III-6_beh_psr]                                                    
    mgc_add(1,0,1,0,2)                           2.319      2.319 0.506          0           1 
    mgc_add(11,0,10,1,11)                       12.000     12.000 1.370          7           7 
    mgc_add(11,0,11,0,11)                       12.233     12.233 1.368          1           1 
    mgc_add(12,0,11,0,12)                       13.228     13.228 1.436          4           4 
    mgc_add(2,0,1,0,2)                           3.315      3.315 0.658          0           1 
    mgc_add(4,0,2,1,4)                           5.000      5.000 0.860          3           3 
    mgc_add(4,0,4,0,5)                           5.293      5.293 0.854          3           3 
    mgc_add(5,0,5,0,6)                           6.285      6.285 0.938          1           0 
    mgc_add(5,0,5,1,6)                           6.000      6.000 0.775          5           5 
    mgc_add(7,0,7,1,8)                           8.000      8.000 0.929          1           1 
    mgc_add(9,0,3,1,10)                         10.000     10.000 1.084          1           1 
    mgc_and(1,3)                                 1.054      1.054 0.416          0           1 
    mgc_and(10,2)                                7.298      7.298 0.263          4           0 
    mgc_and(10,3)                               10.545     10.545 0.416          0           4 
    mgc_and(4,2)                                 2.919      2.919 0.263          2           0 
    mgc_and(4,3)                                 4.218      4.218 0.416          0           2 
    mgc_mux(1,1,2)                               0.919      0.919 0.369          0           5 
    mgc_mux(10,1,2)                              9.194      9.194 0.369          4           4 
    mgc_mux(30,1,2)                             27.583     27.583 0.369          0           1 
    mgc_mux(4,1,2)                               3.678      3.678 0.369          2           2 
    mgc_nand(1,2)                                0.730      0.730 0.268          0           3 
    mgc_nor(1,10)                                3.327      3.327 0.872          0           2 
    mgc_nor(1,2)                                 0.730      0.730 0.263          0           2 
    mgc_nor(1,20)                                6.573      6.573 1.135          0           2 
    mgc_nor(1,3)                                 1.054      1.054 0.416          0           1 
    mgc_nor(1,4)                                 1.379      1.379 0.525          0           2 
    mgc_not(1)                                   0.000      0.000 0.000          0           6 
    mgc_not(10)                                  0.000      0.000 0.000          0          12 
    mgc_not(4)                                   0.000      0.000 0.000          0           2 
    mgc_not(9)                                   0.000      0.000 0.000          0           1 
    mgc_or(1,2)                                  0.730      0.730 0.268          0           1 
    mgc_or(1,4)                                  1.379      1.379 0.536          0           1 
    mgc_reg_pos(1,1,0,0,0,1,1)                   0.000      0.000 0.000          0           9 
    mgc_reg_pos(10,1,0,0,0,1,1)                  0.000      0.000 0.000          0           6 
    mgc_reg_pos(30,1,0,0,0,1,1)                  0.000      0.000 0.000          0           1 
    mgc_reg_pos(4,1,0,0,0,1,1)                   0.000      0.000 0.000          0           2 
    [Lib: mgc_ioport]                                                                          
    mgc_out_stdreg(2,30)                         0.000      0.000 0.000          1           1 
    mgc_out_stdreg(4,8)                          0.000      0.000 0.000          1           1 
                                                                                               
    TOTAL AREA (After Assignment):             391.010    391.000                              
    
  Area Scores
                      Post-Scheduling  Post-DP & FSM Post-Assignment 
    ----------------- --------------- -------------- ---------------
    Total Area Score:    313.5          419.7           391.0        
    Total Reg:             0.0            0.0             0.0        
                                                                     
    DataPath:            313.5 (100%)   419.7 (100%)    391.0 (100%) 
      MUX:                44.1  (14%)   116.4  (28%)     76.3  (20%) 
      FUNC:              234.3  (75%)   233.7  (56%)    233.7  (60%) 
      LOGIC:              35.0  (11%)    69.7  (17%)     81.0  (21%) 
      BUFFER:              0.0            0.0             0.0        
      MEM:                 0.0            0.0             0.0        
      ROM:                 0.0            0.0             0.0        
      REG:                 0.0            0.0             0.0        
                                                                     
    
    FSM:                   0.0            0.0             0.0        
      FSM-REG:             0.0            0.0             0.0        
      FSM-COMB:            0.0            0.0             0.0        
                                                                     
    
  Register-to-Variable Mappings
    Register                                Size(bits) Gated Register CG Opt Done Variables                                             
    --------------------------------------- ---------- -------------- ----------- -----------------------------------------------------
    vout:rsc:mgc_out_stdreg.d                       30         Y                  vout:rsc:mgc_out_stdreg.d                             
    blue_xy(0).sva.dfm#3                            10         Y                  blue_xy(0).sva.dfm#3                                  
    blue_xy(1).sva.dfm#3                            10         Y                  blue_xy(1).sva.dfm#3                                  
    blue_xy(1).sva.dfm#4                            10         Y                  blue_xy(1).sva.dfm#4                                  
    red_xy(0).sva.dfm#3                             10         Y                  red_xy(0).sva.dfm#3                                   
    red_xy(1).sva.dfm#3                             10         Y                  red_xy(1).sva.dfm#3                                   
    red_xy(1).sva.dfm#4                             10         Y                  red_xy(1).sva.dfm#4                                   
    acc#10(0).sva.dfm#2                              4         Y                  acc#10(0).sva.dfm#2                                   
    acc#10(1).sva.dfm#2                              4         Y                  acc#10(1).sva.dfm#2                                   
    aif#17:slc.svs                                   1         Y                  aif#17:slc.svs                                        
    land#12.lpi#1.dfm#1                              1         Y                  land#12.lpi#1.dfm#1                                   
    land#14.lpi#1.dfm#1                              1         Y                  land#14.lpi#1.dfm#1                                   
    land#2.lpi#1.dfm#1                               1         Y                  land#2.lpi#1.dfm#1                                    
    land#4.lpi#1.dfm#1                               1         Y                  land#4.lpi#1.dfm#1                                    
    main.stage_0#2                                   1         Y                  main.stage_0#2                                        
    main.stage_0#3                                   1         Y                  main.stage_0#3                                        
    reg(deltay_square_blue:acc.psp.sva).tmp          1         Y                  reg(deltay_square_blue:acc.psp.sva).tmp               
    reg(deltay_square_red:acc.psp.sva).tmp           1         Y                  reg(deltay_square_red:acc.psp.sva).tmp                
                                                                                                                                        
    Total:                                         107            107           0 (Total Gating Ratio: 1.00, CG Opt Gating Ratio: 0.00) 
    
  Timing Report
    Critical Path
      Max Delay:  5.844167
      Slack:      0.8225000000000007
      
      Path                                     Startpoint                Endpoint                              Delay  Slack  
      ---------------------------------------- ------------------------- ------------------------------------- ------ ------
      1                                        markers:core/vga_xy       markers:core/reg(acc#10(0).sva.dfm#2) 5.8442 0.8225 
                                                                                                                             
        Instance                               Component                                                       Delta  Delay  
        --------                               ---------                                                       -----  -----  
        markers:core/vga_xy                                                                                    0.0000 0.0000 
        markers:core/slc(vga_xy#1)#14                                                                          0.0000 0.0000 
        markers:core/slc(vga_xy#1)#14.itm                                                                      0.0000 0.0000 
        markers:core/conc#99                                                                                   0.0000 0.0000 
        markers:core/conc#99.itm                                                                               0.0000 0.0000 
        markers:core/if:acc#2                  mgc_add_4_0_4_0_5                                               0.8536 0.8536 
        markers:core/if:acc#2.itm                                                                              0.0000 0.8536 
        markers:core/if:slc                                                                                    0.0000 0.8536 
        markers:core/if:slc.itm                                                                                0.0000 0.8536 
        markers:core/if:acc#4                  mgc_add_5_0_5_1_6                                               0.7751 1.6287 
        markers:core/if:acc#4.itm                                                                              0.0000 1.6287 
        markers:core/acc#11                    mgc_add_5_0_5_1_6                                               0.7751 2.4038 
        markers:core/acc.imod.sva                                                                              0.0000 2.4038 
        markers:core/slc(acc.imod.sva)                                                                         0.0000 2.4038 
        markers:core/slc(acc.imod.sva).itm                                                                     0.0000 2.4038 
        markers:core/if:not#3                  mgc_not_1                                                       0.0000 2.4038 
        markers:core/if:not#3.itm                                                                              0.0000 2.4038 
        markers:core/conc#96                                                                                   0.0000 2.4038 
        markers:core/conc#96.itm                                                                               0.0000 2.4038 
        markers:core/if:acc#5                  mgc_add_5_0_5_1_6                                               0.7751 3.1789 
        markers:core/if:acc#5.itm                                                                              0.0000 3.1789 
        markers:core/if:slc#2                                                                                  0.0000 3.1789 
        markers:core/if:slc#2.itm                                                                              0.0000 3.1789 
        markers:core/if:acc#1                  mgc_add_4_0_4_0_5                                               0.8536 4.0324 
        markers:core/if:acc#1.psp.sva                                                                          0.0000 4.0324 
        markers:core/slc(if:acc#1.psp.sva)                                                                     0.0000 4.0324 
        markers:core/slc(if:acc#1.psp.sva).itm                                                                 0.0000 4.0324 
        markers:core/if:acc                    mgc_add_4_0_2_1_4                                               0.8599 4.8923 
        markers:core/if:acc.svs                                                                                0.0000 4.8923 
        markers:core/slc(if:acc.svs)#4                                                                         0.0000 4.8923 
        markers:core/slc(if:acc.svs)#4.itm                                                                     0.0000 4.8923 
        markers:core/or                        mgc_or_1_4                                                      0.5358 5.4281 
        markers:core/or.itm                                                                                    0.0000 5.4281 
        markers:core/exs#13                                                                                    0.0000 5.4281 
        markers:core/exs#14                                                                                    0.0000 5.4281 
        markers:core/slc(exs#14)#1                                                                             0.0000 5.4281 
        markers:core/slc(exs#14)#1.itm                                                                         0.0000 5.4281 
        markers:core/exs#26                                                                                    0.0000 5.4281 
        markers:core/exs#26.itm                                                                                0.0000 5.4281 
        markers:core/and                       mgc_and_4_3                                                     0.4161 5.8442 
        markers:core/and.itm                                                                                   0.0000 5.8442 
        markers:core/reg(acc#10(0).sva.dfm#2)  mgc_reg_pos_4_1_0_0_0_1_1                                       0.0000 5.8442 
                                                                                                                             
      2                                        markers:core/vga_xy       markers:core/reg(acc#10(1).sva.dfm#2) 5.8442 0.8225 
                                                                                                                             
        Instance                               Component                                                       Delta  Delay  
        --------                               ---------                                                       -----  -----  
        markers:core/vga_xy                                                                                    0.0000 0.0000 
        markers:core/slc(vga_xy#1)#14                                                                          0.0000 0.0000 
        markers:core/slc(vga_xy#1)#14.itm                                                                      0.0000 0.0000 
        markers:core/conc#99                                                                                   0.0000 0.0000 
        markers:core/conc#99.itm                                                                               0.0000 0.0000 
        markers:core/if:acc#2                  mgc_add_4_0_4_0_5                                               0.8536 0.8536 
        markers:core/if:acc#2.itm                                                                              0.0000 0.8536 
        markers:core/if:slc                                                                                    0.0000 0.8536 
        markers:core/if:slc.itm                                                                                0.0000 0.8536 
        markers:core/if:acc#4                  mgc_add_5_0_5_1_6                                               0.7751 1.6287 
        markers:core/if:acc#4.itm                                                                              0.0000 1.6287 
        markers:core/acc#11                    mgc_add_5_0_5_1_6                                               0.7751 2.4038 
        markers:core/acc.imod.sva                                                                              0.0000 2.4038 
        markers:core/slc(acc.imod.sva)                                                                         0.0000 2.4038 
        markers:core/slc(acc.imod.sva).itm                                                                     0.0000 2.4038 
        markers:core/if:not#3                  mgc_not_1                                                       0.0000 2.4038 
        markers:core/if:not#3.itm                                                                              0.0000 2.4038 
        markers:core/conc#96                                                                                   0.0000 2.4038 
        markers:core/conc#96.itm                                                                               0.0000 2.4038 
        markers:core/if:acc#5                  mgc_add_5_0_5_1_6                                               0.7751 3.1789 
        markers:core/if:acc#5.itm                                                                              0.0000 3.1789 
        markers:core/if:slc#2                                                                                  0.0000 3.1789 
        markers:core/if:slc#2.itm                                                                              0.0000 3.1789 
        markers:core/if:acc#1                  mgc_add_4_0_4_0_5                                               0.8536 4.0324 
        markers:core/if:acc#1.psp.sva                                                                          0.0000 4.0324 
        markers:core/slc(if:acc#1.psp.sva)                                                                     0.0000 4.0324 
        markers:core/slc(if:acc#1.psp.sva).itm                                                                 0.0000 4.0324 
        markers:core/if:acc                    mgc_add_4_0_2_1_4                                               0.8599 4.8923 
        markers:core/if:acc.svs                                                                                0.0000 4.8923 
        markers:core/slc(if:acc.svs)#4                                                                         0.0000 4.8923 
        markers:core/slc(if:acc.svs)#4.itm                                                                     0.0000 4.8923 
        markers:core/or                        mgc_or_1_4                                                      0.5358 5.4281 
        markers:core/or.itm                                                                                    0.0000 5.4281 
        markers:core/exs#13                                                                                    0.0000 5.4281 
        markers:core/exs#14                                                                                    0.0000 5.4281 
        markers:core/slc(exs#14)                                                                               0.0000 5.4281 
        markers:core/slc(exs#14).itm                                                                           0.0000 5.4281 
        markers:core/exs#25                                                                                    0.0000 5.4281 
        markers:core/exs#25.itm                                                                                0.0000 5.4281 
        markers:core/and#1                     mgc_and_4_3                                                     0.4161 5.8442 
        markers:core/and#1.itm                                                                                 0.0000 5.8442 
        markers:core/reg(acc#10(1).sva.dfm#2)  mgc_reg_pos_4_1_0_0_0_1_1                                       0.0000 5.8442 
                                                                                                                             
      3                                        markers:core/vga_xy       markers:core/reg(acc#10(1).sva.dfm#2) 5.8442 0.8225 
                                                                                                                             
        Instance                               Component                                                       Delta  Delay  
        --------                               ---------                                                       -----  -----  
        markers:core/vga_xy                                                                                    0.0000 0.0000 
        markers:core/slc(vga_xy#1)#15                                                                          0.0000 0.0000 
        markers:core/slc(vga_xy#1)#15.itm                                                                      0.0000 0.0000 
        markers:core/if:acc#2                  mgc_add_4_0_4_0_5                                               0.8536 0.8536 
        markers:core/if:acc#2.itm                                                                              0.0000 0.8536 
        markers:core/if:slc                                                                                    0.0000 0.8536 
        markers:core/if:slc.itm                                                                                0.0000 0.8536 
        markers:core/if:acc#4                  mgc_add_5_0_5_1_6                                               0.7751 1.6287 
        markers:core/if:acc#4.itm                                                                              0.0000 1.6287 
        markers:core/acc#11                    mgc_add_5_0_5_1_6                                               0.7751 2.4038 
        markers:core/acc.imod.sva                                                                              0.0000 2.4038 
        markers:core/slc(acc.imod.sva)                                                                         0.0000 2.4038 
        markers:core/slc(acc.imod.sva).itm                                                                     0.0000 2.4038 
        markers:core/if:not#3                  mgc_not_1                                                       0.0000 2.4038 
        markers:core/if:not#3.itm                                                                              0.0000 2.4038 
        markers:core/conc#96                                                                                   0.0000 2.4038 
        markers:core/conc#96.itm                                                                               0.0000 2.4038 
        markers:core/if:acc#5                  mgc_add_5_0_5_1_6                                               0.7751 3.1789 
        markers:core/if:acc#5.itm                                                                              0.0000 3.1789 
        markers:core/if:slc#2                                                                                  0.0000 3.1789 
        markers:core/if:slc#2.itm                                                                              0.0000 3.1789 
        markers:core/if:acc#1                  mgc_add_4_0_4_0_5                                               0.8536 4.0324 
        markers:core/if:acc#1.psp.sva                                                                          0.0000 4.0324 
        markers:core/slc(if:acc#1.psp.sva)                                                                     0.0000 4.0324 
        markers:core/slc(if:acc#1.psp.sva).itm                                                                 0.0000 4.0324 
        markers:core/if:acc                    mgc_add_4_0_2_1_4                                               0.8599 4.8923 
        markers:core/if:acc.svs                                                                                0.0000 4.8923 
        markers:core/slc(if:acc.svs)#4                                                                         0.0000 4.8923 
        markers:core/slc(if:acc.svs)#4.itm                                                                     0.0000 4.8923 
        markers:core/or                        mgc_or_1_4                                                      0.5358 5.4281 
        markers:core/or.itm                                                                                    0.0000 5.4281 
        markers:core/exs#13                                                                                    0.0000 5.4281 
        markers:core/exs#14                                                                                    0.0000 5.4281 
        markers:core/slc(exs#14)                                                                               0.0000 5.4281 
        markers:core/slc(exs#14).itm                                                                           0.0000 5.4281 
        markers:core/exs#25                                                                                    0.0000 5.4281 
        markers:core/exs#25.itm                                                                                0.0000 5.4281 
        markers:core/and#1                     mgc_and_4_3                                                     0.4161 5.8442 
        markers:core/and#1.itm                                                                                 0.0000 5.8442 
        markers:core/reg(acc#10(1).sva.dfm#2)  mgc_reg_pos_4_1_0_0_0_1_1                                       0.0000 5.8442 
                                                                                                                             
      4                                        markers:core/vga_xy       markers:core/reg(acc#10(1).sva.dfm#2) 5.8442 0.8225 
                                                                                                                             
        Instance                               Component                                                       Delta  Delay  
        --------                               ---------                                                       -----  -----  
        markers:core/vga_xy                                                                                    0.0000 0.0000 
        markers:core/slc(vga_xy#1)#14                                                                          0.0000 0.0000 
        markers:core/slc(vga_xy#1)#14.itm                                                                      0.0000 0.0000 
        markers:core/conc#99                                                                                   0.0000 0.0000 
        markers:core/conc#99.itm                                                                               0.0000 0.0000 
        markers:core/if:acc#2                  mgc_add_4_0_4_0_5                                               0.8536 0.8536 
        markers:core/if:acc#2.itm                                                                              0.0000 0.8536 
        markers:core/if:slc                                                                                    0.0000 0.8536 
        markers:core/if:slc.itm                                                                                0.0000 0.8536 
        markers:core/if:acc#4                  mgc_add_5_0_5_1_6                                               0.7751 1.6287 
        markers:core/if:acc#4.itm                                                                              0.0000 1.6287 
        markers:core/acc#11                    mgc_add_5_0_5_1_6                                               0.7751 2.4038 
        markers:core/acc.imod.sva                                                                              0.0000 2.4038 
        markers:core/slc(acc.imod.sva)                                                                         0.0000 2.4038 
        markers:core/slc(acc.imod.sva).itm                                                                     0.0000 2.4038 
        markers:core/if:not#3                  mgc_not_1                                                       0.0000 2.4038 
        markers:core/if:not#3.itm                                                                              0.0000 2.4038 
        markers:core/conc#96                                                                                   0.0000 2.4038 
        markers:core/conc#96.itm                                                                               0.0000 2.4038 
        markers:core/if:acc#5                  mgc_add_5_0_5_1_6                                               0.7751 3.1789 
        markers:core/if:acc#5.itm                                                                              0.0000 3.1789 
        markers:core/if:slc#2                                                                                  0.0000 3.1789 
        markers:core/if:slc#2.itm                                                                              0.0000 3.1789 
        markers:core/if:acc#1                  mgc_add_4_0_4_0_5                                               0.8536 4.0324 
        markers:core/if:acc#1.psp.sva                                                                          0.0000 4.0324 
        markers:core/slc(if:acc#1.psp.sva)                                                                     0.0000 4.0324 
        markers:core/slc(if:acc#1.psp.sva).itm                                                                 0.0000 4.0324 
        markers:core/if:acc                    mgc_add_4_0_2_1_4                                               0.8599 4.8923 
        markers:core/if:acc.svs                                                                                0.0000 4.8923 
        markers:core/slc(if:acc.svs)#6                                                                         0.0000 4.8923 
        markers:core/slc(if:acc.svs)#6.itm                                                                     0.0000 4.8923 
        markers:core/or                        mgc_or_1_4                                                      0.5358 5.4281 
        markers:core/or.itm                                                                                    0.0000 5.4281 
        markers:core/exs#13                                                                                    0.0000 5.4281 
        markers:core/exs#14                                                                                    0.0000 5.4281 
        markers:core/slc(exs#14)                                                                               0.0000 5.4281 
        markers:core/slc(exs#14).itm                                                                           0.0000 5.4281 
        markers:core/exs#25                                                                                    0.0000 5.4281 
        markers:core/exs#25.itm                                                                                0.0000 5.4281 
        markers:core/and#1                     mgc_and_4_3                                                     0.4161 5.8442 
        markers:core/and#1.itm                                                                                 0.0000 5.8442 
        markers:core/reg(acc#10(1).sva.dfm#2)  mgc_reg_pos_4_1_0_0_0_1_1                                       0.0000 5.8442 
                                                                                                                             
      5                                        markers:core/vga_xy       markers:core/reg(acc#10(1).sva.dfm#2) 5.8442 0.8225 
                                                                                                                             
        Instance                               Component                                                       Delta  Delay  
        --------                               ---------                                                       -----  -----  
        markers:core/vga_xy                                                                                    0.0000 0.0000 
        markers:core/slc(vga_xy#1)#14                                                                          0.0000 0.0000 
        markers:core/slc(vga_xy#1)#14.itm                                                                      0.0000 0.0000 
        markers:core/conc#99                                                                                   0.0000 0.0000 
        markers:core/conc#99.itm                                                                               0.0000 0.0000 
        markers:core/if:acc#2                  mgc_add_4_0_4_0_5                                               0.8536 0.8536 
        markers:core/if:acc#2.itm                                                                              0.0000 0.8536 
        markers:core/if:slc                                                                                    0.0000 0.8536 
        markers:core/if:slc.itm                                                                                0.0000 0.8536 
        markers:core/if:acc#4                  mgc_add_5_0_5_1_6                                               0.7751 1.6287 
        markers:core/if:acc#4.itm                                                                              0.0000 1.6287 
        markers:core/acc#11                    mgc_add_5_0_5_1_6                                               0.7751 2.4038 
        markers:core/acc.imod.sva                                                                              0.0000 2.4038 
        markers:core/slc(acc.imod.sva)#1                                                                       0.0000 2.4038 
        markers:core/slc(acc.imod.sva)#1.itm                                                                   0.0000 2.4038 
        markers:core/if:acc#5                  mgc_add_5_0_5_1_6                                               0.7751 3.1789 
        markers:core/if:acc#5.itm                                                                              0.0000 3.1789 
        markers:core/if:slc#2                                                                                  0.0000 3.1789 
        markers:core/if:slc#2.itm                                                                              0.0000 3.1789 
        markers:core/if:acc#1                  mgc_add_4_0_4_0_5                                               0.8536 4.0324 
        markers:core/if:acc#1.psp.sva                                                                          0.0000 4.0324 
        markers:core/slc(if:acc#1.psp.sva)                                                                     0.0000 4.0324 
        markers:core/slc(if:acc#1.psp.sva).itm                                                                 0.0000 4.0324 
        markers:core/if:acc                    mgc_add_4_0_2_1_4                                               0.8599 4.8923 
        markers:core/if:acc.svs                                                                                0.0000 4.8923 
        markers:core/slc(if:acc.svs)#6                                                                         0.0000 4.8923 
        markers:core/slc(if:acc.svs)#6.itm                                                                     0.0000 4.8923 
        markers:core/or                        mgc_or_1_4                                                      0.5358 5.4281 
        markers:core/or.itm                                                                                    0.0000 5.4281 
        markers:core/exs#13                                                                                    0.0000 5.4281 
        markers:core/exs#14                                                                                    0.0000 5.4281 
        markers:core/slc(exs#14)                                                                               0.0000 5.4281 
        markers:core/slc(exs#14).itm                                                                           0.0000 5.4281 
        markers:core/exs#25                                                                                    0.0000 5.4281 
        markers:core/exs#25.itm                                                                                0.0000 5.4281 
        markers:core/and#1                     mgc_and_4_3                                                     0.4161 5.8442 
        markers:core/and#1.itm                                                                                 0.0000 5.8442 
        markers:core/reg(acc#10(1).sva.dfm#2)  mgc_reg_pos_4_1_0_0_0_1_1                                       0.0000 5.8442 
                                                                                                                             
      6                                        markers:core/vga_xy       markers:core/reg(acc#10(1).sva.dfm#2) 5.8442 0.8225 
                                                                                                                             
        Instance                               Component                                                       Delta  Delay  
        --------                               ---------                                                       -----  -----  
        markers:core/vga_xy                                                                                    0.0000 0.0000 
        markers:core/slc(vga_xy#1)#15                                                                          0.0000 0.0000 
        markers:core/slc(vga_xy#1)#15.itm                                                                      0.0000 0.0000 
        markers:core/if:acc#2                  mgc_add_4_0_4_0_5                                               0.8536 0.8536 
        markers:core/if:acc#2.itm                                                                              0.0000 0.8536 
        markers:core/if:slc                                                                                    0.0000 0.8536 
        markers:core/if:slc.itm                                                                                0.0000 0.8536 
        markers:core/if:acc#4                  mgc_add_5_0_5_1_6                                               0.7751 1.6287 
        markers:core/if:acc#4.itm                                                                              0.0000 1.6287 
        markers:core/acc#11                    mgc_add_5_0_5_1_6                                               0.7751 2.4038 
        markers:core/acc.imod.sva                                                                              0.0000 2.4038 
        markers:core/slc(acc.imod.sva)#1                                                                       0.0000 2.4038 
        markers:core/slc(acc.imod.sva)#1.itm                                                                   0.0000 2.4038 
        markers:core/if:acc#5                  mgc_add_5_0_5_1_6                                               0.7751 3.1789 
        markers:core/if:acc#5.itm                                                                              0.0000 3.1789 
        markers:core/if:slc#2                                                                                  0.0000 3.1789 
        markers:core/if:slc#2.itm                                                                              0.0000 3.1789 
        markers:core/if:acc#1                  mgc_add_4_0_4_0_5                                               0.8536 4.0324 
        markers:core/if:acc#1.psp.sva                                                                          0.0000 4.0324 
        markers:core/slc(if:acc#1.psp.sva)                                                                     0.0000 4.0324 
        markers:core/slc(if:acc#1.psp.sva).itm                                                                 0.0000 4.0324 
        markers:core/if:acc                    mgc_add_4_0_2_1_4                                               0.8599 4.8923 
        markers:core/if:acc.svs                                                                                0.0000 4.8923 
        markers:core/slc(if:acc.svs)#6                                                                         0.0000 4.8923 
        markers:core/slc(if:acc.svs)#6.itm                                                                     0.0000 4.8923 
        markers:core/or                        mgc_or_1_4                                                      0.5358 5.4281 
        markers:core/or.itm                                                                                    0.0000 5.4281 
        markers:core/exs#13                                                                                    0.0000 5.4281 
        markers:core/exs#14                                                                                    0.0000 5.4281 
        markers:core/slc(exs#14)                                                                               0.0000 5.4281 
        markers:core/slc(exs#14).itm                                                                           0.0000 5.4281 
        markers:core/exs#25                                                                                    0.0000 5.4281 
        markers:core/exs#25.itm                                                                                0.0000 5.4281 
        markers:core/and#1                     mgc_and_4_3                                                     0.4161 5.8442 
        markers:core/and#1.itm                                                                                 0.0000 5.8442 
        markers:core/reg(acc#10(1).sva.dfm#2)  mgc_reg_pos_4_1_0_0_0_1_1                                       0.0000 5.8442 
                                                                                                                             
      7                                        markers:core/vga_xy       markers:core/reg(acc#10(1).sva.dfm#2) 5.8442 0.8225 
                                                                                                                             
        Instance                               Component                                                       Delta  Delay  
        --------                               ---------                                                       -----  -----  
        markers:core/vga_xy                                                                                    0.0000 0.0000 
        markers:core/slc(vga_xy#1)#14                                                                          0.0000 0.0000 
        markers:core/slc(vga_xy#1)#14.itm                                                                      0.0000 0.0000 
        markers:core/conc#99                                                                                   0.0000 0.0000 
        markers:core/conc#99.itm                                                                               0.0000 0.0000 
        markers:core/if:acc#2                  mgc_add_4_0_4_0_5                                               0.8536 0.8536 
        markers:core/if:acc#2.itm                                                                              0.0000 0.8536 
        markers:core/if:slc                                                                                    0.0000 0.8536 
        markers:core/if:slc.itm                                                                                0.0000 0.8536 
        markers:core/if:acc#4                  mgc_add_5_0_5_1_6                                               0.7751 1.6287 
        markers:core/if:acc#4.itm                                                                              0.0000 1.6287 
        markers:core/acc#11                    mgc_add_5_0_5_1_6                                               0.7751 2.4038 
        markers:core/acc.imod.sva                                                                              0.0000 2.4038 
        markers:core/slc(acc.imod.sva)                                                                         0.0000 2.4038 
        markers:core/slc(acc.imod.sva).itm                                                                     0.0000 2.4038 
        markers:core/if:not#3                  mgc_not_1                                                       0.0000 2.4038 
        markers:core/if:not#3.itm                                                                              0.0000 2.4038 
        markers:core/conc#96                                                                                   0.0000 2.4038 
        markers:core/conc#96.itm                                                                               0.0000 2.4038 
        markers:core/if:acc#5                  mgc_add_5_0_5_1_6                                               0.7751 3.1789 
        markers:core/if:acc#5.itm                                                                              0.0000 3.1789 
        markers:core/if:slc#2                                                                                  0.0000 3.1789 
        markers:core/if:slc#2.itm                                                                              0.0000 3.1789 
        markers:core/if:acc#1                  mgc_add_4_0_4_0_5                                               0.8536 4.0324 
        markers:core/if:acc#1.psp.sva                                                                          0.0000 4.0324 
        markers:core/slc(if:acc#1.psp.sva)                                                                     0.0000 4.0324 
        markers:core/slc(if:acc#1.psp.sva).itm                                                                 0.0000 4.0324 
        markers:core/if:acc                    mgc_add_4_0_2_1_4                                               0.8599 4.8923 
        markers:core/if:acc.svs                                                                                0.0000 4.8923 
        markers:core/slc(if:acc.svs)#5                                                                         0.0000 4.8923 
        markers:core/slc(if:acc.svs)#5.itm                                                                     0.0000 4.8923 
        markers:core/or                        mgc_or_1_4                                                      0.5358 5.4281 
        markers:core/or.itm                                                                                    0.0000 5.4281 
        markers:core/exs#13                                                                                    0.0000 5.4281 
        markers:core/exs#14                                                                                    0.0000 5.4281 
        markers:core/slc(exs#14)                                                                               0.0000 5.4281 
        markers:core/slc(exs#14).itm                                                                           0.0000 5.4281 
        markers:core/exs#25                                                                                    0.0000 5.4281 
        markers:core/exs#25.itm                                                                                0.0000 5.4281 
        markers:core/and#1                     mgc_and_4_3                                                     0.4161 5.8442 
        markers:core/and#1.itm                                                                                 0.0000 5.8442 
        markers:core/reg(acc#10(1).sva.dfm#2)  mgc_reg_pos_4_1_0_0_0_1_1                                       0.0000 5.8442 
                                                                                                                             
      8                                        markers:core/vga_xy       markers:core/reg(acc#10(1).sva.dfm#2) 5.8442 0.8225 
                                                                                                                             
        Instance                               Component                                                       Delta  Delay  
        --------                               ---------                                                       -----  -----  
        markers:core/vga_xy                                                                                    0.0000 0.0000 
        markers:core/slc(vga_xy#1)#14                                                                          0.0000 0.0000 
        markers:core/slc(vga_xy#1)#14.itm                                                                      0.0000 0.0000 
        markers:core/conc#99                                                                                   0.0000 0.0000 
        markers:core/conc#99.itm                                                                               0.0000 0.0000 
        markers:core/if:acc#2                  mgc_add_4_0_4_0_5                                               0.8536 0.8536 
        markers:core/if:acc#2.itm                                                                              0.0000 0.8536 
        markers:core/if:slc                                                                                    0.0000 0.8536 
        markers:core/if:slc.itm                                                                                0.0000 0.8536 
        markers:core/if:acc#4                  mgc_add_5_0_5_1_6                                               0.7751 1.6287 
        markers:core/if:acc#4.itm                                                                              0.0000 1.6287 
        markers:core/acc#11                    mgc_add_5_0_5_1_6                                               0.7751 2.4038 
        markers:core/acc.imod.sva                                                                              0.0000 2.4038 
        markers:core/slc(acc.imod.sva)                                                                         0.0000 2.4038 
        markers:core/slc(acc.imod.sva).itm                                                                     0.0000 2.4038 
        markers:core/if:not#3                  mgc_not_1                                                       0.0000 2.4038 
        markers:core/if:not#3.itm                                                                              0.0000 2.4038 
        markers:core/conc#96                                                                                   0.0000 2.4038 
        markers:core/conc#96.itm                                                                               0.0000 2.4038 
        markers:core/if:acc#5                  mgc_add_5_0_5_1_6                                               0.7751 3.1789 
        markers:core/if:acc#5.itm                                                                              0.0000 3.1789 
        markers:core/if:slc#2                                                                                  0.0000 3.1789 
        markers:core/if:slc#2.itm                                                                              0.0000 3.1789 
        markers:core/if:acc#1                  mgc_add_4_0_4_0_5                                               0.8536 4.0324 
        markers:core/if:acc#1.psp.sva                                                                          0.0000 4.0324 
        markers:core/slc(if:acc#1.psp.sva)                                                                     0.0000 4.0324 
        markers:core/slc(if:acc#1.psp.sva).itm                                                                 0.0000 4.0324 
        markers:core/if:acc                    mgc_add_4_0_2_1_4                                               0.8599 4.8923 
        markers:core/if:acc.svs                                                                                0.0000 4.8923 
        markers:core/slc(if:acc.svs)#7                                                                         0.0000 4.8923 
        markers:core/slc(if:acc.svs)#7.itm                                                                     0.0000 4.8923 
        markers:core/or                        mgc_or_1_4                                                      0.5358 5.4281 
        markers:core/or.itm                                                                                    0.0000 5.4281 
        markers:core/exs#13                                                                                    0.0000 5.4281 
        markers:core/exs#14                                                                                    0.0000 5.4281 
        markers:core/slc(exs#14)                                                                               0.0000 5.4281 
        markers:core/slc(exs#14).itm                                                                           0.0000 5.4281 
        markers:core/exs#25                                                                                    0.0000 5.4281 
        markers:core/exs#25.itm                                                                                0.0000 5.4281 
        markers:core/and#1                     mgc_and_4_3                                                     0.4161 5.8442 
        markers:core/and#1.itm                                                                                 0.0000 5.8442 
        markers:core/reg(acc#10(1).sva.dfm#2)  mgc_reg_pos_4_1_0_0_0_1_1                                       0.0000 5.8442 
                                                                                                                             
      9                                        markers:core/vga_xy       markers:core/reg(acc#10(1).sva.dfm#2) 5.8442 0.8225 
                                                                                                                             
        Instance                               Component                                                       Delta  Delay  
        --------                               ---------                                                       -----  -----  
        markers:core/vga_xy                                                                                    0.0000 0.0000 
        markers:core/slc(vga_xy#1)#15                                                                          0.0000 0.0000 
        markers:core/slc(vga_xy#1)#15.itm                                                                      0.0000 0.0000 
        markers:core/if:acc#2                  mgc_add_4_0_4_0_5                                               0.8536 0.8536 
        markers:core/if:acc#2.itm                                                                              0.0000 0.8536 
        markers:core/if:slc                                                                                    0.0000 0.8536 
        markers:core/if:slc.itm                                                                                0.0000 0.8536 
        markers:core/if:acc#4                  mgc_add_5_0_5_1_6                                               0.7751 1.6287 
        markers:core/if:acc#4.itm                                                                              0.0000 1.6287 
        markers:core/acc#11                    mgc_add_5_0_5_1_6                                               0.7751 2.4038 
        markers:core/acc.imod.sva                                                                              0.0000 2.4038 
        markers:core/slc(acc.imod.sva)                                                                         0.0000 2.4038 
        markers:core/slc(acc.imod.sva).itm                                                                     0.0000 2.4038 
        markers:core/if:not#3                  mgc_not_1                                                       0.0000 2.4038 
        markers:core/if:not#3.itm                                                                              0.0000 2.4038 
        markers:core/conc#96                                                                                   0.0000 2.4038 
        markers:core/conc#96.itm                                                                               0.0000 2.4038 
        markers:core/if:acc#5                  mgc_add_5_0_5_1_6                                               0.7751 3.1789 
        markers:core/if:acc#5.itm                                                                              0.0000 3.1789 
        markers:core/if:slc#2                                                                                  0.0000 3.1789 
        markers:core/if:slc#2.itm                                                                              0.0000 3.1789 
        markers:core/if:acc#1                  mgc_add_4_0_4_0_5                                               0.8536 4.0324 
        markers:core/if:acc#1.psp.sva                                                                          0.0000 4.0324 
        markers:core/slc(if:acc#1.psp.sva)                                                                     0.0000 4.0324 
        markers:core/slc(if:acc#1.psp.sva).itm                                                                 0.0000 4.0324 
        markers:core/if:acc                    mgc_add_4_0_2_1_4                                               0.8599 4.8923 
        markers:core/if:acc.svs                                                                                0.0000 4.8923 
        markers:core/slc(if:acc.svs)#7                                                                         0.0000 4.8923 
        markers:core/slc(if:acc.svs)#7.itm                                                                     0.0000 4.8923 
        markers:core/or                        mgc_or_1_4                                                      0.5358 5.4281 
        markers:core/or.itm                                                                                    0.0000 5.4281 
        markers:core/exs#13                                                                                    0.0000 5.4281 
        markers:core/exs#14                                                                                    0.0000 5.4281 
        markers:core/slc(exs#14)                                                                               0.0000 5.4281 
        markers:core/slc(exs#14).itm                                                                           0.0000 5.4281 
        markers:core/exs#25                                                                                    0.0000 5.4281 
        markers:core/exs#25.itm                                                                                0.0000 5.4281 
        markers:core/and#1                     mgc_and_4_3                                                     0.4161 5.8442 
        markers:core/and#1.itm                                                                                 0.0000 5.8442 
        markers:core/reg(acc#10(1).sva.dfm#2)  mgc_reg_pos_4_1_0_0_0_1_1                                       0.0000 5.8442 
                                                                                                                             
      10                                       markers:core/vga_xy       markers:core/reg(acc#10(1).sva.dfm#2) 5.8442 0.8225 
                                                                                                                             
        Instance                               Component                                                       Delta  Delay  
        --------                               ---------                                                       -----  -----  
        markers:core/vga_xy                                                                                    0.0000 0.0000 
        markers:core/slc(vga_xy#1)#14                                                                          0.0000 0.0000 
        markers:core/slc(vga_xy#1)#14.itm                                                                      0.0000 0.0000 
        markers:core/conc#99                                                                                   0.0000 0.0000 
        markers:core/conc#99.itm                                                                               0.0000 0.0000 
        markers:core/if:acc#2                  mgc_add_4_0_4_0_5                                               0.8536 0.8536 
        markers:core/if:acc#2.itm                                                                              0.0000 0.8536 
        markers:core/if:slc                                                                                    0.0000 0.8536 
        markers:core/if:slc.itm                                                                                0.0000 0.8536 
        markers:core/if:acc#4                  mgc_add_5_0_5_1_6                                               0.7751 1.6287 
        markers:core/if:acc#4.itm                                                                              0.0000 1.6287 
        markers:core/acc#11                    mgc_add_5_0_5_1_6                                               0.7751 2.4038 
        markers:core/acc.imod.sva                                                                              0.0000 2.4038 
        markers:core/slc(acc.imod.sva)#1                                                                       0.0000 2.4038 
        markers:core/slc(acc.imod.sva)#1.itm                                                                   0.0000 2.4038 
        markers:core/if:acc#5                  mgc_add_5_0_5_1_6                                               0.7751 3.1789 
        markers:core/if:acc#5.itm                                                                              0.0000 3.1789 
        markers:core/if:slc#2                                                                                  0.0000 3.1789 
        markers:core/if:slc#2.itm                                                                              0.0000 3.1789 
        markers:core/if:acc#1                  mgc_add_4_0_4_0_5                                               0.8536 4.0324 
        markers:core/if:acc#1.psp.sva                                                                          0.0000 4.0324 
        markers:core/slc(if:acc#1.psp.sva)                                                                     0.0000 4.0324 
        markers:core/slc(if:acc#1.psp.sva).itm                                                                 0.0000 4.0324 
        markers:core/if:acc                    mgc_add_4_0_2_1_4                                               0.8599 4.8923 
        markers:core/if:acc.svs                                                                                0.0000 4.8923 
        markers:core/slc(if:acc.svs)#7                                                                         0.0000 4.8923 
        markers:core/slc(if:acc.svs)#7.itm                                                                     0.0000 4.8923 
        markers:core/or                        mgc_or_1_4                                                      0.5358 5.4281 
        markers:core/or.itm                                                                                    0.0000 5.4281 
        markers:core/exs#13                                                                                    0.0000 5.4281 
        markers:core/exs#14                                                                                    0.0000 5.4281 
        markers:core/slc(exs#14)                                                                               0.0000 5.4281 
        markers:core/slc(exs#14).itm                                                                           0.0000 5.4281 
        markers:core/exs#25                                                                                    0.0000 5.4281 
        markers:core/exs#25.itm                                                                                0.0000 5.4281 
        markers:core/and#1                     mgc_and_4_3                                                     0.4161 5.8442 
        markers:core/and#1.itm                                                                                 0.0000 5.8442 
        markers:core/reg(acc#10(1).sva.dfm#2)  mgc_reg_pos_4_1_0_0_0_1_1                                       0.0000 5.8442 
                                                                                                                             
      
    Register Input and Register-to-Output Slack
      Clock period or pin-to-reg delay constraint (clk): 6.666667
      Clock uncertainty constraint (clk)               : 0.0
      
      Instance                                         Port                      Slack (Delay) Messages 
      ------------------------------------------------ ------------------------ ------ ------- --------
      markers:core/reg(vout:rsc:mgc_out_stdreg.d)      mux.itm                  2.5505  4.1161          
      markers:core/reg(red_xy(1).sva.dfm#4)            red_xy(1).sva.dfm#4:mx0  3.6098  3.0569          
      markers:core/reg(blue_xy(1).sva.dfm#4)           blue_xy(1).sva.dfm#4:mx0 3.6098  3.0569          
      markers:core/reg(land#12.lpi#1.dfm#1)            if#12:nor.itm            0.9573  5.7094          
      markers:core/reg(land#14.lpi#1.dfm#1)            if#13:nor.itm            0.9573  5.7094          
      markers:core/reg(acc#10(0).sva.dfm#2)            and.itm                  0.8225  5.8442          
      markers:core/reg(acc#10(1).sva.dfm#2)            and#1.itm                0.8225  5.8442          
      markers:core/reg(red_xy(0).sva.dfm#3)            and#2.itm                3.6098  3.0569          
      markers:core/reg(red_xy(1).sva.dfm#3)            and#3.itm                3.6098  3.0569          
      markers:core/reg(blue_xy(0).sva.dfm#3)           and#4.itm                3.6098  3.0569          
      markers:core/reg(blue_xy(1).sva.dfm#3)           and#5.itm                3.6098  3.0569          
      markers:core/reg(land#4.lpi#1.dfm#1)             if#3:nor.itm             4.1347  2.5320          
      markers:core/reg(land#2.lpi#1.dfm#1)             if#2:nor.itm             4.8805  1.7862          
      markers:core/reg(aif#17:slc.svs)                 aif#17:slc.svs:mx0       4.1347  2.5320          
      markers:core/reg(main.stage_0#2)                 C1023_10#2               6.6667  0.0000          
      markers:core/reg(main.stage_0#3)                 main.stage_0#2           6.2506  0.4161          
      markers:core/reg(deltay_square_red:acc.psp.sva)  mux#2.itm                4.4928  2.1739          
      markers:core/reg(deltay_square_blue:acc.psp.sva) mux#5.itm                4.4928  2.1739          
      markers                                          vout:rsc.z               6.6667  0.0000          
      markers                                          volume:rsc.z             6.6667  0.0000          
      
  Operator Bitwidth Summary
    Operation  Size (bits) Count 
    ---------- ----------- -----
    add                          
    -                   12     4 
    -                   11     8 
    -                   10     1 
    -                    8     1 
    -                    6     5 
    -                    5     3 
    -                    4     3 
    -                    2     2 
    and                          
    -                    3     7 
    mux                          
    -                    1    12 
    nand                         
    -                    2     3 
    nor                          
    -                   20     2 
    -                   10     2 
    -                    4     2 
    -                    3     1 
    -                    2     2 
    not                          
    -                   10    12 
    -                    9     1 
    -                    4     2 
    -                    1     6 
    or                           
    -                    4     1 
    -                    2     1 
    reg                          
    -                   30     1 
    -                   10     6 
    -                    4     2 
    -                    1     9 
    write_port                   
    -                   30     1 
    -                    8     1 
    
  End of Report
