//  Catapult University Version 2011a.126 (Production Release) Wed Aug  8 00:52:07 PDT 2012
//  
//  Copyright (c) Calypto Design Systems, Inc., 1996-2012, All Rights Reserved.
//                       UNPUBLISHED, LICENSED SOFTWARE.
//            CONFIDENTIAL AND PROPRIETARY INFORMATION WHICH IS THE
//          PROPERTY OF CALYPTO DESIGN SYSTEMS OR ITS LICENSORS
//  
//  Running on Windows 7 gsp14@EEWS305-036 Service Pack 1 6.01.7601 i686
//  
//  Package information: SIFLIBS v17.0_1.1, HLS_PKGS v17.0_1.1, 
//                       DesignPad v2.78_0.0
//  
//  This version may only be used for academic purposes.  Some optimizations 
//  are disabled, so results obtained from this version may be sub-optimal.
//  
//  Start time Sat May 07 13:33:15 2016
# -------------------------------------------------
# Logging session transcript to file "C:\Users\gsp14\AppData\Local\Temp\log4312cad040.0"
# Loading options from registry.
# Warning: set_working_dir: Directory 'C:/Windows/System32' not writable, using C:/Users/gsp14/AppData/Local/Temp
project load C:/workspace/EIE-1styear-project-FPGA/prj2/catapult_proj/sobel_filter_bw/Catapult.ccs
# Moving session transcript to file "C:\workspace\EIE-1styear-project-FPGA\prj2\catapult_proj\sobel_filter_bw\catapult.log"
# Reading component library '$MGC_HOME\pkgs\siflibs\mgc_busdefs.lib' [mgc_busdefs]... (LIB-49)
# Reading component library '$MGC_HOME\pkgs\siflibs\stdops.lib' [STDOPS]... (LIB-49)
# Reading component library '$MGC_HOME\pkgs\siflibs\mgc_ioport.lib' [mgc_ioport]... (LIB-49)
# Reading component library '$MGC_HOME\pkgs\ccs_altera\Altera_accel_CycloneIII.lib' [Altera_accel_CycloneIII]... (LIB-49)
# Reading component library '$MGC_HOME\pkgs\siflibs\psr2010a_up2\mgc_Altera-Cyclone-III-6_beh_psr.lib' [mgc_Altera-Cyclone-III-6_beh_psr]... (LIB-49)
go compile
directive set /sobel_filter_bw/vin:rsc -MAP_TO_MODULE {[DirectInput]}
# Info: Branching solution 'sobel_filter_bw.v2' at state 'compile' (PRJ-2)
# /sobel_filter_bw/vin:rsc/MAP_TO_MODULE {[DirectInput]}
directive set /sobel_filter_bw/vga_xy:rsc -MAP_TO_MODULE {[DirectInput]}
# /sobel_filter_bw/vga_xy:rsc/MAP_TO_MODULE {[DirectInput]}
go extract
# Info: Starting transformation 'architect' on solution 'sobel_filter_bw.v2' (SOL-8)
# $PROJECT_HOME/../sobel_filter_source_bw/shift_class_sob.h(34): Loop '/sobel_filter_bw/core/SHIFT' is being fully unrolled (3 times). (LOOP-7)
# $PROJECT_HOME/../sobel_filter_source_bw/blur_sob.c(97): Loop '/sobel_filter_bw/core/ACC1' is being fully unrolled (3 times). (LOOP-7)
# $PROJECT_HOME/../sobel_filter_source_bw/blur_sob.c(120): Loop '/sobel_filter_bw/core/MAC2' is being fully unrolled (3 times). (LOOP-7)
# Info: Optimizing partition '/sobel_filter_bw/core': (Total ops = 946, Real ops = 202, Vars = 24) (SOL-10)
# Info: Optimizing partition '/sobel_filter_bw/core': (Total ops = 869, Real ops = 165, Vars = 42) (SOL-10)
# Info: Optimizing partition '/sobel_filter_bw/core': (Total ops = 879, Real ops = 165, Vars = 41) (SOL-10)
# Info: Optimizing partition '/sobel_filter_bw/core': (Total ops = 867, Real ops = 164, Vars = 40) (SOL-10)
# Info: Optimizing partition '/sobel_filter_bw/core': (Total ops = 867, Real ops = 164, Vars = 40) (SOL-10)
# $PROJECT_HOME/../sobel_filter_source_bw/blur_sob.c(119): Loop '/sobel_filter_bw/core/ACC3' is being fully unrolled (3 times). (LOOP-7)
# Info: Optimizing partition '/sobel_filter_bw/core': (Total ops = 945, Real ops = 190, Vars = 40) (SOL-10)
# Info: Optimizing partition '/sobel_filter_bw/core': (Total ops = 849, Real ops = 159, Vars = 34) (SOL-10)
# Info: Optimizing partition '/sobel_filter_bw/core': (Total ops = 849, Real ops = 159, Vars = 34) (SOL-10)
# Info: Optimizing partition '/sobel_filter_bw/core': (Total ops = 777, Real ops = 143, Vars = 34) (SOL-10)
# Info: Optimizing partition '/sobel_filter_bw/core': (Total ops = 753, Real ops = 143, Vars = 34) (SOL-10)
# $PROJECT_HOME/../sobel_filter_source_bw/blur_sob.c(70): Loop '/sobel_filter_bw/core/main' is left rolled. (LOOP-4)
# Info: Optimizing partition '/sobel_filter_bw': (Total ops = 753, Real ops = 143, Vars = 40) (SOL-10)
# Info: Optimizing partition '/sobel_filter_bw/core': (Total ops = 753, Real ops = 143, Vars = 34) (SOL-10)
# Info: Optimizing partition '/sobel_filter_bw': (Total ops = 753, Real ops = 143, Vars = 40) (SOL-10)
# $PROJECT_HOME/../sobel_filter_source_bw/blur_sob.c(70): I/O-Port inferred - resource 'vout:rsc' (from var: vout) mapped to 'mgc_ioport.mgc_out_stdreg' (size: 30). (MEM-2)
# Info: Optimizing partition '/sobel_filter_bw': (Total ops = 754, Real ops = 143, Vars = 40) (SOL-10)
# Warning: $PROJECT_HOME/../sobel_filter_source_bw/blur_sob.c(70): Input port 'vga_xy' is never used. (OPT-4)
# Info: Optimizing partition '/sobel_filter_bw/core': (Total ops = 754, Real ops = 143, Vars = 34) (SOL-10)
# Info: Optimizing partition '/sobel_filter_bw': (Total ops = 756, Real ops = 143, Vars = 50) (SOL-10)
# Info: Optimizing partition '/sobel_filter_bw/core': (Total ops = 752, Real ops = 143, Vars = 48) (SOL-10)
# Info: Optimizing partition '/sobel_filter_bw/core': (Total ops = 753, Real ops = 191, Vars = 36) (SOL-10)
# Info: Optimizing partition '/sobel_filter_bw/core': (Total ops = 751, Real ops = 191, Vars = 37) (SOL-10)
# Info: Optimizing partition '/sobel_filter_bw': (Total ops = 751, Real ops = 191, Vars = 43) (SOL-10)
# Info: Optimizing partition '/sobel_filter_bw/core': (Total ops = 758, Real ops = 191, Vars = 44) (SOL-10)
# Info: Optimizing partition '/sobel_filter_bw/core': (Total ops = 753, Real ops = 191, Vars = 41) (SOL-10)
# Info: Optimizing partition '/sobel_filter_bw': (Total ops = 753, Real ops = 191, Vars = 47) (SOL-10)
# Info: Optimizing partition '/sobel_filter_bw/core': (Total ops = 753, Real ops = 191, Vars = 41) (SOL-10)
# Info: Optimizing partition '/sobel_filter_bw': (Total ops = 753, Real ops = 191, Vars = 47) (SOL-10)
# Info: Optimizing partition '/sobel_filter_bw/core': (Total ops = 1076, Real ops = 202, Vars = 231) (SOL-10)
# Info: Optimizing partition '/sobel_filter_bw/core': (Total ops = 753, Real ops = 201, Vars = 39) (SOL-10)
# Design 'sobel_filter_bw' contains '371' real operations. (SOL-11)
# Info: Completed transformation 'architect' on solution 'sobel_filter_bw.v2': elapsed time 5.96 seconds, memory usage 166204kB, peak memory usage 178528kB (SOL-9)
# Info: Starting transformation 'allocate' on solution 'sobel_filter_bw.v2' (SOL-8)
# Performing concurrent resource allocation and scheduling on '/sobel_filter_bw/core' (CRAAS-1)
# Info: Select qualified components for data operations ... (CRAAS-3)
# Info: Apply resource constraints on data operations ... (CRAAS-4)
# $PROJECT_HOME/../sobel_filter_source_bw/blur_sob.c(70): Prescheduled LOOP 'main' (3 c-steps) (SCHD-7)
# $PROJECT_HOME/../sobel_filter_source_bw/blur_sob.c(70): Prescheduled LOOP 'core:rlp' (0 c-steps) (SCHD-7)
# $PROJECT_HOME/../sobel_filter_source_bw/blur_sob.c(70): Prescheduled SEQUENTIAL 'core' (total length 3 c-steps) (SCHD-8)
# Info: Initial schedule of SEQUENTIAL 'core': Latency = 2, Area (Datapath, Register, Total) = 4700.12, 0.00, 4700.12 (CRAAS-11)
# At least one feasible schedule exists. (CRAAS-9)
# Info: Optimized LOOP 'main': Latency = 2, Area (Datapath, Register, Total) = 4630.83, 0.00, 4630.83 (CRAAS-10)
# Info: Final schedule of SEQUENTIAL 'core': Latency = 2, Area (Datapath, Register, Total) = 4630.83, 0.00, 4630.83 (CRAAS-12)
# Resource allocation and scheduling done. (CRAAS-2)
# Netlist written to file 'schedule.gnt' (NET-4)
# Info: Completed transformation 'allocate' on solution 'sobel_filter_bw.v2': elapsed time 1.87 seconds, memory usage 167776kB, peak memory usage 178528kB (SOL-9)
# Info: Starting transformation 'schedule' on solution 'sobel_filter_bw.v2' (SOL-8)
# Performing concurrent resource allocation and scheduling on '/sobel_filter_bw/core' (CRAAS-1)
# Warning: Cannot build distributed pipeline in process 'core' because of missing handshake for resource 'vout:rsc' (SCHD-15)
# Global signal 'vout:rsc.z' added to design 'sobel_filter_bw' for component 'vout:rsc:mgc_out_stdreg' (LIB-3)
# Info: Optimizing partition '/sobel_filter_bw': (Total ops = 1201, Real ops = 372, Vars = 80) (SOL-10)
# Info: Optimizing partition '/sobel_filter_bw/sobel_filter_bw:core': (Total ops = 1193, Real ops = 371, Vars = 72) (SOL-10)
# Info: Optimizing partition '/sobel_filter_bw/sobel_filter_bw:core/core': (Total ops = 1188, Real ops = 371, Vars = 67) (SOL-10)
# Info: Optimizing partition '/sobel_filter_bw/sobel_filter_bw:core/core': (Total ops = 1009, Real ops = 283, Vars = 52) (SOL-10)
# Info: Optimizing partition '/sobel_filter_bw/sobel_filter_bw:core/core': (Total ops = 998, Real ops = 282, Vars = 46) (SOL-10)
# Info: Optimizing partition '/sobel_filter_bw': (Total ops = 1010, Real ops = 282, Vars = 58) (SOL-10)
# Info: Optimizing partition '/sobel_filter_bw/sobel_filter_bw:core': (Total ops = 1003, Real ops = 282, Vars = 51) (SOL-10)
# Info: Optimizing partition '/sobel_filter_bw/sobel_filter_bw:core/core': (Total ops = 997, Real ops = 282, Vars = 49) (SOL-10)
# Info: Optimizing partition '/sobel_filter_bw/sobel_filter_bw:core/core': (Total ops = 996, Real ops = 282, Vars = 47) (SOL-10)
# Info: Optimizing partition '/sobel_filter_bw': (Total ops = 1008, Real ops = 282, Vars = 59) (SOL-10)
# Info: Optimizing partition '/sobel_filter_bw/sobel_filter_bw:core': (Total ops = 1001, Real ops = 282, Vars = 52) (SOL-10)
# Info: Optimizing partition '/sobel_filter_bw/sobel_filter_bw:core/core': (Total ops = 996, Real ops = 282, Vars = 47) (SOL-10)
# Info: Optimizing partition '/sobel_filter_bw': (Total ops = 1008, Real ops = 282, Vars = 59) (SOL-10)
# Info: Optimizing partition '/sobel_filter_bw/sobel_filter_bw:core': (Total ops = 1001, Real ops = 282, Vars = 52) (SOL-10)
# Report written to file 'cycle.rpt'
# Netlist written to file 'cycle.v' (NET-4)
# Info: Completed transformation 'schedule' on solution 'sobel_filter_bw.v2': elapsed time 3.20 seconds, memory usage 180516kB, peak memory usage 197784kB (SOL-9)
# Info: Starting transformation 'dpfsm' on solution 'sobel_filter_bw.v2' (SOL-8)
# Performing FSM extraction... (FSM-1)
# Info: Optimizing partition '/sobel_filter_bw': (Total ops = 1257, Real ops = 274, Vars = 809) (SOL-10)
# Info: Optimizing partition '/sobel_filter_bw/sobel_filter_bw:core': (Total ops = 1250, Real ops = 274, Vars = 802) (SOL-10)
# Info: Optimizing partition '/sobel_filter_bw': (Total ops = 1804, Real ops = 289, Vars = 57) (SOL-10)
# Info: Optimizing partition '/sobel_filter_bw/sobel_filter_bw:core': (Total ops = 1797, Real ops = 289, Vars = 50) (SOL-10)
# Info: Optimizing partition '/sobel_filter_bw': (Total ops = 991, Real ops = 285, Vars = 57) (SOL-10)
# Info: Optimizing partition '/sobel_filter_bw/sobel_filter_bw:core': (Total ops = 984, Real ops = 285, Vars = 50) (SOL-10)
# Info: Optimizing partition '/sobel_filter_bw': (Total ops = 991, Real ops = 285, Vars = 57) (SOL-10)
# Info: Optimizing partition '/sobel_filter_bw/sobel_filter_bw:core': (Total ops = 984, Real ops = 285, Vars = 50) (SOL-10)
# Info: Optimizing partition '/sobel_filter_bw/sobel_filter_bw:core': (Total ops = 984, Real ops = 285, Vars = 50) (SOL-10)
# Info: Optimizing partition '/sobel_filter_bw': (Total ops = 991, Real ops = 285, Vars = 57) (SOL-10)
# Info: Optimizing partition '/sobel_filter_bw': (Total ops = 991, Real ops = 285, Vars = 57) (SOL-10)
# Info: Optimizing partition '/sobel_filter_bw/sobel_filter_bw:core': (Total ops = 984, Real ops = 285, Vars = 50) (SOL-10)
# Info: Optimizing partition '/sobel_filter_bw': (Total ops = 991, Real ops = 285, Vars = 57) (SOL-10)
# Info: Optimizing partition '/sobel_filter_bw/sobel_filter_bw:core': (Total ops = 984, Real ops = 285, Vars = 50) (SOL-10)
# Info: Optimizing partition '/sobel_filter_bw': (Total ops = 991, Real ops = 285, Vars = 57) (SOL-10)
# Info: Optimizing partition '/sobel_filter_bw/sobel_filter_bw:core': (Total ops = 984, Real ops = 285, Vars = 50) (SOL-10)
# Info: Completed transformation 'dpfsm' on solution 'sobel_filter_bw.v2': elapsed time 1.22 seconds, memory usage 180528kB, peak memory usage 197784kB (SOL-9)
# Info: Starting transformation 'extract' on solution 'sobel_filter_bw.v2' (SOL-8)
# Warning: Reassigned operation MAC2:acc#86:DEFAULT to mgc_Altera-Cyclone-III-6_beh_psr.mgc_add(12,1,12,1,13) (ASG-1)
# Warning: Reassigned operation MAC2:acc#83:DEFAULT to mgc_Altera-Cyclone-III-6_beh_psr.mgc_add(9,0,8,1,9) (ASG-1)
# Warning: Reassigned operation MAC2:acc#88:DEFAULT to mgc_Altera-Cyclone-III-6_beh_psr.mgc_add(9,1,9,1,10) (ASG-1)
# Warning: Reassigned operation ACC1:acc#182:DEFAULT to mgc_Altera-Cyclone-III-6_beh_psr.mgc_add(12,0,11,1,12) (ASG-1)
# Warning: Reassigned operation ACC1-1:acc#15:mgc_Altera-Cyclone-III-6_beh_psr.mgc_add(11,0,10,1,12) to mgc_Altera-Cyclone-III-6_beh_psr.mgc_add(10,0,10,1,12) (ASG-1)
# Warning: Reassigned operation ACC1-1:acc#18:mgc_Altera-Cyclone-III-6_beh_psr.mgc_add(11,0,10,1,12) to mgc_Altera-Cyclone-III-6_beh_psr.mgc_add(10,0,10,1,12) (ASG-1)
# Warning: Reassigned operation ACC1-3:acc#18:mgc_Altera-Cyclone-III-6_beh_psr.mgc_add(11,0,10,1,12) to mgc_Altera-Cyclone-III-6_beh_psr.mgc_add(10,0,10,1,12) (ASG-1)
# Warning: Reassigned operation ACC1-3:acc#15:mgc_Altera-Cyclone-III-6_beh_psr.mgc_add(11,0,10,1,12) to mgc_Altera-Cyclone-III-6_beh_psr.mgc_add(10,0,10,1,12) (ASG-1)
# Info: Optimizing partition '/sobel_filter_bw': (Total ops = 1116, Real ops = 322, Vars = 1115) (SOL-10)
# Info: Optimizing partition '/sobel_filter_bw/sobel_filter_bw:core': (Total ops = 1109, Real ops = 322, Vars = 1108) (SOL-10)
# Info: Optimizing partition '/sobel_filter_bw': (Total ops = 1083, Real ops = 315, Vars = 61) (SOL-10)
# Info: Optimizing partition '/sobel_filter_bw/sobel_filter_bw:core': (Total ops = 1076, Real ops = 315, Vars = 54) (SOL-10)
# Info: Optimizing partition '/sobel_filter_bw': (Total ops = 1083, Real ops = 315, Vars = 57) (SOL-10)
# Info: Optimizing partition '/sobel_filter_bw/sobel_filter_bw:core': (Total ops = 1076, Real ops = 315, Vars = 50) (SOL-10)
# Info: Optimizing partition '/sobel_filter_bw/sobel_filter_bw:core': (Total ops = 1076, Real ops = 315, Vars = 50) (SOL-10)
# Info: Optimizing partition '/sobel_filter_bw/sobel_filter_bw:core': (Total ops = 1076, Real ops = 315, Vars = 50) (SOL-10)
# Info: Optimizing partition '/sobel_filter_bw': (Total ops = 1083, Real ops = 315, Vars = 57) (SOL-10)
# Info: Optimizing partition '/sobel_filter_bw': (Total ops = 1083, Real ops = 315, Vars = 57) (SOL-10)
# Info: Optimizing partition '/sobel_filter_bw/sobel_filter_bw:core': (Total ops = 1076, Real ops = 315, Vars = 50) (SOL-10)
# Info: Optimizing partition '/sobel_filter_bw': (Total ops = 1083, Real ops = 315, Vars = 57) (SOL-10)
# Info: Optimizing partition '/sobel_filter_bw/sobel_filter_bw:core': (Total ops = 1076, Real ops = 315, Vars = 50) (SOL-10)
# Warning: Reassigned operation ACC1:acc#182:mgc_Altera-Cyclone-III-6_beh_psr.mgc_add(12,0,11,1,12) to mgc_Altera-Cyclone-III-6_beh_psr.mgc_add(11,1,11,1,12) (ASG-1)
# Info: Optimizing partition '/sobel_filter_bw': (Total ops = 1104, Real ops = 322, Vars = 1103) (SOL-10)
# Info: Optimizing partition '/sobel_filter_bw/sobel_filter_bw:core': (Total ops = 1097, Real ops = 322, Vars = 1096) (SOL-10)
# Info: Optimizing partition '/sobel_filter_bw': (Total ops = 1104, Real ops = 322, Vars = 1103) (SOL-10)
# Info: Optimizing partition '/sobel_filter_bw/sobel_filter_bw:core': (Total ops = 1097, Real ops = 322, Vars = 1096) (SOL-10)
# Netlist written to file 'schematic.nlv' (NET-4)
# Info: Optimizing partition '/sobel_filter_bw': (Total ops = 1104, Real ops = 322, Vars = 1103) (SOL-10)
# Info: Optimizing partition '/sobel_filter_bw/sobel_filter_bw:core': (Total ops = 1097, Real ops = 322, Vars = 1096) (SOL-10)
# Info: Optimizing partition '/sobel_filter_bw': (Total ops = 1086, Real ops = 317, Vars = 61) (SOL-10)
# Info: Optimizing partition '/sobel_filter_bw/sobel_filter_bw:core': (Total ops = 1079, Real ops = 317, Vars = 54) (SOL-10)
# Info: Optimizing partition '/sobel_filter_bw': (Total ops = 1086, Real ops = 317, Vars = 57) (SOL-10)
# Info: Optimizing partition '/sobel_filter_bw/sobel_filter_bw:core': (Total ops = 1079, Real ops = 317, Vars = 50) (SOL-10)
# Info: Optimizing partition '/sobel_filter_bw': (Total ops = 1086, Real ops = 317, Vars = 57) (SOL-10)
# Info: Optimizing partition '/sobel_filter_bw/sobel_filter_bw:core': (Total ops = 1079, Real ops = 317, Vars = 50) (SOL-10)
# Info: Optimizing partition '/sobel_filter_bw': (Total ops = 1086, Real ops = 317, Vars = 57) (SOL-10)
# Info: Optimizing partition '/sobel_filter_bw/sobel_filter_bw:core': (Total ops = 1079, Real ops = 317, Vars = 50) (SOL-10)
# Info: Optimizing partition '/sobel_filter_bw': (Total ops = 1086, Real ops = 317, Vars = 57) (SOL-10)
# Info: Optimizing partition '/sobel_filter_bw/sobel_filter_bw:core': (Total ops = 1079, Real ops = 317, Vars = 50) (SOL-10)
# Report written to file 'rtl.rpt'
# Netlist written to file 'rtl.v' (NET-4)
# generate concat
# order file name is: rtl.v_order.txt
# Add dependent file: ./rtl_mgc_ioport.v
# Add dependent file: ./rtl_mgc_ioport_v2001.v
# Add dependent file: ./rtl.v
# Finished writing concatenated file: C:/workspace/EIE-1styear-project-FPGA/prj2/catapult_proj/sobel_filter_bw/Catapult/sobel_filter_bw.v2/concat_rtl.v
# Synthesis timing script written to file './rtl.v.psr_timing'
# IO timing constraints written to synthesis script file
# Synthesis script written to file 'rtl.v.psr'
# Info: Completed transformation 'extract' on solution 'sobel_filter_bw.v2': elapsed time 5.35 seconds, memory usage 181608kB, peak memory usage 197784kB (SOL-9)
project save
# Saving project file 'C:/workspace/EIE-1styear-project-FPGA/prj2/catapult_proj/sobel_filter_bw/Catapult.ccs'. (PRJ-5)
quit -f
