-- Catapult University Version: Report                                              
-- ---------------------------- ---------------------------------------------------
-- Version:                     2011a.126 Production Release                        
-- Build Date:                  Wed Aug  8 00:52:07 PDT 2012                        
                                                                                    
-- Generated by:                mf2915@EEWS305-026                                  
-- Generated date:              Fri May 06 10:01:46 +0100 2016                      

Solution Settings: markers.v71
  Current state: extract
  Project: Catapult
  
  Design Input Files Specified
    $PROJECT_HOME/../markers_source/shift_class.h
    $PROJECT_HOME/../markers_source/blur.c
      $MGC_HOME/shared/include/ac_fixed.h
        $MGC_HOME/shared/include/ac_int.h
      $PROJECT_HOME/../markers_source/blur.h
      $PROJECT_HOME/../markers_source/shift_class.h
    $PROJECT_HOME/../markers_source/blur.h
      $MGC_HOME/shared/include/ac_int.h
  
  Processes/Blocks in Design
    Process       Real Operation(s) count Latency Throughput Reset Length II Comments 
    ------------- ----------------------- ------- ---------- ------------ -- --------
    /markers/core                      67       3          1            0  1          
    Design Total:                      67       3          1            0  0          
    
  Bill Of Materials (Datapath)
    Component Name                          Area Score Area(LUTs) Delay Post Alloc Post Assign 
    --------------------------------------- ---------- ---------- ----- ---------- -----------
    [Lib: mgc_Altera-Cyclone-III-6_beh_psr]                                                    
    mgc_add(1,0,1,0,2)                           2.319      2.319 0.506          0           1 
    mgc_add(11,0,10,1,11)                       12.000     12.000 1.370          6           6 
    mgc_add(11,0,11,0,11)                       12.233     12.233 1.368          1           1 
    mgc_add(12,0,11,0,12)                       13.228     13.228 1.436          2           2 
    mgc_add(2,0,1,0,2)                           3.315      3.315 0.658          0           1 
    mgc_add(4,0,2,1,4)                           5.000      5.000 0.860          2           2 
    mgc_add(4,0,4,0,5)                           5.293      5.293 0.854          2           2 
    mgc_add(5,0,5,0,6)                           6.285      6.285 0.938          1           0 
    mgc_add(5,0,5,1,6)                           6.000      6.000 0.775          4           4 
    mgc_add(7,0,7,1,8)                           8.000      8.000 0.929          1           1 
    mgc_and(1,3)                                 1.054      1.054 0.416          0           1 
    mgc_and(10,2)                                7.298      7.298 0.263          2           0 
    mgc_and(10,3)                               10.545     10.545 0.416          0           2 
    mgc_and(4,2)                                 2.919      2.919 0.263          1           0 
    mgc_and(4,3)                                 4.218      4.218 0.416          0           1 
    mgc_mux(1,1,2)                               0.919      0.919 0.369          0           4 
    mgc_mux(10,1,2)                              9.194      9.194 0.369          2           2 
    mgc_mux(30,1,2)                             27.583     27.583 0.369          0           1 
    mgc_mux(4,1,2)                               3.678      3.678 0.369          1           1 
    mgc_nand(1,2)                                0.730      0.730 0.268          0           2 
    mgc_nor(1,10)                                3.327      3.327 0.872          0           2 
    mgc_nor(1,2)                                 0.730      0.730 0.263          0           1 
    mgc_nor(1,20)                                6.573      6.573 1.135          0           1 
    mgc_nor(1,3)                                 1.054      1.054 0.416          0           1 
    mgc_nor(1,4)                                 1.379      1.379 0.525          0           1 
    mgc_not(1)                                   0.000      0.000 0.000          0           5 
    mgc_not(10)                                  0.000      0.000 0.000          0           9 
    mgc_not(4)                                   0.000      0.000 0.000          0           1 
    mgc_or(1,2)                                  0.730      0.730 0.268          0           1 
    mgc_or(1,4)                                  1.379      1.379 0.536          0           1 
    mgc_reg_pos(1,1,0,0,0,1,1)                   0.000      0.000 0.000          0          10 
    mgc_reg_pos(10,1,0,0,0,1,1)                  0.000      0.000 0.000          0           3 
    mgc_reg_pos(30,1,0,0,0,1,1)                  0.000      0.000 0.000          0           1 
    mgc_reg_pos(4,1,0,0,0,1,1)                   0.000      0.000 0.000          0           1 
    [Lib: mgc_ioport]                                                                          
    mgc_out_stdreg(2,30)                         0.000      0.000 0.000          1           1 
    mgc_out_stdreg(4,8)                          0.000      0.000 0.000          1           1 
                                                                                               
    TOTAL AREA (After Assignment):             268.556    269.000                              
    
  Area Scores
                      Post-Scheduling  Post-DP & FSM Post-Assignment 
    ----------------- --------------- -------------- ---------------
    Total Area Score:    209.1          284.7           268.6        
    Total Reg:             0.0            0.0             0.0        
                                                                     
    DataPath:            209.1 (100%)   284.7 (100%)    268.6 (100%) 
      MUX:                22.1  (11%)    75.2  (26%)     53.3  (20%) 
      FUNC:              169.6  (81%)   168.9  (59%)    168.9  (63%) 
      LOGIC:              17.5   (8%)    40.6  (14%)     46.3  (17%) 
      BUFFER:              0.0            0.0             0.0        
      MEM:                 0.0            0.0             0.0        
      ROM:                 0.0            0.0             0.0        
      REG:                 0.0            0.0             0.0        
                                                                     
    
    FSM:                   0.0            0.0             0.0        
      FSM-REG:             0.0            0.0             0.0        
      FSM-COMB:            0.0            0.0             0.0        
                                                                     
    
  Register-to-Variable Mappings
    Register                                Size(bits) Gated Register CG Opt Done Variables                                             
    --------------------------------------- ---------- -------------- ----------- -----------------------------------------------------
    vout:rsc:mgc_out_stdreg.d                       30         Y                  vout:rsc:mgc_out_stdreg.d                             
    blue_xy(0).sva.dfm#3                            10         Y                  blue_xy(0).sva.dfm#3                                  
    blue_xy(1).sva.dfm#3                            10         Y                  blue_xy(1).sva.dfm#3                                  
    blue_xy(1).sva.dfm#4                            10         Y                  blue_xy(1).sva.dfm#4                                  
    acc#8(1).sva.dfm#2                               4         Y                  acc#8(1).sva.dfm#2                                    
    aif#17:slc.svs                                   1         Y                  aif#17:slc.svs                                        
    aif#39:slc.svs#1                                 1         Y                  aif#39:slc.svs#1                                      
    aif#39:slc.svs#2                                 1         Y                  aif#39:slc.svs#2                                      
    aif#41:aif:slc.itm#1                             1         Y                  aif#41:aif:slc.itm#1                                  
    aif#41:aif:slc.itm#2                             1         Y                  aif#41:aif:slc.itm#2                                  
    land#14.lpi#1.dfm#1                              1         Y                  land#14.lpi#1.dfm#1                                   
    land#4.lpi#1.dfm#1                               1         Y                  land#4.lpi#1.dfm#1                                    
    main.stage_0#2                                   1         Y                  main.stage_0#2                                        
    main.stage_0#3                                   1         Y                  main.stage_0#3                                        
    reg(deltay_square_blue:acc.psp.sva).tmp          1         Y                  reg(deltay_square_blue:acc.psp.sva).tmp               
                                                                                                                                        
    Total:                                          74             74           0 (Total Gating Ratio: 1.00, CG Opt Gating Ratio: 0.00) 
    
  Timing Report
    Critical Path
      Max Delay:  5.844167
      Slack:      0.8225000000000007
      
      Path                                     Startpoint                Endpoint                             Delay  Slack  
      ---------------------------------------- ------------------------- ------------------------------------ ------ ------
      1                                        markers:core/vga_xy       markers:core/reg(acc#8(1).sva.dfm#2) 5.8442 0.8225 
                                                                                                                            
        Instance                               Component                                                      Delta  Delay  
        --------                               ---------                                                      -----  -----  
        markers:core/vga_xy                                                                                   0.0000 0.0000 
        markers:core/slc(vga_xy#1)#14                                                                         0.0000 0.0000 
        markers:core/slc(vga_xy#1)#14.itm                                                                     0.0000 0.0000 
        markers:core/conc#61                                                                                  0.0000 0.0000 
        markers:core/conc#61.itm                                                                              0.0000 0.0000 
        markers:core/if:acc#2                  mgc_add_4_0_4_0_5                                              0.8536 0.8536 
        markers:core/if:acc#2.itm                                                                             0.0000 0.8536 
        markers:core/if:slc                                                                                   0.0000 0.8536 
        markers:core/if:slc.itm                                                                               0.0000 0.8536 
        markers:core/if:acc#4                  mgc_add_5_0_5_1_6                                              0.7751 1.6287 
        markers:core/if:acc#4.itm                                                                             0.0000 1.6287 
        markers:core/acc#9                     mgc_add_5_0_5_1_6                                              0.7751 2.4038 
        markers:core/acc.imod.sva                                                                             0.0000 2.4038 
        markers:core/slc(acc.imod.sva)                                                                        0.0000 2.4038 
        markers:core/slc(acc.imod.sva).itm                                                                    0.0000 2.4038 
        markers:core/if:not#3                  mgc_not_1                                                      0.0000 2.4038 
        markers:core/if:not#3.itm                                                                             0.0000 2.4038 
        markers:core/conc#58                                                                                  0.0000 2.4038 
        markers:core/conc#58.itm                                                                              0.0000 2.4038 
        markers:core/if:acc#5                  mgc_add_5_0_5_1_6                                              0.7751 3.1789 
        markers:core/if:acc#5.itm                                                                             0.0000 3.1789 
        markers:core/if:slc#2                                                                                 0.0000 3.1789 
        markers:core/if:slc#2.itm                                                                             0.0000 3.1789 
        markers:core/if:acc#1                  mgc_add_4_0_4_0_5                                              0.8536 4.0324 
        markers:core/if:acc#1.psp.sva                                                                         0.0000 4.0324 
        markers:core/slc(if:acc#1.psp.sva)                                                                    0.0000 4.0324 
        markers:core/slc(if:acc#1.psp.sva).itm                                                                0.0000 4.0324 
        markers:core/if:acc                    mgc_add_4_0_2_1_4                                              0.8599 4.8923 
        markers:core/if:acc.svs                                                                               0.0000 4.8923 
        markers:core/slc(if:acc.svs)#4                                                                        0.0000 4.8923 
        markers:core/slc(if:acc.svs)#4.itm                                                                    0.0000 4.8923 
        markers:core/or                        mgc_or_1_4                                                     0.5358 5.4281 
        markers:core/or.itm                                                                                   0.0000 5.4281 
        markers:core/exs                                                                                      0.0000 5.4281 
        markers:core/exs.itm                                                                                  0.0000 5.4281 
        markers:core/and                       mgc_and_4_3                                                    0.4161 5.8442 
        markers:core/and.itm                                                                                  0.0000 5.8442 
        markers:core/reg(acc#8(1).sva.dfm#2)   mgc_reg_pos_4_1_0_0_0_1_1                                      0.0000 5.8442 
                                                                                                                            
      2                                        markers:core/vga_xy       markers:core/reg(acc#8(1).sva.dfm#2) 5.8442 0.8225 
                                                                                                                            
        Instance                               Component                                                      Delta  Delay  
        --------                               ---------                                                      -----  -----  
        markers:core/vga_xy                                                                                   0.0000 0.0000 
        markers:core/slc(vga_xy#1)#14                                                                         0.0000 0.0000 
        markers:core/slc(vga_xy#1)#14.itm                                                                     0.0000 0.0000 
        markers:core/conc#61                                                                                  0.0000 0.0000 
        markers:core/conc#61.itm                                                                              0.0000 0.0000 
        markers:core/if:acc#2                  mgc_add_4_0_4_0_5                                              0.8536 0.8536 
        markers:core/if:acc#2.itm                                                                             0.0000 0.8536 
        markers:core/if:slc                                                                                   0.0000 0.8536 
        markers:core/if:slc.itm                                                                               0.0000 0.8536 
        markers:core/if:acc#4                  mgc_add_5_0_5_1_6                                              0.7751 1.6287 
        markers:core/if:acc#4.itm                                                                             0.0000 1.6287 
        markers:core/acc#9                     mgc_add_5_0_5_1_6                                              0.7751 2.4038 
        markers:core/acc.imod.sva                                                                             0.0000 2.4038 
        markers:core/slc(acc.imod.sva)                                                                        0.0000 2.4038 
        markers:core/slc(acc.imod.sva).itm                                                                    0.0000 2.4038 
        markers:core/if:not#3                  mgc_not_1                                                      0.0000 2.4038 
        markers:core/if:not#3.itm                                                                             0.0000 2.4038 
        markers:core/conc#58                                                                                  0.0000 2.4038 
        markers:core/conc#58.itm                                                                              0.0000 2.4038 
        markers:core/if:acc#5                  mgc_add_5_0_5_1_6                                              0.7751 3.1789 
        markers:core/if:acc#5.itm                                                                             0.0000 3.1789 
        markers:core/if:slc#2                                                                                 0.0000 3.1789 
        markers:core/if:slc#2.itm                                                                             0.0000 3.1789 
        markers:core/if:acc#1                  mgc_add_4_0_4_0_5                                              0.8536 4.0324 
        markers:core/if:acc#1.psp.sva                                                                         0.0000 4.0324 
        markers:core/slc(if:acc#1.psp.sva)                                                                    0.0000 4.0324 
        markers:core/slc(if:acc#1.psp.sva).itm                                                                0.0000 4.0324 
        markers:core/if:acc                    mgc_add_4_0_2_1_4                                              0.8599 4.8923 
        markers:core/if:acc.svs                                                                               0.0000 4.8923 
        markers:core/slc(if:acc.svs)#5                                                                        0.0000 4.8923 
        markers:core/slc(if:acc.svs)#5.itm                                                                    0.0000 4.8923 
        markers:core/or                        mgc_or_1_4                                                     0.5358 5.4281 
        markers:core/or.itm                                                                                   0.0000 5.4281 
        markers:core/exs                                                                                      0.0000 5.4281 
        markers:core/exs.itm                                                                                  0.0000 5.4281 
        markers:core/and                       mgc_and_4_3                                                    0.4161 5.8442 
        markers:core/and.itm                                                                                  0.0000 5.8442 
        markers:core/reg(acc#8(1).sva.dfm#2)   mgc_reg_pos_4_1_0_0_0_1_1                                      0.0000 5.8442 
                                                                                                                            
      3                                        markers:core/vga_xy       markers:core/reg(acc#8(1).sva.dfm#2) 5.8442 0.8225 
                                                                                                                            
        Instance                               Component                                                      Delta  Delay  
        --------                               ---------                                                      -----  -----  
        markers:core/vga_xy                                                                                   0.0000 0.0000 
        markers:core/slc(vga_xy#1)#14                                                                         0.0000 0.0000 
        markers:core/slc(vga_xy#1)#14.itm                                                                     0.0000 0.0000 
        markers:core/conc#61                                                                                  0.0000 0.0000 
        markers:core/conc#61.itm                                                                              0.0000 0.0000 
        markers:core/if:acc#2                  mgc_add_4_0_4_0_5                                              0.8536 0.8536 
        markers:core/if:acc#2.itm                                                                             0.0000 0.8536 
        markers:core/if:slc                                                                                   0.0000 0.8536 
        markers:core/if:slc.itm                                                                               0.0000 0.8536 
        markers:core/if:acc#4                  mgc_add_5_0_5_1_6                                              0.7751 1.6287 
        markers:core/if:acc#4.itm                                                                             0.0000 1.6287 
        markers:core/acc#9                     mgc_add_5_0_5_1_6                                              0.7751 2.4038 
        markers:core/acc.imod.sva                                                                             0.0000 2.4038 
        markers:core/slc(acc.imod.sva)                                                                        0.0000 2.4038 
        markers:core/slc(acc.imod.sva).itm                                                                    0.0000 2.4038 
        markers:core/if:not#3                  mgc_not_1                                                      0.0000 2.4038 
        markers:core/if:not#3.itm                                                                             0.0000 2.4038 
        markers:core/conc#58                                                                                  0.0000 2.4038 
        markers:core/conc#58.itm                                                                              0.0000 2.4038 
        markers:core/if:acc#5                  mgc_add_5_0_5_1_6                                              0.7751 3.1789 
        markers:core/if:acc#5.itm                                                                             0.0000 3.1789 
        markers:core/if:slc#2                                                                                 0.0000 3.1789 
        markers:core/if:slc#2.itm                                                                             0.0000 3.1789 
        markers:core/if:acc#1                  mgc_add_4_0_4_0_5                                              0.8536 4.0324 
        markers:core/if:acc#1.psp.sva                                                                         0.0000 4.0324 
        markers:core/if:acc                    mgc_add_4_0_2_1_4                                              0.8599 4.8923 
        markers:core/if:acc.svs                                                                               0.0000 4.8923 
        markers:core/slc(if:acc.svs)#5                                                                        0.0000 4.8923 
        markers:core/slc(if:acc.svs)#5.itm                                                                    0.0000 4.8923 
        markers:core/or                        mgc_or_1_4                                                     0.5358 5.4281 
        markers:core/or.itm                                                                                   0.0000 5.4281 
        markers:core/exs                                                                                      0.0000 5.4281 
        markers:core/exs.itm                                                                                  0.0000 5.4281 
        markers:core/and                       mgc_and_4_3                                                    0.4161 5.8442 
        markers:core/and.itm                                                                                  0.0000 5.8442 
        markers:core/reg(acc#8(1).sva.dfm#2)   mgc_reg_pos_4_1_0_0_0_1_1                                      0.0000 5.8442 
                                                                                                                            
      4                                        markers:core/vga_xy       markers:core/reg(acc#8(1).sva.dfm#2) 5.8442 0.8225 
                                                                                                                            
        Instance                               Component                                                      Delta  Delay  
        --------                               ---------                                                      -----  -----  
        markers:core/vga_xy                                                                                   0.0000 0.0000 
        markers:core/slc(vga_xy#1)#14                                                                         0.0000 0.0000 
        markers:core/slc(vga_xy#1)#14.itm                                                                     0.0000 0.0000 
        markers:core/conc#61                                                                                  0.0000 0.0000 
        markers:core/conc#61.itm                                                                              0.0000 0.0000 
        markers:core/if:acc#2                  mgc_add_4_0_4_0_5                                              0.8536 0.8536 
        markers:core/if:acc#2.itm                                                                             0.0000 0.8536 
        markers:core/if:slc                                                                                   0.0000 0.8536 
        markers:core/if:slc.itm                                                                               0.0000 0.8536 
        markers:core/if:acc#4                  mgc_add_5_0_5_1_6                                              0.7751 1.6287 
        markers:core/if:acc#4.itm                                                                             0.0000 1.6287 
        markers:core/acc#9                     mgc_add_5_0_5_1_6                                              0.7751 2.4038 
        markers:core/acc.imod.sva                                                                             0.0000 2.4038 
        markers:core/slc(acc.imod.sva)                                                                        0.0000 2.4038 
        markers:core/slc(acc.imod.sva).itm                                                                    0.0000 2.4038 
        markers:core/if:not#3                  mgc_not_1                                                      0.0000 2.4038 
        markers:core/if:not#3.itm                                                                             0.0000 2.4038 
        markers:core/conc#58                                                                                  0.0000 2.4038 
        markers:core/conc#58.itm                                                                              0.0000 2.4038 
        markers:core/if:acc#5                  mgc_add_5_0_5_1_6                                              0.7751 3.1789 
        markers:core/if:acc#5.itm                                                                             0.0000 3.1789 
        markers:core/if:slc#2                                                                                 0.0000 3.1789 
        markers:core/if:slc#2.itm                                                                             0.0000 3.1789 
        markers:core/if:acc#1                  mgc_add_4_0_4_0_5                                              0.8536 4.0324 
        markers:core/if:acc#1.psp.sva                                                                         0.0000 4.0324 
        markers:core/slc(if:acc#1.psp.sva)                                                                    0.0000 4.0324 
        markers:core/slc(if:acc#1.psp.sva).itm                                                                0.0000 4.0324 
        markers:core/if:acc                    mgc_add_4_0_2_1_4                                              0.8599 4.8923 
        markers:core/if:acc.svs                                                                               0.0000 4.8923 
        markers:core/slc(if:acc.svs)#6                                                                        0.0000 4.8923 
        markers:core/slc(if:acc.svs)#6.itm                                                                    0.0000 4.8923 
        markers:core/or                        mgc_or_1_4                                                     0.5358 5.4281 
        markers:core/or.itm                                                                                   0.0000 5.4281 
        markers:core/exs                                                                                      0.0000 5.4281 
        markers:core/exs.itm                                                                                  0.0000 5.4281 
        markers:core/and                       mgc_and_4_3                                                    0.4161 5.8442 
        markers:core/and.itm                                                                                  0.0000 5.8442 
        markers:core/reg(acc#8(1).sva.dfm#2)   mgc_reg_pos_4_1_0_0_0_1_1                                      0.0000 5.8442 
                                                                                                                            
      5                                        markers:core/vga_xy       markers:core/reg(acc#8(1).sva.dfm#2) 5.8442 0.8225 
                                                                                                                            
        Instance                               Component                                                      Delta  Delay  
        --------                               ---------                                                      -----  -----  
        markers:core/vga_xy                                                                                   0.0000 0.0000 
        markers:core/slc(vga_xy#1)#14                                                                         0.0000 0.0000 
        markers:core/slc(vga_xy#1)#14.itm                                                                     0.0000 0.0000 
        markers:core/conc#61                                                                                  0.0000 0.0000 
        markers:core/conc#61.itm                                                                              0.0000 0.0000 
        markers:core/if:acc#2                  mgc_add_4_0_4_0_5                                              0.8536 0.8536 
        markers:core/if:acc#2.itm                                                                             0.0000 0.8536 
        markers:core/if:slc                                                                                   0.0000 0.8536 
        markers:core/if:slc.itm                                                                               0.0000 0.8536 
        markers:core/if:acc#4                  mgc_add_5_0_5_1_6                                              0.7751 1.6287 
        markers:core/if:acc#4.itm                                                                             0.0000 1.6287 
        markers:core/acc#9                     mgc_add_5_0_5_1_6                                              0.7751 2.4038 
        markers:core/acc.imod.sva                                                                             0.0000 2.4038 
        markers:core/slc(acc.imod.sva)                                                                        0.0000 2.4038 
        markers:core/slc(acc.imod.sva).itm                                                                    0.0000 2.4038 
        markers:core/if:not#3                  mgc_not_1                                                      0.0000 2.4038 
        markers:core/if:not#3.itm                                                                             0.0000 2.4038 
        markers:core/conc#58                                                                                  0.0000 2.4038 
        markers:core/conc#58.itm                                                                              0.0000 2.4038 
        markers:core/if:acc#5                  mgc_add_5_0_5_1_6                                              0.7751 3.1789 
        markers:core/if:acc#5.itm                                                                             0.0000 3.1789 
        markers:core/if:slc#2                                                                                 0.0000 3.1789 
        markers:core/if:slc#2.itm                                                                             0.0000 3.1789 
        markers:core/if:acc#1                  mgc_add_4_0_4_0_5                                              0.8536 4.0324 
        markers:core/if:acc#1.psp.sva                                                                         0.0000 4.0324 
        markers:core/slc(if:acc#1.psp.sva)                                                                    0.0000 4.0324 
        markers:core/slc(if:acc#1.psp.sva).itm                                                                0.0000 4.0324 
        markers:core/if:acc                    mgc_add_4_0_2_1_4                                              0.8599 4.8923 
        markers:core/if:acc.svs                                                                               0.0000 4.8923 
        markers:core/slc(if:acc.svs)#7                                                                        0.0000 4.8923 
        markers:core/slc(if:acc.svs)#7.itm                                                                    0.0000 4.8923 
        markers:core/or                        mgc_or_1_4                                                     0.5358 5.4281 
        markers:core/or.itm                                                                                   0.0000 5.4281 
        markers:core/exs                                                                                      0.0000 5.4281 
        markers:core/exs.itm                                                                                  0.0000 5.4281 
        markers:core/and                       mgc_and_4_3                                                    0.4161 5.8442 
        markers:core/and.itm                                                                                  0.0000 5.8442 
        markers:core/reg(acc#8(1).sva.dfm#2)   mgc_reg_pos_4_1_0_0_0_1_1                                      0.0000 5.8442 
                                                                                                                            
      6                                        markers:core/vga_xy       markers:core/reg(acc#8(1).sva.dfm#2) 5.8442 0.8225 
                                                                                                                            
        Instance                               Component                                                      Delta  Delay  
        --------                               ---------                                                      -----  -----  
        markers:core/vga_xy                                                                                   0.0000 0.0000 
        markers:core/slc(vga_xy#1)#15                                                                         0.0000 0.0000 
        markers:core/slc(vga_xy#1)#15.itm                                                                     0.0000 0.0000 
        markers:core/if:acc#2                  mgc_add_4_0_4_0_5                                              0.8536 0.8536 
        markers:core/if:acc#2.itm                                                                             0.0000 0.8536 
        markers:core/if:slc                                                                                   0.0000 0.8536 
        markers:core/if:slc.itm                                                                               0.0000 0.8536 
        markers:core/if:acc#4                  mgc_add_5_0_5_1_6                                              0.7751 1.6287 
        markers:core/if:acc#4.itm                                                                             0.0000 1.6287 
        markers:core/acc#9                     mgc_add_5_0_5_1_6                                              0.7751 2.4038 
        markers:core/acc.imod.sva                                                                             0.0000 2.4038 
        markers:core/slc(acc.imod.sva)                                                                        0.0000 2.4038 
        markers:core/slc(acc.imod.sva).itm                                                                    0.0000 2.4038 
        markers:core/if:not#3                  mgc_not_1                                                      0.0000 2.4038 
        markers:core/if:not#3.itm                                                                             0.0000 2.4038 
        markers:core/conc#58                                                                                  0.0000 2.4038 
        markers:core/conc#58.itm                                                                              0.0000 2.4038 
        markers:core/if:acc#5                  mgc_add_5_0_5_1_6                                              0.7751 3.1789 
        markers:core/if:acc#5.itm                                                                             0.0000 3.1789 
        markers:core/if:slc#2                                                                                 0.0000 3.1789 
        markers:core/if:slc#2.itm                                                                             0.0000 3.1789 
        markers:core/if:acc#1                  mgc_add_4_0_4_0_5                                              0.8536 4.0324 
        markers:core/if:acc#1.psp.sva                                                                         0.0000 4.0324 
        markers:core/slc(if:acc#1.psp.sva)                                                                    0.0000 4.0324 
        markers:core/slc(if:acc#1.psp.sva).itm                                                                0.0000 4.0324 
        markers:core/if:acc                    mgc_add_4_0_2_1_4                                              0.8599 4.8923 
        markers:core/if:acc.svs                                                                               0.0000 4.8923 
        markers:core/slc(if:acc.svs)#7                                                                        0.0000 4.8923 
        markers:core/slc(if:acc.svs)#7.itm                                                                    0.0000 4.8923 
        markers:core/or                        mgc_or_1_4                                                     0.5358 5.4281 
        markers:core/or.itm                                                                                   0.0000 5.4281 
        markers:core/exs                                                                                      0.0000 5.4281 
        markers:core/exs.itm                                                                                  0.0000 5.4281 
        markers:core/and                       mgc_and_4_3                                                    0.4161 5.8442 
        markers:core/and.itm                                                                                  0.0000 5.8442 
        markers:core/reg(acc#8(1).sva.dfm#2)   mgc_reg_pos_4_1_0_0_0_1_1                                      0.0000 5.8442 
                                                                                                                            
      7                                        markers:core/vga_xy       markers:core/reg(acc#8(1).sva.dfm#2) 5.8442 0.8225 
                                                                                                                            
        Instance                               Component                                                      Delta  Delay  
        --------                               ---------                                                      -----  -----  
        markers:core/vga_xy                                                                                   0.0000 0.0000 
        markers:core/slc(vga_xy#1)#14                                                                         0.0000 0.0000 
        markers:core/slc(vga_xy#1)#14.itm                                                                     0.0000 0.0000 
        markers:core/conc#61                                                                                  0.0000 0.0000 
        markers:core/conc#61.itm                                                                              0.0000 0.0000 
        markers:core/if:acc#2                  mgc_add_4_0_4_0_5                                              0.8536 0.8536 
        markers:core/if:acc#2.itm                                                                             0.0000 0.8536 
        markers:core/if:slc                                                                                   0.0000 0.8536 
        markers:core/if:slc.itm                                                                               0.0000 0.8536 
        markers:core/if:acc#4                  mgc_add_5_0_5_1_6                                              0.7751 1.6287 
        markers:core/if:acc#4.itm                                                                             0.0000 1.6287 
        markers:core/acc#9                     mgc_add_5_0_5_1_6                                              0.7751 2.4038 
        markers:core/acc.imod.sva                                                                             0.0000 2.4038 
        markers:core/slc(acc.imod.sva)#1                                                                      0.0000 2.4038 
        markers:core/slc(acc.imod.sva)#1.itm                                                                  0.0000 2.4038 
        markers:core/if:acc#5                  mgc_add_5_0_5_1_6                                              0.7751 3.1789 
        markers:core/if:acc#5.itm                                                                             0.0000 3.1789 
        markers:core/if:slc#2                                                                                 0.0000 3.1789 
        markers:core/if:slc#2.itm                                                                             0.0000 3.1789 
        markers:core/if:acc#1                  mgc_add_4_0_4_0_5                                              0.8536 4.0324 
        markers:core/if:acc#1.psp.sva                                                                         0.0000 4.0324 
        markers:core/slc(if:acc#1.psp.sva)                                                                    0.0000 4.0324 
        markers:core/slc(if:acc#1.psp.sva).itm                                                                0.0000 4.0324 
        markers:core/if:acc                    mgc_add_4_0_2_1_4                                              0.8599 4.8923 
        markers:core/if:acc.svs                                                                               0.0000 4.8923 
        markers:core/slc(if:acc.svs)#7                                                                        0.0000 4.8923 
        markers:core/slc(if:acc.svs)#7.itm                                                                    0.0000 4.8923 
        markers:core/or                        mgc_or_1_4                                                     0.5358 5.4281 
        markers:core/or.itm                                                                                   0.0000 5.4281 
        markers:core/exs                                                                                      0.0000 5.4281 
        markers:core/exs.itm                                                                                  0.0000 5.4281 
        markers:core/and                       mgc_and_4_3                                                    0.4161 5.8442 
        markers:core/and.itm                                                                                  0.0000 5.8442 
        markers:core/reg(acc#8(1).sva.dfm#2)   mgc_reg_pos_4_1_0_0_0_1_1                                      0.0000 5.8442 
                                                                                                                            
      8                                        markers:core/vga_xy       markers:core/reg(acc#8(1).sva.dfm#2) 5.8442 0.8225 
                                                                                                                            
        Instance                               Component                                                      Delta  Delay  
        --------                               ---------                                                      -----  -----  
        markers:core/vga_xy                                                                                   0.0000 0.0000 
        markers:core/slc(vga_xy#1)#14                                                                         0.0000 0.0000 
        markers:core/slc(vga_xy#1)#14.itm                                                                     0.0000 0.0000 
        markers:core/conc#61                                                                                  0.0000 0.0000 
        markers:core/conc#61.itm                                                                              0.0000 0.0000 
        markers:core/if:acc#2                  mgc_add_4_0_4_0_5                                              0.8536 0.8536 
        markers:core/if:acc#2.itm                                                                             0.0000 0.8536 
        markers:core/if:slc                                                                                   0.0000 0.8536 
        markers:core/if:slc.itm                                                                               0.0000 0.8536 
        markers:core/if:acc#4                  mgc_add_5_0_5_1_6                                              0.7751 1.6287 
        markers:core/if:acc#4.itm                                                                             0.0000 1.6287 
        markers:core/acc#9                     mgc_add_5_0_5_1_6                                              0.7751 2.4038 
        markers:core/acc.imod.sva                                                                             0.0000 2.4038 
        markers:core/slc(acc.imod.sva)                                                                        0.0000 2.4038 
        markers:core/slc(acc.imod.sva).itm                                                                    0.0000 2.4038 
        markers:core/if:not#3                  mgc_not_1                                                      0.0000 2.4038 
        markers:core/if:not#3.itm                                                                             0.0000 2.4038 
        markers:core/conc#58                                                                                  0.0000 2.4038 
        markers:core/conc#58.itm                                                                              0.0000 2.4038 
        markers:core/if:acc#5                  mgc_add_5_0_5_1_6                                              0.7751 3.1789 
        markers:core/if:acc#5.itm                                                                             0.0000 3.1789 
        markers:core/if:slc#2                                                                                 0.0000 3.1789 
        markers:core/if:slc#2.itm                                                                             0.0000 3.1789 
        markers:core/if:acc#1                  mgc_add_4_0_4_0_5                                              0.8536 4.0324 
        markers:core/if:acc#1.psp.sva                                                                         0.0000 4.0324 
        markers:core/if:acc                    mgc_add_4_0_2_1_4                                              0.8599 4.8923 
        markers:core/if:acc.svs                                                                               0.0000 4.8923 
        markers:core/slc(if:acc.svs)#7                                                                        0.0000 4.8923 
        markers:core/slc(if:acc.svs)#7.itm                                                                    0.0000 4.8923 
        markers:core/or                        mgc_or_1_4                                                     0.5358 5.4281 
        markers:core/or.itm                                                                                   0.0000 5.4281 
        markers:core/exs                                                                                      0.0000 5.4281 
        markers:core/exs.itm                                                                                  0.0000 5.4281 
        markers:core/and                       mgc_and_4_3                                                    0.4161 5.8442 
        markers:core/and.itm                                                                                  0.0000 5.8442 
        markers:core/reg(acc#8(1).sva.dfm#2)   mgc_reg_pos_4_1_0_0_0_1_1                                      0.0000 5.8442 
                                                                                                                            
      9                                        markers:core/vga_xy       markers:core/reg(acc#8(1).sva.dfm#2) 5.8442 0.8225 
                                                                                                                            
        Instance                               Component                                                      Delta  Delay  
        --------                               ---------                                                      -----  -----  
        markers:core/vga_xy                                                                                   0.0000 0.0000 
        markers:core/slc(vga_xy#1)#15                                                                         0.0000 0.0000 
        markers:core/slc(vga_xy#1)#15.itm                                                                     0.0000 0.0000 
        markers:core/if:acc#2                  mgc_add_4_0_4_0_5                                              0.8536 0.8536 
        markers:core/if:acc#2.itm                                                                             0.0000 0.8536 
        markers:core/if:slc                                                                                   0.0000 0.8536 
        markers:core/if:slc.itm                                                                               0.0000 0.8536 
        markers:core/if:acc#4                  mgc_add_5_0_5_1_6                                              0.7751 1.6287 
        markers:core/if:acc#4.itm                                                                             0.0000 1.6287 
        markers:core/acc#9                     mgc_add_5_0_5_1_6                                              0.7751 2.4038 
        markers:core/acc.imod.sva                                                                             0.0000 2.4038 
        markers:core/slc(acc.imod.sva)                                                                        0.0000 2.4038 
        markers:core/slc(acc.imod.sva).itm                                                                    0.0000 2.4038 
        markers:core/if:not#3                  mgc_not_1                                                      0.0000 2.4038 
        markers:core/if:not#3.itm                                                                             0.0000 2.4038 
        markers:core/conc#58                                                                                  0.0000 2.4038 
        markers:core/conc#58.itm                                                                              0.0000 2.4038 
        markers:core/if:acc#5                  mgc_add_5_0_5_1_6                                              0.7751 3.1789 
        markers:core/if:acc#5.itm                                                                             0.0000 3.1789 
        markers:core/if:slc#2                                                                                 0.0000 3.1789 
        markers:core/if:slc#2.itm                                                                             0.0000 3.1789 
        markers:core/if:acc#1                  mgc_add_4_0_4_0_5                                              0.8536 4.0324 
        markers:core/if:acc#1.psp.sva                                                                         0.0000 4.0324 
        markers:core/if:acc                    mgc_add_4_0_2_1_4                                              0.8599 4.8923 
        markers:core/if:acc.svs                                                                               0.0000 4.8923 
        markers:core/slc(if:acc.svs)#7                                                                        0.0000 4.8923 
        markers:core/slc(if:acc.svs)#7.itm                                                                    0.0000 4.8923 
        markers:core/or                        mgc_or_1_4                                                     0.5358 5.4281 
        markers:core/or.itm                                                                                   0.0000 5.4281 
        markers:core/exs                                                                                      0.0000 5.4281 
        markers:core/exs.itm                                                                                  0.0000 5.4281 
        markers:core/and                       mgc_and_4_3                                                    0.4161 5.8442 
        markers:core/and.itm                                                                                  0.0000 5.8442 
        markers:core/reg(acc#8(1).sva.dfm#2)   mgc_reg_pos_4_1_0_0_0_1_1                                      0.0000 5.8442 
                                                                                                                            
      10                                       markers:core/vga_xy       markers:core/reg(acc#8(1).sva.dfm#2) 5.8442 0.8225 
                                                                                                                            
        Instance                               Component                                                      Delta  Delay  
        --------                               ---------                                                      -----  -----  
        markers:core/vga_xy                                                                                   0.0000 0.0000 
        markers:core/slc(vga_xy#1)#14                                                                         0.0000 0.0000 
        markers:core/slc(vga_xy#1)#14.itm                                                                     0.0000 0.0000 
        markers:core/conc#61                                                                                  0.0000 0.0000 
        markers:core/conc#61.itm                                                                              0.0000 0.0000 
        markers:core/if:acc#2                  mgc_add_4_0_4_0_5                                              0.8536 0.8536 
        markers:core/if:acc#2.itm                                                                             0.0000 0.8536 
        markers:core/if:slc                                                                                   0.0000 0.8536 
        markers:core/if:slc.itm                                                                               0.0000 0.8536 
        markers:core/if:acc#4                  mgc_add_5_0_5_1_6                                              0.7751 1.6287 
        markers:core/if:acc#4.itm                                                                             0.0000 1.6287 
        markers:core/acc#9                     mgc_add_5_0_5_1_6                                              0.7751 2.4038 
        markers:core/acc.imod.sva                                                                             0.0000 2.4038 
        markers:core/slc(acc.imod.sva)#1                                                                      0.0000 2.4038 
        markers:core/slc(acc.imod.sva)#1.itm                                                                  0.0000 2.4038 
        markers:core/if:acc#5                  mgc_add_5_0_5_1_6                                              0.7751 3.1789 
        markers:core/if:acc#5.itm                                                                             0.0000 3.1789 
        markers:core/if:slc#2                                                                                 0.0000 3.1789 
        markers:core/if:slc#2.itm                                                                             0.0000 3.1789 
        markers:core/if:acc#1                  mgc_add_4_0_4_0_5                                              0.8536 4.0324 
        markers:core/if:acc#1.psp.sva                                                                         0.0000 4.0324 
        markers:core/if:acc                    mgc_add_4_0_2_1_4                                              0.8599 4.8923 
        markers:core/if:acc.svs                                                                               0.0000 4.8923 
        markers:core/slc(if:acc.svs)#7                                                                        0.0000 4.8923 
        markers:core/slc(if:acc.svs)#7.itm                                                                    0.0000 4.8923 
        markers:core/or                        mgc_or_1_4                                                     0.5358 5.4281 
        markers:core/or.itm                                                                                   0.0000 5.4281 
        markers:core/exs                                                                                      0.0000 5.4281 
        markers:core/exs.itm                                                                                  0.0000 5.4281 
        markers:core/and                       mgc_and_4_3                                                    0.4161 5.8442 
        markers:core/and.itm                                                                                  0.0000 5.8442 
        markers:core/reg(acc#8(1).sva.dfm#2)   mgc_reg_pos_4_1_0_0_0_1_1                                      0.0000 5.8442 
                                                                                                                            
      
    Register Input and Register-to-Output Slack
      Clock period or pin-to-reg delay constraint (clk): 6.666667
      Clock uncertainty constraint (clk)               : 0.0
      
      Instance                                         Port                      Slack (Delay) Messages 
      ------------------------------------------------ ------------------------ ------ ------- --------
      markers:core/reg(vout:rsc:mgc_out_stdreg.d)      mux.itm                  2.6595  4.0072          
      markers:core/reg(blue_xy(1).sva.dfm#4)           blue_xy(1).sva.dfm#4:mx0 3.6098  3.0569          
      markers:core/reg(aif#41:aif:slc.itm#2)           aif#41:aif:slc.itm#1     6.2977  0.3690          
      markers:core/reg(aif#39:slc.svs#2)               aif#39:slc.svs#1         6.6667  0.0000          
      markers:core/reg(land#14.lpi#1.dfm#1)            if#13:nor.itm            0.9573  5.7094          
      markers:core/reg(acc#8(1).sva.dfm#2)             and.itm                  0.8225  5.8442          
      markers:core/reg(blue_xy(0).sva.dfm#3)           and#1.itm                3.6098  3.0569          
      markers:core/reg(blue_xy(1).sva.dfm#3)           and#2.itm                3.6098  3.0569          
      markers:core/reg(land#4.lpi#1.dfm#1)             if#3:nor.itm             4.1347  2.5320          
      markers:core/reg(aif#17:slc.svs)                 aif#17:slc.svs:mx0       4.1347  2.5320          
      markers:core/reg(main.stage_0#2)                 C1023_10#2               6.6667  0.0000          
      markers:core/reg(main.stage_0#3)                 main.stage_0#2           6.2506  0.4161          
      markers:core/reg(aif#41:aif:slc.itm#1)           mux#11.itm               4.9276  1.7391          
      markers:core/reg(aif#39:slc.svs#1)               aif#39:slc.itm           5.2965  1.3701          
      markers:core/reg(deltay_square_blue:acc.psp.sva) mux#2.itm                4.4928  2.1739          
      markers                                          vout:rsc.z               6.6667  0.0000          
      markers                                          volume:rsc.z             6.6667  0.0000          
      
  Operator Bitwidth Summary
    Operation  Size (bits) Count 
    ---------- ----------- -----
    add                          
    -                   12     2 
    -                   11     7 
    -                    8     1 
    -                    6     4 
    -                    5     2 
    -                    4     2 
    -                    2     2 
    and                          
    -                    3     4 
    mux                          
    -                    1     8 
    nand                         
    -                    2     2 
    nor                          
    -                   20     1 
    -                   10     2 
    -                    4     1 
    -                    3     1 
    -                    2     1 
    not                          
    -                   10     9 
    -                    4     1 
    -                    1     5 
    or                           
    -                    4     1 
    -                    2     1 
    reg                          
    -                   30     1 
    -                   10     3 
    -                    4     1 
    -                    1    10 
    write_port                   
    -                   30     1 
    -                    8     1 
    
  End of Report
