-- Catapult University Version: Report                                              
-- ---------------------------- ---------------------------------------------------
-- Version:                     2011a.126 Production Release                        
-- Build Date:                  Wed Aug  8 00:52:07 PDT 2012                        
                                                                                    
-- Generated by:                mf2915@EEWS104A-015                                 
-- Generated date:              Fri May 06 15:36:04 +0100 2016                      

Solution Settings: markers.v80
  Current state: extract
  Project: Catapult
  
  Design Input Files Specified
    $PROJECT_HOME/../markers_source/shift_class.h
    $PROJECT_HOME/../markers_source/blur.c
      $MGC_HOME/shared/include/ac_fixed.h
        $MGC_HOME/shared/include/ac_int.h
      $PROJECT_HOME/../markers_source/blur.h
      $PROJECT_HOME/../markers_source/shift_class.h
    $PROJECT_HOME/../markers_source/blur.h
      $MGC_HOME/shared/include/ac_int.h
  
  Processes/Blocks in Design
    Process       Real Operation(s) count Latency Throughput Reset Length II Comments 
    ------------- ----------------------- ------- ---------- ------------ -- --------
    /markers/core                     136       4          1            0  1          
    Design Total:                     136       4          1            0  0          
    
  Bill Of Materials (Datapath)
    Component Name                          Area Score Area(LUTs) Delay Post Alloc Post Assign 
    --------------------------------------- ---------- ---------- ----- ---------- -----------
    [Lib: mgc_Altera-Cyclone-III-6_beh_psr]                                                    
    mgc_add(1,0,1,0,2)                           2.319      2.319 0.506          0           1 
    mgc_add(10,0,10,0,11)                       11.241     11.241 1.301          1           1 
    mgc_add(11,0,10,0,11)                       12.236     12.236 1.370          0           1 
    mgc_add(11,0,10,1,11)                       12.000     12.000 1.370          7           7 
    mgc_add(11,0,11,0,11)                       12.233     12.233 1.368          1           1 
    mgc_add(12,0,11,0,12)                       13.228     13.228 1.436          5           4 
    mgc_add(2,0,1,0,2)                           3.315      3.315 0.658          0           1 
    mgc_add(2,0,1,1,2)                           3.000      3.000 0.658          0           1 
    mgc_add(2,0,2,0,3)                           3.311      3.311 0.653          1           2 
    mgc_add(3,1,3,1,4)                           4.000      4.000 0.598          2           2 
    mgc_add(4,0,4,0,5)                           5.293      5.293 0.854          3           3 
    mgc_add(4,0,4,1,6)                           5.000      5.000 0.529          8           8 
    mgc_add(4,1,2,1,5)                           5.000      5.000 0.697          1           1 
    mgc_add(5,0,5,0,6)                           6.285      6.285 0.938          1           0 
    mgc_add(5,0,5,1,6)                           6.000      6.000 0.775          8           7 
    mgc_add(5,1,2,1,6)                           6.000      6.000 0.784          1           1 
    mgc_add(6,0,6,0,6)                           7.276      7.276 1.016          3           3 
    mgc_add(7,0,7,1,8)                           8.000      8.000 0.929          1           1 
    mgc_add(9,0,3,1,10)                         10.000     10.000 1.084          1           1 
    mgc_and(1,2)                                 0.730      0.730 0.263          0           2 
    mgc_and(1,3)                                 1.054      1.054 0.416          0           2 
    mgc_and(10,2)                                7.298      7.298 0.263          4           0 
    mgc_and(10,3)                               10.545     10.545 0.416          0           4 
    mgc_and(4,2)                                 2.919      2.919 0.263          2           0 
    mgc_and(4,3)                                 4.218      4.218 0.416          0           2 
    mgc_mux(1,1,2)                               0.919      0.919 0.369          0           5 
    mgc_mux(10,1,2)                              9.194      9.194 0.369          4           4 
    mgc_mux(30,1,2)                             27.583     27.583 0.369          0           1 
    mgc_mux(4,1,2)                               3.678      3.678 0.369          3           3 
    mgc_mux1hot(4,3)                             8.758      8.758 0.773          0           1 
    mgc_nand(1,2)                                0.730      0.730 0.268          0           4 
    mgc_nor(1,10)                                3.327      3.327 0.872          0           2 
    mgc_nor(1,2)                                 0.730      0.730 0.263          0           2 
    mgc_nor(1,20)                                6.573      6.573 1.135          0           2 
    mgc_nor(1,3)                                 1.054      1.054 0.416          0           1 
    mgc_nor(1,4)                                 1.379      1.379 0.525          0           2 
    mgc_not(1)                                   0.000      0.000 0.000          0          17 
    mgc_not(10)                                  0.000      0.000 0.000          0          14 
    mgc_not(4)                                   0.000      0.000 0.000          0           4 
    mgc_not(9)                                   0.000      0.000 0.000          0           1 
    mgc_or(1,2)                                  0.730      0.730 0.268          0           2 
    mgc_or(1,4)                                  1.379      1.379 0.536          0           1 
    mgc_or(1,7)                                  2.353      2.353 0.752          0           1 
    mgc_reg_pos(1,1,0,0,0,1,1)                   0.000      0.000 0.000          0          21 
    mgc_reg_pos(10,1,0,0,0,1,1)                  0.000      0.000 0.000          0           6 
    mgc_reg_pos(2,1,0,0,0,1,1)                   0.000      0.000 0.000          0           2 
    mgc_reg_pos(3,1,0,0,0,1,1)                   0.000      0.000 0.000          0           2 
    mgc_reg_pos(30,1,0,0,0,1,1)                  0.000      0.000 0.000          0           1 
    mgc_reg_pos(4,1,0,0,0,1,1)                   0.000      0.000 0.000          0           6 
    [Lib: mgc_ioport]                                                                          
    mgc_out_stdreg(2,30)                         0.000      0.000 0.000          1           1 
    mgc_out_stdreg(4,4)                          0.000      0.000 0.000          1           1 
                                                                                               
    TOTAL AREA (After Assignment):             520.700    521.000                              
    
  Area Scores
                      Post-Scheduling  Post-DP & FSM Post-Assignment 
    ----------------- --------------- -------------- ---------------
    Total Area Score:    428.8          585.9           520.7        
    Total Reg:             0.0            0.0             0.0        
                                                                     
    DataPath:            428.8 (100%)   585.9 (100%)    520.7 (100%) 
      MUX:                47.8  (11%)   162.5  (28%)     88.7  (17%) 
      FUNC:              345.9  (81%)   345.3  (59%)    344.6  (66%) 
      LOGIC:              35.0   (8%)    78.1  (13%)     87.4  (17%) 
      BUFFER:              0.0            0.0             0.0        
      MEM:                 0.0            0.0             0.0        
      ROM:                 0.0            0.0             0.0        
      REG:                 0.0            0.0             0.0        
                                                                     
    
    FSM:                   0.0            0.0             0.0        
      FSM-REG:             0.0            0.0             0.0        
      FSM-COMB:            0.0            0.0             0.0        
                                                                     
    
  Register-to-Variable Mappings
    Register                                Size(bits) Gated Register CG Opt Done Variables                                             
    --------------------------------------- ---------- -------------- ----------- -----------------------------------------------------
    vout:rsc:mgc_out_stdreg.d                       30         Y                  vout:rsc:mgc_out_stdreg.d                             
    blue_xy(0).sva.dfm#3                            10         Y                  blue_xy(0).sva.dfm#3                                  
    blue_xy(1).sva.dfm#3                            10         Y                  blue_xy(1).sva.dfm#3                                  
    blue_xy(1).sva.dfm#4                            10         Y                  blue_xy(1).sva.dfm#4                                  
    red_xy(0).sva.dfm#3                             10         Y                  red_xy(0).sva.dfm#3                                   
    red_xy(1).sva.dfm#3                             10         Y                  red_xy(1).sva.dfm#3                                   
    red_xy(1).sva.dfm#4                             10         Y                  red_xy(1).sva.dfm#4                                   
    acc#12(0).sva#3                                  4         Y                  acc#12(0).sva#3                                       
    acc#12(0).sva.dfm#2                              4         Y                  acc#12(0).sva.dfm#2                                   
    acc#12(1).sva.dfm#2                              4         Y                  acc#12(1).sva.dfm#2                                   
    volume:rsc:mgc_out_stdreg.d                      4         Y                  volume:rsc:mgc_out_stdreg.d                           
    volume_current:slc(acc.idiv)#3.itm#1             4         Y                  volume_current:slc(acc.idiv)#3.itm#1                  
    volume_previous.sva                              4         Y                  volume_previous.sva                                   
    volume_current:slc(acc.idiv)#13.itm#1            3         Y                  volume_current:slc(acc.idiv)#13.itm#1                 
    volume_current:slc(acc.idiv)#13.itm#2            3         Y                  volume_current:slc(acc.idiv)#13.itm#2                 
    volume_current:slc#2.itm#1                       2         Y                  volume_current:slc#2.itm#1                            
    volume_current:slc(acc.idiv)#12.itm#2            2         Y                  volume_current:slc(acc.idiv)#12.itm#2                 
    aif#17:slc.svs                                   1         Y                  aif#17:slc.svs                                        
    and#1.itm#1                                      1         Y                  and#1.itm#1                                           
    and#11.itm#1                                     1         Y                  and#11.itm#1                                          
    land#12.lpi#1.dfm.st#1                           1         Y                  land#12.lpi#1.dfm.st#1                                
    land#13.lpi#1.dfm#1                              1         Y                  land#13.lpi#1.dfm#1                                   
    land#14.lpi#1.dfm.st#1                           1         Y                  land#14.lpi#1.dfm.st#1                                
    land#2.lpi#1.dfm#1                               1         Y                  land#2.lpi#1.dfm#1                                    
    land#4.lpi#1.dfm#1                               1         Y                  land#4.lpi#1.dfm#1                                    
    main.stage_0#2                                   1         Y                  main.stage_0#2                                        
    main.stage_0#3                                   1         Y                  main.stage_0#3                                        
    main.stage_0#4                                   1         Y                  main.stage_0#4                                        
    reg(deltay_square_blue:acc.psp.sva).tmp          1         Y                  reg(deltay_square_blue:acc.psp.sva).tmp               
    reg(deltay_square_red:acc.psp.sva).tmp           1         Y                  reg(deltay_square_red:acc.psp.sva).tmp                
    volume_current:nand.itm#1                        1         Y                  volume_current:nand.itm#1                             
    volume_current:slc(acc.idiv)#10.itm#2            1         Y                  volume_current:slc(acc.idiv)#10.itm#2                 
    volume_current:slc(acc.idiv)#14.itm#2            1         Y                  volume_current:slc(acc.idiv)#14.itm#2                 
    volume_current:slc(acc.idiv)#15.itm#1            1         Y                  volume_current:slc(acc.idiv)#15.itm#1                 
    volume_current:slc(acc.idiv)#16.itm#1            1         Y                  volume_current:slc(acc.idiv)#16.itm#1                 
    volume_current:slc(acc.idiv)#4.itm#1             1         Y                  volume_current:slc(acc.idiv)#4.itm#1                  
    volume_current:slc(acc.idiv)#7.itm#1             1         Y                  volume_current:slc(acc.idiv)#7.itm#1                  
    volume_current:slc(acc.idiv).itm#1               1         Y                  volume_current:slc(acc.idiv).itm#1                    
                                                                                                                                        
    Total:                                         145            145           0 (Total Gating Ratio: 1.00, CG Opt Gating Ratio: 0.00) 
    
  Timing Report
    Critical Path
      Max Delay:  6.261987
      Slack:      0.40467999999999993
      
      Path                                                     Startpoint                                             Endpoint                      Delay  Slack  
      -------------------------------------------------------- ------------------------------------------------------ ----------------------------- ------ ------
      1                                                        markers:core/reg(volume_current:slc(acc.idiv)#4.itm#1) markers:core/reg(and#1.itm#1) 6.2620 0.4047 
                                                                                                                                                                  
        Instance                                               Component                                                                            Delta  Delay  
        --------                                               ---------                                                                            -----  -----  
        markers:core/reg(volume_current:slc(acc.idiv)#4.itm#1) mgc_reg_pos_1_1_0_0_0_1_1                                                            0.0000 0.0000 
        markers:core/volume_current:slc(acc.idiv)#4.itm#1                                                                                           0.0000 0.0000 
        markers:core/volume_current:not#3                      mgc_not_1                                                                            0.0000 0.0000 
        markers:core/volume_current:not#3.itm                                                                                                       0.0000 0.0000 
        markers:core/conc#138                                                                                                                       0.0000 0.0000 
        markers:core/conc#138.itm                                                                                                                   0.0000 0.0000 
        markers:core/volume_current:acc#15                     mgc_add_2_0_1_1_2                                                                    0.6577 0.6577 
        markers:core/volume_current:acc#15.itm                                                                                                      0.0000 0.6577 
        markers:core/conc#135                                                                                                                       0.0000 0.6577 
        markers:core/conc#135.itm                                                                                                                   0.0000 0.6577 
        markers:core/volume_current:acc#7                      mgc_add_5_0_5_1_6                                                                    0.7751 1.4328 
        markers:core/volume_current:acc#7.itm                                                                                                       0.0000 1.4328 
        markers:core/volume_current:acc#8                      mgc_add_6_0_6_0_6                                                                    1.0162 2.4490 
        markers:core/volume_current:acc#8.itm                                                                                                       0.0000 2.4490 
        markers:core/volume_current:acc#1                      mgc_add_6_0_6_0_6                                                                    1.0162 3.4652 
        markers:core/conc.imod.sg1.sva                                                                                                              0.0000 3.4652 
        markers:core/slc(conc.imod.sg1.sva#3)                                                                                                       0.0000 3.4652 
        markers:core/slc(conc.imod.sg1.sva#3).itm                                                                                                   0.0000 3.4652 
        markers:core/conc#131                                                                                                                       0.0000 3.4652 
        markers:core/conc#131.itm                                                                                                                   0.0000 3.4652 
        markers:core/volume_current:acc#10                     mgc_add_4_0_4_0_5                                                                    0.8536 4.3188 
        markers:core/volume_current:acc#10.itm                                                                                                      0.0000 4.3188 
        markers:core/volume_current:acc#2                      mgc_add_5_0_5_1_6                                                                    0.7751 5.0939 
        markers:core/conc.imod#1.sg1.sva                                                                                                            0.0000 5.0939 
        markers:core/slc(conc.imod#1.sg1.sva#2)                                                                                                     0.0000 5.0939 
        markers:core/slc(conc.imod#1.sg1.sva#2).itm                                                                                                 0.0000 5.0939 
        markers:core/volume_current:or                         mgc_or_1_7                                                                           0.7520 5.8459 
        markers:core/volume_current:or.itm                                                                                                          0.0000 5.8459 
        markers:core/and#1                                     mgc_and_1_3                                                                          0.4161 6.2620 
        markers:core/and#1.itm                                                                                                                      0.0000 6.2620 
        markers:core/reg(and#1.itm#1)                          mgc_reg_pos_1_1_0_0_0_1_1                                                            0.0000 6.2620 
                                                                                                                                                                  
      2                                                        markers:core/reg(volume_current:slc(acc.idiv)#4.itm#1) markers:core/reg(and#1.itm#1) 6.2620 0.4047 
                                                                                                                                                                  
        Instance                                               Component                                                                            Delta  Delay  
        --------                                               ---------                                                                            -----  -----  
        markers:core/reg(volume_current:slc(acc.idiv)#4.itm#1) mgc_reg_pos_1_1_0_0_0_1_1                                                            0.0000 0.0000 
        markers:core/volume_current:slc(acc.idiv)#4.itm#1                                                                                           0.0000 0.0000 
        markers:core/volume_current:not#3                      mgc_not_1                                                                            0.0000 0.0000 
        markers:core/volume_current:not#3.itm                                                                                                       0.0000 0.0000 
        markers:core/conc#138                                                                                                                       0.0000 0.0000 
        markers:core/conc#138.itm                                                                                                                   0.0000 0.0000 
        markers:core/volume_current:acc#15                     mgc_add_2_0_1_1_2                                                                    0.6577 0.6577 
        markers:core/volume_current:acc#15.itm                                                                                                      0.0000 0.6577 
        markers:core/conc#135                                                                                                                       0.0000 0.6577 
        markers:core/conc#135.itm                                                                                                                   0.0000 0.6577 
        markers:core/volume_current:acc#7                      mgc_add_5_0_5_1_6                                                                    0.7751 1.4328 
        markers:core/volume_current:acc#7.itm                                                                                                       0.0000 1.4328 
        markers:core/volume_current:acc#8                      mgc_add_6_0_6_0_6                                                                    1.0162 2.4490 
        markers:core/volume_current:acc#8.itm                                                                                                       0.0000 2.4490 
        markers:core/volume_current:acc#1                      mgc_add_6_0_6_0_6                                                                    1.0162 3.4652 
        markers:core/conc.imod.sg1.sva                                                                                                              0.0000 3.4652 
        markers:core/slc(conc.imod.sg1.sva#3)                                                                                                       0.0000 3.4652 
        markers:core/slc(conc.imod.sg1.sva#3).itm                                                                                                   0.0000 3.4652 
        markers:core/conc#131                                                                                                                       0.0000 3.4652 
        markers:core/conc#131.itm                                                                                                                   0.0000 3.4652 
        markers:core/volume_current:acc#10                     mgc_add_4_0_4_0_5                                                                    0.8536 4.3188 
        markers:core/volume_current:acc#10.itm                                                                                                      0.0000 4.3188 
        markers:core/volume_current:acc#2                      mgc_add_5_0_5_1_6                                                                    0.7751 5.0939 
        markers:core/conc.imod#1.sg1.sva                                                                                                            0.0000 5.0939 
        markers:core/slc(conc.imod#1.sg1.sva#3)                                                                                                     0.0000 5.0939 
        markers:core/slc(conc.imod#1.sg1.sva#3).itm                                                                                                 0.0000 5.0939 
        markers:core/volume_current:or                         mgc_or_1_7                                                                           0.7520 5.8459 
        markers:core/volume_current:or.itm                                                                                                          0.0000 5.8459 
        markers:core/and#1                                     mgc_and_1_3                                                                          0.4161 6.2620 
        markers:core/and#1.itm                                                                                                                      0.0000 6.2620 
        markers:core/reg(and#1.itm#1)                          mgc_reg_pos_1_1_0_0_0_1_1                                                            0.0000 6.2620 
                                                                                                                                                                  
      3                                                        markers:core/reg(volume_current:slc(acc.idiv)#4.itm#1) markers:core/reg(and#1.itm#1) 6.2620 0.4047 
                                                                                                                                                                  
        Instance                                               Component                                                                            Delta  Delay  
        --------                                               ---------                                                                            -----  -----  
        markers:core/reg(volume_current:slc(acc.idiv)#4.itm#1) mgc_reg_pos_1_1_0_0_0_1_1                                                            0.0000 0.0000 
        markers:core/volume_current:slc(acc.idiv)#4.itm#1                                                                                           0.0000 0.0000 
        markers:core/volume_current:not#3                      mgc_not_1                                                                            0.0000 0.0000 
        markers:core/volume_current:not#3.itm                                                                                                       0.0000 0.0000 
        markers:core/conc#138                                                                                                                       0.0000 0.0000 
        markers:core/conc#138.itm                                                                                                                   0.0000 0.0000 
        markers:core/volume_current:acc#15                     mgc_add_2_0_1_1_2                                                                    0.6577 0.6577 
        markers:core/volume_current:acc#15.itm                                                                                                      0.0000 0.6577 
        markers:core/conc#135                                                                                                                       0.0000 0.6577 
        markers:core/conc#135.itm                                                                                                                   0.0000 0.6577 
        markers:core/volume_current:acc#7                      mgc_add_5_0_5_1_6                                                                    0.7751 1.4328 
        markers:core/volume_current:acc#7.itm                                                                                                       0.0000 1.4328 
        markers:core/volume_current:acc#8                      mgc_add_6_0_6_0_6                                                                    1.0162 2.4490 
        markers:core/volume_current:acc#8.itm                                                                                                       0.0000 2.4490 
        markers:core/volume_current:acc#1                      mgc_add_6_0_6_0_6                                                                    1.0162 3.4652 
        markers:core/conc.imod.sg1.sva                                                                                                              0.0000 3.4652 
        markers:core/slc(conc.imod.sg1.sva#3)                                                                                                       0.0000 3.4652 
        markers:core/slc(conc.imod.sg1.sva#3).itm                                                                                                   0.0000 3.4652 
        markers:core/conc#131                                                                                                                       0.0000 3.4652 
        markers:core/conc#131.itm                                                                                                                   0.0000 3.4652 
        markers:core/volume_current:acc#10                     mgc_add_4_0_4_0_5                                                                    0.8536 4.3188 
        markers:core/volume_current:acc#10.itm                                                                                                      0.0000 4.3188 
        markers:core/volume_current:acc#2                      mgc_add_5_0_5_1_6                                                                    0.7751 5.0939 
        markers:core/conc.imod#1.sg1.sva                                                                                                            0.0000 5.0939 
        markers:core/slc(conc.imod#1.sg1.sva#5)                                                                                                     0.0000 5.0939 
        markers:core/slc(conc.imod#1.sg1.sva#5).itm                                                                                                 0.0000 5.0939 
        markers:core/volume_current:or                         mgc_or_1_7                                                                           0.7520 5.8459 
        markers:core/volume_current:or.itm                                                                                                          0.0000 5.8459 
        markers:core/and#1                                     mgc_and_1_3                                                                          0.4161 6.2620 
        markers:core/and#1.itm                                                                                                                      0.0000 6.2620 
        markers:core/reg(and#1.itm#1)                          mgc_reg_pos_1_1_0_0_0_1_1                                                            0.0000 6.2620 
                                                                                                                                                                  
      4                                                        markers:core/reg(volume_current:slc(acc.idiv)#4.itm#1) markers:core/reg(and#1.itm#1) 6.2620 0.4047 
                                                                                                                                                                  
        Instance                                               Component                                                                            Delta  Delay  
        --------                                               ---------                                                                            -----  -----  
        markers:core/reg(volume_current:slc(acc.idiv)#4.itm#1) mgc_reg_pos_1_1_0_0_0_1_1                                                            0.0000 0.0000 
        markers:core/volume_current:slc(acc.idiv)#4.itm#1                                                                                           0.0000 0.0000 
        markers:core/volume_current:not#3                      mgc_not_1                                                                            0.0000 0.0000 
        markers:core/volume_current:not#3.itm                                                                                                       0.0000 0.0000 
        markers:core/conc#138                                                                                                                       0.0000 0.0000 
        markers:core/conc#138.itm                                                                                                                   0.0000 0.0000 
        markers:core/volume_current:acc#15                     mgc_add_2_0_1_1_2                                                                    0.6577 0.6577 
        markers:core/volume_current:acc#15.itm                                                                                                      0.0000 0.6577 
        markers:core/conc#135                                                                                                                       0.0000 0.6577 
        markers:core/conc#135.itm                                                                                                                   0.0000 0.6577 
        markers:core/volume_current:acc#7                      mgc_add_5_0_5_1_6                                                                    0.7751 1.4328 
        markers:core/volume_current:acc#7.itm                                                                                                       0.0000 1.4328 
        markers:core/volume_current:acc#8                      mgc_add_6_0_6_0_6                                                                    1.0162 2.4490 
        markers:core/volume_current:acc#8.itm                                                                                                       0.0000 2.4490 
        markers:core/volume_current:acc#1                      mgc_add_6_0_6_0_6                                                                    1.0162 3.4652 
        markers:core/conc.imod.sg1.sva                                                                                                              0.0000 3.4652 
        markers:core/slc(conc.imod.sg1.sva#4)                                                                                                       0.0000 3.4652 
        markers:core/slc(conc.imod.sg1.sva#4).itm                                                                                                   0.0000 3.4652 
        markers:core/volume_current:acc#10                     mgc_add_4_0_4_0_5                                                                    0.8536 4.3188 
        markers:core/volume_current:acc#10.itm                                                                                                      0.0000 4.3188 
        markers:core/volume_current:acc#2                      mgc_add_5_0_5_1_6                                                                    0.7751 5.0939 
        markers:core/conc.imod#1.sg1.sva                                                                                                            0.0000 5.0939 
        markers:core/slc(conc.imod#1.sg1.sva#5)                                                                                                     0.0000 5.0939 
        markers:core/slc(conc.imod#1.sg1.sva#5).itm                                                                                                 0.0000 5.0939 
        markers:core/volume_current:or                         mgc_or_1_7                                                                           0.7520 5.8459 
        markers:core/volume_current:or.itm                                                                                                          0.0000 5.8459 
        markers:core/and#1                                     mgc_and_1_3                                                                          0.4161 6.2620 
        markers:core/and#1.itm                                                                                                                      0.0000 6.2620 
        markers:core/reg(and#1.itm#1)                          mgc_reg_pos_1_1_0_0_0_1_1                                                            0.0000 6.2620 
                                                                                                                                                                  
      5                                                        markers:core/reg(volume_current:slc(acc.idiv)#4.itm#1) markers:core/reg(and#1.itm#1) 6.2620 0.4047 
                                                                                                                                                                  
        Instance                                               Component                                                                            Delta  Delay  
        --------                                               ---------                                                                            -----  -----  
        markers:core/reg(volume_current:slc(acc.idiv)#4.itm#1) mgc_reg_pos_1_1_0_0_0_1_1                                                            0.0000 0.0000 
        markers:core/volume_current:slc(acc.idiv)#4.itm#1                                                                                           0.0000 0.0000 
        markers:core/volume_current:not#3                      mgc_not_1                                                                            0.0000 0.0000 
        markers:core/volume_current:not#3.itm                                                                                                       0.0000 0.0000 
        markers:core/conc#138                                                                                                                       0.0000 0.0000 
        markers:core/conc#138.itm                                                                                                                   0.0000 0.0000 
        markers:core/volume_current:acc#15                     mgc_add_2_0_1_1_2                                                                    0.6577 0.6577 
        markers:core/volume_current:acc#15.itm                                                                                                      0.0000 0.6577 
        markers:core/conc#135                                                                                                                       0.0000 0.6577 
        markers:core/conc#135.itm                                                                                                                   0.0000 0.6577 
        markers:core/volume_current:acc#7                      mgc_add_5_0_5_1_6                                                                    0.7751 1.4328 
        markers:core/volume_current:acc#7.itm                                                                                                       0.0000 1.4328 
        markers:core/volume_current:acc#8                      mgc_add_6_0_6_0_6                                                                    1.0162 2.4490 
        markers:core/volume_current:acc#8.itm                                                                                                       0.0000 2.4490 
        markers:core/volume_current:acc#1                      mgc_add_6_0_6_0_6                                                                    1.0162 3.4652 
        markers:core/conc.imod.sg1.sva                                                                                                              0.0000 3.4652 
        markers:core/slc(conc.imod.sg1.sva#1)#2                                                                                                     0.0000 3.4652 
        markers:core/slc(conc.imod.sg1.sva#1)#2.itm                                                                                                 0.0000 3.4652 
        markers:core/volume_current:not#4                      mgc_not_1                                                                            0.0000 3.4652 
        markers:core/volume_current:not#4.itm                                                                                                       0.0000 3.4652 
        markers:core/conc#132                                                                                                                       0.0000 3.4652 
        markers:core/conc#132.itm                                                                                                                   0.0000 3.4652 
        markers:core/volume_current:acc#9                      mgc_add_4_0_4_0_5                                                                    0.8536 4.3188 
        markers:core/volume_current:acc#9.itm                                                                                                       0.0000 4.3188 
        markers:core/volume_current:acc#2                      mgc_add_5_0_5_1_6                                                                    0.7751 5.0939 
        markers:core/conc.imod#1.sg1.sva                                                                                                            0.0000 5.0939 
        markers:core/slc(conc.imod#1.sg1.sva#5)                                                                                                     0.0000 5.0939 
        markers:core/slc(conc.imod#1.sg1.sva#5).itm                                                                                                 0.0000 5.0939 
        markers:core/volume_current:or                         mgc_or_1_7                                                                           0.7520 5.8459 
        markers:core/volume_current:or.itm                                                                                                          0.0000 5.8459 
        markers:core/and#1                                     mgc_and_1_3                                                                          0.4161 6.2620 
        markers:core/and#1.itm                                                                                                                      0.0000 6.2620 
        markers:core/reg(and#1.itm#1)                          mgc_reg_pos_1_1_0_0_0_1_1                                                            0.0000 6.2620 
                                                                                                                                                                  
      6                                                        markers:core/reg(volume_current:slc(acc.idiv)#4.itm#1) markers:core/reg(and#1.itm#1) 6.2620 0.4047 
                                                                                                                                                                  
        Instance                                               Component                                                                            Delta  Delay  
        --------                                               ---------                                                                            -----  -----  
        markers:core/reg(volume_current:slc(acc.idiv)#4.itm#1) mgc_reg_pos_1_1_0_0_0_1_1                                                            0.0000 0.0000 
        markers:core/volume_current:slc(acc.idiv)#4.itm#1                                                                                           0.0000 0.0000 
        markers:core/volume_current:not#3                      mgc_not_1                                                                            0.0000 0.0000 
        markers:core/volume_current:not#3.itm                                                                                                       0.0000 0.0000 
        markers:core/conc#138                                                                                                                       0.0000 0.0000 
        markers:core/conc#138.itm                                                                                                                   0.0000 0.0000 
        markers:core/volume_current:acc#15                     mgc_add_2_0_1_1_2                                                                    0.6577 0.6577 
        markers:core/volume_current:acc#15.itm                                                                                                      0.0000 0.6577 
        markers:core/conc#135                                                                                                                       0.0000 0.6577 
        markers:core/conc#135.itm                                                                                                                   0.0000 0.6577 
        markers:core/volume_current:acc#7                      mgc_add_5_0_5_1_6                                                                    0.7751 1.4328 
        markers:core/volume_current:acc#7.itm                                                                                                       0.0000 1.4328 
        markers:core/volume_current:acc#8                      mgc_add_6_0_6_0_6                                                                    1.0162 2.4490 
        markers:core/volume_current:acc#8.itm                                                                                                       0.0000 2.4490 
        markers:core/volume_current:acc#1                      mgc_add_6_0_6_0_6                                                                    1.0162 3.4652 
        markers:core/conc.imod.sg1.sva                                                                                                              0.0000 3.4652 
        markers:core/slc(conc.imod.sg1.sva#3)                                                                                                       0.0000 3.4652 
        markers:core/slc(conc.imod.sg1.sva#3).itm                                                                                                   0.0000 3.4652 
        markers:core/conc#131                                                                                                                       0.0000 3.4652 
        markers:core/conc#131.itm                                                                                                                   0.0000 3.4652 
        markers:core/volume_current:acc#10                     mgc_add_4_0_4_0_5                                                                    0.8536 4.3188 
        markers:core/volume_current:acc#10.itm                                                                                                      0.0000 4.3188 
        markers:core/volume_current:acc#2                      mgc_add_5_0_5_1_6                                                                    0.7751 5.0939 
        markers:core/conc.imod#1.sg1.sva                                                                                                            0.0000 5.0939 
        markers:core/slc(conc.imod#1.sg1.sva#4)                                                                                                     0.0000 5.0939 
        markers:core/slc(conc.imod#1.sg1.sva#4).itm                                                                                                 0.0000 5.0939 
        markers:core/volume_current:or                         mgc_or_1_7                                                                           0.7520 5.8459 
        markers:core/volume_current:or.itm                                                                                                          0.0000 5.8459 
        markers:core/and#1                                     mgc_and_1_3                                                                          0.4161 6.2620 
        markers:core/and#1.itm                                                                                                                      0.0000 6.2620 
        markers:core/reg(and#1.itm#1)                          mgc_reg_pos_1_1_0_0_0_1_1                                                            0.0000 6.2620 
                                                                                                                                                                  
      7                                                        markers:core/reg(volume_current:slc(acc.idiv)#4.itm#1) markers:core/reg(and#1.itm#1) 6.2620 0.4047 
                                                                                                                                                                  
        Instance                                               Component                                                                            Delta  Delay  
        --------                                               ---------                                                                            -----  -----  
        markers:core/reg(volume_current:slc(acc.idiv)#4.itm#1) mgc_reg_pos_1_1_0_0_0_1_1                                                            0.0000 0.0000 
        markers:core/volume_current:slc(acc.idiv)#4.itm#1                                                                                           0.0000 0.0000 
        markers:core/volume_current:not#3                      mgc_not_1                                                                            0.0000 0.0000 
        markers:core/volume_current:not#3.itm                                                                                                       0.0000 0.0000 
        markers:core/conc#138                                                                                                                       0.0000 0.0000 
        markers:core/conc#138.itm                                                                                                                   0.0000 0.0000 
        markers:core/volume_current:acc#15                     mgc_add_2_0_1_1_2                                                                    0.6577 0.6577 
        markers:core/volume_current:acc#15.itm                                                                                                      0.0000 0.6577 
        markers:core/conc#135                                                                                                                       0.0000 0.6577 
        markers:core/conc#135.itm                                                                                                                   0.0000 0.6577 
        markers:core/volume_current:acc#7                      mgc_add_5_0_5_1_6                                                                    0.7751 1.4328 
        markers:core/volume_current:acc#7.itm                                                                                                       0.0000 1.4328 
        markers:core/volume_current:acc#8                      mgc_add_6_0_6_0_6                                                                    1.0162 2.4490 
        markers:core/volume_current:acc#8.itm                                                                                                       0.0000 2.4490 
        markers:core/volume_current:acc#1                      mgc_add_6_0_6_0_6                                                                    1.0162 3.4652 
        markers:core/conc.imod.sg1.sva                                                                                                              0.0000 3.4652 
        markers:core/slc(conc.imod.sg1.sva#2)                                                                                                       0.0000 3.4652 
        markers:core/slc(conc.imod.sg1.sva#2).itm                                                                                                   0.0000 3.4652 
        markers:core/volume_current:not#6                      mgc_not_1                                                                            0.0000 3.4652 
        markers:core/volume_current:not#6.itm                                                                                                       0.0000 3.4652 
        markers:core/conc#133                                                                                                                       0.0000 3.4652 
        markers:core/conc#133.itm                                                                                                                   0.0000 3.4652 
        markers:core/volume_current:acc#9                      mgc_add_4_0_4_0_5                                                                    0.8536 4.3188 
        markers:core/volume_current:acc#9.itm                                                                                                       0.0000 4.3188 
        markers:core/volume_current:acc#2                      mgc_add_5_0_5_1_6                                                                    0.7751 5.0939 
        markers:core/conc.imod#1.sg1.sva                                                                                                            0.0000 5.0939 
        markers:core/slc(conc.imod#1.sg1.sva#5)                                                                                                     0.0000 5.0939 
        markers:core/slc(conc.imod#1.sg1.sva#5).itm                                                                                                 0.0000 5.0939 
        markers:core/volume_current:or                         mgc_or_1_7                                                                           0.7520 5.8459 
        markers:core/volume_current:or.itm                                                                                                          0.0000 5.8459 
        markers:core/and#1                                     mgc_and_1_3                                                                          0.4161 6.2620 
        markers:core/and#1.itm                                                                                                                      0.0000 6.2620 
        markers:core/reg(and#1.itm#1)                          mgc_reg_pos_1_1_0_0_0_1_1                                                            0.0000 6.2620 
                                                                                                                                                                  
      8                                                        markers:core/reg(volume_current:slc(acc.idiv)#4.itm#1) markers:core/reg(and#1.itm#1) 6.2620 0.4047 
                                                                                                                                                                  
        Instance                                               Component                                                                            Delta  Delay  
        --------                                               ---------                                                                            -----  -----  
        markers:core/reg(volume_current:slc(acc.idiv)#4.itm#1) mgc_reg_pos_1_1_0_0_0_1_1                                                            0.0000 0.0000 
        markers:core/volume_current:slc(acc.idiv)#4.itm#1                                                                                           0.0000 0.0000 
        markers:core/volume_current:not#3                      mgc_not_1                                                                            0.0000 0.0000 
        markers:core/volume_current:not#3.itm                                                                                                       0.0000 0.0000 
        markers:core/conc#138                                                                                                                       0.0000 0.0000 
        markers:core/conc#138.itm                                                                                                                   0.0000 0.0000 
        markers:core/volume_current:acc#15                     mgc_add_2_0_1_1_2                                                                    0.6577 0.6577 
        markers:core/volume_current:acc#15.itm                                                                                                      0.0000 0.6577 
        markers:core/conc#135                                                                                                                       0.0000 0.6577 
        markers:core/conc#135.itm                                                                                                                   0.0000 0.6577 
        markers:core/volume_current:acc#7                      mgc_add_5_0_5_1_6                                                                    0.7751 1.4328 
        markers:core/volume_current:acc#7.itm                                                                                                       0.0000 1.4328 
        markers:core/volume_current:acc#8                      mgc_add_6_0_6_0_6                                                                    1.0162 2.4490 
        markers:core/volume_current:acc#8.itm                                                                                                       0.0000 2.4490 
        markers:core/volume_current:acc#1                      mgc_add_6_0_6_0_6                                                                    1.0162 3.4652 
        markers:core/conc.imod.sg1.sva                                                                                                              0.0000 3.4652 
        markers:core/slc(conc.imod.sg1.sva#5)                                                                                                       0.0000 3.4652 
        markers:core/slc(conc.imod.sg1.sva#5).itm                                                                                                   0.0000 3.4652 
        markers:core/volume_current:not#14                     mgc_not_1                                                                            0.0000 3.4652 
        markers:core/volume_current:not#14.itm                                                                                                      0.0000 3.4652 
        markers:core/conc#132                                                                                                                       0.0000 3.4652 
        markers:core/conc#132.itm                                                                                                                   0.0000 3.4652 
        markers:core/volume_current:acc#9                      mgc_add_4_0_4_0_5                                                                    0.8536 4.3188 
        markers:core/volume_current:acc#9.itm                                                                                                       0.0000 4.3188 
        markers:core/volume_current:acc#2                      mgc_add_5_0_5_1_6                                                                    0.7751 5.0939 
        markers:core/conc.imod#1.sg1.sva                                                                                                            0.0000 5.0939 
        markers:core/slc(conc.imod#1.sg1.sva#5)                                                                                                     0.0000 5.0939 
        markers:core/slc(conc.imod#1.sg1.sva#5).itm                                                                                                 0.0000 5.0939 
        markers:core/volume_current:or                         mgc_or_1_7                                                                           0.7520 5.8459 
        markers:core/volume_current:or.itm                                                                                                          0.0000 5.8459 
        markers:core/and#1                                     mgc_and_1_3                                                                          0.4161 6.2620 
        markers:core/and#1.itm                                                                                                                      0.0000 6.2620 
        markers:core/reg(and#1.itm#1)                          mgc_reg_pos_1_1_0_0_0_1_1                                                            0.0000 6.2620 
                                                                                                                                                                  
      9                                                        markers:core/reg(volume_current:slc(acc.idiv)#4.itm#1) markers:core/reg(and#1.itm#1) 6.2620 0.4047 
                                                                                                                                                                  
        Instance                                               Component                                                                            Delta  Delay  
        --------                                               ---------                                                                            -----  -----  
        markers:core/reg(volume_current:slc(acc.idiv)#4.itm#1) mgc_reg_pos_1_1_0_0_0_1_1                                                            0.0000 0.0000 
        markers:core/volume_current:slc(acc.idiv)#4.itm#1                                                                                           0.0000 0.0000 
        markers:core/volume_current:not#3                      mgc_not_1                                                                            0.0000 0.0000 
        markers:core/volume_current:not#3.itm                                                                                                       0.0000 0.0000 
        markers:core/conc#138                                                                                                                       0.0000 0.0000 
        markers:core/conc#138.itm                                                                                                                   0.0000 0.0000 
        markers:core/volume_current:acc#15                     mgc_add_2_0_1_1_2                                                                    0.6577 0.6577 
        markers:core/volume_current:acc#15.itm                                                                                                      0.0000 0.6577 
        markers:core/conc#135                                                                                                                       0.0000 0.6577 
        markers:core/conc#135.itm                                                                                                                   0.0000 0.6577 
        markers:core/volume_current:acc#7                      mgc_add_5_0_5_1_6                                                                    0.7751 1.4328 
        markers:core/volume_current:acc#7.itm                                                                                                       0.0000 1.4328 
        markers:core/volume_current:acc#8                      mgc_add_6_0_6_0_6                                                                    1.0162 2.4490 
        markers:core/volume_current:acc#8.itm                                                                                                       0.0000 2.4490 
        markers:core/volume_current:acc#1                      mgc_add_6_0_6_0_6                                                                    1.0162 3.4652 
        markers:core/conc.imod.sg1.sva                                                                                                              0.0000 3.4652 
        markers:core/slc(conc.imod.sg1.sva#1)#2                                                                                                     0.0000 3.4652 
        markers:core/slc(conc.imod.sg1.sva#1)#2.itm                                                                                                 0.0000 3.4652 
        markers:core/volume_current:not#4                      mgc_not_1                                                                            0.0000 3.4652 
        markers:core/volume_current:not#4.itm                                                                                                       0.0000 3.4652 
        markers:core/conc#132                                                                                                                       0.0000 3.4652 
        markers:core/conc#132.itm                                                                                                                   0.0000 3.4652 
        markers:core/volume_current:acc#9                      mgc_add_4_0_4_0_5                                                                    0.8536 4.3188 
        markers:core/volume_current:acc#9.itm                                                                                                       0.0000 4.3188 
        markers:core/volume_current:acc#2                      mgc_add_5_0_5_1_6                                                                    0.7751 5.0939 
        markers:core/conc.imod#1.sg1.sva                                                                                                            0.0000 5.0939 
        markers:core/slc(conc.imod#1.sg1.sva#4)                                                                                                     0.0000 5.0939 
        markers:core/slc(conc.imod#1.sg1.sva#4).itm                                                                                                 0.0000 5.0939 
        markers:core/volume_current:or                         mgc_or_1_7                                                                           0.7520 5.8459 
        markers:core/volume_current:or.itm                                                                                                          0.0000 5.8459 
        markers:core/and#1                                     mgc_and_1_3                                                                          0.4161 6.2620 
        markers:core/and#1.itm                                                                                                                      0.0000 6.2620 
        markers:core/reg(and#1.itm#1)                          mgc_reg_pos_1_1_0_0_0_1_1                                                            0.0000 6.2620 
                                                                                                                                                                  
      10                                                       markers:core/reg(volume_current:slc(acc.idiv)#4.itm#1) markers:core/reg(and#1.itm#1) 6.2620 0.4047 
                                                                                                                                                                  
        Instance                                               Component                                                                            Delta  Delay  
        --------                                               ---------                                                                            -----  -----  
        markers:core/reg(volume_current:slc(acc.idiv)#4.itm#1) mgc_reg_pos_1_1_0_0_0_1_1                                                            0.0000 0.0000 
        markers:core/volume_current:slc(acc.idiv)#4.itm#1                                                                                           0.0000 0.0000 
        markers:core/volume_current:not#3                      mgc_not_1                                                                            0.0000 0.0000 
        markers:core/volume_current:not#3.itm                                                                                                       0.0000 0.0000 
        markers:core/conc#138                                                                                                                       0.0000 0.0000 
        markers:core/conc#138.itm                                                                                                                   0.0000 0.0000 
        markers:core/volume_current:acc#15                     mgc_add_2_0_1_1_2                                                                    0.6577 0.6577 
        markers:core/volume_current:acc#15.itm                                                                                                      0.0000 0.6577 
        markers:core/conc#135                                                                                                                       0.0000 0.6577 
        markers:core/conc#135.itm                                                                                                                   0.0000 0.6577 
        markers:core/volume_current:acc#7                      mgc_add_5_0_5_1_6                                                                    0.7751 1.4328 
        markers:core/volume_current:acc#7.itm                                                                                                       0.0000 1.4328 
        markers:core/volume_current:acc#8                      mgc_add_6_0_6_0_6                                                                    1.0162 2.4490 
        markers:core/volume_current:acc#8.itm                                                                                                       0.0000 2.4490 
        markers:core/volume_current:acc#1                      mgc_add_6_0_6_0_6                                                                    1.0162 3.4652 
        markers:core/conc.imod.sg1.sva                                                                                                              0.0000 3.4652 
        markers:core/slc(conc.imod.sg1.sva#4)                                                                                                       0.0000 3.4652 
        markers:core/slc(conc.imod.sg1.sva#4).itm                                                                                                   0.0000 3.4652 
        markers:core/volume_current:acc#10                     mgc_add_4_0_4_0_5                                                                    0.8536 4.3188 
        markers:core/volume_current:acc#10.itm                                                                                                      0.0000 4.3188 
        markers:core/volume_current:acc#2                      mgc_add_5_0_5_1_6                                                                    0.7751 5.0939 
        markers:core/conc.imod#1.sg1.sva                                                                                                            0.0000 5.0939 
        markers:core/slc(conc.imod#1.sg1.sva#4)                                                                                                     0.0000 5.0939 
        markers:core/slc(conc.imod#1.sg1.sva#4).itm                                                                                                 0.0000 5.0939 
        markers:core/volume_current:or                         mgc_or_1_7                                                                           0.7520 5.8459 
        markers:core/volume_current:or.itm                                                                                                          0.0000 5.8459 
        markers:core/and#1                                     mgc_and_1_3                                                                          0.4161 6.2620 
        markers:core/and#1.itm                                                                                                                      0.0000 6.2620 
        markers:core/reg(and#1.itm#1)                          mgc_reg_pos_1_1_0_0_0_1_1                                                            0.0000 6.2620 
                                                                                                                                                                  
      
    Register Input and Register-to-Output Slack
      Clock period or pin-to-reg delay constraint (clk): 6.666667
      Clock uncertainty constraint (clk)               : 0.0
      
      Instance                                                Port                                              Slack (Delay) Messages 
      ------------------------------------------------------- ------------------------------------------------ ------ ------- --------
      markers:core/reg(vout:rsc:mgc_out_stdreg.d)             mux.itm                                          6.2977  0.3690          
      markers:core/reg(volume:rsc:mgc_out_stdreg.d)           mux1h.itm                                        1.9074  4.7592          
      markers:core/reg(volume_previous.sva)                   mux#2.itm                                        2.3116  4.3551          
      markers:core/reg(and#11.itm#1)                          nor#1.itm                                        2.9195  3.7472          
      markers:core/reg(land#13.lpi#1.dfm#1)                   land#13.lpi#1.dfm                                2.9195  3.7472          
      markers:core/reg(volume_current:slc(acc.idiv)#12.itm#2) slc(volume_current:slc(acc.idiv)#13.itm#1)#4.itm 6.6667  0.0000          
      markers:core/reg(volume_current:slc(acc.idiv)#10.itm#2) volume_current:slc(acc.idiv).itm#1               0.4099  6.2568          
      markers:core/reg(volume_current:nand.itm#1)             volume_current:nand.itm                          1.3049  5.3618          
      markers:core/reg(volume_current:slc#2.itm#1)            volume_current:slc#2.itm                         2.5489  4.1177          
      markers:core/reg(and#1.itm#1)                           and#1.itm                                        0.4047  6.2620          
      markers:core/reg(volume_current:slc(acc.idiv)#13.itm#2) volume_current:slc(acc.idiv)#13.itm#1            1.0624  5.6043          
      markers:core/reg(volume_current:slc(acc.idiv)#14.itm#2) volume_current:slc(acc.idiv)#4.itm#1             0.4047  6.2620          
      markers:core/reg(red_xy(1).sva.dfm#4)                   red_xy(1).sva.dfm#4:mx0                          2.2142  4.4525          
      markers:core/reg(blue_xy(1).sva.dfm#4)                  blue_xy(1).sva.dfm#4:mx0                         1.6856  4.9811          
      markers:core/reg(land#14.lpi#1.dfm.st#1)                if#13:nor.itm                                    1.2886  5.3781          
      markers:core/reg(land#12.lpi#1.dfm.st#1)                if#12:nor.itm                                    1.8172  4.8495          
      markers:core/reg(acc#12(1).sva.dfm#2)                   and#2.itm                                        1.4788  5.1879          
      markers:core/reg(red_xy(0).sva.dfm#3)                   and#3.itm                                        4.4697  2.1970          
      markers:core/reg(red_xy(1).sva.dfm#3)                   and#4.itm                                        4.4697  2.1970          
      markers:core/reg(blue_xy(0).sva.dfm#3)                  and#5.itm                                        3.9411  2.7256          
      markers:core/reg(blue_xy(1).sva.dfm#3)                  and#6.itm                                        3.9411  2.7256          
      markers:core/reg(land#4.lpi#1.dfm#1)                    if#3:nor.itm                                     4.1347  2.5320          
      markers:core/reg(acc#12(0).sva.dfm#2)                   acc#12(0).sva.dfm                                0.9502  5.7165          
      markers:core/reg(acc#12(0).sva#3)                       if#2:acc.itm                                     0.9502  5.7165          
      markers:core/reg(land#2.lpi#1.dfm#1)                    if#2:nor.itm                                     4.8805  1.7862          
      markers:core/reg(aif#17:slc.svs)                        aif#17:slc.svs:mx0                               4.1347  2.5320          
      markers:core/reg(main.stage_0#2)                        C1023_10#2                                       6.6667  0.0000          
      markers:core/reg(main.stage_0#3)                        main.stage_0#2                                   5.7220  0.9447          
      markers:core/reg(main.stage_0#4)                        main.stage_0#3                                   6.2977  0.3690          
      markers:core/reg(volume_current:slc(acc.idiv)#15.itm#1) slc(volume_current:acc.psp)#3.itm                1.6856  4.9811          
      markers:core/reg(volume_current:slc(acc.idiv)#16.itm#1) slc(volume_current:acc.psp)#2.itm                1.6856  4.9811          
      markers:core/reg(volume_current:slc(acc.idiv)#7.itm#1)  slc(volume_current:acc.sdt).itm                  3.0557  3.6110          
      markers:core/reg(volume_current:slc(acc.idiv).itm#1)    slc(volume_current:acc.psp)#6.itm                1.6856  4.9811          
      markers:core/reg(volume_current:slc(acc.idiv)#4.itm#1)  slc(volume_current:acc.psp).itm                  1.6856  4.9811          
      markers:core/reg(volume_current:slc(acc.idiv)#3.itm#1)  slc(volume_current:acc.psp)#8.itm                1.6856  4.9811          
      markers:core/reg(volume_current:slc(acc.idiv)#13.itm#1) slc(volume_current:acc.psp)#1.itm                1.6856  4.9811          
      markers:core/reg(deltay_square_red:acc.psp.sva)         mux#5.itm                                        4.4928  2.1739          
      markers:core/reg(deltay_square_blue:acc.psp.sva)        mux#8.itm                                        4.4928  2.1739          
      markers                                                 vout:rsc.z                                       6.6667  0.0000          
      markers                                                 volume:rsc.z                                     6.6667  0.0000          
      
  Operator Bitwidth Summary
    Operation  Size (bits) Count 
    ---------- ----------- -----
    add                          
    -                   12     4 
    -                   11    10 
    -                   10     1 
    -                    8     1 
    -                    6    19 
    -                    5     4 
    -                    4     2 
    -                    3     2 
    -                    2     3 
    and                          
    -                    3     8 
    -                    2     2 
    mux                          
    -                    1    13 
    mux1h                        
    -                    3     1 
    nand                         
    -                    2     4 
    nor                          
    -                   20     2 
    -                   10     2 
    -                    4     2 
    -                    3     1 
    -                    2     2 
    not                          
    -                   10    14 
    -                    9     1 
    -                    4     4 
    -                    1    17 
    or                           
    -                    7     1 
    -                    4     1 
    -                    2     2 
    reg                          
    -                   30     1 
    -                   10     6 
    -                    4     6 
    -                    3     2 
    -                    2     2 
    -                    1    21 
    write_port                   
    -                   30     1 
    -                    4     1 
    
  End of Report
