-- Catapult University Version: Report                                              
-- ---------------------------- ---------------------------------------------------
-- Version:                     2011a.126 Production Release                        
-- Build Date:                  Wed Aug  8 00:52:07 PDT 2012                        
                                                                                    
-- Generated by:                mf2915@EEWS104A-015                                 
-- Generated date:              Wed May 04 16:40:43 +0100 2016                      

Solution Settings: markers.v47
  Current state: extract
  Project: Catapult
  
  Design Input Files Specified
    $PROJECT_HOME/../markers_source/shift_class.h
    $PROJECT_HOME/../markers_source/blur.c
      $MGC_HOME/shared/include/ac_fixed.h
        $MGC_HOME/shared/include/ac_int.h
      $PROJECT_HOME/../markers_source/blur.h
      $PROJECT_HOME/../markers_source/shift_class.h
    $PROJECT_HOME/../markers_source/blur.h
      $MGC_HOME/shared/include/ac_int.h
  
  Processes/Blocks in Design
    Process       Real Operation(s) count Latency Throughput Reset Length II Comments 
    ------------- ----------------------- ------- ---------- ------------ -- --------
    /markers/core                     118       6          1            0  1          
    Design Total:                     118       6          1            0  0          
    
  Bill Of Materials (Datapath)
    Component Name                          Area Score Area(LUTs) Delay Post Alloc Post Assign 
    --------------------------------------- ---------- ---------- ----- ---------- -----------
    [Lib: mgc_Altera-Cyclone-III-6_beh_psr]                                                    
    mgc_add(1,0,1,0,2)                           2.319      2.319 0.506          0           1 
    mgc_add(11,1,6,1,12)                        12.000     12.000 1.215          5           5 
    mgc_add(12,0,11,0,12)                       13.228     13.228 1.436          5           5 
    mgc_add(2,0,1,0,2)                           3.315      3.315 0.658          0           1 
    mgc_add(4,0,4,0,5)                           5.293      5.293 0.854          1           1 
    mgc_add(4,0,4,1,5)                           5.000      5.000 0.691          5           5 
    mgc_add(5,0,5,0,6)                           6.285      6.285 0.938          1           0 
    mgc_add(5,0,5,1,6)                           6.000      6.000 0.775          3           3 
    mgc_add(7,0,7,1,8)                           8.000      8.000 0.929          8           8 
    mgc_add(8,0,7,1,9)                           9.000      9.000 1.003          1           1 
    mgc_add(8,0,8,0,8)                           9.259      9.259 1.163          3           3 
    mgc_add(9,0,8,0,9)                          10.254     10.254 1.235          2           2 
    mgc_add(9,0,8,1,9)                          10.000     10.000 1.235          1           1 
    mgc_add(9,1,4,1,10)                         10.000     10.000 1.081          1           1 
    mgc_and(1,2)                                 0.730      0.730 0.263          0           6 
    mgc_and(1,3)                                 1.054      1.054 0.416          0           2 
    mgc_and(1,4)                                 1.379      1.379 0.525          0           2 
    mgc_and(10,2)                                7.298      7.298 0.263          2           0 
    mgc_and(10,3)                               10.545     10.545 0.416          0           2 
    mgc_and(4,2)                                 2.919      2.919 0.263          2           1 
    mgc_and(4,3)                                 4.218      4.218 0.416          0           1 
    mgc_mux(1,1,2)                               0.919      0.919 0.369          0          13 
    mgc_mux(10,1,2)                              9.194      9.194 0.369          7          11 
    mgc_mux(30,1,2)                             27.583     27.583 0.369          0           1 
    mgc_mux(4,1,2)                               3.678      3.678 0.369          2           1 
    mgc_mux1hot(4,3)                             8.758      8.758 0.773          0           1 
    mgc_nand(1,2)                                0.730      0.730 0.268          0           2 
    mgc_nor(1,10)                                3.327      3.327 0.872          0           3 
    mgc_nor(1,11)                                3.652      3.652 0.908          0           1 
    mgc_nor(1,2)                                 0.730      0.730 0.263          0           2 
    mgc_nor(1,20)                                6.573      6.573 1.135          0           1 
    mgc_nor(1,4)                                 1.379      1.379 0.525          0           2 
    mgc_nor(1,6)                                 2.028      2.028 0.679          0           1 
    mgc_not(1)                                   0.000      0.000 0.000          0          24 
    mgc_not(10)                                  0.000      0.000 0.000          0           5 
    mgc_not(11)                                  0.000      0.000 0.000          0           5 
    mgc_not(7)                                   0.000      0.000 0.000          0           5 
    mgc_not(8)                                   0.000      0.000 0.000          0           1 
    mgc_or(1,2)                                  0.730      0.730 0.268          0           5 
    mgc_or(1,21)                                 6.898      6.898 1.177          0           1 
    mgc_or(1,3)                                  1.054      1.054 0.425          0           4 
    mgc_or(1,4)                                  1.379      1.379 0.536          0           4 
    mgc_reg_pos(1,1,0,0,0,1,1)                   0.000      0.000 0.000          0          21 
    mgc_reg_pos(10,1,0,0,0,1,1)                  0.000      0.000 0.000          0          13 
    mgc_reg_pos(11,1,0,0,0,1,1)                  0.000      0.000 0.000          0           2 
    mgc_reg_pos(30,1,0,0,0,1,1)                  0.000      0.000 0.000          0           1 
    mgc_reg_pos(4,1,0,0,0,1,1)                   0.000      0.000 0.000          0           3 
    mgc_reg_pos(7,1,0,0,0,1,1)                   0.000      0.000 0.000          0           1 
    [Lib: mgc_ioport]                                                                          
    mgc_out_stdreg(2,30)                         0.000      0.000 0.000          1           1 
    mgc_out_stdreg(4,8)                          0.000      0.000 0.000          1           1 
                                                                                               
    TOTAL AREA (After Assignment):             560.123    560.000                              
    
  Area Scores
                      Post-Scheduling  Post-DP & FSM Post-Assignment 
    ----------------- --------------- -------------- ---------------
    Total Area Score:    414.1          707.1           560.1        
    Total Reg:             0.0            0.0             0.0        
                                                                     
    DataPath:            414.1 (100%)   707.1 (100%)    560.1 (100%) 
      MUX:                71.7  (17%)   296.0  (42%)    153.1  (27%) 
      FUNC:              322.0  (78%)   321.3  (45%)    321.3  (57%) 
      LOGIC:              20.4   (5%)    89.7  (13%)     85.7  (15%) 
      BUFFER:              0.0            0.0             0.0        
      MEM:                 0.0            0.0             0.0        
      ROM:                 0.0            0.0             0.0        
      REG:                 0.0            0.0             0.0        
                                                                     
    
    FSM:                   0.0            0.0             0.0        
      FSM-REG:             0.0            0.0             0.0        
      FSM-COMB:            0.0            0.0             0.0        
                                                                     
    
  Register-to-Variable Mappings
    Register                           Size(bits) Gated Register CG Opt Done Variables                                             
    ---------------------------------- ---------- -------------- ----------- -----------------------------------------------------
    vout:rsc:mgc_out_stdreg.d                  30         Y                  vout:rsc:mgc_out_stdreg.d                             
    deltax_red:acc.psp.sva#1                   11         Y                  deltax_red:acc.psp.sva#1                              
    deltay_blue:acc.psp.sva#1                  11         Y                  deltay_blue:acc.psp.sva#1                             
    blue_xy(0).sva                             10         Y                  blue_xy(0).sva                                        
    blue_xy(0).sva.dfm#2                       10         Y                  blue_xy(0).sva.dfm#2                                  
    blue_xy(0).sva.dfm#3                       10         Y                  blue_xy(0).sva.dfm#3                                  
    blue_xy(1).sva                             10         Y                  blue_xy(1).sva                                        
    blue_xy(1).sva.dfm#2                       10         Y                  blue_xy(1).sva.dfm#2                                  
    blue_xy(1).sva.dfm#3                       10         Y                  blue_xy(1).sva.dfm#3                                  
    red_xy(0).sva.dfm#3                        10         Y                  red_xy(0).sva.dfm#3                                   
    red_xy(0).sva.dfm#4                        10         Y                  red_xy(0).sva.dfm#4                                   
    red_xy(1).sva.dfm#3                        10         Y                  red_xy(1).sva.dfm#3                                   
    red_xy(1).sva.dfm#4                        10         Y                  red_xy(1).sva.dfm#4                                   
    red_xy_previous(0).sva                     10         Y                  red_xy_previous(0).sva                                
    red_xy_previous(1).sva                     10         Y                  red_xy_previous(1).sva                                
    red_xy_previous(1).sva.dfm#2               10         Y                  red_xy_previous(1).sva.dfm#2                          
    if#10:slc(deltax_square_red).itm#1          7         Y                  if#10:slc(deltax_square_red).itm#1                    
    acc#5(0).sva.dfm#2                          4         Y                  acc#5(0).sva.dfm#2                                    
    acc#5(1).sva                                4         Y                  acc#5(1).sva                                          
    acc#5(1).sva.dfm#3                          4         Y                  acc#5(1).sva.dfm#3                                    
    aif#31:slc.svs                              1         Y                  aif#31:slc.svs                                        
    aif#3:slc.svs                               1         Y                  aif#3:slc.svs                                         
    aif#7:slc.svs#1                             1         Y                  aif#7:slc.svs#1                                       
    else#10:aif#1:slc.svs                       1         Y                  else#10:aif#1:slc.svs                                 
    else#10:land#1.lpi#1.dfm                    1         Y                  else#10:land#1.lpi#1.dfm                              
    else#10:land#1.lpi#1.dfm#2                  1         Y                  else#10:land#1.lpi#1.dfm#2                            
    else#2:aif#1:slc.svs#1                      1         Y                  else#2:aif#1:slc.svs#1                                
    else#2:aif#2:slc.svs                        1         Y                  else#2:aif#2:slc.svs                                  
    else#2:land#2.lpi#1.dfm#2                   1         Y                  else#2:land#2.lpi#1.dfm#2                             
    land#1.lpi#1.dfm#1                          1         Y                  land#1.lpi#1.dfm#1                                    
    land#2.lpi#1.dfm#1                          1         Y                  land#2.lpi#1.dfm#1                                    
    land#4.lpi#1.dfm#1                          1         Y                  land#4.lpi#1.dfm#1                                    
    land#6.lpi#1.dfm#2                          1         Y                  land#6.lpi#1.dfm#2                                    
    land#6.lpi#1.dfm.st#1                       1         Y                  land#6.lpi#1.dfm.st#1                                 
    main.stage_0#2                              1         Y                  main.stage_0#2                                        
    main.stage_0#3                              1         Y                  main.stage_0#3                                        
    main.stage_0#4                              1         Y                  main.stage_0#4                                        
    main.stage_0#5                              1         Y                  main.stage_0#5                                        
    main.stage_0#6                              1         Y                  main.stage_0#6                                        
    slc#4.svs#1                                 1         Y                  slc#4.svs#1                                           
    unequal.tmp#5                               1         Y                  unequal.tmp#5                                         
                                                                                                                                   
    Total:                                    222            222           0 (Total Gating Ratio: 1.00, CG Opt Gating Ratio: 0.00) 
    
  Timing Report
    Critical Path
      Max Delay:  6.356232
      Slack:      0.310435
      
      Path                                              Startpoint                 Endpoint                                   Delay  Slack  
      ------------------------------------------------- -------------------------- ------------------------------------------ ------ ------
      1                                                 markers:core/vin           markers:core/reg(deltax_red:acc.psp.sva#1) 6.3562 0.3104 
                                                                                                                                            
        Instance                                        Component                                                             Delta  Delay  
        --------                                        ---------                                                             -----  -----  
        markers:core/vin                                                                                                      0.0000 0.0000 
        markers:core/slc(vin)#14                                                                                              0.0000 0.0000 
        markers:core/slc(vin)#14.itm                                                                                          0.0000 0.0000 
        markers:core/aif#7:aif:not#1                    mgc_not_8                                                             0.0000 0.0000 
        markers:core/aif#7:aif:not#1.itm                                                                                      0.0000 0.0000 
        markers:core/conc#107                                                                                                 0.0000 0.0000 
        markers:core/conc#107.itm                                                                                             0.0000 0.0000 
        markers:core/aif#7:aif:acc                      mgc_add_9_0_8_1_9                                                     1.2349 1.2349 
        markers:core/aif#7:aif:acc.itm                                                                                        0.0000 1.2349 
        markers:core/aif#7:aif:slc#4                                                                                          0.0000 1.2349 
        markers:core/aif#7:aif:slc#4.itm                                                                                      0.0000 1.2349 
        markers:core/or#50                              mgc_or_1_4                                                            0.5358 1.7707 
        markers:core/or#50.itm                                                                                                0.0000 1.7707 
        markers:core/mux#36                             mgc_mux_1_1_2                                                         0.3690 2.1397 
        markers:core/mux#36.itm                                                                                               0.0000 2.1397 
        markers:core/and#23                             mgc_and_1_2                                                           0.2625 2.4022 
        markers:core/and.dcpl#13                                                                                              0.0000 2.4022 
        markers:core/mux#20                             mgc_mux_10_1_2                                                        0.3690 2.7711 
        markers:core/red_xy(0).sva.dfm#4:mx0                                                                                  0.0000 2.7711 
        markers:core/slc(red_xy(0).sva.dfm#4:mx0)                                                                             0.0000 2.7711 
        markers:core/slc(red_xy(0).sva.dfm#4:mx0).itm                                                                         0.0000 2.7711 
        markers:core/if#8:nor#1                         mgc_nor_1_10                                                          0.8720 3.6432 
        markers:core/if#8:nor#1.itm                                                                                           0.0000 3.6432 
        markers:core/if#8:nor                           mgc_nor_1_11                                                          0.9081 4.5513 
        markers:core/if#8:nor.tmp                                                                                             0.0000 4.5513 
        markers:core/mux#21                             mgc_mux_10_1_2                                                        0.3690 4.9203 
        markers:core/mux#21.itm                                                                                               0.0000 4.9203 
        markers:core/deltax_red:not                     mgc_not_10                                                            0.0000 4.9203 
        markers:core/deltax_red:not.itm                                                                                       0.0000 4.9203 
        markers:core/conc#99                                                                                                  0.0000 4.9203 
        markers:core/conc#99.itm                                                                                              0.0000 4.9203 
        markers:core/deltax_red:acc#1                   mgc_add_12_0_11_0_12                                                  1.4360 6.3562 
        markers:core/deltax_red:acc#1.itm                                                                                     0.0000 6.3562 
        markers:core/deltax_red:slc                                                                                           0.0000 6.3562 
        markers:core/deltax_red:slc.itm                                                                                       0.0000 6.3562 
        markers:core/reg(deltax_red:acc.psp.sva#1)      mgc_reg_pos_11_1_0_0_0_1_1                                            0.0000 6.3562 
                                                                                                                                            
      2                                                 markers:core/vin           markers:core/reg(deltax_red:acc.psp.sva#1) 6.3562 0.3104 
                                                                                                                                            
        Instance                                        Component                                                             Delta  Delay  
        --------                                        ---------                                                             -----  -----  
        markers:core/vin                                                                                                      0.0000 0.0000 
        markers:core/slc(vin)#14                                                                                              0.0000 0.0000 
        markers:core/slc(vin)#14.itm                                                                                          0.0000 0.0000 
        markers:core/aif#7:aif:not#1                    mgc_not_8                                                             0.0000 0.0000 
        markers:core/aif#7:aif:not#1.itm                                                                                      0.0000 0.0000 
        markers:core/conc#107                                                                                                 0.0000 0.0000 
        markers:core/conc#107.itm                                                                                             0.0000 0.0000 
        markers:core/aif#7:aif:acc                      mgc_add_9_0_8_1_9                                                     1.2349 1.2349 
        markers:core/aif#7:aif:acc.itm                                                                                        0.0000 1.2349 
        markers:core/aif#7:aif:slc#4                                                                                          0.0000 1.2349 
        markers:core/aif#7:aif:slc#4.itm                                                                                      0.0000 1.2349 
        markers:core/or#50                              mgc_or_1_4                                                            0.5358 1.7707 
        markers:core/or#50.itm                                                                                                0.0000 1.7707 
        markers:core/mux#36                             mgc_mux_1_1_2                                                         0.3690 2.1397 
        markers:core/mux#36.itm                                                                                               0.0000 2.1397 
        markers:core/and#23                             mgc_and_1_2                                                           0.2625 2.4022 
        markers:core/and.dcpl#13                                                                                              0.0000 2.4022 
        markers:core/mux#20                             mgc_mux_10_1_2                                                        0.3690 2.7711 
        markers:core/red_xy(0).sva.dfm#4:mx0                                                                                  0.0000 2.7711 
        markers:core/slc(red_xy(0).sva.dfm#4:mx0)#1                                                                           0.0000 2.7711 
        markers:core/slc(red_xy(0).sva.dfm#4:mx0)#1.itm                                                                       0.0000 2.7711 
        markers:core/if#8:nor#1                         mgc_nor_1_10                                                          0.8720 3.6432 
        markers:core/if#8:nor#1.itm                                                                                           0.0000 3.6432 
        markers:core/if#8:nor                           mgc_nor_1_11                                                          0.9081 4.5513 
        markers:core/if#8:nor.tmp                                                                                             0.0000 4.5513 
        markers:core/mux#21                             mgc_mux_10_1_2                                                        0.3690 4.9203 
        markers:core/mux#21.itm                                                                                               0.0000 4.9203 
        markers:core/deltax_red:not                     mgc_not_10                                                            0.0000 4.9203 
        markers:core/deltax_red:not.itm                                                                                       0.0000 4.9203 
        markers:core/conc#99                                                                                                  0.0000 4.9203 
        markers:core/conc#99.itm                                                                                              0.0000 4.9203 
        markers:core/deltax_red:acc#1                   mgc_add_12_0_11_0_12                                                  1.4360 6.3562 
        markers:core/deltax_red:acc#1.itm                                                                                     0.0000 6.3562 
        markers:core/deltax_red:slc                                                                                           0.0000 6.3562 
        markers:core/deltax_red:slc.itm                                                                                       0.0000 6.3562 
        markers:core/reg(deltax_red:acc.psp.sva#1)      mgc_reg_pos_11_1_0_0_0_1_1                                            0.0000 6.3562 
                                                                                                                                            
      3                                                 markers:core/vin           markers:core/reg(deltax_red:acc.psp.sva#1) 6.3562 0.3104 
                                                                                                                                            
        Instance                                        Component                                                             Delta  Delay  
        --------                                        ---------                                                             -----  -----  
        markers:core/vin                                                                                                      0.0000 0.0000 
        markers:core/slc(vin)#14                                                                                              0.0000 0.0000 
        markers:core/slc(vin)#14.itm                                                                                          0.0000 0.0000 
        markers:core/aif#7:aif:not#1                    mgc_not_8                                                             0.0000 0.0000 
        markers:core/aif#7:aif:not#1.itm                                                                                      0.0000 0.0000 
        markers:core/conc#107                                                                                                 0.0000 0.0000 
        markers:core/conc#107.itm                                                                                             0.0000 0.0000 
        markers:core/aif#7:aif:acc                      mgc_add_9_0_8_1_9                                                     1.2349 1.2349 
        markers:core/aif#7:aif:acc.itm                                                                                        0.0000 1.2349 
        markers:core/aif#7:aif:slc#4                                                                                          0.0000 1.2349 
        markers:core/aif#7:aif:slc#4.itm                                                                                      0.0000 1.2349 
        markers:core/or#50                              mgc_or_1_4                                                            0.5358 1.7707 
        markers:core/or#50.itm                                                                                                0.0000 1.7707 
        markers:core/mux#36                             mgc_mux_1_1_2                                                         0.3690 2.1397 
        markers:core/mux#36.itm                                                                                               0.0000 2.1397 
        markers:core/and#23                             mgc_and_1_2                                                           0.2625 2.4022 
        markers:core/and.dcpl#13                                                                                              0.0000 2.4022 
        markers:core/mux#20                             mgc_mux_10_1_2                                                        0.3690 2.7711 
        markers:core/red_xy(0).sva.dfm#4:mx0                                                                                  0.0000 2.7711 
        markers:core/slc(red_xy(0).sva.dfm#4:mx0)#9                                                                           0.0000 2.7711 
        markers:core/slc(red_xy(0).sva.dfm#4:mx0)#9.itm                                                                       0.0000 2.7711 
        markers:core/if#8:nor#1                         mgc_nor_1_10                                                          0.8720 3.6432 
        markers:core/if#8:nor#1.itm                                                                                           0.0000 3.6432 
        markers:core/if#8:nor                           mgc_nor_1_11                                                          0.9081 4.5513 
        markers:core/if#8:nor.tmp                                                                                             0.0000 4.5513 
        markers:core/mux#21                             mgc_mux_10_1_2                                                        0.3690 4.9203 
        markers:core/mux#21.itm                                                                                               0.0000 4.9203 
        markers:core/deltax_red:not                     mgc_not_10                                                            0.0000 4.9203 
        markers:core/deltax_red:not.itm                                                                                       0.0000 4.9203 
        markers:core/conc#99                                                                                                  0.0000 4.9203 
        markers:core/conc#99.itm                                                                                              0.0000 4.9203 
        markers:core/deltax_red:acc#1                   mgc_add_12_0_11_0_12                                                  1.4360 6.3562 
        markers:core/deltax_red:acc#1.itm                                                                                     0.0000 6.3562 
        markers:core/deltax_red:slc                                                                                           0.0000 6.3562 
        markers:core/deltax_red:slc.itm                                                                                       0.0000 6.3562 
        markers:core/reg(deltax_red:acc.psp.sva#1)      mgc_reg_pos_11_1_0_0_0_1_1                                            0.0000 6.3562 
                                                                                                                                            
      4                                                 markers:core/vin           markers:core/reg(deltax_red:acc.psp.sva#1) 6.3562 0.3104 
                                                                                                                                            
        Instance                                        Component                                                             Delta  Delay  
        --------                                        ---------                                                             -----  -----  
        markers:core/vin                                                                                                      0.0000 0.0000 
        markers:core/slc(vin)#14                                                                                              0.0000 0.0000 
        markers:core/slc(vin)#14.itm                                                                                          0.0000 0.0000 
        markers:core/aif#7:aif:not#1                    mgc_not_8                                                             0.0000 0.0000 
        markers:core/aif#7:aif:not#1.itm                                                                                      0.0000 0.0000 
        markers:core/conc#107                                                                                                 0.0000 0.0000 
        markers:core/conc#107.itm                                                                                             0.0000 0.0000 
        markers:core/aif#7:aif:acc                      mgc_add_9_0_8_1_9                                                     1.2349 1.2349 
        markers:core/aif#7:aif:acc.itm                                                                                        0.0000 1.2349 
        markers:core/aif#7:aif:slc#4                                                                                          0.0000 1.2349 
        markers:core/aif#7:aif:slc#4.itm                                                                                      0.0000 1.2349 
        markers:core/or#50                              mgc_or_1_4                                                            0.5358 1.7707 
        markers:core/or#50.itm                                                                                                0.0000 1.7707 
        markers:core/mux#36                             mgc_mux_1_1_2                                                         0.3690 2.1397 
        markers:core/mux#36.itm                                                                                               0.0000 2.1397 
        markers:core/and#23                             mgc_and_1_2                                                           0.2625 2.4022 
        markers:core/and.dcpl#13                                                                                              0.0000 2.4022 
        markers:core/mux#20                             mgc_mux_10_1_2                                                        0.3690 2.7711 
        markers:core/red_xy(0).sva.dfm#4:mx0                                                                                  0.0000 2.7711 
        markers:core/slc(red_xy(0).sva.dfm#4:mx0)#7                                                                           0.0000 2.7711 
        markers:core/slc(red_xy(0).sva.dfm#4:mx0)#7.itm                                                                       0.0000 2.7711 
        markers:core/if#8:nor#1                         mgc_nor_1_10                                                          0.8720 3.6432 
        markers:core/if#8:nor#1.itm                                                                                           0.0000 3.6432 
        markers:core/if#8:nor                           mgc_nor_1_11                                                          0.9081 4.5513 
        markers:core/if#8:nor.tmp                                                                                             0.0000 4.5513 
        markers:core/mux#21                             mgc_mux_10_1_2                                                        0.3690 4.9203 
        markers:core/mux#21.itm                                                                                               0.0000 4.9203 
        markers:core/deltax_red:not                     mgc_not_10                                                            0.0000 4.9203 
        markers:core/deltax_red:not.itm                                                                                       0.0000 4.9203 
        markers:core/conc#99                                                                                                  0.0000 4.9203 
        markers:core/conc#99.itm                                                                                              0.0000 4.9203 
        markers:core/deltax_red:acc#1                   mgc_add_12_0_11_0_12                                                  1.4360 6.3562 
        markers:core/deltax_red:acc#1.itm                                                                                     0.0000 6.3562 
        markers:core/deltax_red:slc                                                                                           0.0000 6.3562 
        markers:core/deltax_red:slc.itm                                                                                       0.0000 6.3562 
        markers:core/reg(deltax_red:acc.psp.sva#1)      mgc_reg_pos_11_1_0_0_0_1_1                                            0.0000 6.3562 
                                                                                                                                            
      5                                                 markers:core/vin           markers:core/reg(deltax_red:acc.psp.sva#1) 6.3562 0.3104 
                                                                                                                                            
        Instance                                        Component                                                             Delta  Delay  
        --------                                        ---------                                                             -----  -----  
        markers:core/vin                                                                                                      0.0000 0.0000 
        markers:core/slc(vin)#14                                                                                              0.0000 0.0000 
        markers:core/slc(vin)#14.itm                                                                                          0.0000 0.0000 
        markers:core/aif#7:aif:not#1                    mgc_not_8                                                             0.0000 0.0000 
        markers:core/aif#7:aif:not#1.itm                                                                                      0.0000 0.0000 
        markers:core/conc#107                                                                                                 0.0000 0.0000 
        markers:core/conc#107.itm                                                                                             0.0000 0.0000 
        markers:core/aif#7:aif:acc                      mgc_add_9_0_8_1_9                                                     1.2349 1.2349 
        markers:core/aif#7:aif:acc.itm                                                                                        0.0000 1.2349 
        markers:core/aif#7:aif:slc#4                                                                                          0.0000 1.2349 
        markers:core/aif#7:aif:slc#4.itm                                                                                      0.0000 1.2349 
        markers:core/or#50                              mgc_or_1_4                                                            0.5358 1.7707 
        markers:core/or#50.itm                                                                                                0.0000 1.7707 
        markers:core/mux#36                             mgc_mux_1_1_2                                                         0.3690 2.1397 
        markers:core/mux#36.itm                                                                                               0.0000 2.1397 
        markers:core/and#23                             mgc_and_1_2                                                           0.2625 2.4022 
        markers:core/and.dcpl#13                                                                                              0.0000 2.4022 
        markers:core/mux#20                             mgc_mux_10_1_2                                                        0.3690 2.7711 
        markers:core/red_xy(0).sva.dfm#4:mx0                                                                                  0.0000 2.7711 
        markers:core/slc(red_xy(0).sva.dfm#4:mx0)#6                                                                           0.0000 2.7711 
        markers:core/slc(red_xy(0).sva.dfm#4:mx0)#6.itm                                                                       0.0000 2.7711 
        markers:core/if#8:nor#1                         mgc_nor_1_10                                                          0.8720 3.6432 
        markers:core/if#8:nor#1.itm                                                                                           0.0000 3.6432 
        markers:core/if#8:nor                           mgc_nor_1_11                                                          0.9081 4.5513 
        markers:core/if#8:nor.tmp                                                                                             0.0000 4.5513 
        markers:core/mux#21                             mgc_mux_10_1_2                                                        0.3690 4.9203 
        markers:core/mux#21.itm                                                                                               0.0000 4.9203 
        markers:core/deltax_red:not                     mgc_not_10                                                            0.0000 4.9203 
        markers:core/deltax_red:not.itm                                                                                       0.0000 4.9203 
        markers:core/conc#99                                                                                                  0.0000 4.9203 
        markers:core/conc#99.itm                                                                                              0.0000 4.9203 
        markers:core/deltax_red:acc#1                   mgc_add_12_0_11_0_12                                                  1.4360 6.3562 
        markers:core/deltax_red:acc#1.itm                                                                                     0.0000 6.3562 
        markers:core/deltax_red:slc                                                                                           0.0000 6.3562 
        markers:core/deltax_red:slc.itm                                                                                       0.0000 6.3562 
        markers:core/reg(deltax_red:acc.psp.sva#1)      mgc_reg_pos_11_1_0_0_0_1_1                                            0.0000 6.3562 
                                                                                                                                            
      6                                                 markers:core/vin           markers:core/reg(deltax_red:acc.psp.sva#1) 6.3562 0.3104 
                                                                                                                                            
        Instance                                        Component                                                             Delta  Delay  
        --------                                        ---------                                                             -----  -----  
        markers:core/vin                                                                                                      0.0000 0.0000 
        markers:core/slc(vin)#14                                                                                              0.0000 0.0000 
        markers:core/slc(vin)#14.itm                                                                                          0.0000 0.0000 
        markers:core/aif#7:aif:not#1                    mgc_not_8                                                             0.0000 0.0000 
        markers:core/aif#7:aif:not#1.itm                                                                                      0.0000 0.0000 
        markers:core/conc#107                                                                                                 0.0000 0.0000 
        markers:core/conc#107.itm                                                                                             0.0000 0.0000 
        markers:core/aif#7:aif:acc                      mgc_add_9_0_8_1_9                                                     1.2349 1.2349 
        markers:core/aif#7:aif:acc.itm                                                                                        0.0000 1.2349 
        markers:core/aif#7:aif:slc#4                                                                                          0.0000 1.2349 
        markers:core/aif#7:aif:slc#4.itm                                                                                      0.0000 1.2349 
        markers:core/or#50                              mgc_or_1_4                                                            0.5358 1.7707 
        markers:core/or#50.itm                                                                                                0.0000 1.7707 
        markers:core/mux#36                             mgc_mux_1_1_2                                                         0.3690 2.1397 
        markers:core/mux#36.itm                                                                                               0.0000 2.1397 
        markers:core/and#23                             mgc_and_1_2                                                           0.2625 2.4022 
        markers:core/and.dcpl#13                                                                                              0.0000 2.4022 
        markers:core/mux#20                             mgc_mux_10_1_2                                                        0.3690 2.7711 
        markers:core/red_xy(0).sva.dfm#4:mx0                                                                                  0.0000 2.7711 
        markers:core/slc(red_xy(0).sva.dfm#4:mx0)#2                                                                           0.0000 2.7711 
        markers:core/slc(red_xy(0).sva.dfm#4:mx0)#2.itm                                                                       0.0000 2.7711 
        markers:core/if#8:nor#1                         mgc_nor_1_10                                                          0.8720 3.6432 
        markers:core/if#8:nor#1.itm                                                                                           0.0000 3.6432 
        markers:core/if#8:nor                           mgc_nor_1_11                                                          0.9081 4.5513 
        markers:core/if#8:nor.tmp                                                                                             0.0000 4.5513 
        markers:core/mux#21                             mgc_mux_10_1_2                                                        0.3690 4.9203 
        markers:core/mux#21.itm                                                                                               0.0000 4.9203 
        markers:core/deltax_red:not                     mgc_not_10                                                            0.0000 4.9203 
        markers:core/deltax_red:not.itm                                                                                       0.0000 4.9203 
        markers:core/conc#99                                                                                                  0.0000 4.9203 
        markers:core/conc#99.itm                                                                                              0.0000 4.9203 
        markers:core/deltax_red:acc#1                   mgc_add_12_0_11_0_12                                                  1.4360 6.3562 
        markers:core/deltax_red:acc#1.itm                                                                                     0.0000 6.3562 
        markers:core/deltax_red:slc                                                                                           0.0000 6.3562 
        markers:core/deltax_red:slc.itm                                                                                       0.0000 6.3562 
        markers:core/reg(deltax_red:acc.psp.sva#1)      mgc_reg_pos_11_1_0_0_0_1_1                                            0.0000 6.3562 
                                                                                                                                            
      7                                                 markers:core/vin           markers:core/reg(deltax_red:acc.psp.sva#1) 6.3562 0.3104 
                                                                                                                                            
        Instance                                        Component                                                             Delta  Delay  
        --------                                        ---------                                                             -----  -----  
        markers:core/vin                                                                                                      0.0000 0.0000 
        markers:core/slc(vin)#14                                                                                              0.0000 0.0000 
        markers:core/slc(vin)#14.itm                                                                                          0.0000 0.0000 
        markers:core/aif#7:aif:not#1                    mgc_not_8                                                             0.0000 0.0000 
        markers:core/aif#7:aif:not#1.itm                                                                                      0.0000 0.0000 
        markers:core/conc#107                                                                                                 0.0000 0.0000 
        markers:core/conc#107.itm                                                                                             0.0000 0.0000 
        markers:core/aif#7:aif:acc                      mgc_add_9_0_8_1_9                                                     1.2349 1.2349 
        markers:core/aif#7:aif:acc.itm                                                                                        0.0000 1.2349 
        markers:core/aif#7:aif:slc#4                                                                                          0.0000 1.2349 
        markers:core/aif#7:aif:slc#4.itm                                                                                      0.0000 1.2349 
        markers:core/or#50                              mgc_or_1_4                                                            0.5358 1.7707 
        markers:core/or#50.itm                                                                                                0.0000 1.7707 
        markers:core/mux#36                             mgc_mux_1_1_2                                                         0.3690 2.1397 
        markers:core/mux#36.itm                                                                                               0.0000 2.1397 
        markers:core/and#23                             mgc_and_1_2                                                           0.2625 2.4022 
        markers:core/and.dcpl#13                                                                                              0.0000 2.4022 
        markers:core/mux#20                             mgc_mux_10_1_2                                                        0.3690 2.7711 
        markers:core/red_xy(0).sva.dfm#4:mx0                                                                                  0.0000 2.7711 
        markers:core/slc(red_xy(0).sva.dfm#4:mx0)#3                                                                           0.0000 2.7711 
        markers:core/slc(red_xy(0).sva.dfm#4:mx0)#3.itm                                                                       0.0000 2.7711 
        markers:core/if#8:nor#1                         mgc_nor_1_10                                                          0.8720 3.6432 
        markers:core/if#8:nor#1.itm                                                                                           0.0000 3.6432 
        markers:core/if#8:nor                           mgc_nor_1_11                                                          0.9081 4.5513 
        markers:core/if#8:nor.tmp                                                                                             0.0000 4.5513 
        markers:core/mux#21                             mgc_mux_10_1_2                                                        0.3690 4.9203 
        markers:core/mux#21.itm                                                                                               0.0000 4.9203 
        markers:core/deltax_red:not                     mgc_not_10                                                            0.0000 4.9203 
        markers:core/deltax_red:not.itm                                                                                       0.0000 4.9203 
        markers:core/conc#99                                                                                                  0.0000 4.9203 
        markers:core/conc#99.itm                                                                                              0.0000 4.9203 
        markers:core/deltax_red:acc#1                   mgc_add_12_0_11_0_12                                                  1.4360 6.3562 
        markers:core/deltax_red:acc#1.itm                                                                                     0.0000 6.3562 
        markers:core/deltax_red:slc                                                                                           0.0000 6.3562 
        markers:core/deltax_red:slc.itm                                                                                       0.0000 6.3562 
        markers:core/reg(deltax_red:acc.psp.sva#1)      mgc_reg_pos_11_1_0_0_0_1_1                                            0.0000 6.3562 
                                                                                                                                            
      8                                                 markers:core/vin           markers:core/reg(deltax_red:acc.psp.sva#1) 6.3562 0.3104 
                                                                                                                                            
        Instance                                        Component                                                             Delta  Delay  
        --------                                        ---------                                                             -----  -----  
        markers:core/vin                                                                                                      0.0000 0.0000 
        markers:core/slc(vin)#14                                                                                              0.0000 0.0000 
        markers:core/slc(vin)#14.itm                                                                                          0.0000 0.0000 
        markers:core/aif#7:aif:not#1                    mgc_not_8                                                             0.0000 0.0000 
        markers:core/aif#7:aif:not#1.itm                                                                                      0.0000 0.0000 
        markers:core/conc#107                                                                                                 0.0000 0.0000 
        markers:core/conc#107.itm                                                                                             0.0000 0.0000 
        markers:core/aif#7:aif:acc                      mgc_add_9_0_8_1_9                                                     1.2349 1.2349 
        markers:core/aif#7:aif:acc.itm                                                                                        0.0000 1.2349 
        markers:core/aif#7:aif:slc#4                                                                                          0.0000 1.2349 
        markers:core/aif#7:aif:slc#4.itm                                                                                      0.0000 1.2349 
        markers:core/or#50                              mgc_or_1_4                                                            0.5358 1.7707 
        markers:core/or#50.itm                                                                                                0.0000 1.7707 
        markers:core/mux#36                             mgc_mux_1_1_2                                                         0.3690 2.1397 
        markers:core/mux#36.itm                                                                                               0.0000 2.1397 
        markers:core/and#23                             mgc_and_1_2                                                           0.2625 2.4022 
        markers:core/and.dcpl#13                                                                                              0.0000 2.4022 
        markers:core/mux#20                             mgc_mux_10_1_2                                                        0.3690 2.7711 
        markers:core/red_xy(0).sva.dfm#4:mx0                                                                                  0.0000 2.7711 
        markers:core/slc(red_xy(0).sva.dfm#4:mx0)#5                                                                           0.0000 2.7711 
        markers:core/slc(red_xy(0).sva.dfm#4:mx0)#5.itm                                                                       0.0000 2.7711 
        markers:core/if#8:nor#1                         mgc_nor_1_10                                                          0.8720 3.6432 
        markers:core/if#8:nor#1.itm                                                                                           0.0000 3.6432 
        markers:core/if#8:nor                           mgc_nor_1_11                                                          0.9081 4.5513 
        markers:core/if#8:nor.tmp                                                                                             0.0000 4.5513 
        markers:core/mux#21                             mgc_mux_10_1_2                                                        0.3690 4.9203 
        markers:core/mux#21.itm                                                                                               0.0000 4.9203 
        markers:core/deltax_red:not                     mgc_not_10                                                            0.0000 4.9203 
        markers:core/deltax_red:not.itm                                                                                       0.0000 4.9203 
        markers:core/conc#99                                                                                                  0.0000 4.9203 
        markers:core/conc#99.itm                                                                                              0.0000 4.9203 
        markers:core/deltax_red:acc#1                   mgc_add_12_0_11_0_12                                                  1.4360 6.3562 
        markers:core/deltax_red:acc#1.itm                                                                                     0.0000 6.3562 
        markers:core/deltax_red:slc                                                                                           0.0000 6.3562 
        markers:core/deltax_red:slc.itm                                                                                       0.0000 6.3562 
        markers:core/reg(deltax_red:acc.psp.sva#1)      mgc_reg_pos_11_1_0_0_0_1_1                                            0.0000 6.3562 
                                                                                                                                            
      9                                                 markers:core/vin           markers:core/reg(deltax_red:acc.psp.sva#1) 6.3562 0.3104 
                                                                                                                                            
        Instance                                        Component                                                             Delta  Delay  
        --------                                        ---------                                                             -----  -----  
        markers:core/vin                                                                                                      0.0000 0.0000 
        markers:core/slc(vin)#14                                                                                              0.0000 0.0000 
        markers:core/slc(vin)#14.itm                                                                                          0.0000 0.0000 
        markers:core/aif#7:aif:not#1                    mgc_not_8                                                             0.0000 0.0000 
        markers:core/aif#7:aif:not#1.itm                                                                                      0.0000 0.0000 
        markers:core/conc#107                                                                                                 0.0000 0.0000 
        markers:core/conc#107.itm                                                                                             0.0000 0.0000 
        markers:core/aif#7:aif:acc                      mgc_add_9_0_8_1_9                                                     1.2349 1.2349 
        markers:core/aif#7:aif:acc.itm                                                                                        0.0000 1.2349 
        markers:core/aif#7:aif:slc#4                                                                                          0.0000 1.2349 
        markers:core/aif#7:aif:slc#4.itm                                                                                      0.0000 1.2349 
        markers:core/or#50                              mgc_or_1_4                                                            0.5358 1.7707 
        markers:core/or#50.itm                                                                                                0.0000 1.7707 
        markers:core/mux#36                             mgc_mux_1_1_2                                                         0.3690 2.1397 
        markers:core/mux#36.itm                                                                                               0.0000 2.1397 
        markers:core/and#23                             mgc_and_1_2                                                           0.2625 2.4022 
        markers:core/and.dcpl#13                                                                                              0.0000 2.4022 
        markers:core/mux#20                             mgc_mux_10_1_2                                                        0.3690 2.7711 
        markers:core/red_xy(0).sva.dfm#4:mx0                                                                                  0.0000 2.7711 
        markers:core/slc(red_xy(0).sva.dfm#4:mx0)#8                                                                           0.0000 2.7711 
        markers:core/slc(red_xy(0).sva.dfm#4:mx0)#8.itm                                                                       0.0000 2.7711 
        markers:core/if#8:nor#1                         mgc_nor_1_10                                                          0.8720 3.6432 
        markers:core/if#8:nor#1.itm                                                                                           0.0000 3.6432 
        markers:core/if#8:nor                           mgc_nor_1_11                                                          0.9081 4.5513 
        markers:core/if#8:nor.tmp                                                                                             0.0000 4.5513 
        markers:core/mux#21                             mgc_mux_10_1_2                                                        0.3690 4.9203 
        markers:core/mux#21.itm                                                                                               0.0000 4.9203 
        markers:core/deltax_red:not                     mgc_not_10                                                            0.0000 4.9203 
        markers:core/deltax_red:not.itm                                                                                       0.0000 4.9203 
        markers:core/conc#99                                                                                                  0.0000 4.9203 
        markers:core/conc#99.itm                                                                                              0.0000 4.9203 
        markers:core/deltax_red:acc#1                   mgc_add_12_0_11_0_12                                                  1.4360 6.3562 
        markers:core/deltax_red:acc#1.itm                                                                                     0.0000 6.3562 
        markers:core/deltax_red:slc                                                                                           0.0000 6.3562 
        markers:core/deltax_red:slc.itm                                                                                       0.0000 6.3562 
        markers:core/reg(deltax_red:acc.psp.sva#1)      mgc_reg_pos_11_1_0_0_0_1_1                                            0.0000 6.3562 
                                                                                                                                            
      10                                                markers:core/vin           markers:core/reg(deltax_red:acc.psp.sva#1) 6.3562 0.3104 
                                                                                                                                            
        Instance                                        Component                                                             Delta  Delay  
        --------                                        ---------                                                             -----  -----  
        markers:core/vin                                                                                                      0.0000 0.0000 
        markers:core/slc(vin)#14                                                                                              0.0000 0.0000 
        markers:core/slc(vin)#14.itm                                                                                          0.0000 0.0000 
        markers:core/aif#7:aif:not#1                    mgc_not_8                                                             0.0000 0.0000 
        markers:core/aif#7:aif:not#1.itm                                                                                      0.0000 0.0000 
        markers:core/conc#107                                                                                                 0.0000 0.0000 
        markers:core/conc#107.itm                                                                                             0.0000 0.0000 
        markers:core/aif#7:aif:acc                      mgc_add_9_0_8_1_9                                                     1.2349 1.2349 
        markers:core/aif#7:aif:acc.itm                                                                                        0.0000 1.2349 
        markers:core/aif#7:aif:slc#4                                                                                          0.0000 1.2349 
        markers:core/aif#7:aif:slc#4.itm                                                                                      0.0000 1.2349 
        markers:core/or#50                              mgc_or_1_4                                                            0.5358 1.7707 
        markers:core/or#50.itm                                                                                                0.0000 1.7707 
        markers:core/mux#36                             mgc_mux_1_1_2                                                         0.3690 2.1397 
        markers:core/mux#36.itm                                                                                               0.0000 2.1397 
        markers:core/and#23                             mgc_and_1_2                                                           0.2625 2.4022 
        markers:core/and.dcpl#13                                                                                              0.0000 2.4022 
        markers:core/mux#20                             mgc_mux_10_1_2                                                        0.3690 2.7711 
        markers:core/red_xy(0).sva.dfm#4:mx0                                                                                  0.0000 2.7711 
        markers:core/slc(red_xy(0).sva.dfm#4:mx0)#4                                                                           0.0000 2.7711 
        markers:core/slc(red_xy(0).sva.dfm#4:mx0)#4.itm                                                                       0.0000 2.7711 
        markers:core/if#8:nor#1                         mgc_nor_1_10                                                          0.8720 3.6432 
        markers:core/if#8:nor#1.itm                                                                                           0.0000 3.6432 
        markers:core/if#8:nor                           mgc_nor_1_11                                                          0.9081 4.5513 
        markers:core/if#8:nor.tmp                                                                                             0.0000 4.5513 
        markers:core/mux#21                             mgc_mux_10_1_2                                                        0.3690 4.9203 
        markers:core/mux#21.itm                                                                                               0.0000 4.9203 
        markers:core/deltax_red:not                     mgc_not_10                                                            0.0000 4.9203 
        markers:core/deltax_red:not.itm                                                                                       0.0000 4.9203 
        markers:core/conc#99                                                                                                  0.0000 4.9203 
        markers:core/conc#99.itm                                                                                              0.0000 4.9203 
        markers:core/deltax_red:acc#1                   mgc_add_12_0_11_0_12                                                  1.4360 6.3562 
        markers:core/deltax_red:acc#1.itm                                                                                     0.0000 6.3562 
        markers:core/deltax_red:slc                                                                                           0.0000 6.3562 
        markers:core/deltax_red:slc.itm                                                                                       0.0000 6.3562 
        markers:core/reg(deltax_red:acc.psp.sva#1)      mgc_reg_pos_11_1_0_0_0_1_1                                            0.0000 6.3562 
                                                                                                                                            
      
    Register Input and Register-to-Output Slack
      Clock period or pin-to-reg delay constraint (clk): 6.666667
      Clock uncertainty constraint (clk)               : 0.0
      
      Instance                                             Port                                    Slack (Delay) Messages 
      ---------------------------------------------------- -------------------------------------- ------ ------- --------
      markers:core/reg(vout:rsc:mgc_out_stdreg.d)          mux.itm                                4.1885  2.4782          
      markers:core/reg(else#10:aif#1:slc.svs)              mux#2.itm                              5.0825  1.5842          
      markers:core/reg(deltay_blue:acc.psp.sva#1)          deltay_blue:slc.itm                    5.2307  1.4360          
      markers:core/reg(land#6.lpi#1.dfm#2)                 land#6.lpi#1.dfm.st#1                  6.0298  0.6368          
      markers:core/reg(else#10:land#1.lpi#1.dfm#2)         mux#3.itm                              3.3840  3.2826          
      markers:core/reg(else#10:land#1.lpi#1.dfm)           mux#4.itm                              3.3840  3.2826          
      markers:core/reg(blue_xy(0).sva.dfm#3)               blue_xy(0).sva.dfm#2                   4.7521  1.9146          
      markers:core/reg(land#6.lpi#1.dfm.st#1)              if#10:and#2.itm                        3.1215  3.5451          
      markers:core/reg(blue_xy(1).sva)                     blue_xy(1).sva:mx0                     4.7521  1.9146          
      markers:core/reg(blue_xy(0).sva)                     blue_xy(0).sva:mx0                     4.7521  1.9146          
      markers:core/reg(aif#31:slc.svs)                     mux#8.itm                              3.6465  3.0201          
      markers:core/reg(red_xy_previous(1).sva.dfm#2)       mux#9.itm                              4.5575  2.1092          
      markers:core/reg(if#10:slc(deltax_square_red).itm#1) slc(deltax_square_red:acc.psp.sva).itm 3.1215  3.5451          
      markers:core/reg(blue_xy(1).sva.dfm#2)               mux#10.itm                             2.3514  4.3152          
      markers:core/reg(blue_xy(0).sva.dfm#2)               mux#11.itm                             2.3514  4.3152          
      markers:core/reg(slc#4.svs#1)                        slc#4.itm                              1.9063  4.7604          
      markers:core/reg(acc#5(1).sva.dfm#3)                 and#1.itm                              3.4796  3.1871          
      markers:core/reg(else#2:aif#2:slc.svs)               mux#16.itm                             4.5200  2.1467          
      markers:core/reg(else#2:aif#1:slc.svs#1)             mux#17.itm                             4.1109  2.5557          
      markers:core/reg(else#2:land#2.lpi#1.dfm#2)          else#2:if:nor.itm                      5.1692  1.4974          
      markers:core/reg(red_xy_previous(0).sva)             red_xy_previous(0).sva:mx0             1.5819  5.0848          
      markers:core/reg(red_xy(0).sva.dfm#4)                red_xy(0).sva.dfm#4:mx0                0.3104  6.3562          
      markers:core/reg(deltax_red:acc.psp.sva#1)           deltax_red:slc.itm                     0.3104  6.3562          
      markers:core/reg(land#4.lpi#1.dfm#1)                 if#8:nor.tmp                           0.3104  6.3562          
      markers:core/reg(land#1.lpi#1.dfm#1)                 if#2:and#4.itm                         5.0157  1.6510          
      markers:core/reg(red_xy(1).sva.dfm#3)                and#3.itm                              3.4795  3.1872          
      markers:core/reg(red_xy(0).sva.dfm#3)                and#2.itm                              3.4795  3.1872          
      markers:core/reg(acc#5(0).sva.dfm#2)                 and.itm                                1.1538  5.5129          
      markers:core/reg(aif#7:slc.svs#1)                    mux#24.itm                             4.4421  2.2245          
      markers:core/reg(land#2.lpi#1.dfm#1)                 if#2:nor.itm                           4.3417  2.3250          
      markers:core/reg(aif#3:slc.svs)                      aif#3:slc.svs:mx0                      4.3417  2.3250          
      markers:core/reg(main.stage_0#2)                     C7_3#6                                 6.6667  0.0000          
      markers:core/reg(main.stage_0#3)                     main.stage_0#2                         5.7619  0.9047          
      markers:core/reg(main.stage_0#4)                     main.stage_0#3                         3.3221  3.3445          
      markers:core/reg(main.stage_0#5)                     main.stage_0#4                         4.7521  1.9146          
      markers:core/reg(main.stage_0#6)                     main.stage_0#5                         6.0298  0.6368          
      markers:core/reg(blue_xy(1).sva.dfm#3)               blue_xy(1).sva.dfm#2                   4.7521  1.9146          
      markers:core/reg(red_xy_previous(1).sva)             red_xy_previous(1).sva:mx0             5.9287  0.7379          
      markers:core/reg(acc#5(1).sva)                       acc#5(1).sva:mx0                       3.4796  3.1871          
      markers:core/reg(red_xy(1).sva.dfm#4)                red_xy(1).sva.dfm#4:mx0                3.4795  3.1872          
      markers:core/reg(unequal.tmp#5)                      unequal.tmp                            1.1538  5.5129          
      markers                                              vout:rsc.z                             6.6667  0.0000          
      markers                                              volume:rsc.z                           6.6667  0.0000          
      
  Operator Bitwidth Summary
    Operation  Size (bits) Count 
    ---------- ----------- -----
    add                          
    -                   12    10 
    -                   10     1 
    -                    9     4 
    -                    8    11 
    -                    6     3 
    -                    5     6 
    -                    2     2 
    and                          
    -                    4     2 
    -                    3     5 
    -                    2     7 
    mux                          
    -                    1    26 
    mux1h                        
    -                    3     1 
    nand                         
    -                    2     2 
    nor                          
    -                   20     1 
    -                   11     1 
    -                   10     3 
    -                    6     1 
    -                    4     2 
    -                    2     2 
    not                          
    -                   11     5 
    -                   10     5 
    -                    8     1 
    -                    7     5 
    -                    1    24 
    or                           
    -                   21     1 
    -                    4     4 
    -                    3     4 
    -                    2     5 
    reg                          
    -                   30     1 
    -                   11     2 
    -                   10    13 
    -                    7     1 
    -                    4     3 
    -                    1    21 
    write_port                   
    -                   30     1 
    -                    8     1 
    
  End of Report
