-- Catapult University Version: Report                                              
-- ---------------------------- ---------------------------------------------------
-- Version:                     2011a.126 Production Release                        
-- Build Date:                  Wed Aug  8 00:52:07 PDT 2012                        
                                                                                    
-- Generated by:                mf2915@EEWS104A-015                                 
-- Generated date:              Tue May 03 15:25:11 +0100 2016                      

Solution Settings: markers.v27
  Current state: extract
  Project: Catapult
  
  Design Input Files Specified
    $PROJECT_HOME/../markers_source/shift_class.h
    $PROJECT_HOME/../markers_source/blur.c
      $MGC_HOME/shared/include/ac_fixed.h
        $MGC_HOME/shared/include/ac_int.h
      $PROJECT_HOME/../markers_source/blur.h
      $PROJECT_HOME/../markers_source/shift_class.h
    $PROJECT_HOME/../markers_source/blur.h
      $MGC_HOME/shared/include/ac_int.h
  
  Processes/Blocks in Design
    Process       Real Operation(s) count Latency Throughput Reset Length II Comments 
    ------------- ----------------------- ------- ---------- ------------ -- --------
    /markers/core                      26       1          1            0  1          
    Design Total:                      26       1          1            0  1          
    
  Bill Of Materials (Datapath)
    Component Name                          Area Score Area(LUTs) Delay Post Alloc Post Assign 
    --------------------------------------- ---------- ---------- ----- ---------- -----------
    [Lib: mgc_Altera-Cyclone-III-6_beh_psr]                                                    
    mgc_add(10,0,8,1,10)                        11.000     11.000 1.305          1           1 
    mgc_add(11,0,9,1,11)                        12.000     12.000 1.372          2           2 
    mgc_add(6,0,4,1,7)                           7.000      7.000 0.858          1           1 
    mgc_add(9,0,8,1,10)                         10.000     10.000 1.072          2           2 
    mgc_and(10,2)                                7.298      7.298 0.263          3           3 
    mgc_mux(1,1,2)                               0.919      0.919 0.369          0           2 
    mgc_not(10)                                  0.000      0.000 0.000          0           2 
    mgc_not(9)                                   0.000      0.000 0.000          0           1 
    mgc_or(1,2)                                  0.730      0.730 0.268          0           1 
    mgc_or(1,3)                                  1.054      1.054 0.425          0           1 
    mgc_or(1,6)                                  2.028      2.028 0.692          0           1 
    mgc_reg_pos(1,1,0,0,0,1,1)                   0.000      0.000 0.000          0           2 
    mgc_reg_pos(10,1,0,0,0,1,1)                  0.000      0.000 0.000          0           3 
    [Lib: mgc_ioport]                                                                          
    mgc_out_stdreg(2,30)                         0.000      0.000 0.000          1           1 
    mgc_out_stdreg(4,8)                          0.000      0.000 0.000          1           1 
                                                                                               
    TOTAL AREA (After Assignment):              89.547     90.000                              
    
  Area Scores
                      Post-Scheduling Post-DP & FSM Post-Assignment 
    ----------------- --------------- ------------- ---------------
    Total Area Score:     83.9          89.5            89.5        
    Total Reg:             0.0           0.0             0.0        
                                                                    
    DataPath:             83.9 (100%)   89.5 (100%)     89.5 (100%) 
      MUX:                 0.0           1.8   (2%)      1.8   (2%) 
      FUNC:               62.0  (74%)   62.0  (69%)     62.0  (69%) 
      LOGIC:              21.9  (26%)   25.7  (29%)     25.7  (29%) 
      BUFFER:              0.0           0.0             0.0        
      MEM:                 0.0           0.0             0.0        
      ROM:                 0.0           0.0             0.0        
      REG:                 0.0           0.0             0.0        
                                                                    
    
    FSM:                   0.0           0.0             0.0        
      FSM-REG:             0.0           0.0             0.0        
      FSM-COMB:            0.0           0.0             0.0        
                                                                    
    
  Register-to-Variable Mappings
    Register                             Size(bits) Gated Register CG Opt Done Variables                                             
    ------------------------------------ ---------- -------------- ----------- -----------------------------------------------------
    reg(vout:rsc:mgc_out_stdreg.d).tmp           10         Y                  reg(vout:rsc:mgc_out_stdreg.d).tmp                    
    reg(vout:rsc:mgc_out_stdreg.d).tmp#1         10         Y                  reg(vout:rsc:mgc_out_stdreg.d).tmp#1                  
    reg(vout:rsc:mgc_out_stdreg.d).tmp#2         10         Y                  reg(vout:rsc:mgc_out_stdreg.d).tmp#2                  
    aif#1:slc.svs                                 1         Y                  aif#1:slc.svs                                         
    aif#5:slc.svs                                 1         Y                  aif#5:slc.svs                                         
                                                                                                                                     
    Total:                                       32             32           0 (Total Gating Ratio: 1.00, CG Opt Gating Ratio: 0.00) 
    
  Timing Report
    Critical Path
      Max Delay:  3.3214249999999996
      Slack:      16.678575000000002
      
      Path                                            Startpoint                 Endpoint                                      Delay  Slack   
      ----------------------------------------------- -------------------------- --------------------------------------------- ------ -------
      1                                               markers:core/vin           markers:core/reg(vout:rsc:mgc_out_stdreg.d)   3.3214 16.6786 
                                                                                                                                              
        Instance                                      Component                                                                Delta  Delay   
        --------                                      ---------                                                                -----  -----   
        markers:core/vin                                                                                                       0.0000 0.0000  
        markers:core/slc(vin)#4                                                                                                0.0000 0.0000  
        markers:core/slc(vin)#4.itm                                                                                            0.0000 0.0000  
        markers:core/aif:not#1                        mgc_not_9                                                                0.0000 0.0000  
        markers:core/aif:not#1.itm                                                                                             0.0000 0.0000  
        markers:core/conc#2                                                                                                    0.0000 0.0000  
        markers:core/conc#2.itm                                                                                                0.0000 0.0000  
        markers:core/if:acc#1                         mgc_add_10_0_8_1_10                                                      1.3050 1.3050  
        markers:core/if:acc#1.itm                                                                                              0.0000 1.3050  
        markers:core/aif:slc#1                                                                                                 0.0000 1.3050  
        markers:core/aif:slc#1.itm                                                                                             0.0000 1.3050  
        markers:core/or#1                             mgc_or_1_2                                                               0.2679 1.5729  
        markers:core/or.dcpl#1                                                                                                 0.0000 1.5729  
        markers:core/or#2                             mgc_or_1_3                                                               0.4246 1.9975  
        markers:core/or#2.itm                                                                                                  0.0000 1.9975  
        markers:core/mux                              mgc_mux_1_1_2                                                            0.3690 2.3665  
        markers:core/aif#5:slc.svs:mx0                                                                                         0.0000 2.3665  
        markers:core/or                               mgc_or_1_6                                                               0.6925 3.0589  
        markers:core/or.itm                                                                                                    0.0000 3.0589  
        markers:core/exs#3                                                                                                     0.0000 3.0589  
        markers:core/exs#4                                                                                                     0.0000 3.0589  
        markers:core/slc(exs#4)                                                                                                0.0000 3.0589  
        markers:core/slc(exs#4).itm                                                                                            0.0000 3.0589  
        markers:core/exs                                                                                                       0.0000 3.0589  
        markers:core/exs.itm                                                                                                   0.0000 3.0589  
        markers:core/and                              mgc_and_10_2                                                             0.2625 3.3214  
        markers:core/and.itm                                                                                                   0.0000 3.3214  
        markers:core/reg(vout:rsc:mgc_out_stdreg.d)   mgc_reg_pos_10_1_0_0_0_1_1                                               0.0000 3.3214  
                                                                                                                                              
      2                                               markers:core/vin           markers:core/reg(vout:rsc:mgc_out_stdreg.d)#1 3.3214 16.6786 
                                                                                                                                              
        Instance                                      Component                                                                Delta  Delay   
        --------                                      ---------                                                                -----  -----   
        markers:core/vin                                                                                                       0.0000 0.0000  
        markers:core/slc(vin)#4                                                                                                0.0000 0.0000  
        markers:core/slc(vin)#4.itm                                                                                            0.0000 0.0000  
        markers:core/aif:not#1                        mgc_not_9                                                                0.0000 0.0000  
        markers:core/aif:not#1.itm                                                                                             0.0000 0.0000  
        markers:core/conc#2                                                                                                    0.0000 0.0000  
        markers:core/conc#2.itm                                                                                                0.0000 0.0000  
        markers:core/if:acc#1                         mgc_add_10_0_8_1_10                                                      1.3050 1.3050  
        markers:core/if:acc#1.itm                                                                                              0.0000 1.3050  
        markers:core/aif:slc#1                                                                                                 0.0000 1.3050  
        markers:core/aif:slc#1.itm                                                                                             0.0000 1.3050  
        markers:core/or#1                             mgc_or_1_2                                                               0.2679 1.5729  
        markers:core/or.dcpl#1                                                                                                 0.0000 1.5729  
        markers:core/or#2                             mgc_or_1_3                                                               0.4246 1.9975  
        markers:core/or#2.itm                                                                                                  0.0000 1.9975  
        markers:core/mux                              mgc_mux_1_1_2                                                            0.3690 2.3665  
        markers:core/aif#5:slc.svs:mx0                                                                                         0.0000 2.3665  
        markers:core/or                               mgc_or_1_6                                                               0.6925 3.0589  
        markers:core/or.itm                                                                                                    0.0000 3.0589  
        markers:core/exs#3                                                                                                     0.0000 3.0589  
        markers:core/exs#4                                                                                                     0.0000 3.0589  
        markers:core/slc(exs#4)#1                                                                                              0.0000 3.0589  
        markers:core/slc(exs#4)#1.itm                                                                                          0.0000 3.0589  
        markers:core/exs#5                                                                                                     0.0000 3.0589  
        markers:core/exs#5.itm                                                                                                 0.0000 3.0589  
        markers:core/and#1                            mgc_and_10_2                                                             0.2625 3.3214  
        markers:core/and#1.itm                                                                                                 0.0000 3.3214  
        markers:core/reg(vout:rsc:mgc_out_stdreg.d)#1 mgc_reg_pos_10_1_0_0_0_1_1                                               0.0000 3.3214  
                                                                                                                                              
      3                                               markers:core/vin           markers:core/reg(vout:rsc:mgc_out_stdreg.d)#2 3.3214 16.6786 
                                                                                                                                              
        Instance                                      Component                                                                Delta  Delay   
        --------                                      ---------                                                                -----  -----   
        markers:core/vin                                                                                                       0.0000 0.0000  
        markers:core/slc(vin)#4                                                                                                0.0000 0.0000  
        markers:core/slc(vin)#4.itm                                                                                            0.0000 0.0000  
        markers:core/aif:not#1                        mgc_not_9                                                                0.0000 0.0000  
        markers:core/aif:not#1.itm                                                                                             0.0000 0.0000  
        markers:core/conc#2                                                                                                    0.0000 0.0000  
        markers:core/conc#2.itm                                                                                                0.0000 0.0000  
        markers:core/if:acc#1                         mgc_add_10_0_8_1_10                                                      1.3050 1.3050  
        markers:core/if:acc#1.itm                                                                                              0.0000 1.3050  
        markers:core/aif:slc#1                                                                                                 0.0000 1.3050  
        markers:core/aif:slc#1.itm                                                                                             0.0000 1.3050  
        markers:core/or#1                             mgc_or_1_2                                                               0.2679 1.5729  
        markers:core/or.dcpl#1                                                                                                 0.0000 1.5729  
        markers:core/or#2                             mgc_or_1_3                                                               0.4246 1.9975  
        markers:core/or#2.itm                                                                                                  0.0000 1.9975  
        markers:core/mux                              mgc_mux_1_1_2                                                            0.3690 2.3665  
        markers:core/aif#5:slc.svs:mx0                                                                                         0.0000 2.3665  
        markers:core/or                               mgc_or_1_6                                                               0.6925 3.0589  
        markers:core/or.itm                                                                                                    0.0000 3.0589  
        markers:core/exs#3                                                                                                     0.0000 3.0589  
        markers:core/exs#4                                                                                                     0.0000 3.0589  
        markers:core/slc(exs#4)#2                                                                                              0.0000 3.0589  
        markers:core/slc(exs#4)#2.itm                                                                                          0.0000 3.0589  
        markers:core/exs#6                                                                                                     0.0000 3.0589  
        markers:core/exs#6.itm                                                                                                 0.0000 3.0589  
        markers:core/and#2                            mgc_and_10_2                                                             0.2625 3.3214  
        markers:core/and#2.itm                                                                                                 0.0000 3.3214  
        markers:core/reg(vout:rsc:mgc_out_stdreg.d)#2 mgc_reg_pos_10_1_0_0_0_1_1                                               0.0000 3.3214  
                                                                                                                                              
      4                                               markers:core/vin           markers:core/reg(vout:rsc:mgc_out_stdreg.d)#2 3.1204 16.8796 
                                                                                                                                              
        Instance                                      Component                                                                Delta  Delay   
        --------                                      ---------                                                                -----  -----   
        markers:core/vin                                                                                                       0.0000 0.0000  
        markers:core/slc(vin)#9                                                                                                0.0000 0.0000  
        markers:core/slc(vin)#9.itm                                                                                            0.0000 0.0000  
        markers:core/aif#1:aif:not#1                  mgc_not_10                                                               0.0000 0.0000  
        markers:core/aif#1:aif:not#1.itm                                                                                       0.0000 0.0000  
        markers:core/conc#1                                                                                                    0.0000 0.0000  
        markers:core/conc#1.itm                                                                                                0.0000 0.0000  
        markers:core/aif#1:aif:acc                    mgc_add_11_0_9_1_11                                                      1.3719 1.3719  
        markers:core/aif#1:aif:acc.itm                                                                                         0.0000 1.3719  
        markers:core/aif#1:aif:slc#1                                                                                           0.0000 1.3719  
        markers:core/aif#1:aif:slc#1.itm                                                                                       0.0000 1.3719  
        markers:core/or#2                             mgc_or_1_3                                                               0.4246 1.7965  
        markers:core/or#2.itm                                                                                                  0.0000 1.7965  
        markers:core/mux                              mgc_mux_1_1_2                                                            0.3690 2.1654  
        markers:core/aif#5:slc.svs:mx0                                                                                         0.0000 2.1654  
        markers:core/or                               mgc_or_1_6                                                               0.6925 2.8579  
        markers:core/or.itm                                                                                                    0.0000 2.8579  
        markers:core/exs#3                                                                                                     0.0000 2.8579  
        markers:core/exs#4                                                                                                     0.0000 2.8579  
        markers:core/slc(exs#4)#2                                                                                              0.0000 2.8579  
        markers:core/slc(exs#4)#2.itm                                                                                          0.0000 2.8579  
        markers:core/exs#6                                                                                                     0.0000 2.8579  
        markers:core/exs#6.itm                                                                                                 0.0000 2.8579  
        markers:core/and#2                            mgc_and_10_2                                                             0.2625 3.1204  
        markers:core/and#2.itm                                                                                                 0.0000 3.1204  
        markers:core/reg(vout:rsc:mgc_out_stdreg.d)#2 mgc_reg_pos_10_1_0_0_0_1_1                                               0.0000 3.1204  
                                                                                                                                              
      5                                               markers:core/vin           markers:core/reg(vout:rsc:mgc_out_stdreg.d)#2 2.8968 17.1032 
                                                                                                                                              
        Instance                                      Component                                                                Delta  Delay   
        --------                                      ---------                                                                -----  -----   
        markers:core/vin                                                                                                       0.0000 0.0000  
        markers:core/slc(vin)#4                                                                                                0.0000 0.0000  
        markers:core/slc(vin)#4.itm                                                                                            0.0000 0.0000  
        markers:core/aif:not#1                        mgc_not_9                                                                0.0000 0.0000  
        markers:core/aif:not#1.itm                                                                                             0.0000 0.0000  
        markers:core/conc#2                                                                                                    0.0000 0.0000  
        markers:core/conc#2.itm                                                                                                0.0000 0.0000  
        markers:core/if:acc#1                         mgc_add_10_0_8_1_10                                                      1.3050 1.3050  
        markers:core/if:acc#1.itm                                                                                              0.0000 1.3050  
        markers:core/aif:slc#1                                                                                                 0.0000 1.3050  
        markers:core/aif:slc#1.itm                                                                                             0.0000 1.3050  
        markers:core/or#1                             mgc_or_1_2                                                               0.2679 1.5729  
        markers:core/or.dcpl#1                                                                                                 0.0000 1.5729  
        markers:core/mux#1                            mgc_mux_1_1_2                                                            0.3690 1.9419  
        markers:core/aif#1:slc.svs:mx0                                                                                         0.0000 1.9419  
        markers:core/or                               mgc_or_1_6                                                               0.6925 2.6343  
        markers:core/or.itm                                                                                                    0.0000 2.6343  
        markers:core/exs#3                                                                                                     0.0000 2.6343  
        markers:core/exs#4                                                                                                     0.0000 2.6343  
        markers:core/slc(exs#4)#2                                                                                              0.0000 2.6343  
        markers:core/slc(exs#4)#2.itm                                                                                          0.0000 2.6343  
        markers:core/exs#6                                                                                                     0.0000 2.6343  
        markers:core/exs#6.itm                                                                                                 0.0000 2.6343  
        markers:core/and#2                            mgc_and_10_2                                                             0.2625 2.8968  
        markers:core/and#2.itm                                                                                                 0.0000 2.8968  
        markers:core/reg(vout:rsc:mgc_out_stdreg.d)#2 mgc_reg_pos_10_1_0_0_0_1_1                                               0.0000 2.8968  
                                                                                                                                              
      6                                               markers:core/vin           markers:core/reg(vout:rsc:mgc_out_stdreg.d)#2 2.8210 17.1790 
                                                                                                                                              
        Instance                                      Component                                                                Delta  Delay   
        --------                                      ---------                                                                -----  -----   
        markers:core/vin                                                                                                       0.0000 0.0000  
        markers:core/slc(vin)#5                                                                                                0.0000 0.0000  
        markers:core/slc(vin)#5.itm                                                                                            0.0000 0.0000  
        markers:core/if:acc#2                         mgc_add_9_0_8_1_10                                                       1.0725 1.0725  
        markers:core/if:acc#2.itm                                                                                              0.0000 1.0725  
        markers:core/aif#1:slc#1                                                                                               0.0000 1.0725  
        markers:core/aif#1:slc#1.itm                                                                                           0.0000 1.0725  
        markers:core/or#2                             mgc_or_1_3                                                               0.4246 1.4970  
        markers:core/or#2.itm                                                                                                  0.0000 1.4970  
        markers:core/mux                              mgc_mux_1_1_2                                                            0.3690 1.8660  
        markers:core/aif#5:slc.svs:mx0                                                                                         0.0000 1.8660  
        markers:core/or                               mgc_or_1_6                                                               0.6925 2.5585  
        markers:core/or.itm                                                                                                    0.0000 2.5585  
        markers:core/exs#3                                                                                                     0.0000 2.5585  
        markers:core/exs#4                                                                                                     0.0000 2.5585  
        markers:core/slc(exs#4)#2                                                                                              0.0000 2.5585  
        markers:core/slc(exs#4)#2.itm                                                                                          0.0000 2.5585  
        markers:core/exs#6                                                                                                     0.0000 2.5585  
        markers:core/exs#6.itm                                                                                                 0.0000 2.5585  
        markers:core/and#2                            mgc_and_10_2                                                             0.2625 2.8210  
        markers:core/and#2.itm                                                                                                 0.0000 2.8210  
        markers:core/reg(vout:rsc:mgc_out_stdreg.d)#2 mgc_reg_pos_10_1_0_0_0_1_1                                               0.0000 2.8210  
                                                                                                                                              
      7                                               markers:core/vin           markers:core/reg(vout:rsc:mgc_out_stdreg.d)#2 2.4502 17.5498 
                                                                                                                                              
        Instance                                      Component                                                                Delta  Delay   
        --------                                      ---------                                                                -----  -----   
        markers:core/vin                                                                                                       0.0000 0.0000  
        markers:core/slc(vin)#3                                                                                                0.0000 0.0000  
        markers:core/slc(vin)#3.itm                                                                                            0.0000 0.0000  
        markers:core/if:acc                           mgc_add_6_0_4_1_7                                                        0.8584 0.8584  
        markers:core/if:acc.itm                                                                                                0.0000 0.8584  
        markers:core/slc#1                                                                                                     0.0000 0.8584  
        markers:core/slc#1.itm                                                                                                 0.0000 0.8584  
        markers:core/or#1                             mgc_or_1_2                                                               0.2679 1.1263  
        markers:core/or.dcpl#1                                                                                                 0.0000 1.1263  
        markers:core/mux#1                            mgc_mux_1_1_2                                                            0.3690 1.4952  
        markers:core/aif#1:slc.svs:mx0                                                                                         0.0000 1.4952  
        markers:core/or                               mgc_or_1_6                                                               0.6925 2.1877  
        markers:core/or.itm                                                                                                    0.0000 2.1877  
        markers:core/exs#3                                                                                                     0.0000 2.1877  
        markers:core/exs#4                                                                                                     0.0000 2.1877  
        markers:core/slc(exs#4)#2                                                                                              0.0000 2.1877  
        markers:core/slc(exs#4)#2.itm                                                                                          0.0000 2.1877  
        markers:core/exs#6                                                                                                     0.0000 2.1877  
        markers:core/exs#6.itm                                                                                                 0.0000 2.1877  
        markers:core/and#2                            mgc_and_10_2                                                             0.2625 2.4502  
        markers:core/and#2.itm                                                                                                 0.0000 2.4502  
        markers:core/reg(vout:rsc:mgc_out_stdreg.d)#2 mgc_reg_pos_10_1_0_0_0_1_1                                               0.0000 2.4502  
                                                                                                                                              
      8                                               markers:core/vin           markers:core/reg(vout:rsc:mgc_out_stdreg.d)#2 2.3964 17.6036 
                                                                                                                                              
        Instance                                      Component                                                                Delta  Delay   
        --------                                      ---------                                                                -----  -----   
        markers:core/vin                                                                                                       0.0000 0.0000  
        markers:core/slc(vin)#5                                                                                                0.0000 0.0000  
        markers:core/slc(vin)#5.itm                                                                                            0.0000 0.0000  
        markers:core/if:acc#2                         mgc_add_9_0_8_1_10                                                       1.0725 1.0725  
        markers:core/if:acc#2.itm                                                                                              0.0000 1.0725  
        markers:core/aif#1:slc                                                                                                 0.0000 1.0725  
        markers:core/aif#1:slc.itm                                                                                             0.0000 1.0725  
        markers:core/mux#1                            mgc_mux_1_1_2                                                            0.3690 1.4414  
        markers:core/aif#1:slc.svs:mx0                                                                                         0.0000 1.4414  
        markers:core/or                               mgc_or_1_6                                                               0.6925 2.1339  
        markers:core/or.itm                                                                                                    0.0000 2.1339  
        markers:core/exs#3                                                                                                     0.0000 2.1339  
        markers:core/exs#4                                                                                                     0.0000 2.1339  
        markers:core/slc(exs#4)#2                                                                                              0.0000 2.1339  
        markers:core/slc(exs#4)#2.itm                                                                                          0.0000 2.1339  
        markers:core/exs#6                                                                                                     0.0000 2.1339  
        markers:core/exs#6.itm                                                                                                 0.0000 2.1339  
        markers:core/and#2                            mgc_and_10_2                                                             0.2625 2.3964  
        markers:core/and#2.itm                                                                                                 0.0000 2.3964  
        markers:core/reg(vout:rsc:mgc_out_stdreg.d)#2 mgc_reg_pos_10_1_0_0_0_1_1                                               0.0000 2.3964  
                                                                                                                                              
      9                                               markers:core/vin           markers:core/reg(vout:rsc:mgc_out_stdreg.d)#2 2.3964 17.6036 
                                                                                                                                              
        Instance                                      Component                                                                Delta  Delay   
        --------                                      ---------                                                                -----  -----   
        markers:core/vin                                                                                                       0.0000 0.0000  
        markers:core/slc(vin)#7                                                                                                0.0000 0.0000  
        markers:core/slc(vin)#7.itm                                                                                            0.0000 0.0000  
        markers:core/if:acc#3                         mgc_add_9_0_8_1_10                                                       1.0725 1.0725  
        markers:core/if:acc#3.itm                                                                                              0.0000 1.0725  
        markers:core/aif#5:slc                                                                                                 0.0000 1.0725  
        markers:core/aif#5:slc.itm                                                                                             0.0000 1.0725  
        markers:core/mux                              mgc_mux_1_1_2                                                            0.3690 1.4414  
        markers:core/aif#5:slc.svs:mx0                                                                                         0.0000 1.4414  
        markers:core/or                               mgc_or_1_6                                                               0.6925 2.1339  
        markers:core/or.itm                                                                                                    0.0000 2.1339  
        markers:core/exs#3                                                                                                     0.0000 2.1339  
        markers:core/exs#4                                                                                                     0.0000 2.1339  
        markers:core/slc(exs#4)#2                                                                                              0.0000 2.1339  
        markers:core/slc(exs#4)#2.itm                                                                                          0.0000 2.1339  
        markers:core/exs#6                                                                                                     0.0000 2.1339  
        markers:core/exs#6.itm                                                                                                 0.0000 2.1339  
        markers:core/and#2                            mgc_and_10_2                                                             0.2625 2.3964  
        markers:core/and#2.itm                                                                                                 0.0000 2.3964  
        markers:core/reg(vout:rsc:mgc_out_stdreg.d)#2 mgc_reg_pos_10_1_0_0_0_1_1                                               0.0000 2.3964  
                                                                                                                                              
      10                                              markers:core/vin           markers:core/reg(aif#5:slc.svs)               2.3665 17.6335 
                                                                                                                                              
        Instance                                      Component                                                                Delta  Delay   
        --------                                      ---------                                                                -----  -----   
        markers:core/vin                                                                                                       0.0000 0.0000  
        markers:core/slc(vin)#4                                                                                                0.0000 0.0000  
        markers:core/slc(vin)#4.itm                                                                                            0.0000 0.0000  
        markers:core/aif:not#1                        mgc_not_9                                                                0.0000 0.0000  
        markers:core/aif:not#1.itm                                                                                             0.0000 0.0000  
        markers:core/conc#2                                                                                                    0.0000 0.0000  
        markers:core/conc#2.itm                                                                                                0.0000 0.0000  
        markers:core/if:acc#1                         mgc_add_10_0_8_1_10                                                      1.3050 1.3050  
        markers:core/if:acc#1.itm                                                                                              0.0000 1.3050  
        markers:core/aif:slc#1                                                                                                 0.0000 1.3050  
        markers:core/aif:slc#1.itm                                                                                             0.0000 1.3050  
        markers:core/or#1                             mgc_or_1_2                                                               0.2679 1.5729  
        markers:core/or.dcpl#1                                                                                                 0.0000 1.5729  
        markers:core/or#2                             mgc_or_1_3                                                               0.4246 1.9975  
        markers:core/or#2.itm                                                                                                  0.0000 1.9975  
        markers:core/mux                              mgc_mux_1_1_2                                                            0.3690 2.3665  
        markers:core/aif#5:slc.svs:mx0                                                                                         0.0000 2.3665  
        markers:core/reg(aif#5:slc.svs)               mgc_reg_pos_1_1_0_0_0_1_1                                                0.0000 2.3665  
                                                                                                                                              
      
    Register Input and Register-to-Output Slack
      Clock period or pin-to-reg delay constraint (clk): 20.0
      Clock uncertainty constraint (clk)               : 0.0
      
      Instance                                      Port                Slack (Delay) Messages 
      --------------------------------------------- ----------------- ------- ------- --------
      markers:core/reg(aif#5:slc.svs)               aif#5:slc.svs:mx0 16.6786  3.3214          
      markers:core/reg(aif#1:slc.svs)               aif#1:slc.svs:mx0 17.1032  2.8968          
      markers:core/reg(vout:rsc:mgc_out_stdreg.d)   and.itm           16.6786  3.3214          
      markers:core/reg(vout:rsc:mgc_out_stdreg.d)#1 and#1.itm         16.6786  3.3214          
      markers:core/reg(vout:rsc:mgc_out_stdreg.d)#2 and#2.itm         16.6786  3.3214          
      markers                                       vout:rsc.z        20.0000  0.0000          
      markers                                       volume:rsc.z      20.0000  0.0000          
      
  Operator Bitwidth Summary
    Operation  Size (bits) Count 
    ---------- ----------- -----
    add                          
    -                   11     2 
    -                   10     3 
    -                    7     1 
    and                          
    -                    2     3 
    mux                          
    -                    1     2 
    not                          
    -                   10     2 
    -                    9     1 
    or                           
    -                    6     1 
    -                    3     1 
    -                    2     1 
    reg                          
    -                   10     3 
    -                    1     2 
    write_port                   
    -                   30     1 
    -                    8     1 
    
  End of Report
