-- Catapult University Version: Report                                              
-- ---------------------------- ---------------------------------------------------
-- Version:                     2011a.126 Production Release                        
-- Build Date:                  Wed Aug  8 00:52:07 PDT 2012                        
                                                                                    
-- Generated by:                mf2915@EEWS305-026                                  
-- Generated date:              Thu May 05 11:47:24 +0100 2016                      

Solution Settings: markers.v51
  Current state: extract
  Project: Catapult
  
  Design Input Files Specified
    $PROJECT_HOME/../markers_source/shift_class.h
    $PROJECT_HOME/../markers_source/blur.c
      $MGC_HOME/shared/include/ac_fixed.h
        $MGC_HOME/shared/include/ac_int.h
      $PROJECT_HOME/../markers_source/blur.h
      $PROJECT_HOME/../markers_source/shift_class.h
    $PROJECT_HOME/../markers_source/blur.h
      $MGC_HOME/shared/include/ac_int.h
  
  Processes/Blocks in Design
    Process       Real Operation(s) count Latency Throughput Reset Length II Comments 
    ------------- ----------------------- ------- ---------- ------------ -- --------
    /markers/core                      67       4          1            0  1          
    Design Total:                      67       4          1            0  0          
    
  Bill Of Materials (Datapath)
    Component Name                          Area Score Area(LUTs) Delay Post Alloc Post Assign 
    --------------------------------------- ---------- ---------- ----- ---------- -----------
    [Lib: mgc_Altera-Cyclone-III-6_beh_psr]                                                    
    mgc_add(1,0,1,0,2)                           2.319      2.319 0.506          0           1 
    mgc_add(11,1,6,1,12)                        12.000     12.000 1.215          5           5 
    mgc_add(12,0,11,0,12)                       13.228     13.228 1.436          3           3 
    mgc_add(2,0,1,0,2)                           3.315      3.315 0.658          0           1 
    mgc_add(4,0,2,1,4)                           5.000      5.000 0.860          2           2 
    mgc_add(4,0,4,0,5)                           5.293      5.293 0.854          2           2 
    mgc_add(5,0,5,0,6)                           6.285      6.285 0.938          1           0 
    mgc_add(5,0,5,1,6)                           6.000      6.000 0.775          3           3 
    mgc_add(7,0,4,1,8)                           8.000      8.000 0.935          4           4 
    mgc_add(8,0,7,0,8)                           9.262      9.262 1.165          1           1 
    mgc_add(9,0,8,1,9)                          10.000     10.000 1.235          2           2 
    mgc_add(9,1,4,1,10)                         10.000     10.000 1.081          1           1 
    mgc_and(1,2)                                 0.730      0.730 0.263          0           4 
    mgc_and(1,4)                                 1.379      1.379 0.525          0           2 
    mgc_and(10,2)                                7.298      7.298 0.263          0           1 
    mgc_and(4,2)                                 2.919      2.919 0.263          1           0 
    mgc_and(4,3)                                 4.218      4.218 0.416          0           1 
    mgc_mux(1,1,2)                               0.919      0.919 0.369          0           6 
    mgc_mux(10,1,2)                              9.194      9.194 0.369          5           9 
    mgc_mux(30,1,2)                             27.583     27.583 0.369          0           1 
    mgc_mux(4,1,2)                               3.678      3.678 0.369          1           1 
    mgc_nand(1,2)                                0.730      0.730 0.268          0           2 
    mgc_nor(1,10)                                3.327      3.327 0.872          0           1 
    mgc_nor(1,11)                                3.652      3.652 0.908          0           1 
    mgc_nor(1,2)                                 0.730      0.730 0.263          0           1 
    mgc_nor(1,20)                                6.573      6.573 1.135          0           1 
    mgc_nor(1,3)                                 1.054      1.054 0.416          0           1 
    mgc_not(1)                                   0.000      0.000 0.000          0           8 
    mgc_not(10)                                  0.000      0.000 0.000          0           5 
    mgc_not(11)                                  0.000      0.000 0.000          0           3 
    mgc_not(8)                                   0.000      0.000 0.000          0           2 
    mgc_or(1,2)                                  0.730      0.730 0.268          0           3 
    mgc_or(1,4)                                  1.379      1.379 0.536          0           1 
    mgc_reg_pos(1,1,0,0,0,1,1)                   0.000      0.000 0.000          0          13 
    mgc_reg_pos(10,1,0,0,0,1,1)                  0.000      0.000 0.000          0           7 
    mgc_reg_pos(11,1,0,0,0,1,1)                  0.000      0.000 0.000          0           1 
    mgc_reg_pos(30,1,0,0,0,1,1)                  0.000      0.000 0.000          0           1 
    mgc_reg_pos(4,1,0,0,0,1,1)                   0.000      0.000 0.000          0           1 
    [Lib: mgc_ioport]                                                                          
    mgc_out_stdreg(2,30)                         0.000      0.000 0.000          1           1 
    mgc_out_stdreg(4,8)                          0.000      0.000 0.000          1           1 
                                                                                               
    TOTAL AREA (After Assignment):             372.249    372.000                              
    
  Area Scores
                      Post-Scheduling  Post-DP & FSM Post-Assignment 
    ----------------- --------------- -------------- ---------------
    Total Area Score:    268.4          439.4           372.2        
    Total Reg:             0.0            0.0             0.0        
                                                                     
    DataPath:            268.4 (100%)   439.4 (100%)    372.2 (100%) 
      MUX:                49.6  (18%)   182.3  (41%)    119.5  (32%) 
      FUNC:              215.8  (80%)   215.2  (49%)    215.2  (58%) 
      LOGIC:               2.9   (1%)    41.9  (10%)     37.6  (10%) 
      BUFFER:              0.0            0.0             0.0        
      MEM:                 0.0            0.0             0.0        
      ROM:                 0.0            0.0             0.0        
      REG:                 0.0            0.0             0.0        
                                                                     
    
    FSM:                   0.0            0.0             0.0        
      FSM-REG:             0.0            0.0             0.0        
      FSM-COMB:            0.0            0.0             0.0        
                                                                     
    
  Register-to-Variable Mappings
    Register                      Size(bits) Gated Register CG Opt Done Variables                                             
    ----------------------------- ---------- -------------- ----------- -----------------------------------------------------
    vout:rsc:mgc_out_stdreg.d             30         Y                  vout:rsc:mgc_out_stdreg.d                             
    deltax_blue:acc.psp.sva#1             11         Y                  deltax_blue:acc.psp.sva#1                             
    blue_xy(0).sva                        10         Y                  blue_xy(0).sva                                        
    blue_xy(0).sva.dfm#2                  10         Y                  blue_xy(0).sva.dfm#2                                  
    blue_xy(1).sva                        10         Y                  blue_xy(1).sva                                        
    blue_xy(1).sva.dfm#2                  10         Y                  blue_xy(1).sva.dfm#2                                  
    blue_xy_previous(0).sva               10         Y                  blue_xy_previous(0).sva                               
    blue_xy_previous(1).sva               10         Y                  blue_xy_previous(1).sva                               
    blue_xy_previous(1).sva.dfm#2         10         Y                  blue_xy_previous(1).sva.dfm#2                         
    acc#6(1).sva.dfm#2                     4         Y                  acc#6(1).sva.dfm#2                                    
    aif#35:slc.svs                         1         Y                  aif#35:slc.svs                                        
    else#12:aif#1:slc.svs                  1         Y                  else#12:aif#1:slc.svs                                 
    else#12:land#1.lpi#1.dfm               1         Y                  else#12:land#1.lpi#1.dfm                              
    else#12:land#1.lpi#1.dfm#2             1         Y                  else#12:land#1.lpi#1.dfm#2                            
    else#2:land.lpi#1.dfm#1                1         Y                  else#2:land.lpi#1.dfm#1                               
    land#6.lpi#1.dfm#1                     1         Y                  land#6.lpi#1.dfm#1                                    
    land#8.lpi#1.dfm#3                     1         Y                  land#8.lpi#1.dfm#3                                    
    land#8.lpi#1.dfm.st#1                  1         Y                  land#8.lpi#1.dfm.st#1                                 
    land#8.lpi#1.dfm.st#2                  1         Y                  land#8.lpi#1.dfm.st#2                                 
    main.stage_0#2                         1         Y                  main.stage_0#2                                        
    main.stage_0#3                         1         Y                  main.stage_0#3                                        
    main.stage_0#4                         1         Y                  main.stage_0#4                                        
    slc#4.svs#1                            1         Y                  slc#4.svs#1                                           
                                                                                                                              
    Total:                               128            128           0 (Total Gating Ratio: 1.00, CG Opt Gating Ratio: 0.00) 
    
  Timing Report
    Critical Path
      Max Delay:  6.806541
      Slack:      -0.13987399999999983
      
      Path                                               Startpoint                             Endpoint                      Delay  Slack   
      -------------------------------------------------- -------------------------------------- ----------------------------- ------ -------
      1                                                  markers:core/reg(blue_xy(1).sva.dfm#2) markers:core/reg(slc#4.svs#1) 6.8065 -0.1399 
                                                                                                                                             
        Instance                                         Component                                                            Delta  Delay   
        --------                                         ---------                                                            -----  -----   
        markers:core/reg(blue_xy(1).sva.dfm#2)           mgc_reg_pos_10_1_0_0_0_1_1                                           0.0000 0.0000  
        markers:core/blue_xy(1).sva.dfm#2                                                                                     0.0000 0.0000  
        markers:core/mux#5                               mgc_mux_10_1_2                                                       0.3690 0.3690  
        markers:core/blue_xy(1).sva:mx0                                                                                       0.0000 0.3690  
        markers:core/slc(blue_xy(1).sva:mx0)                                                                                  0.0000 0.3690  
        markers:core/slc(blue_xy(1).sva:mx0).itm                                                                              0.0000 0.3690  
        markers:core/if#6:if:nor                         mgc_nor_1_20                                                         1.1345 1.5035  
        markers:core/if#6:if:nor.itm                                                                                          0.0000 1.5035  
        markers:core/nand#3                              mgc_nand_1_2                                                         0.2679 1.7714  
        markers:core/or.dcpl#9                                                                                                0.0000 1.7714  
        markers:core/mux#9                               mgc_mux_10_1_2                                                       0.3690 2.1404  
        markers:core/blue_xy(0).sva.dfm#2:mx0                                                                                 0.0000 2.1404  
        markers:core/slc(blue_xy(0).sva.dfm#2:mx0)                                                                            0.0000 2.1404  
        markers:core/slc(blue_xy(0).sva.dfm#2:mx0).itm                                                                        0.0000 2.1404  
        markers:core/if#10:nor#1                         mgc_nor_1_10                                                         0.8720 3.0124  
        markers:core/if#10:nor#1.itm                                                                                          0.0000 3.0124  
        markers:core/if#10:nor                           mgc_nor_1_11                                                         0.9081 3.9205  
        markers:core/if#10:nor.tmp                                                                                            0.0000 3.9205  
        markers:core/mux#10                              mgc_mux_10_1_2                                                       0.3690 4.2895  
        markers:core/mux#10.itm                                                                                               0.0000 4.2895  
        markers:core/deltax_blue:not                     mgc_not_10                                                           0.0000 4.2895  
        markers:core/deltax_blue:not.itm                                                                                      0.0000 4.2895  
        markers:core/conc#72                                                                                                  0.0000 4.2895  
        markers:core/conc#72.itm                                                                                              0.0000 4.2895  
        markers:core/deltax_blue:acc#1                   mgc_add_12_0_11_0_12                                                 1.4360 5.7255  
        markers:core/deltax_blue:acc#1.itm                                                                                    0.0000 5.7255  
        markers:core/deltax_blue:slc                                                                                          0.0000 5.7255  
        markers:core/deltax_blue:acc.psp.sva                                                                                  0.0000 5.7255  
        markers:core/slc(deltax_blue:acc.psp.sva)                                                                             0.0000 5.7255  
        markers:core/slc(deltax_blue:acc.psp.sva).itm                                                                         0.0000 5.7255  
        markers:core/if#11:acc                           mgc_add_9_1_4_1_10                                                   1.0811 6.8065  
        markers:core/if#11:acc.itm                                                                                            0.0000 6.8065  
        markers:core/slc#4                                                                                                    0.0000 6.8065  
        markers:core/slc#4.itm                                                                                                0.0000 6.8065  
        markers:core/reg(slc#4.svs#1)                    mgc_reg_pos_1_1_0_0_0_1_1                                            0.0000 6.8065  
                                                                                                                                             
      2                                                  markers:core/reg(blue_xy(1).sva.dfm#2) markers:core/reg(slc#4.svs#1) 6.8065 -0.1399 
                                                                                                                                             
        Instance                                         Component                                                            Delta  Delay   
        --------                                         ---------                                                            -----  -----   
        markers:core/reg(blue_xy(1).sva.dfm#2)           mgc_reg_pos_10_1_0_0_0_1_1                                           0.0000 0.0000  
        markers:core/blue_xy(1).sva.dfm#2                                                                                     0.0000 0.0000  
        markers:core/mux#5                               mgc_mux_10_1_2                                                       0.3690 0.3690  
        markers:core/blue_xy(1).sva:mx0                                                                                       0.0000 0.3690  
        markers:core/slc(blue_xy(1).sva:mx0)                                                                                  0.0000 0.3690  
        markers:core/slc(blue_xy(1).sva:mx0).itm                                                                              0.0000 0.3690  
        markers:core/if#6:if:nor                         mgc_nor_1_20                                                         1.1345 1.5035  
        markers:core/if#6:if:nor.itm                                                                                          0.0000 1.5035  
        markers:core/nand#3                              mgc_nand_1_2                                                         0.2679 1.7714  
        markers:core/or.dcpl#9                                                                                                0.0000 1.7714  
        markers:core/mux#9                               mgc_mux_10_1_2                                                       0.3690 2.1404  
        markers:core/blue_xy(0).sva.dfm#2:mx0                                                                                 0.0000 2.1404  
        markers:core/slc(blue_xy(0).sva.dfm#2:mx0)#3                                                                          0.0000 2.1404  
        markers:core/slc(blue_xy(0).sva.dfm#2:mx0)#3.itm                                                                      0.0000 2.1404  
        markers:core/if#10:nor#1                         mgc_nor_1_10                                                         0.8720 3.0124  
        markers:core/if#10:nor#1.itm                                                                                          0.0000 3.0124  
        markers:core/if#10:nor                           mgc_nor_1_11                                                         0.9081 3.9205  
        markers:core/if#10:nor.tmp                                                                                            0.0000 3.9205  
        markers:core/mux#10                              mgc_mux_10_1_2                                                       0.3690 4.2895  
        markers:core/mux#10.itm                                                                                               0.0000 4.2895  
        markers:core/deltax_blue:not                     mgc_not_10                                                           0.0000 4.2895  
        markers:core/deltax_blue:not.itm                                                                                      0.0000 4.2895  
        markers:core/conc#72                                                                                                  0.0000 4.2895  
        markers:core/conc#72.itm                                                                                              0.0000 4.2895  
        markers:core/deltax_blue:acc#1                   mgc_add_12_0_11_0_12                                                 1.4360 5.7255  
        markers:core/deltax_blue:acc#1.itm                                                                                    0.0000 5.7255  
        markers:core/deltax_blue:slc                                                                                          0.0000 5.7255  
        markers:core/deltax_blue:acc.psp.sva                                                                                  0.0000 5.7255  
        markers:core/slc(deltax_blue:acc.psp.sva)                                                                             0.0000 5.7255  
        markers:core/slc(deltax_blue:acc.psp.sva).itm                                                                         0.0000 5.7255  
        markers:core/if#11:acc                           mgc_add_9_1_4_1_10                                                   1.0811 6.8065  
        markers:core/if#11:acc.itm                                                                                            0.0000 6.8065  
        markers:core/slc#4                                                                                                    0.0000 6.8065  
        markers:core/slc#4.itm                                                                                                0.0000 6.8065  
        markers:core/reg(slc#4.svs#1)                    mgc_reg_pos_1_1_0_0_0_1_1                                            0.0000 6.8065  
                                                                                                                                             
      3                                                  markers:core/reg(blue_xy(1).sva.dfm#2) markers:core/reg(slc#4.svs#1) 6.8065 -0.1399 
                                                                                                                                             
        Instance                                         Component                                                            Delta  Delay   
        --------                                         ---------                                                            -----  -----   
        markers:core/reg(blue_xy(1).sva.dfm#2)           mgc_reg_pos_10_1_0_0_0_1_1                                           0.0000 0.0000  
        markers:core/blue_xy(1).sva.dfm#2                                                                                     0.0000 0.0000  
        markers:core/mux#5                               mgc_mux_10_1_2                                                       0.3690 0.3690  
        markers:core/blue_xy(1).sva:mx0                                                                                       0.0000 0.3690  
        markers:core/slc(blue_xy(1).sva:mx0)                                                                                  0.0000 0.3690  
        markers:core/slc(blue_xy(1).sva:mx0).itm                                                                              0.0000 0.3690  
        markers:core/if#6:if:nor                         mgc_nor_1_20                                                         1.1345 1.5035  
        markers:core/if#6:if:nor.itm                                                                                          0.0000 1.5035  
        markers:core/nand#3                              mgc_nand_1_2                                                         0.2679 1.7714  
        markers:core/or.dcpl#9                                                                                                0.0000 1.7714  
        markers:core/mux#9                               mgc_mux_10_1_2                                                       0.3690 2.1404  
        markers:core/blue_xy(0).sva.dfm#2:mx0                                                                                 0.0000 2.1404  
        markers:core/slc(blue_xy(0).sva.dfm#2:mx0)#5                                                                          0.0000 2.1404  
        markers:core/slc(blue_xy(0).sva.dfm#2:mx0)#5.itm                                                                      0.0000 2.1404  
        markers:core/if#10:nor#1                         mgc_nor_1_10                                                         0.8720 3.0124  
        markers:core/if#10:nor#1.itm                                                                                          0.0000 3.0124  
        markers:core/if#10:nor                           mgc_nor_1_11                                                         0.9081 3.9205  
        markers:core/if#10:nor.tmp                                                                                            0.0000 3.9205  
        markers:core/mux#10                              mgc_mux_10_1_2                                                       0.3690 4.2895  
        markers:core/mux#10.itm                                                                                               0.0000 4.2895  
        markers:core/deltax_blue:not                     mgc_not_10                                                           0.0000 4.2895  
        markers:core/deltax_blue:not.itm                                                                                      0.0000 4.2895  
        markers:core/conc#72                                                                                                  0.0000 4.2895  
        markers:core/conc#72.itm                                                                                              0.0000 4.2895  
        markers:core/deltax_blue:acc#1                   mgc_add_12_0_11_0_12                                                 1.4360 5.7255  
        markers:core/deltax_blue:acc#1.itm                                                                                    0.0000 5.7255  
        markers:core/deltax_blue:slc                                                                                          0.0000 5.7255  
        markers:core/deltax_blue:acc.psp.sva                                                                                  0.0000 5.7255  
        markers:core/slc(deltax_blue:acc.psp.sva)                                                                             0.0000 5.7255  
        markers:core/slc(deltax_blue:acc.psp.sva).itm                                                                         0.0000 5.7255  
        markers:core/if#11:acc                           mgc_add_9_1_4_1_10                                                   1.0811 6.8065  
        markers:core/if#11:acc.itm                                                                                            0.0000 6.8065  
        markers:core/slc#4                                                                                                    0.0000 6.8065  
        markers:core/slc#4.itm                                                                                                0.0000 6.8065  
        markers:core/reg(slc#4.svs#1)                    mgc_reg_pos_1_1_0_0_0_1_1                                            0.0000 6.8065  
                                                                                                                                             
      4                                                  markers:core/reg(main.stage_0#3)       markers:core/reg(slc#4.svs#1) 6.8065 -0.1399 
                                                                                                                                             
        Instance                                         Component                                                            Delta  Delay   
        --------                                         ---------                                                            -----  -----   
        markers:core/reg(main.stage_0#3)                 mgc_reg_pos_1_1_0_0_0_1_1                                            0.0000 0.0000  
        markers:core/main.stage_0#3                                                                                           0.0000 0.0000  
        markers:core/mux#5                               mgc_mux_10_1_2                                                       0.3690 0.3690  
        markers:core/blue_xy(1).sva:mx0                                                                                       0.0000 0.3690  
        markers:core/slc(blue_xy(1).sva:mx0)                                                                                  0.0000 0.3690  
        markers:core/slc(blue_xy(1).sva:mx0).itm                                                                              0.0000 0.3690  
        markers:core/if#6:if:nor                         mgc_nor_1_20                                                         1.1345 1.5035  
        markers:core/if#6:if:nor.itm                                                                                          0.0000 1.5035  
        markers:core/nand#3                              mgc_nand_1_2                                                         0.2679 1.7714  
        markers:core/or.dcpl#9                                                                                                0.0000 1.7714  
        markers:core/mux#9                               mgc_mux_10_1_2                                                       0.3690 2.1404  
        markers:core/blue_xy(0).sva.dfm#2:mx0                                                                                 0.0000 2.1404  
        markers:core/slc(blue_xy(0).sva.dfm#2:mx0)#5                                                                          0.0000 2.1404  
        markers:core/slc(blue_xy(0).sva.dfm#2:mx0)#5.itm                                                                      0.0000 2.1404  
        markers:core/if#10:nor#1                         mgc_nor_1_10                                                         0.8720 3.0124  
        markers:core/if#10:nor#1.itm                                                                                          0.0000 3.0124  
        markers:core/if#10:nor                           mgc_nor_1_11                                                         0.9081 3.9205  
        markers:core/if#10:nor.tmp                                                                                            0.0000 3.9205  
        markers:core/mux#10                              mgc_mux_10_1_2                                                       0.3690 4.2895  
        markers:core/mux#10.itm                                                                                               0.0000 4.2895  
        markers:core/deltax_blue:not                     mgc_not_10                                                           0.0000 4.2895  
        markers:core/deltax_blue:not.itm                                                                                      0.0000 4.2895  
        markers:core/conc#72                                                                                                  0.0000 4.2895  
        markers:core/conc#72.itm                                                                                              0.0000 4.2895  
        markers:core/deltax_blue:acc#1                   mgc_add_12_0_11_0_12                                                 1.4360 5.7255  
        markers:core/deltax_blue:acc#1.itm                                                                                    0.0000 5.7255  
        markers:core/deltax_blue:slc                                                                                          0.0000 5.7255  
        markers:core/deltax_blue:acc.psp.sva                                                                                  0.0000 5.7255  
        markers:core/slc(deltax_blue:acc.psp.sva)                                                                             0.0000 5.7255  
        markers:core/slc(deltax_blue:acc.psp.sva).itm                                                                         0.0000 5.7255  
        markers:core/if#11:acc                           mgc_add_9_1_4_1_10                                                   1.0811 6.8065  
        markers:core/if#11:acc.itm                                                                                            0.0000 6.8065  
        markers:core/slc#4                                                                                                    0.0000 6.8065  
        markers:core/slc#4.itm                                                                                                0.0000 6.8065  
        markers:core/reg(slc#4.svs#1)                    mgc_reg_pos_1_1_0_0_0_1_1                                            0.0000 6.8065  
                                                                                                                                             
      5                                                  markers:core/reg(blue_xy(1).sva.dfm#2) markers:core/reg(slc#4.svs#1) 6.8065 -0.1399 
                                                                                                                                             
        Instance                                         Component                                                            Delta  Delay   
        --------                                         ---------                                                            -----  -----   
        markers:core/reg(blue_xy(1).sva.dfm#2)           mgc_reg_pos_10_1_0_0_0_1_1                                           0.0000 0.0000  
        markers:core/blue_xy(1).sva.dfm#2                                                                                     0.0000 0.0000  
        markers:core/mux#5                               mgc_mux_10_1_2                                                       0.3690 0.3690  
        markers:core/blue_xy(1).sva:mx0                                                                                       0.0000 0.3690  
        markers:core/slc(blue_xy(1).sva:mx0)                                                                                  0.0000 0.3690  
        markers:core/slc(blue_xy(1).sva:mx0).itm                                                                              0.0000 0.3690  
        markers:core/if#6:if:nor                         mgc_nor_1_20                                                         1.1345 1.5035  
        markers:core/if#6:if:nor.itm                                                                                          0.0000 1.5035  
        markers:core/nand#3                              mgc_nand_1_2                                                         0.2679 1.7714  
        markers:core/or.dcpl#9                                                                                                0.0000 1.7714  
        markers:core/mux#9                               mgc_mux_10_1_2                                                       0.3690 2.1404  
        markers:core/blue_xy(0).sva.dfm#2:mx0                                                                                 0.0000 2.1404  
        markers:core/slc(blue_xy(0).sva.dfm#2:mx0)#6                                                                          0.0000 2.1404  
        markers:core/slc(blue_xy(0).sva.dfm#2:mx0)#6.itm                                                                      0.0000 2.1404  
        markers:core/if#10:nor#1                         mgc_nor_1_10                                                         0.8720 3.0124  
        markers:core/if#10:nor#1.itm                                                                                          0.0000 3.0124  
        markers:core/if#10:nor                           mgc_nor_1_11                                                         0.9081 3.9205  
        markers:core/if#10:nor.tmp                                                                                            0.0000 3.9205  
        markers:core/mux#10                              mgc_mux_10_1_2                                                       0.3690 4.2895  
        markers:core/mux#10.itm                                                                                               0.0000 4.2895  
        markers:core/deltax_blue:not                     mgc_not_10                                                           0.0000 4.2895  
        markers:core/deltax_blue:not.itm                                                                                      0.0000 4.2895  
        markers:core/conc#72                                                                                                  0.0000 4.2895  
        markers:core/conc#72.itm                                                                                              0.0000 4.2895  
        markers:core/deltax_blue:acc#1                   mgc_add_12_0_11_0_12                                                 1.4360 5.7255  
        markers:core/deltax_blue:acc#1.itm                                                                                    0.0000 5.7255  
        markers:core/deltax_blue:slc                                                                                          0.0000 5.7255  
        markers:core/deltax_blue:acc.psp.sva                                                                                  0.0000 5.7255  
        markers:core/slc(deltax_blue:acc.psp.sva)                                                                             0.0000 5.7255  
        markers:core/slc(deltax_blue:acc.psp.sva).itm                                                                         0.0000 5.7255  
        markers:core/if#11:acc                           mgc_add_9_1_4_1_10                                                   1.0811 6.8065  
        markers:core/if#11:acc.itm                                                                                            0.0000 6.8065  
        markers:core/slc#4                                                                                                    0.0000 6.8065  
        markers:core/slc#4.itm                                                                                                0.0000 6.8065  
        markers:core/reg(slc#4.svs#1)                    mgc_reg_pos_1_1_0_0_0_1_1                                            0.0000 6.8065  
                                                                                                                                             
      6                                                  markers:core/reg(blue_xy(0).sva.dfm#2) markers:core/reg(slc#4.svs#1) 6.8065 -0.1399 
                                                                                                                                             
        Instance                                         Component                                                            Delta  Delay   
        --------                                         ---------                                                            -----  -----   
        markers:core/reg(blue_xy(0).sva.dfm#2)           mgc_reg_pos_10_1_0_0_0_1_1                                           0.0000 0.0000  
        markers:core/blue_xy(0).sva.dfm#2                                                                                     0.0000 0.0000  
        markers:core/mux#6                               mgc_mux_10_1_2                                                       0.3690 0.3690  
        markers:core/blue_xy(0).sva:mx0                                                                                       0.0000 0.3690  
        markers:core/slc(blue_xy(0).sva:mx0)#8                                                                                0.0000 0.3690  
        markers:core/slc(blue_xy(0).sva:mx0)#8.itm                                                                            0.0000 0.3690  
        markers:core/if#6:if:nor                         mgc_nor_1_20                                                         1.1345 1.5035  
        markers:core/if#6:if:nor.itm                                                                                          0.0000 1.5035  
        markers:core/nand#3                              mgc_nand_1_2                                                         0.2679 1.7714  
        markers:core/or.dcpl#9                                                                                                0.0000 1.7714  
        markers:core/mux#9                               mgc_mux_10_1_2                                                       0.3690 2.1404  
        markers:core/blue_xy(0).sva.dfm#2:mx0                                                                                 0.0000 2.1404  
        markers:core/slc(blue_xy(0).sva.dfm#2:mx0)#6                                                                          0.0000 2.1404  
        markers:core/slc(blue_xy(0).sva.dfm#2:mx0)#6.itm                                                                      0.0000 2.1404  
        markers:core/if#10:nor#1                         mgc_nor_1_10                                                         0.8720 3.0124  
        markers:core/if#10:nor#1.itm                                                                                          0.0000 3.0124  
        markers:core/if#10:nor                           mgc_nor_1_11                                                         0.9081 3.9205  
        markers:core/if#10:nor.tmp                                                                                            0.0000 3.9205  
        markers:core/mux#10                              mgc_mux_10_1_2                                                       0.3690 4.2895  
        markers:core/mux#10.itm                                                                                               0.0000 4.2895  
        markers:core/deltax_blue:not                     mgc_not_10                                                           0.0000 4.2895  
        markers:core/deltax_blue:not.itm                                                                                      0.0000 4.2895  
        markers:core/conc#72                                                                                                  0.0000 4.2895  
        markers:core/conc#72.itm                                                                                              0.0000 4.2895  
        markers:core/deltax_blue:acc#1                   mgc_add_12_0_11_0_12                                                 1.4360 5.7255  
        markers:core/deltax_blue:acc#1.itm                                                                                    0.0000 5.7255  
        markers:core/deltax_blue:slc                                                                                          0.0000 5.7255  
        markers:core/deltax_blue:acc.psp.sva                                                                                  0.0000 5.7255  
        markers:core/slc(deltax_blue:acc.psp.sva)                                                                             0.0000 5.7255  
        markers:core/slc(deltax_blue:acc.psp.sva).itm                                                                         0.0000 5.7255  
        markers:core/if#11:acc                           mgc_add_9_1_4_1_10                                                   1.0811 6.8065  
        markers:core/if#11:acc.itm                                                                                            0.0000 6.8065  
        markers:core/slc#4                                                                                                    0.0000 6.8065  
        markers:core/slc#4.itm                                                                                                0.0000 6.8065  
        markers:core/reg(slc#4.svs#1)                    mgc_reg_pos_1_1_0_0_0_1_1                                            0.0000 6.8065  
                                                                                                                                             
      7                                                  markers:core/reg(blue_xy(1).sva.dfm#2) markers:core/reg(slc#4.svs#1) 6.8065 -0.1399 
                                                                                                                                             
        Instance                                         Component                                                            Delta  Delay   
        --------                                         ---------                                                            -----  -----   
        markers:core/reg(blue_xy(1).sva.dfm#2)           mgc_reg_pos_10_1_0_0_0_1_1                                           0.0000 0.0000  
        markers:core/blue_xy(1).sva.dfm#2                                                                                     0.0000 0.0000  
        markers:core/mux#5                               mgc_mux_10_1_2                                                       0.3690 0.3690  
        markers:core/blue_xy(1).sva:mx0                                                                                       0.0000 0.3690  
        markers:core/slc(blue_xy(1).sva:mx0)#6                                                                                0.0000 0.3690  
        markers:core/slc(blue_xy(1).sva:mx0)#6.itm                                                                            0.0000 0.3690  
        markers:core/if#6:if:nor                         mgc_nor_1_20                                                         1.1345 1.5035  
        markers:core/if#6:if:nor.itm                                                                                          0.0000 1.5035  
        markers:core/nand#3                              mgc_nand_1_2                                                         0.2679 1.7714  
        markers:core/or.dcpl#9                                                                                                0.0000 1.7714  
        markers:core/mux#9                               mgc_mux_10_1_2                                                       0.3690 2.1404  
        markers:core/blue_xy(0).sva.dfm#2:mx0                                                                                 0.0000 2.1404  
        markers:core/slc(blue_xy(0).sva.dfm#2:mx0)#6                                                                          0.0000 2.1404  
        markers:core/slc(blue_xy(0).sva.dfm#2:mx0)#6.itm                                                                      0.0000 2.1404  
        markers:core/if#10:nor#1                         mgc_nor_1_10                                                         0.8720 3.0124  
        markers:core/if#10:nor#1.itm                                                                                          0.0000 3.0124  
        markers:core/if#10:nor                           mgc_nor_1_11                                                         0.9081 3.9205  
        markers:core/if#10:nor.tmp                                                                                            0.0000 3.9205  
        markers:core/mux#10                              mgc_mux_10_1_2                                                       0.3690 4.2895  
        markers:core/mux#10.itm                                                                                               0.0000 4.2895  
        markers:core/deltax_blue:not                     mgc_not_10                                                           0.0000 4.2895  
        markers:core/deltax_blue:not.itm                                                                                      0.0000 4.2895  
        markers:core/conc#72                                                                                                  0.0000 4.2895  
        markers:core/conc#72.itm                                                                                              0.0000 4.2895  
        markers:core/deltax_blue:acc#1                   mgc_add_12_0_11_0_12                                                 1.4360 5.7255  
        markers:core/deltax_blue:acc#1.itm                                                                                    0.0000 5.7255  
        markers:core/deltax_blue:slc                                                                                          0.0000 5.7255  
        markers:core/deltax_blue:acc.psp.sva                                                                                  0.0000 5.7255  
        markers:core/slc(deltax_blue:acc.psp.sva)                                                                             0.0000 5.7255  
        markers:core/slc(deltax_blue:acc.psp.sva).itm                                                                         0.0000 5.7255  
        markers:core/if#11:acc                           mgc_add_9_1_4_1_10                                                   1.0811 6.8065  
        markers:core/if#11:acc.itm                                                                                            0.0000 6.8065  
        markers:core/slc#4                                                                                                    0.0000 6.8065  
        markers:core/slc#4.itm                                                                                                0.0000 6.8065  
        markers:core/reg(slc#4.svs#1)                    mgc_reg_pos_1_1_0_0_0_1_1                                            0.0000 6.8065  
                                                                                                                                             
      8                                                  markers:core/reg(blue_xy(1).sva.dfm#2) markers:core/reg(slc#4.svs#1) 6.8065 -0.1399 
                                                                                                                                             
        Instance                                         Component                                                            Delta  Delay   
        --------                                         ---------                                                            -----  -----   
        markers:core/reg(blue_xy(1).sva.dfm#2)           mgc_reg_pos_10_1_0_0_0_1_1                                           0.0000 0.0000  
        markers:core/blue_xy(1).sva.dfm#2                                                                                     0.0000 0.0000  
        markers:core/mux#5                               mgc_mux_10_1_2                                                       0.3690 0.3690  
        markers:core/blue_xy(1).sva:mx0                                                                                       0.0000 0.3690  
        markers:core/slc(blue_xy(1).sva:mx0)#7                                                                                0.0000 0.3690  
        markers:core/slc(blue_xy(1).sva:mx0)#7.itm                                                                            0.0000 0.3690  
        markers:core/if#6:if:nor                         mgc_nor_1_20                                                         1.1345 1.5035  
        markers:core/if#6:if:nor.itm                                                                                          0.0000 1.5035  
        markers:core/nand#3                              mgc_nand_1_2                                                         0.2679 1.7714  
        markers:core/or.dcpl#9                                                                                                0.0000 1.7714  
        markers:core/mux#9                               mgc_mux_10_1_2                                                       0.3690 2.1404  
        markers:core/blue_xy(0).sva.dfm#2:mx0                                                                                 0.0000 2.1404  
        markers:core/slc(blue_xy(0).sva.dfm#2:mx0)#6                                                                          0.0000 2.1404  
        markers:core/slc(blue_xy(0).sva.dfm#2:mx0)#6.itm                                                                      0.0000 2.1404  
        markers:core/if#10:nor#1                         mgc_nor_1_10                                                         0.8720 3.0124  
        markers:core/if#10:nor#1.itm                                                                                          0.0000 3.0124  
        markers:core/if#10:nor                           mgc_nor_1_11                                                         0.9081 3.9205  
        markers:core/if#10:nor.tmp                                                                                            0.0000 3.9205  
        markers:core/mux#10                              mgc_mux_10_1_2                                                       0.3690 4.2895  
        markers:core/mux#10.itm                                                                                               0.0000 4.2895  
        markers:core/deltax_blue:not                     mgc_not_10                                                           0.0000 4.2895  
        markers:core/deltax_blue:not.itm                                                                                      0.0000 4.2895  
        markers:core/conc#72                                                                                                  0.0000 4.2895  
        markers:core/conc#72.itm                                                                                              0.0000 4.2895  
        markers:core/deltax_blue:acc#1                   mgc_add_12_0_11_0_12                                                 1.4360 5.7255  
        markers:core/deltax_blue:acc#1.itm                                                                                    0.0000 5.7255  
        markers:core/deltax_blue:slc                                                                                          0.0000 5.7255  
        markers:core/deltax_blue:acc.psp.sva                                                                                  0.0000 5.7255  
        markers:core/slc(deltax_blue:acc.psp.sva)                                                                             0.0000 5.7255  
        markers:core/slc(deltax_blue:acc.psp.sva).itm                                                                         0.0000 5.7255  
        markers:core/if#11:acc                           mgc_add_9_1_4_1_10                                                   1.0811 6.8065  
        markers:core/if#11:acc.itm                                                                                            0.0000 6.8065  
        markers:core/slc#4                                                                                                    0.0000 6.8065  
        markers:core/slc#4.itm                                                                                                0.0000 6.8065  
        markers:core/reg(slc#4.svs#1)                    mgc_reg_pos_1_1_0_0_0_1_1                                            0.0000 6.8065  
                                                                                                                                             
      9                                                  markers:core/reg(blue_xy(1).sva.dfm#2) markers:core/reg(slc#4.svs#1) 6.8065 -0.1399 
                                                                                                                                             
        Instance                                         Component                                                            Delta  Delay   
        --------                                         ---------                                                            -----  -----   
        markers:core/reg(blue_xy(1).sva.dfm#2)           mgc_reg_pos_10_1_0_0_0_1_1                                           0.0000 0.0000  
        markers:core/blue_xy(1).sva.dfm#2                                                                                     0.0000 0.0000  
        markers:core/mux#5                               mgc_mux_10_1_2                                                       0.3690 0.3690  
        markers:core/blue_xy(1).sva:mx0                                                                                       0.0000 0.3690  
        markers:core/slc(blue_xy(1).sva:mx0)#4                                                                                0.0000 0.3690  
        markers:core/slc(blue_xy(1).sva:mx0)#4.itm                                                                            0.0000 0.3690  
        markers:core/if#6:if:nor                         mgc_nor_1_20                                                         1.1345 1.5035  
        markers:core/if#6:if:nor.itm                                                                                          0.0000 1.5035  
        markers:core/nand#3                              mgc_nand_1_2                                                         0.2679 1.7714  
        markers:core/or.dcpl#9                                                                                                0.0000 1.7714  
        markers:core/mux#9                               mgc_mux_10_1_2                                                       0.3690 2.1404  
        markers:core/blue_xy(0).sva.dfm#2:mx0                                                                                 0.0000 2.1404  
        markers:core/slc(blue_xy(0).sva.dfm#2:mx0)#6                                                                          0.0000 2.1404  
        markers:core/slc(blue_xy(0).sva.dfm#2:mx0)#6.itm                                                                      0.0000 2.1404  
        markers:core/if#10:nor#1                         mgc_nor_1_10                                                         0.8720 3.0124  
        markers:core/if#10:nor#1.itm                                                                                          0.0000 3.0124  
        markers:core/if#10:nor                           mgc_nor_1_11                                                         0.9081 3.9205  
        markers:core/if#10:nor.tmp                                                                                            0.0000 3.9205  
        markers:core/mux#10                              mgc_mux_10_1_2                                                       0.3690 4.2895  
        markers:core/mux#10.itm                                                                                               0.0000 4.2895  
        markers:core/deltax_blue:not                     mgc_not_10                                                           0.0000 4.2895  
        markers:core/deltax_blue:not.itm                                                                                      0.0000 4.2895  
        markers:core/conc#72                                                                                                  0.0000 4.2895  
        markers:core/conc#72.itm                                                                                              0.0000 4.2895  
        markers:core/deltax_blue:acc#1                   mgc_add_12_0_11_0_12                                                 1.4360 5.7255  
        markers:core/deltax_blue:acc#1.itm                                                                                    0.0000 5.7255  
        markers:core/deltax_blue:slc                                                                                          0.0000 5.7255  
        markers:core/deltax_blue:acc.psp.sva                                                                                  0.0000 5.7255  
        markers:core/slc(deltax_blue:acc.psp.sva)                                                                             0.0000 5.7255  
        markers:core/slc(deltax_blue:acc.psp.sva).itm                                                                         0.0000 5.7255  
        markers:core/if#11:acc                           mgc_add_9_1_4_1_10                                                   1.0811 6.8065  
        markers:core/if#11:acc.itm                                                                                            0.0000 6.8065  
        markers:core/slc#4                                                                                                    0.0000 6.8065  
        markers:core/slc#4.itm                                                                                                0.0000 6.8065  
        markers:core/reg(slc#4.svs#1)                    mgc_reg_pos_1_1_0_0_0_1_1                                            0.0000 6.8065  
                                                                                                                                             
      10                                                 markers:core/reg(blue_xy(0).sva)       markers:core/reg(slc#4.svs#1) 6.8065 -0.1399 
                                                                                                                                             
        Instance                                         Component                                                            Delta  Delay   
        --------                                         ---------                                                            -----  -----   
        markers:core/reg(blue_xy(0).sva)                 mgc_reg_pos_10_1_0_0_0_1_1                                           0.0000 0.0000  
        markers:core/blue_xy(0).sva                                                                                           0.0000 0.0000  
        markers:core/mux#6                               mgc_mux_10_1_2                                                       0.3690 0.3690  
        markers:core/blue_xy(0).sva:mx0                                                                                       0.0000 0.3690  
        markers:core/slc(blue_xy(0).sva:mx0)#8                                                                                0.0000 0.3690  
        markers:core/slc(blue_xy(0).sva:mx0)#8.itm                                                                            0.0000 0.3690  
        markers:core/if#6:if:nor                         mgc_nor_1_20                                                         1.1345 1.5035  
        markers:core/if#6:if:nor.itm                                                                                          0.0000 1.5035  
        markers:core/nand#3                              mgc_nand_1_2                                                         0.2679 1.7714  
        markers:core/or.dcpl#9                                                                                                0.0000 1.7714  
        markers:core/mux#9                               mgc_mux_10_1_2                                                       0.3690 2.1404  
        markers:core/blue_xy(0).sva.dfm#2:mx0                                                                                 0.0000 2.1404  
        markers:core/slc(blue_xy(0).sva.dfm#2:mx0)#6                                                                          0.0000 2.1404  
        markers:core/slc(blue_xy(0).sva.dfm#2:mx0)#6.itm                                                                      0.0000 2.1404  
        markers:core/if#10:nor#1                         mgc_nor_1_10                                                         0.8720 3.0124  
        markers:core/if#10:nor#1.itm                                                                                          0.0000 3.0124  
        markers:core/if#10:nor                           mgc_nor_1_11                                                         0.9081 3.9205  
        markers:core/if#10:nor.tmp                                                                                            0.0000 3.9205  
        markers:core/mux#10                              mgc_mux_10_1_2                                                       0.3690 4.2895  
        markers:core/mux#10.itm                                                                                               0.0000 4.2895  
        markers:core/deltax_blue:not                     mgc_not_10                                                           0.0000 4.2895  
        markers:core/deltax_blue:not.itm                                                                                      0.0000 4.2895  
        markers:core/conc#72                                                                                                  0.0000 4.2895  
        markers:core/conc#72.itm                                                                                              0.0000 4.2895  
        markers:core/deltax_blue:acc#1                   mgc_add_12_0_11_0_12                                                 1.4360 5.7255  
        markers:core/deltax_blue:acc#1.itm                                                                                    0.0000 5.7255  
        markers:core/deltax_blue:slc                                                                                          0.0000 5.7255  
        markers:core/deltax_blue:acc.psp.sva                                                                                  0.0000 5.7255  
        markers:core/slc(deltax_blue:acc.psp.sva)                                                                             0.0000 5.7255  
        markers:core/slc(deltax_blue:acc.psp.sva).itm                                                                         0.0000 5.7255  
        markers:core/if#11:acc                           mgc_add_9_1_4_1_10                                                   1.0811 6.8065  
        markers:core/if#11:acc.itm                                                                                            0.0000 6.8065  
        markers:core/slc#4                                                                                                    0.0000 6.8065  
        markers:core/slc#4.itm                                                                                                0.0000 6.8065  
        markers:core/reg(slc#4.svs#1)                    mgc_reg_pos_1_1_0_0_0_1_1                                            0.0000 6.8065  
                                                                                                                                             
      
    Register Input and Register-to-Output Slack
      Clock period or pin-to-reg delay constraint (clk): 6.666667
      Clock uncertainty constraint (clk)               : 0.0
      
      Instance                                        Port                          Slack (Delay) Messages                
      ----------------------------------------------- --------------------------- ------- ------- -----------------------
      markers:core/reg(vout:rsc:mgc_out_stdreg.d)     mux.itm                      2.7525  3.9141                         
      markers:core/reg(else#12:aif#1:slc.svs)         mux#2.itm                    3.6465  3.0201                         
      markers:core/reg(blue_xy_previous(1).sva.dfm#2) mux#3.itm                    4.5575  2.1092                         
      markers:core/reg(land#8.lpi#1.dfm#3)            land#8.lpi#1.dfm.st#2        6.0298  0.6368                         
      markers:core/reg(else#12:land#1.lpi#1.dfm#2)    mux#4.itm                    1.2748  5.3918                         
      markers:core/reg(blue_xy(1).sva)                blue_xy(1).sva:mx0          -0.1399  6.8065 (clock period exceeded) 
      markers:core/reg(blue_xy(0).sva)                blue_xy(0).sva:mx0          -0.1399  6.8065 (clock period exceeded) 
      markers:core/reg(blue_xy_previous(0).sva)       blue_xy_previous(0).sva:mx0  0.5008  6.1659                         
      markers:core/reg(blue_xy(0).sva.dfm#2)          blue_xy(0).sva.dfm#2:mx0    -0.1399  6.8065 (clock period exceeded) 
      markers:core/reg(deltax_blue:acc.psp.sva#1)     deltax_blue:acc.psp.sva     -0.1399  6.8065 (clock period exceeded) 
      markers:core/reg(blue_xy(1).sva.dfm#2)          and#11.itm                   4.0013  2.6654                         
      markers:core/reg(land#8.lpi#1.dfm.st#2)         land#8.lpi#1.dfm.st#1        6.6667  0.0000                         
      markers:core/reg(land#6.lpi#1.dfm#1)            if#10:nor.tmp               -0.1399  6.8065 (clock period exceeded) 
      markers:core/reg(slc#4.svs#1)                   slc#4.itm                   -0.1399  6.8065 (clock period exceeded) 
      markers:core/reg(acc#6(1).sva.dfm#2)            and.itm                      0.8225  5.8442                         
      markers:core/reg(else#2:land.lpi#1.dfm#1)       else#2:if:nor.itm            5.0157  1.6510                         
      markers:core/reg(aif#35:slc.svs)                aif#35:slc.svs:mx0           4.2896  2.3771                         
      markers:core/reg(main.stage_0#2)                C0_4#1_Not                   6.6667  0.0000                         
      markers:core/reg(main.stage_0#3)                main.stage_0#2               5.7727  0.8940                         
      markers:core/reg(main.stage_0#4)                main.stage_0#3              -0.1399  6.8065 (clock period exceeded) 
      markers:core/reg(else#12:land#1.lpi#1.dfm)      mux#13.itm                   1.2748  5.3918                         
      markers:core/reg(blue_xy_previous(1).sva)       mux#14.itm                   4.2950  2.3717                         
      markers:core/reg(land#8.lpi#1.dfm.st#1)         if#12:and#2.itm              4.2896  2.3771                         
      markers                                         vout:rsc.z                   6.6667  0.0000                         
      markers                                         volume:rsc.z                 6.6667  0.0000                         
      
  Operator Bitwidth Summary
    Operation  Size (bits) Count 
    ---------- ----------- -----
    add                          
    -                   12     8 
    -                   10     1 
    -                    9     2 
    -                    8     5 
    -                    6     3 
    -                    5     2 
    -                    4     2 
    -                    2     2 
    and                          
    -                    4     2 
    -                    3     1 
    -                    2     5 
    mux                          
    -                    1    17 
    nand                         
    -                    2     2 
    nor                          
    -                   20     1 
    -                   11     1 
    -                   10     1 
    -                    3     1 
    -                    2     1 
    not                          
    -                   11     3 
    -                   10     5 
    -                    8     2 
    -                    1     8 
    or                           
    -                    4     1 
    -                    2     3 
    reg                          
    -                   30     1 
    -                   11     1 
    -                   10     7 
    -                    4     1 
    -                    1    13 
    write_port                   
    -                   30     1 
    -                    8     1 
    
  End of Report
