-- Catapult University Version: Report                                              
-- ---------------------------- ---------------------------------------------------
-- Version:                     2011a.126 Production Release                        
-- Build Date:                  Wed Aug  8 00:52:07 PDT 2012                        
                                                                                    
-- Generated by:                mf2915@EEWS305-026                                  
-- Generated date:              Sat May 07 13:18:58 +0100 2016                      

Solution Settings: markers.v83
  Current state: extract
  Project: Catapult
  
  Design Input Files Specified
    $PROJECT_HOME/../markers_source/shift_class.h
    $PROJECT_HOME/../markers_source/blur.c
      $MGC_HOME/shared/include/ac_fixed.h
        $MGC_HOME/shared/include/ac_int.h
      $PROJECT_HOME/../markers_source/blur.h
      $PROJECT_HOME/../markers_source/shift_class.h
    $PROJECT_HOME/../markers_source/blur.h
      $MGC_HOME/shared/include/ac_int.h
  
  Processes/Blocks in Design
    Process       Real Operation(s) count Latency Throughput Reset Length II Comments 
    ------------- ----------------------- ------- ---------- ------------ -- --------
    /markers/core                      15       1          1            0  1          
    Design Total:                      15       1          1            0  1          
    
  Bill Of Materials (Datapath)
    Component Name                          Area Score Area(LUTs) Delay Post Alloc Post Assign 
    --------------------------------------- ---------- ---------- ----- ---------- -----------
    [Lib: mgc_Altera-Cyclone-III-6_beh_psr]                                                    
    mgc_add(11,0,7,1,11)                        12.000     12.000 1.376          3           2 
    mgc_mux(1,1,2)                               0.919      0.919 0.369          0           1 
    mgc_nor(1,2)                                 0.730      0.730 0.263          0           1 
    mgc_nor(1,3)                                 1.054      1.054 0.416          0           1 
    mgc_not(10)                                  0.000      0.000 0.000          0           2 
    mgc_reg_pos(1,1,0,0,0,1,1)                   0.000      0.000 0.000          0           2 
    mgc_reg_pos(10,1,0,0,0,1,1)                  0.000      0.000 0.000          0           1 
    [Lib: mgc_ioport]                                                                          
    mgc_out_stdreg(2,30)                         0.000      0.000 0.000          1           1 
    mgc_out_stdreg(4,4)                          0.000      0.000 0.000          1           1 
                                                                                               
    TOTAL AREA (After Assignment):              26.704     27.000                              
    
  Area Scores
                      Post-Scheduling Post-DP & FSM Post-Assignment 
    ----------------- --------------- ------------- ---------------
    Total Area Score:     36.0          26.7            26.7        
    Total Reg:             0.0           0.0             0.0        
                                                                    
    DataPath:             36.0 (100%)   26.7 (100%)     26.7 (100%) 
      MUX:                 0.0           0.9   (3%)      0.9   (3%) 
      FUNC:               36.0 (100%)   24.0  (90%)     24.0  (90%) 
      LOGIC:               0.0           1.8   (7%)      1.8   (7%) 
      BUFFER:              0.0           0.0             0.0        
      MEM:                 0.0           0.0             0.0        
      ROM:                 0.0           0.0             0.0        
      REG:                 0.0           0.0             0.0        
                                                                    
    
    FSM:                   0.0           0.0             0.0        
      FSM-REG:             0.0           0.0             0.0        
      FSM-COMB:            0.0           0.0             0.0        
                                                                    
    
  Register-to-Variable Mappings
    Register                             Size(bits) Gated Register CG Opt Done Variables                                             
    ------------------------------------ ---------- -------------- ----------- -----------------------------------------------------
    aif#41:aif:acc.cse.sg1                        1         Y                  aif#41:aif:acc.cse.sg1                                
    reg(vout:rsc:mgc_out_stdreg.d)#1.reg          1         Y                  reg(vout:rsc:mgc_out_stdreg.d)#1.reg                  
    reg(vout:rsc:mgc_out_stdreg.d).reg            1         Y                  reg(vout:rsc:mgc_out_stdreg.d).reg                    
                                                                                                                                     
    Total:                                        3              3           0 (Total Gating Ratio: 1.00, CG Opt Gating Ratio: 0.00) 
    
  Timing Report
    Critical Path
      Max Delay:  2.42319
      Slack:      4.243477
      
      Path                                                Startpoint                 Endpoint                                      Delay  Slack  
      --------------------------------------------------- -------------------------- --------------------------------------------- ------ ------
      1                                                   markers:core/vga_xy        markers:core/reg(vout:rsc:mgc_out_stdreg.d)#1 2.4232 4.2435 
                                                                                                                                                 
        Instance                                          Component                                                                Delta  Delay  
        --------                                          ---------                                                                -----  -----  
        markers:core/vga_xy                                                                                                        0.0000 0.0000 
        markers:core/slc(vga_xy#1)#10                                                                                              0.0000 0.0000 
        markers:core/slc(vga_xy#1)#10.itm                                                                                          0.0000 0.0000 
        markers:core/deltay_square_red:not#1              mgc_not_10                                                               0.0000 0.0000 
        markers:core/deltay_square_red:not#1.itm                                                                                   0.0000 0.0000 
        markers:core/conc#14                                                                                                       0.0000 0.0000 
        markers:core/conc#14.itm                                                                                                   0.0000 0.0000 
        markers:core/aif#41:aif:acc                       mgc_add_11_0_7_1_11                                                      1.3756 1.3756 
        markers:core/aif#41:aif:acc.itm                                                                                            0.0000 1.3756 
        markers:core/if#12:slc#1                                                                                                   0.0000 1.3756 
        markers:core/if#12:slc#1.itm                                                                                               0.0000 1.3756 
        markers:core/mux                                  mgc_mux_1_1_2                                                            0.3690 1.7446 
        markers:core/aif#41:aif:acc.cse.sg1:mx0                                                                                    0.0000 1.7446 
        markers:core/if#13:nor                            mgc_nor_1_2                                                              0.2625 2.0071 
        markers:core/land#13.lpi.dfm                                                                                               0.0000 2.0071 
        markers:core/nor                                  mgc_nor_1_3                                                              0.4161 2.4232 
        markers:core/nor.itm                                                                                                       0.0000 2.4232 
        markers:core/exs#4                                                                                                         0.0000 2.4232 
        markers:core/exs#4.itm                                                                                                     0.0000 2.4232 
        markers:core/conc#11                                                                                                       0.0000 2.4232 
        markers:core/vout:rsc:mgc_out_stdreg.d#1                                                                                   0.0000 2.4232 
        markers:core/slc(vout:rsc:mgc_out_stdreg.d)#5                                                                              0.0000 2.4232 
        markers:core/slc(vout:rsc:mgc_out_stdreg.d)#5.itm                                                                          0.0000 2.4232 
        markers:core/reg(vout:rsc:mgc_out_stdreg.d)#1     mgc_reg_pos_1_1_0_0_0_1_1                                                0.0000 2.4232 
                                                                                                                                                 
      2                                                   markers:core/vga_xy        markers:core/reg(vout:rsc:mgc_out_stdreg.d)   2.4232 4.2435 
                                                                                                                                                 
        Instance                                          Component                                                                Delta  Delay  
        --------                                          ---------                                                                -----  -----  
        markers:core/vga_xy                                                                                                        0.0000 0.0000 
        markers:core/slc(vga_xy#1)#10                                                                                              0.0000 0.0000 
        markers:core/slc(vga_xy#1)#10.itm                                                                                          0.0000 0.0000 
        markers:core/deltay_square_red:not#1              mgc_not_10                                                               0.0000 0.0000 
        markers:core/deltay_square_red:not#1.itm                                                                                   0.0000 0.0000 
        markers:core/conc#14                                                                                                       0.0000 0.0000 
        markers:core/conc#14.itm                                                                                                   0.0000 0.0000 
        markers:core/aif#41:aif:acc                       mgc_add_11_0_7_1_11                                                      1.3756 1.3756 
        markers:core/aif#41:aif:acc.itm                                                                                            0.0000 1.3756 
        markers:core/if#12:slc#1                                                                                                   0.0000 1.3756 
        markers:core/if#12:slc#1.itm                                                                                               0.0000 1.3756 
        markers:core/mux                                  mgc_mux_1_1_2                                                            0.3690 1.7446 
        markers:core/aif#41:aif:acc.cse.sg1:mx0                                                                                    0.0000 1.7446 
        markers:core/if#13:nor                            mgc_nor_1_2                                                              0.2625 2.0071 
        markers:core/land#13.lpi.dfm                                                                                               0.0000 2.0071 
        markers:core/nor                                  mgc_nor_1_3                                                              0.4161 2.4232 
        markers:core/nor.itm                                                                                                       0.0000 2.4232 
        markers:core/exs#4                                                                                                         0.0000 2.4232 
        markers:core/exs#4.itm                                                                                                     0.0000 2.4232 
        markers:core/conc#11                                                                                                       0.0000 2.4232 
        markers:core/vout:rsc:mgc_out_stdreg.d#1                                                                                   0.0000 2.4232 
        markers:core/slc(vout:rsc:mgc_out_stdreg.d)#1                                                                              0.0000 2.4232 
        markers:core/slc(vout:rsc:mgc_out_stdreg.d)#1.itm                                                                          0.0000 2.4232 
        markers:core/reg(vout:rsc:mgc_out_stdreg.d)       mgc_reg_pos_10_1_0_0_0_1_1                                               0.0000 2.4232 
                                                                                                                                                 
      3                                                   markers:core/vga_xy        markers:core/reg(vout:rsc:mgc_out_stdreg.d)   2.4232 4.2435 
                                                                                                                                                 
        Instance                                          Component                                                                Delta  Delay  
        --------                                          ---------                                                                -----  -----  
        markers:core/vga_xy                                                                                                        0.0000 0.0000 
        markers:core/slc(vga_xy#1)#9                                                                                               0.0000 0.0000 
        markers:core/slc(vga_xy#1)#9.itm                                                                                           0.0000 0.0000 
        markers:core/deltax_square_red:not#1              mgc_not_10                                                               0.0000 0.0000 
        markers:core/deltax_square_red:not#1.itm                                                                                   0.0000 0.0000 
        markers:core/conc#15                                                                                                       0.0000 0.0000 
        markers:core/conc#15.itm                                                                                                   0.0000 0.0000 
        markers:core/aif#39:acc                           mgc_add_11_0_7_1_11                                                      1.3756 1.3756 
        markers:core/aif#39:acc.itm                                                                                                0.0000 1.3756 
        markers:core/if#12:slc#2                                                                                                   0.0000 1.3756 
        markers:core/if#12:slc#2.itm                                                                                               0.0000 1.3756 
        markers:core/mux                                  mgc_mux_1_1_2                                                            0.3690 1.7446 
        markers:core/aif#41:aif:acc.cse.sg1:mx0                                                                                    0.0000 1.7446 
        markers:core/if#13:nor                            mgc_nor_1_2                                                              0.2625 2.0071 
        markers:core/land#13.lpi.dfm                                                                                               0.0000 2.0071 
        markers:core/nor                                  mgc_nor_1_3                                                              0.4161 2.4232 
        markers:core/nor.itm                                                                                                       0.0000 2.4232 
        markers:core/exs#4                                                                                                         0.0000 2.4232 
        markers:core/exs#4.itm                                                                                                     0.0000 2.4232 
        markers:core/conc#11                                                                                                       0.0000 2.4232 
        markers:core/vout:rsc:mgc_out_stdreg.d#1                                                                                   0.0000 2.4232 
        markers:core/slc(vout:rsc:mgc_out_stdreg.d)#1                                                                              0.0000 2.4232 
        markers:core/slc(vout:rsc:mgc_out_stdreg.d)#1.itm                                                                          0.0000 2.4232 
        markers:core/reg(vout:rsc:mgc_out_stdreg.d)       mgc_reg_pos_10_1_0_0_0_1_1                                               0.0000 2.4232 
                                                                                                                                                 
      4                                                   markers:core/vga_xy        markers:core/reg(vout:rsc:mgc_out_stdreg.d)   2.1607 4.5060 
                                                                                                                                                 
        Instance                                          Component                                                                Delta  Delay  
        --------                                          ---------                                                                -----  -----  
        markers:core/vga_xy                                                                                                        0.0000 0.0000 
        markers:core/slc(vga_xy#1)#10                                                                                              0.0000 0.0000 
        markers:core/slc(vga_xy#1)#10.itm                                                                                          0.0000 0.0000 
        markers:core/deltay_square_red:not#1              mgc_not_10                                                               0.0000 0.0000 
        markers:core/deltay_square_red:not#1.itm                                                                                   0.0000 0.0000 
        markers:core/conc#14                                                                                                       0.0000 0.0000 
        markers:core/conc#14.itm                                                                                                   0.0000 0.0000 
        markers:core/aif#41:aif:acc                       mgc_add_11_0_7_1_11                                                      1.3756 1.3756 
        markers:core/aif#41:aif:acc.itm                                                                                            0.0000 1.3756 
        markers:core/if#12:slc#1                                                                                                   0.0000 1.3756 
        markers:core/if#12:slc#1.itm                                                                                               0.0000 1.3756 
        markers:core/mux                                  mgc_mux_1_1_2                                                            0.3690 1.7446 
        markers:core/aif#41:aif:acc.cse.sg1:mx0                                                                                    0.0000 1.7446 
        markers:core/nor                                  mgc_nor_1_3                                                              0.4161 2.1607 
        markers:core/nor.itm                                                                                                       0.0000 2.1607 
        markers:core/exs#4                                                                                                         0.0000 2.1607 
        markers:core/exs#4.itm                                                                                                     0.0000 2.1607 
        markers:core/conc#11                                                                                                       0.0000 2.1607 
        markers:core/vout:rsc:mgc_out_stdreg.d#1                                                                                   0.0000 2.1607 
        markers:core/slc(vout:rsc:mgc_out_stdreg.d)#1                                                                              0.0000 2.1607 
        markers:core/slc(vout:rsc:mgc_out_stdreg.d)#1.itm                                                                          0.0000 2.1607 
        markers:core/reg(vout:rsc:mgc_out_stdreg.d)       mgc_reg_pos_10_1_0_0_0_1_1                                               0.0000 2.1607 
                                                                                                                                                 
      5                                                   markers:core/vga_xy        markers:core/reg(vout:rsc:mgc_out_stdreg.d)   2.1607 4.5060 
                                                                                                                                                 
        Instance                                          Component                                                                Delta  Delay  
        --------                                          ---------                                                                -----  -----  
        markers:core/vga_xy                                                                                                        0.0000 0.0000 
        markers:core/slc(vga_xy#1)#9                                                                                               0.0000 0.0000 
        markers:core/slc(vga_xy#1)#9.itm                                                                                           0.0000 0.0000 
        markers:core/deltax_square_red:not#1              mgc_not_10                                                               0.0000 0.0000 
        markers:core/deltax_square_red:not#1.itm                                                                                   0.0000 0.0000 
        markers:core/conc#15                                                                                                       0.0000 0.0000 
        markers:core/conc#15.itm                                                                                                   0.0000 0.0000 
        markers:core/aif#39:acc                           mgc_add_11_0_7_1_11                                                      1.3756 1.3756 
        markers:core/aif#39:acc.itm                                                                                                0.0000 1.3756 
        markers:core/if#12:slc#2                                                                                                   0.0000 1.3756 
        markers:core/if#12:slc#2.itm                                                                                               0.0000 1.3756 
        markers:core/mux                                  mgc_mux_1_1_2                                                            0.3690 1.7446 
        markers:core/aif#41:aif:acc.cse.sg1:mx0                                                                                    0.0000 1.7446 
        markers:core/nor                                  mgc_nor_1_3                                                              0.4161 2.1607 
        markers:core/nor.itm                                                                                                       0.0000 2.1607 
        markers:core/exs#4                                                                                                         0.0000 2.1607 
        markers:core/exs#4.itm                                                                                                     0.0000 2.1607 
        markers:core/conc#11                                                                                                       0.0000 2.1607 
        markers:core/vout:rsc:mgc_out_stdreg.d#1                                                                                   0.0000 2.1607 
        markers:core/slc(vout:rsc:mgc_out_stdreg.d)#1                                                                              0.0000 2.1607 
        markers:core/slc(vout:rsc:mgc_out_stdreg.d)#1.itm                                                                          0.0000 2.1607 
        markers:core/reg(vout:rsc:mgc_out_stdreg.d)       mgc_reg_pos_10_1_0_0_0_1_1                                               0.0000 2.1607 
                                                                                                                                                 
      6                                                   markers:core/vga_xy        markers:core/reg(vout:rsc:mgc_out_stdreg.d)   2.0542 4.6124 
                                                                                                                                                 
        Instance                                          Component                                                                Delta  Delay  
        --------                                          ---------                                                                -----  -----  
        markers:core/vga_xy                                                                                                        0.0000 0.0000 
        markers:core/slc(vga_xy#1)#9                                                                                               0.0000 0.0000 
        markers:core/slc(vga_xy#1)#9.itm                                                                                           0.0000 0.0000 
        markers:core/deltax_square_red:not#1              mgc_not_10                                                               0.0000 0.0000 
        markers:core/deltax_square_red:not#1.itm                                                                                   0.0000 0.0000 
        markers:core/conc#15                                                                                                       0.0000 0.0000 
        markers:core/conc#15.itm                                                                                                   0.0000 0.0000 
        markers:core/aif#39:acc                           mgc_add_11_0_7_1_11                                                      1.3756 1.3756 
        markers:core/aif#39:acc.itm                                                                                                0.0000 1.3756 
        markers:core/if#12:slc                                                                                                     0.0000 1.3756 
        markers:core/if#12:slc.itm                                                                                                 0.0000 1.3756 
        markers:core/if#13:nor                            mgc_nor_1_2                                                              0.2625 1.6382 
        markers:core/land#13.lpi.dfm                                                                                               0.0000 1.6382 
        markers:core/nor                                  mgc_nor_1_3                                                              0.4161 2.0542 
        markers:core/nor.itm                                                                                                       0.0000 2.0542 
        markers:core/exs#4                                                                                                         0.0000 2.0542 
        markers:core/exs#4.itm                                                                                                     0.0000 2.0542 
        markers:core/conc#11                                                                                                       0.0000 2.0542 
        markers:core/vout:rsc:mgc_out_stdreg.d#1                                                                                   0.0000 2.0542 
        markers:core/slc(vout:rsc:mgc_out_stdreg.d)#1                                                                              0.0000 2.0542 
        markers:core/slc(vout:rsc:mgc_out_stdreg.d)#1.itm                                                                          0.0000 2.0542 
        markers:core/reg(vout:rsc:mgc_out_stdreg.d)       mgc_reg_pos_10_1_0_0_0_1_1                                               0.0000 2.0542 
                                                                                                                                                 
      7                                                   markers:core/vga_xy        markers:core/reg(vout:rsc:mgc_out_stdreg.d)   2.0071 4.6595 
                                                                                                                                                 
        Instance                                          Component                                                                Delta  Delay  
        --------                                          ---------                                                                -----  -----  
        markers:core/vga_xy                                                                                                        0.0000 0.0000 
        markers:core/slc(vga_xy#1)#10                                                                                              0.0000 0.0000 
        markers:core/slc(vga_xy#1)#10.itm                                                                                          0.0000 0.0000 
        markers:core/deltay_square_red:not#1              mgc_not_10                                                               0.0000 0.0000 
        markers:core/deltay_square_red:not#1.itm                                                                                   0.0000 0.0000 
        markers:core/conc#14                                                                                                       0.0000 0.0000 
        markers:core/conc#14.itm                                                                                                   0.0000 0.0000 
        markers:core/aif#41:aif:acc                       mgc_add_11_0_7_1_11                                                      1.3756 1.3756 
        markers:core/aif#41:aif:acc.itm                                                                                            0.0000 1.3756 
        markers:core/if#12:slc#1                                                                                                   0.0000 1.3756 
        markers:core/if#12:slc#1.itm                                                                                               0.0000 1.3756 
        markers:core/mux                                  mgc_mux_1_1_2                                                            0.3690 1.7446 
        markers:core/aif#41:aif:acc.cse.sg1:mx0                                                                                    0.0000 1.7446 
        markers:core/if#13:nor                            mgc_nor_1_2                                                              0.2625 2.0071 
        markers:core/land#13.lpi.dfm                                                                                               0.0000 2.0071 
        markers:core/exs#2                                                                                                         0.0000 2.0071 
        markers:core/exs#2.itm                                                                                                     0.0000 2.0071 
        markers:core/conc#11                                                                                                       0.0000 2.0071 
        markers:core/vout:rsc:mgc_out_stdreg.d#1                                                                                   0.0000 2.0071 
        markers:core/slc(vout:rsc:mgc_out_stdreg.d)#1                                                                              0.0000 2.0071 
        markers:core/slc(vout:rsc:mgc_out_stdreg.d)#1.itm                                                                          0.0000 2.0071 
        markers:core/reg(vout:rsc:mgc_out_stdreg.d)       mgc_reg_pos_10_1_0_0_0_1_1                                               0.0000 2.0071 
                                                                                                                                                 
      8                                                   markers:core/vga_xy        markers:core/reg(vout:rsc:mgc_out_stdreg.d)   2.0071 4.6595 
                                                                                                                                                 
        Instance                                          Component                                                                Delta  Delay  
        --------                                          ---------                                                                -----  -----  
        markers:core/vga_xy                                                                                                        0.0000 0.0000 
        markers:core/slc(vga_xy#1)#9                                                                                               0.0000 0.0000 
        markers:core/slc(vga_xy#1)#9.itm                                                                                           0.0000 0.0000 
        markers:core/deltax_square_red:not#1              mgc_not_10                                                               0.0000 0.0000 
        markers:core/deltax_square_red:not#1.itm                                                                                   0.0000 0.0000 
        markers:core/conc#15                                                                                                       0.0000 0.0000 
        markers:core/conc#15.itm                                                                                                   0.0000 0.0000 
        markers:core/aif#39:acc                           mgc_add_11_0_7_1_11                                                      1.3756 1.3756 
        markers:core/aif#39:acc.itm                                                                                                0.0000 1.3756 
        markers:core/if#12:slc#2                                                                                                   0.0000 1.3756 
        markers:core/if#12:slc#2.itm                                                                                               0.0000 1.3756 
        markers:core/mux                                  mgc_mux_1_1_2                                                            0.3690 1.7446 
        markers:core/aif#41:aif:acc.cse.sg1:mx0                                                                                    0.0000 1.7446 
        markers:core/if#13:nor                            mgc_nor_1_2                                                              0.2625 2.0071 
        markers:core/land#13.lpi.dfm                                                                                               0.0000 2.0071 
        markers:core/exs#2                                                                                                         0.0000 2.0071 
        markers:core/exs#2.itm                                                                                                     0.0000 2.0071 
        markers:core/conc#11                                                                                                       0.0000 2.0071 
        markers:core/vout:rsc:mgc_out_stdreg.d#1                                                                                   0.0000 2.0071 
        markers:core/slc(vout:rsc:mgc_out_stdreg.d)#1                                                                              0.0000 2.0071 
        markers:core/slc(vout:rsc:mgc_out_stdreg.d)#1.itm                                                                          0.0000 2.0071 
        markers:core/reg(vout:rsc:mgc_out_stdreg.d)       mgc_reg_pos_10_1_0_0_0_1_1                                               0.0000 2.0071 
                                                                                                                                                 
      9                                                   markers:core/vga_xy        markers:core/reg(vout:rsc:mgc_out_stdreg.d)   1.7917 4.8750 
                                                                                                                                                 
        Instance                                          Component                                                                Delta  Delay  
        --------                                          ---------                                                                -----  -----  
        markers:core/vga_xy                                                                                                        0.0000 0.0000 
        markers:core/slc(vga_xy#1)#9                                                                                               0.0000 0.0000 
        markers:core/slc(vga_xy#1)#9.itm                                                                                           0.0000 0.0000 
        markers:core/deltax_square_red:not#1              mgc_not_10                                                               0.0000 0.0000 
        markers:core/deltax_square_red:not#1.itm                                                                                   0.0000 0.0000 
        markers:core/conc#15                                                                                                       0.0000 0.0000 
        markers:core/conc#15.itm                                                                                                   0.0000 0.0000 
        markers:core/aif#39:acc                           mgc_add_11_0_7_1_11                                                      1.3756 1.3756 
        markers:core/aif#39:acc.itm                                                                                                0.0000 1.3756 
        markers:core/if#12:slc#3                                                                                                   0.0000 1.3756 
        markers:core/if#12:slc#3.itm                                                                                               0.0000 1.3756 
        markers:core/nor                                  mgc_nor_1_3                                                              0.4161 1.7917 
        markers:core/nor.itm                                                                                                       0.0000 1.7917 
        markers:core/exs#4                                                                                                         0.0000 1.7917 
        markers:core/exs#4.itm                                                                                                     0.0000 1.7917 
        markers:core/conc#11                                                                                                       0.0000 1.7917 
        markers:core/vout:rsc:mgc_out_stdreg.d#1                                                                                   0.0000 1.7917 
        markers:core/slc(vout:rsc:mgc_out_stdreg.d)#1                                                                              0.0000 1.7917 
        markers:core/slc(vout:rsc:mgc_out_stdreg.d)#1.itm                                                                          0.0000 1.7917 
        markers:core/reg(vout:rsc:mgc_out_stdreg.d)       mgc_reg_pos_10_1_0_0_0_1_1                                               0.0000 1.7917 
                                                                                                                                                 
      10                                                  markers:core/vga_xy        markers:core/reg(vout:rsc:mgc_out_stdreg.d)   1.6382 5.0285 
                                                                                                                                                 
        Instance                                          Component                                                                Delta  Delay  
        --------                                          ---------                                                                -----  -----  
        markers:core/vga_xy                                                                                                        0.0000 0.0000 
        markers:core/slc(vga_xy#1)#9                                                                                               0.0000 0.0000 
        markers:core/slc(vga_xy#1)#9.itm                                                                                           0.0000 0.0000 
        markers:core/deltax_square_red:not#1              mgc_not_10                                                               0.0000 0.0000 
        markers:core/deltax_square_red:not#1.itm                                                                                   0.0000 0.0000 
        markers:core/conc#15                                                                                                       0.0000 0.0000 
        markers:core/conc#15.itm                                                                                                   0.0000 0.0000 
        markers:core/aif#39:acc                           mgc_add_11_0_7_1_11                                                      1.3756 1.3756 
        markers:core/aif#39:acc.itm                                                                                                0.0000 1.3756 
        markers:core/if#12:slc                                                                                                     0.0000 1.3756 
        markers:core/if#12:slc.itm                                                                                                 0.0000 1.3756 
        markers:core/if#13:nor                            mgc_nor_1_2                                                              0.2625 1.6382 
        markers:core/land#13.lpi.dfm                                                                                               0.0000 1.6382 
        markers:core/exs#2                                                                                                         0.0000 1.6382 
        markers:core/exs#2.itm                                                                                                     0.0000 1.6382 
        markers:core/conc#11                                                                                                       0.0000 1.6382 
        markers:core/vout:rsc:mgc_out_stdreg.d#1                                                                                   0.0000 1.6382 
        markers:core/slc(vout:rsc:mgc_out_stdreg.d)#1                                                                              0.0000 1.6382 
        markers:core/slc(vout:rsc:mgc_out_stdreg.d)#1.itm                                                                          0.0000 1.6382 
        markers:core/reg(vout:rsc:mgc_out_stdreg.d)       mgc_reg_pos_10_1_0_0_0_1_1                                               0.0000 1.6382 
                                                                                                                                                 
      
    Register Input and Register-to-Output Slack
      Clock period or pin-to-reg delay constraint (clk): 6.666667
      Clock uncertainty constraint (clk)               : 0.0
      
      Instance                                      Port                                  Slack (Delay) Messages 
      --------------------------------------------- ------------------------------------ ------ ------- --------
      markers:core/reg(aif#41:aif:acc.cse.sg1)      aif#41:aif:acc.cse.sg1:mx0           4.2435  2.4232          
      markers:core/reg(vout:rsc:mgc_out_stdreg.d)#1 slc(vout:rsc:mgc_out_stdreg.d)#5.itm 4.2435  2.4232          
      markers:core/reg(vout:rsc:mgc_out_stdreg.d)   slc(vout:rsc:mgc_out_stdreg.d)#1.itm 4.2435  2.4232          
      markers                                       vout:rsc.z                           6.6667  0.0000          
      markers                                       volume:rsc.z                         6.6667  0.0000          
      
  Operator Bitwidth Summary
    Operation  Size (bits) Count 
    ---------- ----------- -----
    add                          
    -                   11     2 
    mux                          
    -                    1     1 
    nor                          
    -                    3     1 
    -                    2     1 
    not                          
    -                   10     2 
    reg                          
    -                   10     1 
    -                    1     2 
    write_port                   
    -                   30     1 
    -                    4     1 
    
  End of Report
