-- Catapult University Version: Report                                              
-- ---------------------------- ---------------------------------------------------
-- Version:                     2011a.126 Production Release                        
-- Build Date:                  Wed Aug  8 00:52:07 PDT 2012                        
                                                                                    
-- Generated by:                mf2915@EEWS104A-015                                 
-- Generated date:              Wed May 04 15:38:52 +0100 2016                      

Solution Settings: markers.v45
  Current state: extract
  Project: Catapult
  
  Design Input Files Specified
    $PROJECT_HOME/../markers_source/shift_class.h
    $PROJECT_HOME/../markers_source/blur.c
      $MGC_HOME/shared/include/ac_fixed.h
        $MGC_HOME/shared/include/ac_int.h
      $PROJECT_HOME/../markers_source/blur.h
      $PROJECT_HOME/../markers_source/shift_class.h
    $PROJECT_HOME/../markers_source/blur.h
      $MGC_HOME/shared/include/ac_int.h
  
  Processes/Blocks in Design
    Process       Real Operation(s) count Latency Throughput Reset Length II Comments 
    ------------- ----------------------- ------- ---------- ------------ -- --------
    /markers/core                      59       3          1            0  1          
    Design Total:                      59       3          1            0  0          
    
  Bill Of Materials (Datapath)
    Component Name                          Area Score Area(LUTs) Delay Post Alloc Post Assign 
    --------------------------------------- ---------- ---------- ----- ---------- -----------
    [Lib: mgc_Altera-Cyclone-III-6_beh_psr]                                                    
    mgc_add(1,0,1,0,2)                           2.319      2.319 0.506          0           1 
    mgc_add(10,1,5,1,11)                        11.000     11.000 1.149          2           2 
    mgc_add(12,0,11,0,12)                       13.228     13.228 1.436          2           2 
    mgc_add(2,0,1,0,2)                           3.315      3.315 0.658          0           1 
    mgc_add(4,0,4,0,5)                           5.293      5.293 0.854          1           1 
    mgc_add(4,0,4,1,5)                           5.000      5.000 0.691          4           4 
    mgc_add(5,0,5,0,6)                           6.285      6.285 0.938          1           0 
    mgc_add(5,0,5,1,6)                           6.000      6.000 0.775          3           3 
    mgc_add(7,0,6,1,8)                           8.000      8.000 0.931          2           2 
    mgc_add(8,0,8,0,8)                           9.259      9.259 1.163          2           2 
    mgc_add(9,0,8,1,9)                          10.000     10.000 1.235          1           1 
    mgc_and(1,2)                                 0.730      0.730 0.263          0           2 
    mgc_and(10,2)                                7.298      7.298 0.263          2           0 
    mgc_and(10,3)                               10.545     10.545 0.416          0           2 
    mgc_and(4,2)                                 2.919      2.919 0.263          1           0 
    mgc_and(4,3)                                 4.218      4.218 0.416          0           1 
    mgc_mux(1,1,2)                               0.919      0.919 0.369          0           3 
    mgc_mux(10,1,2)                              9.194      9.194 0.369          2           2 
    mgc_mux(30,1,2)                             27.583     27.583 0.369          0           1 
    mgc_mux(4,1,2)                               3.678      3.678 0.369          1           1 
    mgc_nand(1,2)                                0.730      0.730 0.268          0           1 
    mgc_nor(1,10)                                3.327      3.327 0.872          0           2 
    mgc_nor(1,20)                                6.573      6.573 1.135          0           1 
    mgc_nor(1,4)                                 1.379      1.379 0.525          0           2 
    mgc_not(1)                                   0.000      0.000 0.000          0           7 
    mgc_not(10)                                  0.000      0.000 0.000          0           2 
    mgc_not(7)                                   0.000      0.000 0.000          0           2 
    mgc_not(8)                                   0.000      0.000 0.000          0           1 
    mgc_or(1,2)                                  0.730      0.730 0.268          0           1 
    mgc_or(1,3)                                  1.054      1.054 0.425          0           2 
    mgc_or(1,4)                                  1.379      1.379 0.536          0           2 
    mgc_reg_pos(1,1,0,0,0,1,1)                   0.000      0.000 0.000          0           6 
    mgc_reg_pos(10,1,0,0,0,1,1)                  0.000      0.000 0.000          0           3 
    mgc_reg_pos(30,1,0,0,0,1,1)                  0.000      0.000 0.000          0           1 
    mgc_reg_pos(4,1,0,0,0,1,1)                   0.000      0.000 0.000          0           1 
    [Lib: mgc_ioport]                                                                          
    mgc_out_stdreg(2,30)                         0.000      0.000 0.000          1           1 
    mgc_out_stdreg(4,8)                          0.000      0.000 0.000          1           1 
                                                                                               
    TOTAL AREA (After Assignment):             243.386    243.000                              
    
  Area Scores
                      Post-Scheduling  Post-DP & FSM Post-Assignment 
    ----------------- --------------- -------------- ---------------
    Total Area Score:    182.1          246.3           243.4        
    Total Reg:             0.0            0.0             0.0        
                                                                     
    DataPath:            182.1 (100%)   246.3 (100%)    243.4 (100%) 
      MUX:                22.1  (12%)    62.4  (25%)     52.4  (22%) 
      FUNC:              142.6  (78%)   141.9  (58%)    141.9  (58%) 
      LOGIC:              17.5  (10%)    42.0  (17%)     49.1  (20%) 
      BUFFER:              0.0            0.0             0.0        
      MEM:                 0.0            0.0             0.0        
      ROM:                 0.0            0.0             0.0        
      REG:                 0.0            0.0             0.0        
                                                                     
    
    FSM:                   0.0            0.0             0.0        
      FSM-REG:             0.0            0.0             0.0        
      FSM-COMB:            0.0            0.0             0.0        
                                                                     
    
  Register-to-Variable Mappings
    Register                  Size(bits) Gated Register CG Opt Done Variables                                             
    ------------------------- ---------- -------------- ----------- -----------------------------------------------------
    vout:rsc:mgc_out_stdreg.d         30         Y                  vout:rsc:mgc_out_stdreg.d                             
    green_xy(0).sva.dfm#3             10         Y                  green_xy(0).sva.dfm#3                                 
    green_xy(1).sva.dfm#3             10         Y                  green_xy(1).sva.dfm#3                                 
    green_xy(1).sva.dfm#4             10         Y                  green_xy(1).sva.dfm#4                                 
    acc#4(0).sva.dfm#2                 4         Y                  acc#4(0).sva.dfm#2                                    
    aif#3:slc.svs                      1         Y                  aif#3:slc.svs                                         
    aif#7:slc.svs#1                    1         Y                  aif#7:slc.svs#1                                       
    land#2.lpi#1.dfm#1                 1         Y                  land#2.lpi#1.dfm#1                                    
    main.stage_0#2                     1         Y                  main.stage_0#2                                        
    main.stage_0#3                     1         Y                  main.stage_0#3                                        
    slc#3.svs#1                        1         Y                  slc#3.svs#1                                           
                                                                                                                          
    Total:                            70             70           0 (Total Gating Ratio: 1.00, CG Opt Gating Ratio: 0.00) 
    
  Timing Report
    Critical Path
      Max Delay:  5.512862999999999
      Slack:      1.153803666670001
      
      Path                                     Startpoint                Endpoint                             Delay  Slack  
      ---------------------------------------- ------------------------- ------------------------------------ ------ ------
      1                                        markers:core/vga_xy       markers:core/reg(acc#4(0).sva.dfm#2) 5.5129 1.1538 
                                                                                                                            
        Instance                               Component                                                      Delta  Delay  
        --------                               ---------                                                      -----  -----  
        markers:core/vga_xy                                                                                   0.0000 0.0000 
        markers:core/slc(vga_xy#1)#10                                                                         0.0000 0.0000 
        markers:core/slc(vga_xy#1)#10.itm                                                                     0.0000 0.0000 
        markers:core/conc#46                                                                                  0.0000 0.0000 
        markers:core/conc#46.itm                                                                              0.0000 0.0000 
        markers:core/if:acc#2                  mgc_add_4_0_4_0_5                                              0.8536 0.8536 
        markers:core/if:acc#2.itm                                                                             0.0000 0.8536 
        markers:core/if:slc                                                                                   0.0000 0.8536 
        markers:core/if:slc.itm                                                                               0.0000 0.8536 
        markers:core/if:acc#4                  mgc_add_5_0_5_1_6                                              0.7751 1.6287 
        markers:core/if:acc#4.itm                                                                             0.0000 1.6287 
        markers:core/acc#5                     mgc_add_5_0_5_1_6                                              0.7751 2.4038 
        markers:core/acc.imod.sva                                                                             0.0000 2.4038 
        markers:core/slc(acc.imod.sva)                                                                        0.0000 2.4038 
        markers:core/slc(acc.imod.sva).itm                                                                    0.0000 2.4038 
        markers:core/if:not#3                  mgc_not_1                                                      0.0000 2.4038 
        markers:core/if:not#3.itm                                                                             0.0000 2.4038 
        markers:core/conc#43                                                                                  0.0000 2.4038 
        markers:core/conc#43.itm                                                                              0.0000 2.4038 
        markers:core/if:acc#5                  mgc_add_5_0_5_1_6                                              0.7751 3.1789 
        markers:core/if:acc#5.itm                                                                             0.0000 3.1789 
        markers:core/if:slc#2                                                                                 0.0000 3.1789 
        markers:core/if:slc#2.itm                                                                             0.0000 3.1789 
        markers:core/if:acc#1                  mgc_add_4_0_4_1_5                                              0.6911 3.8700 
        markers:core/if:acc#1.psp.sva                                                                         0.0000 3.8700 
        markers:core/slc(if:acc#1.psp.sva)                                                                    0.0000 3.8700 
        markers:core/slc(if:acc#1.psp.sva).itm                                                                0.0000 3.8700 
        markers:core/if:acc                    mgc_add_4_0_4_1_5                                              0.6911 4.5610 
        markers:core/if:acc.svs                                                                               0.0000 4.5610 
        markers:core/slc(if:acc.svs)#4                                                                        0.0000 4.5610 
        markers:core/slc(if:acc.svs)#4.itm                                                                    0.0000 4.5610 
        markers:core/or                        mgc_or_1_4                                                     0.5358 5.0968 
        markers:core/or.itm                                                                                   0.0000 5.0968 
        markers:core/exs#7                                                                                    0.0000 5.0968 
        markers:core/exs#7.itm                                                                                0.0000 5.0968 
        markers:core/and                       mgc_and_4_3                                                    0.4161 5.5129 
        markers:core/and.itm                                                                                  0.0000 5.5129 
        markers:core/reg(acc#4(0).sva.dfm#2)   mgc_reg_pos_4_1_0_0_0_1_1                                      0.0000 5.5129 
                                                                                                                            
      2                                        markers:core/vga_xy       markers:core/reg(acc#4(0).sva.dfm#2) 5.5129 1.1538 
                                                                                                                            
        Instance                               Component                                                      Delta  Delay  
        --------                               ---------                                                      -----  -----  
        markers:core/vga_xy                                                                                   0.0000 0.0000 
        markers:core/slc(vga_xy#1)#10                                                                         0.0000 0.0000 
        markers:core/slc(vga_xy#1)#10.itm                                                                     0.0000 0.0000 
        markers:core/conc#46                                                                                  0.0000 0.0000 
        markers:core/conc#46.itm                                                                              0.0000 0.0000 
        markers:core/if:acc#2                  mgc_add_4_0_4_0_5                                              0.8536 0.8536 
        markers:core/if:acc#2.itm                                                                             0.0000 0.8536 
        markers:core/if:slc                                                                                   0.0000 0.8536 
        markers:core/if:slc.itm                                                                               0.0000 0.8536 
        markers:core/if:acc#4                  mgc_add_5_0_5_1_6                                              0.7751 1.6287 
        markers:core/if:acc#4.itm                                                                             0.0000 1.6287 
        markers:core/acc#5                     mgc_add_5_0_5_1_6                                              0.7751 2.4038 
        markers:core/acc.imod.sva                                                                             0.0000 2.4038 
        markers:core/slc(acc.imod.sva)                                                                        0.0000 2.4038 
        markers:core/slc(acc.imod.sva).itm                                                                    0.0000 2.4038 
        markers:core/if:not#3                  mgc_not_1                                                      0.0000 2.4038 
        markers:core/if:not#3.itm                                                                             0.0000 2.4038 
        markers:core/conc#43                                                                                  0.0000 2.4038 
        markers:core/conc#43.itm                                                                              0.0000 2.4038 
        markers:core/if:acc#5                  mgc_add_5_0_5_1_6                                              0.7751 3.1789 
        markers:core/if:acc#5.itm                                                                             0.0000 3.1789 
        markers:core/if:slc#2                                                                                 0.0000 3.1789 
        markers:core/if:slc#2.itm                                                                             0.0000 3.1789 
        markers:core/if:acc#1                  mgc_add_4_0_4_1_5                                              0.6911 3.8700 
        markers:core/if:acc#1.psp.sva                                                                         0.0000 3.8700 
        markers:core/slc(if:acc#1.psp.sva)                                                                    0.0000 3.8700 
        markers:core/slc(if:acc#1.psp.sva).itm                                                                0.0000 3.8700 
        markers:core/if:acc                    mgc_add_4_0_4_1_5                                              0.6911 4.5610 
        markers:core/if:acc.svs                                                                               0.0000 4.5610 
        markers:core/slc(if:acc.svs)#5                                                                        0.0000 4.5610 
        markers:core/slc(if:acc.svs)#5.itm                                                                    0.0000 4.5610 
        markers:core/or                        mgc_or_1_4                                                     0.5358 5.0968 
        markers:core/or.itm                                                                                   0.0000 5.0968 
        markers:core/exs#7                                                                                    0.0000 5.0968 
        markers:core/exs#7.itm                                                                                0.0000 5.0968 
        markers:core/and                       mgc_and_4_3                                                    0.4161 5.5129 
        markers:core/and.itm                                                                                  0.0000 5.5129 
        markers:core/reg(acc#4(0).sva.dfm#2)   mgc_reg_pos_4_1_0_0_0_1_1                                      0.0000 5.5129 
                                                                                                                            
      3                                        markers:core/vga_xy       markers:core/reg(acc#4(0).sva.dfm#2) 5.5129 1.1538 
                                                                                                                            
        Instance                               Component                                                      Delta  Delay  
        --------                               ---------                                                      -----  -----  
        markers:core/vga_xy                                                                                   0.0000 0.0000 
        markers:core/slc(vga_xy#1)#10                                                                         0.0000 0.0000 
        markers:core/slc(vga_xy#1)#10.itm                                                                     0.0000 0.0000 
        markers:core/conc#46                                                                                  0.0000 0.0000 
        markers:core/conc#46.itm                                                                              0.0000 0.0000 
        markers:core/if:acc#2                  mgc_add_4_0_4_0_5                                              0.8536 0.8536 
        markers:core/if:acc#2.itm                                                                             0.0000 0.8536 
        markers:core/if:slc                                                                                   0.0000 0.8536 
        markers:core/if:slc.itm                                                                               0.0000 0.8536 
        markers:core/if:acc#4                  mgc_add_5_0_5_1_6                                              0.7751 1.6287 
        markers:core/if:acc#4.itm                                                                             0.0000 1.6287 
        markers:core/acc#5                     mgc_add_5_0_5_1_6                                              0.7751 2.4038 
        markers:core/acc.imod.sva                                                                             0.0000 2.4038 
        markers:core/slc(acc.imod.sva)                                                                        0.0000 2.4038 
        markers:core/slc(acc.imod.sva).itm                                                                    0.0000 2.4038 
        markers:core/if:not#3                  mgc_not_1                                                      0.0000 2.4038 
        markers:core/if:not#3.itm                                                                             0.0000 2.4038 
        markers:core/conc#43                                                                                  0.0000 2.4038 
        markers:core/conc#43.itm                                                                              0.0000 2.4038 
        markers:core/if:acc#5                  mgc_add_5_0_5_1_6                                              0.7751 3.1789 
        markers:core/if:acc#5.itm                                                                             0.0000 3.1789 
        markers:core/if:slc#2                                                                                 0.0000 3.1789 
        markers:core/if:slc#2.itm                                                                             0.0000 3.1789 
        markers:core/if:acc#1                  mgc_add_4_0_4_1_5                                              0.6911 3.8700 
        markers:core/if:acc#1.psp.sva                                                                         0.0000 3.8700 
        markers:core/slc(if:acc#1.psp.sva)                                                                    0.0000 3.8700 
        markers:core/slc(if:acc#1.psp.sva).itm                                                                0.0000 3.8700 
        markers:core/if:acc                    mgc_add_4_0_4_1_5                                              0.6911 4.5610 
        markers:core/if:acc.svs                                                                               0.0000 4.5610 
        markers:core/slc(if:acc.svs)#6                                                                        0.0000 4.5610 
        markers:core/slc(if:acc.svs)#6.itm                                                                    0.0000 4.5610 
        markers:core/or                        mgc_or_1_4                                                     0.5358 5.0968 
        markers:core/or.itm                                                                                   0.0000 5.0968 
        markers:core/exs#7                                                                                    0.0000 5.0968 
        markers:core/exs#7.itm                                                                                0.0000 5.0968 
        markers:core/and                       mgc_and_4_3                                                    0.4161 5.5129 
        markers:core/and.itm                                                                                  0.0000 5.5129 
        markers:core/reg(acc#4(0).sva.dfm#2)   mgc_reg_pos_4_1_0_0_0_1_1                                      0.0000 5.5129 
                                                                                                                            
      4                                        markers:core/vga_xy       markers:core/reg(acc#4(0).sva.dfm#2) 5.5129 1.1538 
                                                                                                                            
        Instance                               Component                                                      Delta  Delay  
        --------                               ---------                                                      -----  -----  
        markers:core/vga_xy                                                                                   0.0000 0.0000 
        markers:core/slc(vga_xy#1)#10                                                                         0.0000 0.0000 
        markers:core/slc(vga_xy#1)#10.itm                                                                     0.0000 0.0000 
        markers:core/conc#46                                                                                  0.0000 0.0000 
        markers:core/conc#46.itm                                                                              0.0000 0.0000 
        markers:core/if:acc#2                  mgc_add_4_0_4_0_5                                              0.8536 0.8536 
        markers:core/if:acc#2.itm                                                                             0.0000 0.8536 
        markers:core/if:slc                                                                                   0.0000 0.8536 
        markers:core/if:slc.itm                                                                               0.0000 0.8536 
        markers:core/if:acc#4                  mgc_add_5_0_5_1_6                                              0.7751 1.6287 
        markers:core/if:acc#4.itm                                                                             0.0000 1.6287 
        markers:core/acc#5                     mgc_add_5_0_5_1_6                                              0.7751 2.4038 
        markers:core/acc.imod.sva                                                                             0.0000 2.4038 
        markers:core/slc(acc.imod.sva)                                                                        0.0000 2.4038 
        markers:core/slc(acc.imod.sva).itm                                                                    0.0000 2.4038 
        markers:core/if:not#3                  mgc_not_1                                                      0.0000 2.4038 
        markers:core/if:not#3.itm                                                                             0.0000 2.4038 
        markers:core/conc#43                                                                                  0.0000 2.4038 
        markers:core/conc#43.itm                                                                              0.0000 2.4038 
        markers:core/if:acc#5                  mgc_add_5_0_5_1_6                                              0.7751 3.1789 
        markers:core/if:acc#5.itm                                                                             0.0000 3.1789 
        markers:core/if:slc#2                                                                                 0.0000 3.1789 
        markers:core/if:slc#2.itm                                                                             0.0000 3.1789 
        markers:core/if:acc#1                  mgc_add_4_0_4_1_5                                              0.6911 3.8700 
        markers:core/if:acc#1.psp.sva                                                                         0.0000 3.8700 
        markers:core/slc(if:acc#1.psp.sva)                                                                    0.0000 3.8700 
        markers:core/slc(if:acc#1.psp.sva).itm                                                                0.0000 3.8700 
        markers:core/if:acc                    mgc_add_4_0_4_1_5                                              0.6911 4.5610 
        markers:core/if:acc.svs                                                                               0.0000 4.5610 
        markers:core/slc(if:acc.svs)#7                                                                        0.0000 4.5610 
        markers:core/slc(if:acc.svs)#7.itm                                                                    0.0000 4.5610 
        markers:core/or                        mgc_or_1_4                                                     0.5358 5.0968 
        markers:core/or.itm                                                                                   0.0000 5.0968 
        markers:core/exs#7                                                                                    0.0000 5.0968 
        markers:core/exs#7.itm                                                                                0.0000 5.0968 
        markers:core/and                       mgc_and_4_3                                                    0.4161 5.5129 
        markers:core/and.itm                                                                                  0.0000 5.5129 
        markers:core/reg(acc#4(0).sva.dfm#2)   mgc_reg_pos_4_1_0_0_0_1_1                                      0.0000 5.5129 
                                                                                                                            
      5                                        markers:core/vga_xy       markers:core/reg(acc#4(0).sva.dfm#2) 5.5129 1.1538 
                                                                                                                            
        Instance                               Component                                                      Delta  Delay  
        --------                               ---------                                                      -----  -----  
        markers:core/vga_xy                                                                                   0.0000 0.0000 
        markers:core/slc(vga_xy#1)#11                                                                         0.0000 0.0000 
        markers:core/slc(vga_xy#1)#11.itm                                                                     0.0000 0.0000 
        markers:core/if:acc#2                  mgc_add_4_0_4_0_5                                              0.8536 0.8536 
        markers:core/if:acc#2.itm                                                                             0.0000 0.8536 
        markers:core/if:slc                                                                                   0.0000 0.8536 
        markers:core/if:slc.itm                                                                               0.0000 0.8536 
        markers:core/if:acc#4                  mgc_add_5_0_5_1_6                                              0.7751 1.6287 
        markers:core/if:acc#4.itm                                                                             0.0000 1.6287 
        markers:core/acc#5                     mgc_add_5_0_5_1_6                                              0.7751 2.4038 
        markers:core/acc.imod.sva                                                                             0.0000 2.4038 
        markers:core/slc(acc.imod.sva)                                                                        0.0000 2.4038 
        markers:core/slc(acc.imod.sva).itm                                                                    0.0000 2.4038 
        markers:core/if:not#3                  mgc_not_1                                                      0.0000 2.4038 
        markers:core/if:not#3.itm                                                                             0.0000 2.4038 
        markers:core/conc#43                                                                                  0.0000 2.4038 
        markers:core/conc#43.itm                                                                              0.0000 2.4038 
        markers:core/if:acc#5                  mgc_add_5_0_5_1_6                                              0.7751 3.1789 
        markers:core/if:acc#5.itm                                                                             0.0000 3.1789 
        markers:core/if:slc#2                                                                                 0.0000 3.1789 
        markers:core/if:slc#2.itm                                                                             0.0000 3.1789 
        markers:core/if:acc#1                  mgc_add_4_0_4_1_5                                              0.6911 3.8700 
        markers:core/if:acc#1.psp.sva                                                                         0.0000 3.8700 
        markers:core/slc(if:acc#1.psp.sva)                                                                    0.0000 3.8700 
        markers:core/slc(if:acc#1.psp.sva).itm                                                                0.0000 3.8700 
        markers:core/if:acc                    mgc_add_4_0_4_1_5                                              0.6911 4.5610 
        markers:core/if:acc.svs                                                                               0.0000 4.5610 
        markers:core/slc(if:acc.svs)#7                                                                        0.0000 4.5610 
        markers:core/slc(if:acc.svs)#7.itm                                                                    0.0000 4.5610 
        markers:core/or                        mgc_or_1_4                                                     0.5358 5.0968 
        markers:core/or.itm                                                                                   0.0000 5.0968 
        markers:core/exs#7                                                                                    0.0000 5.0968 
        markers:core/exs#7.itm                                                                                0.0000 5.0968 
        markers:core/and                       mgc_and_4_3                                                    0.4161 5.5129 
        markers:core/and.itm                                                                                  0.0000 5.5129 
        markers:core/reg(acc#4(0).sva.dfm#2)   mgc_reg_pos_4_1_0_0_0_1_1                                      0.0000 5.5129 
                                                                                                                            
      6                                        markers:core/vga_xy       markers:core/reg(acc#4(0).sva.dfm#2) 5.5129 1.1538 
                                                                                                                            
        Instance                               Component                                                      Delta  Delay  
        --------                               ---------                                                      -----  -----  
        markers:core/vga_xy                                                                                   0.0000 0.0000 
        markers:core/slc(vga_xy#1)#10                                                                         0.0000 0.0000 
        markers:core/slc(vga_xy#1)#10.itm                                                                     0.0000 0.0000 
        markers:core/conc#46                                                                                  0.0000 0.0000 
        markers:core/conc#46.itm                                                                              0.0000 0.0000 
        markers:core/if:acc#2                  mgc_add_4_0_4_0_5                                              0.8536 0.8536 
        markers:core/if:acc#2.itm                                                                             0.0000 0.8536 
        markers:core/if:slc                                                                                   0.0000 0.8536 
        markers:core/if:slc.itm                                                                               0.0000 0.8536 
        markers:core/if:acc#4                  mgc_add_5_0_5_1_6                                              0.7751 1.6287 
        markers:core/if:acc#4.itm                                                                             0.0000 1.6287 
        markers:core/acc#5                     mgc_add_5_0_5_1_6                                              0.7751 2.4038 
        markers:core/acc.imod.sva                                                                             0.0000 2.4038 
        markers:core/slc(acc.imod.sva)                                                                        0.0000 2.4038 
        markers:core/slc(acc.imod.sva).itm                                                                    0.0000 2.4038 
        markers:core/if:not#3                  mgc_not_1                                                      0.0000 2.4038 
        markers:core/if:not#3.itm                                                                             0.0000 2.4038 
        markers:core/conc#43                                                                                  0.0000 2.4038 
        markers:core/conc#43.itm                                                                              0.0000 2.4038 
        markers:core/if:acc#5                  mgc_add_5_0_5_1_6                                              0.7751 3.1789 
        markers:core/if:acc#5.itm                                                                             0.0000 3.1789 
        markers:core/if:slc#2                                                                                 0.0000 3.1789 
        markers:core/if:slc#2.itm                                                                             0.0000 3.1789 
        markers:core/if:acc#1                  mgc_add_4_0_4_1_5                                              0.6911 3.8700 
        markers:core/if:acc#1.psp.sva                                                                         0.0000 3.8700 
        markers:core/if:acc                    mgc_add_4_0_4_1_5                                              0.6911 4.5610 
        markers:core/if:acc.svs                                                                               0.0000 4.5610 
        markers:core/slc(if:acc.svs)#7                                                                        0.0000 4.5610 
        markers:core/slc(if:acc.svs)#7.itm                                                                    0.0000 4.5610 
        markers:core/or                        mgc_or_1_4                                                     0.5358 5.0968 
        markers:core/or.itm                                                                                   0.0000 5.0968 
        markers:core/exs#7                                                                                    0.0000 5.0968 
        markers:core/exs#7.itm                                                                                0.0000 5.0968 
        markers:core/and                       mgc_and_4_3                                                    0.4161 5.5129 
        markers:core/and.itm                                                                                  0.0000 5.5129 
        markers:core/reg(acc#4(0).sva.dfm#2)   mgc_reg_pos_4_1_0_0_0_1_1                                      0.0000 5.5129 
                                                                                                                            
      7                                        markers:core/vga_xy       markers:core/reg(acc#4(0).sva.dfm#2) 5.5129 1.1538 
                                                                                                                            
        Instance                               Component                                                      Delta  Delay  
        --------                               ---------                                                      -----  -----  
        markers:core/vga_xy                                                                                   0.0000 0.0000 
        markers:core/slc(vga_xy#1)#10                                                                         0.0000 0.0000 
        markers:core/slc(vga_xy#1)#10.itm                                                                     0.0000 0.0000 
        markers:core/conc#46                                                                                  0.0000 0.0000 
        markers:core/conc#46.itm                                                                              0.0000 0.0000 
        markers:core/if:acc#2                  mgc_add_4_0_4_0_5                                              0.8536 0.8536 
        markers:core/if:acc#2.itm                                                                             0.0000 0.8536 
        markers:core/if:slc                                                                                   0.0000 0.8536 
        markers:core/if:slc.itm                                                                               0.0000 0.8536 
        markers:core/if:acc#4                  mgc_add_5_0_5_1_6                                              0.7751 1.6287 
        markers:core/if:acc#4.itm                                                                             0.0000 1.6287 
        markers:core/acc#5                     mgc_add_5_0_5_1_6                                              0.7751 2.4038 
        markers:core/acc.imod.sva                                                                             0.0000 2.4038 
        markers:core/slc(acc.imod.sva)#1                                                                      0.0000 2.4038 
        markers:core/slc(acc.imod.sva)#1.itm                                                                  0.0000 2.4038 
        markers:core/if:acc#5                  mgc_add_5_0_5_1_6                                              0.7751 3.1789 
        markers:core/if:acc#5.itm                                                                             0.0000 3.1789 
        markers:core/if:slc#2                                                                                 0.0000 3.1789 
        markers:core/if:slc#2.itm                                                                             0.0000 3.1789 
        markers:core/if:acc#1                  mgc_add_4_0_4_1_5                                              0.6911 3.8700 
        markers:core/if:acc#1.psp.sva                                                                         0.0000 3.8700 
        markers:core/if:acc                    mgc_add_4_0_4_1_5                                              0.6911 4.5610 
        markers:core/if:acc.svs                                                                               0.0000 4.5610 
        markers:core/slc(if:acc.svs)#7                                                                        0.0000 4.5610 
        markers:core/slc(if:acc.svs)#7.itm                                                                    0.0000 4.5610 
        markers:core/or                        mgc_or_1_4                                                     0.5358 5.0968 
        markers:core/or.itm                                                                                   0.0000 5.0968 
        markers:core/exs#7                                                                                    0.0000 5.0968 
        markers:core/exs#7.itm                                                                                0.0000 5.0968 
        markers:core/and                       mgc_and_4_3                                                    0.4161 5.5129 
        markers:core/and.itm                                                                                  0.0000 5.5129 
        markers:core/reg(acc#4(0).sva.dfm#2)   mgc_reg_pos_4_1_0_0_0_1_1                                      0.0000 5.5129 
                                                                                                                            
      8                                        markers:core/vga_xy       markers:core/reg(acc#4(0).sva.dfm#2) 5.5129 1.1538 
                                                                                                                            
        Instance                               Component                                                      Delta  Delay  
        --------                               ---------                                                      -----  -----  
        markers:core/vga_xy                                                                                   0.0000 0.0000 
        markers:core/slc(vga_xy#1)#11                                                                         0.0000 0.0000 
        markers:core/slc(vga_xy#1)#11.itm                                                                     0.0000 0.0000 
        markers:core/if:acc#2                  mgc_add_4_0_4_0_5                                              0.8536 0.8536 
        markers:core/if:acc#2.itm                                                                             0.0000 0.8536 
        markers:core/if:slc                                                                                   0.0000 0.8536 
        markers:core/if:slc.itm                                                                               0.0000 0.8536 
        markers:core/if:acc#4                  mgc_add_5_0_5_1_6                                              0.7751 1.6287 
        markers:core/if:acc#4.itm                                                                             0.0000 1.6287 
        markers:core/acc#5                     mgc_add_5_0_5_1_6                                              0.7751 2.4038 
        markers:core/acc.imod.sva                                                                             0.0000 2.4038 
        markers:core/slc(acc.imod.sva)#1                                                                      0.0000 2.4038 
        markers:core/slc(acc.imod.sva)#1.itm                                                                  0.0000 2.4038 
        markers:core/if:acc#5                  mgc_add_5_0_5_1_6                                              0.7751 3.1789 
        markers:core/if:acc#5.itm                                                                             0.0000 3.1789 
        markers:core/if:slc#2                                                                                 0.0000 3.1789 
        markers:core/if:slc#2.itm                                                                             0.0000 3.1789 
        markers:core/if:acc#1                  mgc_add_4_0_4_1_5                                              0.6911 3.8700 
        markers:core/if:acc#1.psp.sva                                                                         0.0000 3.8700 
        markers:core/if:acc                    mgc_add_4_0_4_1_5                                              0.6911 4.5610 
        markers:core/if:acc.svs                                                                               0.0000 4.5610 
        markers:core/slc(if:acc.svs)#7                                                                        0.0000 4.5610 
        markers:core/slc(if:acc.svs)#7.itm                                                                    0.0000 4.5610 
        markers:core/or                        mgc_or_1_4                                                     0.5358 5.0968 
        markers:core/or.itm                                                                                   0.0000 5.0968 
        markers:core/exs#7                                                                                    0.0000 5.0968 
        markers:core/exs#7.itm                                                                                0.0000 5.0968 
        markers:core/and                       mgc_and_4_3                                                    0.4161 5.5129 
        markers:core/and.itm                                                                                  0.0000 5.5129 
        markers:core/reg(acc#4(0).sva.dfm#2)   mgc_reg_pos_4_1_0_0_0_1_1                                      0.0000 5.5129 
                                                                                                                            
      9                                        markers:core/vin          markers:core/reg(slc#3.svs#1)        5.3558 1.3108 
                                                                                                                            
        Instance                               Component                                                      Delta  Delay  
        --------                               ---------                                                      -----  -----  
        markers:core/vin                                                                                      0.0000 0.0000 
        markers:core/slc(vin)#8                                                                               0.0000 0.0000 
        markers:core/slc(vin)#8.itm                                                                           0.0000 0.0000 
        markers:core/aif#7:aif:not#1           mgc_not_8                                                      0.0000 0.0000 
        markers:core/aif#7:aif:not#1.itm                                                                      0.0000 0.0000 
        markers:core/conc#48                                                                                  0.0000 0.0000 
        markers:core/conc#48.itm                                                                              0.0000 0.0000 
        markers:core/aif#7:aif:acc             mgc_add_9_0_8_1_9                                              1.2349 1.2349 
        markers:core/aif#7:aif:acc.itm                                                                        0.0000 1.2349 
        markers:core/aif#7:aif:slc#1                                                                          0.0000 1.2349 
        markers:core/aif#7:aif:slc#1.itm                                                                      0.0000 1.2349 
        markers:core/or#6                      mgc_or_1_4                                                     0.5358 1.7707 
        markers:core/or#6.itm                                                                                 0.0000 1.7707 
        markers:core/mux#11                    mgc_mux_1_1_2                                                  0.3690 2.1397 
        markers:core/mux#11.itm                                                                               0.0000 2.1397 
        markers:core/and#5                     mgc_and_1_2                                                    0.2625 2.4022 
        markers:core/and.dcpl#1                                                                               0.0000 2.4022 
        markers:core/mux#9                     mgc_mux_10_1_2                                                 0.3690 2.7711 
        markers:core/green_xy(0).sva.dfm#2:mx0                                                                0.0000 2.7711 
        markers:core/deltax:not                mgc_not_10                                                     0.0000 2.7711 
        markers:core/deltax:not.itm                                                                           0.0000 2.7711 
        markers:core/conc#41                                                                                  0.0000 2.7711 
        markers:core/conc#41.itm                                                                              0.0000 2.7711 
        markers:core/deltax:acc#1              mgc_add_12_0_11_0_12                                           1.4359 4.2071 
        markers:core/deltax:acc#1.itm                                                                         0.0000 4.2071 
        markers:core/deltax:slc                                                                               0.0000 4.2071 
        markers:core/deltax:slc.itm                                                                           0.0000 4.2071 
        markers:core/if#7:acc                  mgc_add_10_1_5_1_11                                            1.1487 5.3558 
        markers:core/if#7:acc.itm                                                                             0.0000 5.3558 
        markers:core/slc#3                                                                                    0.0000 5.3558 
        markers:core/slc#3.itm                                                                                0.0000 5.3558 
        markers:core/reg(slc#3.svs#1)          mgc_reg_pos_1_1_0_0_0_1_1                                      0.0000 5.3558 
                                                                                                                            
      10                                       markers:core/vin          markers:core/reg(slc#3.svs#1)        5.3451 1.3216 
                                                                                                                            
        Instance                               Component                                                      Delta  Delay  
        --------                               ---------                                                      -----  -----  
        markers:core/vin                                                                                      0.0000 0.0000 
        markers:core/slc(vin)#8                                                                               0.0000 0.0000 
        markers:core/slc(vin)#8.itm                                                                           0.0000 0.0000 
        markers:core/aif#7:aif:not#1           mgc_not_8                                                      0.0000 0.0000 
        markers:core/aif#7:aif:not#1.itm                                                                      0.0000 0.0000 
        markers:core/conc#48                                                                                  0.0000 0.0000 
        markers:core/conc#48.itm                                                                              0.0000 0.0000 
        markers:core/aif#7:aif:acc             mgc_add_9_0_8_1_9                                              1.2349 1.2349 
        markers:core/aif#7:aif:acc.itm                                                                        0.0000 1.2349 
        markers:core/aif#7:aif:slc                                                                            0.0000 1.2349 
        markers:core/aif#7:aif:slc.itm                                                                        0.0000 1.2349 
        markers:core/nor                       mgc_nor_1_4                                                    0.5250 1.7600 
        markers:core/nor.itm                                                                                  0.0000 1.7600 
        markers:core/mux#11                    mgc_mux_1_1_2                                                  0.3690 2.1289 
        markers:core/mux#11.itm                                                                               0.0000 2.1289 
        markers:core/and#5                     mgc_and_1_2                                                    0.2625 2.3914 
        markers:core/and.dcpl#1                                                                               0.0000 2.3914 
        markers:core/mux#9                     mgc_mux_10_1_2                                                 0.3690 2.7604 
        markers:core/green_xy(0).sva.dfm#2:mx0                                                                0.0000 2.7604 
        markers:core/deltax:not                mgc_not_10                                                     0.0000 2.7604 
        markers:core/deltax:not.itm                                                                           0.0000 2.7604 
        markers:core/conc#41                                                                                  0.0000 2.7604 
        markers:core/conc#41.itm                                                                              0.0000 2.7604 
        markers:core/deltax:acc#1              mgc_add_12_0_11_0_12                                           1.4360 4.1964 
        markers:core/deltax:acc#1.itm                                                                         0.0000 4.1964 
        markers:core/deltax:slc                                                                               0.0000 4.1964 
        markers:core/deltax:slc.itm                                                                           0.0000 4.1964 
        markers:core/if#7:acc                  mgc_add_10_1_5_1_11                                            1.1487 5.3451 
        markers:core/if#7:acc.itm                                                                             0.0000 5.3451 
        markers:core/slc#3                                                                                    0.0000 5.3451 
        markers:core/slc#3.itm                                                                                0.0000 5.3451 
        markers:core/reg(slc#3.svs#1)          mgc_reg_pos_1_1_0_0_0_1_1                                      0.0000 5.3451 
                                                                                                                            
      
    Register Input and Register-to-Output Slack
      Clock period or pin-to-reg delay constraint (clk): 6.66666666667
      Clock uncertainty constraint (clk)               : 0.0
      
      Instance                                    Port                       Slack (Delay) Messages 
      ------------------------------------------- ------------------------- ------ ------- --------
      markers:core/reg(vout:rsc:mgc_out_stdreg.d) mux.itm                   3.4505  3.2162          
      markers:core/reg(green_xy(1).sva.dfm#4)     green_xy(1).sva.dfm#4:mx0 3.4795  3.1872          
      markers:core/reg(slc#3.svs#1)               slc#3.itm                 1.3108  5.3558          
      markers:core/reg(green_xy(1).sva.dfm#3)     and#2.itm                 3.4795  3.1872          
      markers:core/reg(green_xy(0).sva.dfm#3)     and#1.itm                 3.4795  3.1872          
      markers:core/reg(acc#4(0).sva.dfm#2)        and.itm                   1.1538  5.5129          
      markers:core/reg(aif#7:slc.svs#1)           mux#4.itm                 4.4421  2.2245          
      markers:core/reg(land#2.lpi#1.dfm#1)        if#2:nor.itm              4.3417  2.3250          
      markers:core/reg(aif#3:slc.svs)             aif#3:slc.svs:mx0         4.3417  2.3250          
      markers:core/reg(main.stage_0#2)            C7_3#3                    6.6667  0.0000          
      markers:core/reg(main.stage_0#3)            main.stage_0#2            6.2506  0.4161          
      markers                                     vout:rsc.z                6.6667  0.0000          
      markers                                     volume:rsc.z              6.6667  0.0000          
      
  Operator Bitwidth Summary
    Operation  Size (bits) Count 
    ---------- ----------- -----
    add                          
    -                   12     2 
    -                   11     2 
    -                    9     1 
    -                    8     4 
    -                    6     3 
    -                    5     5 
    -                    2     2 
    and                          
    -                    3     3 
    -                    2     2 
    mux                          
    -                    1     7 
    nand                         
    -                    2     1 
    nor                          
    -                   20     1 
    -                   10     2 
    -                    4     2 
    not                          
    -                   10     2 
    -                    8     1 
    -                    7     2 
    -                    1     7 
    or                           
    -                    4     2 
    -                    3     2 
    -                    2     1 
    reg                          
    -                   30     1 
    -                   10     3 
    -                    4     1 
    -                    1     6 
    write_port                   
    -                   30     1 
    -                    8     1 
    
  End of Report
