//  Catapult University Version 2011a.126 (Production Release) Wed Aug  8 00:52:07 PDT 2012
//  
//  Copyright (c) Calypto Design Systems, Inc., 1996-2012, All Rights Reserved.
//                       UNPUBLISHED, LICENSED SOFTWARE.
//            CONFIDENTIAL AND PROPRIETARY INFORMATION WHICH IS THE
//          PROPERTY OF CALYPTO DESIGN SYSTEMS OR ITS LICENSORS
//  
//  Running on Windows 7 gsp14@EEWS305-036 Service Pack 1 6.01.7601 i686
//  
//  Package information: SIFLIBS v17.0_1.1, HLS_PKGS v17.0_1.1, 
//                       DesignPad v2.78_0.0
//  
//  This version may only be used for academic purposes.  Some optimizations 
//  are disabled, so results obtained from this version may be sub-optimal.
//  
//  Start time Sat May 07 17:06:28 2016
# -------------------------------------------------
# Logging session transcript to file "C:\Users\gsp14.IC\AppData\Local\Temp\log8152bca3a0.0"
# Loading options from registry.
# Warning: set_working_dir: Directory 'C:/ProgramData/Microsoft/Windows/Start Menu/Programs/Catapult 2011a.126' not writable, using C:/Users/gsp14.IC/AppData/Local/Temp
project load C:/workspace/EIE-1styear-project-FPGA/prj2/catapult_proj/sobel_filter_compressed/sobel_filter_compressed
# Error: project load: project not found
project load C:/workspace/EIE-1stYear-project-FPGA/fpga_files/catapult_proj/sobel_filterv2/sobel_filter.ccs
# Moving session transcript to file "C:\workspace\EIE-1stYear-project-FPGA\fpga_files\catapult_proj\sobel_filterv2\catapult.log"
# Reading component library '$MGC_HOME\pkgs\siflibs\mgc_busdefs.lib' [mgc_busdefs]... (LIB-49)
# Reading component library '$MGC_HOME\pkgs\siflibs\stdops.lib' [STDOPS]... (LIB-49)
# Reading component library '$MGC_HOME\pkgs\siflibs\mgc_ioport.lib' [mgc_ioport]... (LIB-49)
# Reading component library '$MGC_HOME\pkgs\ccs_altera\Altera_accel_CycloneIII.lib' [Altera_accel_CycloneIII]... (LIB-49)
# Reading component library '$MGC_HOME\pkgs\siflibs\psr2010a_up2\mgc_Altera-Cyclone-III-6_beh_psr.lib' [mgc_Altera-Cyclone-III-6_beh_psr]... (LIB-49)
project load C:/workspace/EIE-1stYear-project-FPGA/fpga_files/catapult_proj/sobel_filter_compressed/sobel_filter_compressed.ccs
# Moving session transcript to file "C:\workspace\EIE-1stYear-project-FPGA\fpga_files\catapult_proj\sobel_filter_compressed\catapult.log"
# Reading component library '$MGC_HOME\pkgs\siflibs\mgc_busdefs.lib' [mgc_busdefs]... (LIB-49)
# Reading component library '$MGC_HOME\pkgs\siflibs\stdops.lib' [STDOPS]... (LIB-49)
# Reading component library '$MGC_HOME\pkgs\siflibs\mgc_ioport.lib' [mgc_ioport]... (LIB-49)
# Reading component library '$MGC_HOME\pkgs\ccs_altera\Altera_accel_CycloneIII.lib' [Altera_accel_CycloneIII]... (LIB-49)
# Reading component library '$MGC_HOME\pkgs\siflibs\psr2010a_up2\mgc_Altera-Cyclone-III-6_beh_psr.lib' [mgc_Altera-Cyclone-III-6_beh_psr]... (LIB-49)
project load C:/workspace/EIE-1stYear-project-FPGA/fpga_files/catapult_proj/sobel_filter_bw/Catapult.ccs
# Moving session transcript to file "C:\workspace\EIE-1stYear-project-FPGA\fpga_files\catapult_proj\sobel_filter_bw\catapult.log"
# Reading component library '$MGC_HOME\pkgs\siflibs\mgc_busdefs.lib' [mgc_busdefs]... (LIB-49)
# Reading component library '$MGC_HOME\pkgs\siflibs\stdops.lib' [STDOPS]... (LIB-49)
# Reading component library '$MGC_HOME\pkgs\siflibs\mgc_ioport.lib' [mgc_ioport]... (LIB-49)
# Reading component library '$MGC_HOME\pkgs\ccs_altera\Altera_accel_CycloneIII.lib' [Altera_accel_CycloneIII]... (LIB-49)
# Reading component library '$MGC_HOME\pkgs\siflibs\psr2010a_up2\mgc_Altera-Cyclone-III-6_beh_psr.lib' [mgc_Altera-Cyclone-III-6_beh_psr]... (LIB-49)
quit -f
