-- Catapult University Version: Report                                              
-- ---------------------------- ---------------------------------------------------
-- Version:                     2011a.126 Production Release                        
-- Build Date:                  Wed Aug  8 00:52:07 PDT 2012                        
                                                                                    
-- Generated by:                gsp14@EEWS305-036                                   
-- Generated date:              Sat May 07 14:12:58 +0100 2016                      

Solution Settings: gauss_blur.v5
  Current state: extract
  Project: gauss_blur
  
  Design Input Files Specified
    $PROJECT_HOME/../gauss_blur_source/gauss_blur.c
      $MGC_HOME/shared/include/ac_fixed.h
        $MGC_HOME/shared/include/ac_int.h
      $PROJECT_HOME/../gauss_blur_source/gauss_blur.h
      $PROJECT_HOME/../gauss_blur_source/shift_class.h
    $PROJECT_HOME/../gauss_blur_source/gauss_blur.h
      $MGC_HOME/shared/include/ac_int.h
    $PROJECT_HOME/../gauss_blur_source/shift_class.h
  
  Processes/Blocks in Design
    Process          Real Operation(s) count Latency Throughput Reset Length II Comments 
    ---------------- ----------------------- ------- ---------- ------------ -- --------
    /gauss_blur/core                     142       3          1            0  1          
    Design Total:                        142       3          1            0  0          
    
  Bill Of Materials (Datapath)
    Component Name                          Area Score Area(DSP_block_9-bit_elems) Area(LUTs) Delay Post Alloc Post Assign 
    --------------------------------------- ---------- --------------------------- ---------- ----- ---------- -----------
    [Lib: mgc_Altera-Cyclone-III-6_beh_psr]                                                                                
    mgc_add(1,0,1,0,2)                           2.319                       0.000      2.319 0.506          0           1 
    mgc_add(10,0,10,0,10)                       11.241                       0.000     11.241 1.301          1           1 
    mgc_add(10,0,7,1,11)                        11.000                       0.000     11.000 1.144          1           1 
    mgc_add(11,0,10,1,11)                       12.000                       0.000     12.000 1.370          5           5 
    mgc_add(11,0,11,0,11)                       12.233                       0.000     12.233 1.368          1           1 
    mgc_add(12,0,11,0,12)                       13.228                       0.000     13.228 1.436          2           2 
    mgc_add(12,0,11,1,13)                       13.000                       0.000     13.000 1.273          1           1 
    mgc_add(15,0,13,1,16)                       16.000                       0.000     16.000 1.468          1           1 
    mgc_add(18,0,16,1,19)                       19.000                       0.000     19.000 1.655          1           1 
    mgc_add(2,0,1,0,2)                           3.315                       0.000      3.315 0.658          0           1 
    mgc_add(2,0,2,0,3)                           3.311                       0.000      3.311 0.653          1           2 
    mgc_add(21,0,19,1,22)                       22.000                       0.000     22.000 1.838          1           1 
    mgc_add(24,0,22,1,25)                       25.000                       0.000     25.000 2.018          1           1 
    mgc_add(27,0,25,1,28)                       28.000                       0.000     28.000 2.197          1           1 
    mgc_add(29,0,28,1,29)                       30.000                       0.000     30.000 2.476          1           1 
    mgc_add(3,0,3,0,4)                           4.302                       0.000      4.302 0.761          4           4 
    mgc_add(3,0,3,1,4)                           4.000                       0.000      4.000 0.598          1           1 
    mgc_add(3,1,3,1,4)                           4.000                       0.000      4.000 0.598          1           1 
    mgc_add(30,0,30,0,31)                       31.067                       0.000     31.067 2.533          4           4 
    mgc_add(31,0,31,0,32)                       32.059                       0.000     32.059 2.592          2           2 
    mgc_add(32,0,32,0,32)                       33.050                       0.000     33.050 2.651          2           2 
    mgc_add(4,0,4,0,5)                           5.293                       0.000      5.293 0.854          5           5 
    mgc_add(4,1,2,1,5)                           5.000                       0.000      5.000 0.697          3           3 
    mgc_add(5,0,5,0,6)                           6.285                       0.000      6.285 0.938          2           0 
    mgc_add(5,0,5,1,6)                           6.000                       0.000      6.000 0.775          6           6 
    mgc_add(5,1,3,1,6)                           6.000                       0.000      6.000 0.780          1           1 
    mgc_add(6,0,6,1,7)                           7.000                       0.000      7.000 0.854          6           6 
    mgc_add(7,0,6,1,9)                           8.000                       0.000      8.000 0.768          1           1 
    mgc_add(7,0,7,1,8)                           8.000                       0.000      8.000 0.929          3           3 
    mgc_add(9,0,8,1,11)                         10.000                       0.000     10.000 0.910          1           1 
    mgc_and(1,2)                                 0.730                       0.000      0.730 0.263          0           2 
    mgc_and(1,3)                                 1.054                       0.000      1.054 0.416          0           1 
    mgc_and(10,2)                                7.298                       0.000      7.298 0.263          2           2 
    mgc_and(4,2)                                 2.919                       0.000      2.919 0.263          1           1 
    mgc_and(90,2)                               65.685                       0.000     65.685 0.263          0           1 
    mgc_mul(2,0,27,0,29)                       650.250                       4.000     10.250 3.811          1           1 
    mgc_mul(3,0,12,0,15)                       330.250                       2.000     10.250 3.196          1           1 
    mgc_mul(3,0,15,0,18)                       330.250                       2.000     10.250 3.371          1           1 
    mgc_mul(3,0,18,0,21)                       330.250                       2.000     10.250 3.546          1           1 
    mgc_mul(3,0,21,0,24)                       650.250                       4.000     10.250 3.721          1           1 
    mgc_mul(3,0,24,0,27)                       650.250                       4.000     10.250 3.896          1           1 
    mgc_mul(3,0,6,0,9)                         330.250                       2.000     10.250 2.846          1           1 
    mgc_mul(3,0,9,0,12)                        330.250                       2.000     10.250 3.021          1           1 
    mgc_mux(1,1,2)                               0.919                       0.000      0.919 0.369          0           2 
    mgc_mux(10,1,2)                              9.194                       0.000      9.194 0.369          2           4 
    mgc_mux(30,1,2)                             27.583                       0.000     27.583 0.369          0           1 
    mgc_mux(4,1,2)                               3.678                       0.000      3.678 0.369          2           3 
    mgc_mux1hot(4,3)                             8.758                       0.000      8.758 0.773          0           1 
    mgc_nand(1,2)                                0.730                       0.000      0.730 0.268          0           3 
    mgc_nor(1,10)                                3.327                       0.000      3.327 0.872          0           2 
    mgc_nor(1,2)                                 0.730                       0.000      0.730 0.263          0           1 
    mgc_nor(1,20)                                6.573                       0.000      6.573 1.135          0           1 
    mgc_nor(1,4)                                 1.379                       0.000      1.379 0.525          0           1 
    mgc_not(1)                                   0.000                       0.000      0.000 0.000          0          13 
    mgc_not(10)                                  0.000                       0.000      0.000 0.000          0           9 
    mgc_not(3)                                   0.000                       0.000      0.000 0.000          0           7 
    mgc_not(4)                                   0.000                       0.000      0.000 0.000          0           2 
    mgc_not(5)                                   0.000                       0.000      0.000 0.000          0           1 
    mgc_not(9)                                   0.000                       0.000      0.000 0.000          0           1 
    mgc_or(1,2)                                  0.730                       0.000      0.730 0.268          0           2 
    mgc_or(1,4)                                  1.379                       0.000      1.379 0.536          0           2 
    mgc_or(1,7)                                  2.353                       0.000      2.353 0.752          0           1 
    mgc_or(10,2)                                 7.298                       0.000      7.298 0.268          1           1 
    mgc_or(9,2)                                  6.568                       0.000      6.568 0.268          1           1 
    mgc_reg_pos(1,1,0,0,0,1,1)                   0.000                       0.000      0.000 0.000          0           8 
    mgc_reg_pos(10,1,0,0,0,1,1)                  0.000                       0.000      0.000 0.000          0           4 
    mgc_reg_pos(12,1,0,0,0,1,1)                  0.000                       0.000      0.000 0.000          0           1 
    mgc_reg_pos(15,1,0,0,0,1,1)                  0.000                       0.000      0.000 0.000          0           1 
    mgc_reg_pos(18,1,0,0,0,1,1)                  0.000                       0.000      0.000 0.000          0           1 
    mgc_reg_pos(20,1,0,0,0,1,1)                  0.000                       0.000      0.000 0.000          0           1 
    mgc_reg_pos(21,1,0,0,0,1,1)                  0.000                       0.000      0.000 0.000          0           1 
    mgc_reg_pos(24,1,0,0,0,1,1)                  0.000                       0.000      0.000 0.000          0           1 
    mgc_reg_pos(27,1,0,0,0,1,1)                  0.000                       0.000      0.000 0.000          0           1 
    mgc_reg_pos(30,1,0,0,0,1,1)                  0.000                       0.000      0.000 0.000          0           1 
    mgc_reg_pos(4,1,0,0,0,1,1)                   0.000                       0.000      0.000 0.000          0           4 
    mgc_reg_pos(5,1,0,0,0,1,1)                   0.000                       0.000      0.000 0.000          0           6 
    mgc_reg_pos(6,1,0,0,0,1,1)                   0.000                       0.000      0.000 0.000          0           1 
    mgc_reg_pos(9,1,0,0,0,1,1)                   0.000                       0.000      0.000 0.000          0           2 
    mgc_reg_pos(90,1,0,0,0,1,1)                  0.000                       0.000      0.000 0.000          0           1 
    [Lib: mgc_ioport]                                                                                                      
    mgc_out_stdreg(2,30)                         0.000                       0.000      0.000 0.000          1           1 
    mgc_out_stdreg(4,4)                          0.000                       0.000      0.000 0.000          1           1 
                                                                                                                           
    TOTAL AREA (After Assignment):            4545.015                      22.000   1025.000                              
    
  Area Scores
                      Post-Scheduling   Post-DP & FSM Post-Assignment 
    ----------------- --------------- --------------- ---------------
    Total Area Score:   4396.1          4616.9          4545.0        
    Total Reg:             0.0             0.0             0.0        
                                                                      
    DataPath:           4396.1 (100%)   4616.9 (100%)   4545.0 (100%) 
      MUX:                25.7   (1%)    157.9   (3%)     86.0   (2%) 
      FUNC:             4339.0  (99%)   4335.3  (94%)   4335.3  (95%) 
      LOGIC:              31.4   (1%)    123.7   (3%)    123.7   (3%) 
      BUFFER:              0.0             0.0             0.0        
      MEM:                 0.0             0.0             0.0        
      ROM:                 0.0             0.0             0.0        
      REG:                 0.0             0.0             0.0        
                                                                      
    
    FSM:                   0.0             0.0             0.0        
      FSM-REG:             0.0             0.0             0.0        
      FSM-COMB:            0.0             0.0             0.0        
                                                                      
    
  Register-to-Variable Mappings
    Register                                Size(bits) Gated Register CG Opt Done Variables                                             
    --------------------------------------- ---------- -------------- ----------- -----------------------------------------------------
    regs.regs(1).sva                                90         Y                  regs.regs(1).sva                                      
    vout:rsc:mgc_out_stdreg.d                       30         Y                  vout:rsc:mgc_out_stdreg.d                             
    mul#7.itm#1                                     27         Y                  mul#7.itm#1                                           
    mul#6.itm#1                                     24         Y                  mul#6.itm#1                                           
    mul#5.itm#1                                     21         Y                  mul#5.itm#1                                           
    acc#2.psp.sva#2                                 20         Y                  acc#2.psp.sva#2                                       
    mul#4.itm#1                                     18         Y                  mul#4.itm#1                                           
    mul#3.itm#1                                     15         Y                  mul#3.itm#1                                           
    mul#2.itm#1                                     12         Y                  mul#2.itm#1                                           
    blue_xy(0).sva                                  10         Y                  blue_xy(0).sva                                        
    blue_xy(0).sva.dfm#3                            10         Y                  blue_xy(0).sva.dfm#3                                  
    blue_xy(1).sva                                  10         Y                  blue_xy(1).sva                                        
    blue_xy(1).sva.dfm#3                            10         Y                  blue_xy(1).sva.dfm#3                                  
    mul#1.itm#1                                      9         Y                  mul#1.itm#1                                           
    or#3.itm#1                                       9         Y                  or#3.itm#1                                            
    slc(gauss_blur_val)#20.itm#1                     6         Y                  slc(gauss_blur_val)#20.itm#1                          
    mul.itm#1.sg2                                    5         Y                  mul.itm#1.sg2                                         
    mul.itm#1.sg4                                    5         Y                  mul.itm#1.sg4                                         
    mul.itm#1.sg6                                    5         Y                  mul.itm#1.sg6                                         
    mul.itm#1.sg8                                    5         Y                  mul.itm#1.sg8                                         
    mul.itm#2                                        5         Y                  mul.itm#2                                             
    slc#13.itm#1                                     5         Y                  slc#13.itm#1                                          
    acc#16(1).sva                                    4         Y                  acc#16(1).sva                                         
    acc#16(1).sva.dfm#2                              4         Y                  acc#16(1).sva.dfm#2                                   
    volume:rsc:mgc_out_stdreg.d                      4         Y                  volume:rsc:mgc_out_stdreg.d                           
    volume_previous.sva                              4         Y                  volume_previous.sva                                   
    aif#11:slc.svs#1                                 1         Y                  aif#11:slc.svs#1                                      
    land#11.lpi#1.dfm#1                              1         Y                  land#11.lpi#1.dfm#1                                   
    land#11.lpi#1.dfm#2                              1         Y                  land#11.lpi#1.dfm#2                                   
    main.stage_0#2                                   1         Y                  main.stage_0#2                                        
    main.stage_0#3                                   1         Y                  main.stage_0#3                                        
    or.itm#1                                         1         Y                  or.itm#1                                              
    reg(deltay_square_blue:acc.psp.sva).tmp          1         Y                  reg(deltay_square_blue:acc.psp.sva).tmp               
    slc#11.itm#1                                     1         Y                  slc#11.itm#1                                          
                                                                                                                                        
    Total:                                         375            375           0 (Total Gating Ratio: 1.00, CG Opt Gating Ratio: 0.00) 
    
  Timing Report
    Critical Path
      Max Delay:  15.903907
      Slack:      4.096093
      
      Path                                                Startpoint                                        Endpoint                              Delay   Slack   
      --------------------------------------------------- ------------------------------------------------- ------------------------------------- ------- -------
      1                                                   gauss_blur:core/reg(slc(gauss_blur_val)#20.itm#1) gauss_blur:core/reg(aif#11:slc.svs#1) 15.9039 4.0961  
                                                                                                                                                                  
        Instance                                          Component                                                                               Delta   Delay   
        --------                                          ---------                                                                               -----   -----   
        gauss_blur:core/reg(slc(gauss_blur_val)#20.itm#1) mgc_reg_pos_6_1_0_0_0_1_1                                                               0.0000  0.0000  
        gauss_blur:core/slc(gauss_blur_val)#20.itm#1                                                                                              0.0000  0.0000  
        gauss_blur:core/conc#156                                                                                                                  0.0000  0.0000  
        gauss_blur:core/conc#156.itm                                                                                                              0.0000  0.0000  
        gauss_blur:core/acc#28                            mgc_add_7_0_6_1_9                                                                       0.7681  0.7681  
        gauss_blur:core/acc#28.itm                                                                                                                0.0000  0.7681  
        gauss_blur:core/slc#14                                                                                                                    0.0000  0.7681  
        gauss_blur:core/slc#14.itm                                                                                                                0.0000  0.7681  
        gauss_blur:core/acc#29                            mgc_add_9_0_8_1_11                                                                      0.9100  1.6781  
        gauss_blur:core/acc#29.itm                                                                                                                0.0000  1.6781  
        gauss_blur:core/acc#30                            mgc_add_12_0_11_1_13                                                                    1.2735  2.9516  
        gauss_blur:core/acc#30.itm                                                                                                                0.0000  2.9516  
        gauss_blur:core/acc#31                            mgc_add_15_0_13_1_16                                                                    1.4675  4.4191  
        gauss_blur:core/acc#31.itm                                                                                                                0.0000  4.4191  
        gauss_blur:core/acc#32                            mgc_add_18_0_16_1_19                                                                    1.6545  6.0736  
        gauss_blur:core/acc#32.itm                                                                                                                0.0000  6.0736  
        gauss_blur:core/acc#33                            mgc_add_21_0_19_1_22                                                                    1.8378  7.9114  
        gauss_blur:core/acc#33.itm                                                                                                                0.0000  7.9114  
        gauss_blur:core/acc#34                            mgc_add_24_0_22_1_25                                                                    2.0183  9.9297  
        gauss_blur:core/acc#34.itm                                                                                                                0.0000  9.9297  
        gauss_blur:core/acc#35                            mgc_add_27_0_25_1_28                                                                    2.1968  12.1265 
        gauss_blur:core/acc#35.itm                                                                                                                0.0000  12.1265 
        gauss_blur:core/acc#2                             mgc_add_29_0_28_1_29                                                                    2.4760  14.6025 
        gauss_blur:core/acc#2.psp.sva                                                                                                             0.0000  14.6025 
        gauss_blur:core/slc(acc#2.psp.sva)#3                                                                                                      0.0000  14.6025 
        gauss_blur:core/slc(acc#2.psp.sva)#3.itm                                                                                                  0.0000  14.6025 
        gauss_blur:core/aif#11:not#1                      mgc_not_9                                                                               0.0000  14.6025 
        gauss_blur:core/aif#11:not#1.itm                                                                                                          0.0000  14.6025 
        gauss_blur:core/conc#134                                                                                                                  0.0000  14.6025 
        gauss_blur:core/conc#134.itm                                                                                                              0.0000  14.6025 
        gauss_blur:core/aif#11:acc                        mgc_add_10_0_10_0_10                                                                    1.3014  15.9039 
        gauss_blur:core/aif#11:acc.itm                                                                                                            0.0000  15.9039 
        gauss_blur:core/aif#11:slc                                                                                                                0.0000  15.9039 
        gauss_blur:core/aif#11:slc.itm                                                                                                            0.0000  15.9039 
        gauss_blur:core/reg(aif#11:slc.svs#1)             mgc_reg_pos_1_1_0_0_0_1_1                                                               0.0000  15.9039 
                                                                                                                                                                  
      2                                                   gauss_blur:core/reg(slc#13.itm#1)                 gauss_blur:core/reg(aif#11:slc.svs#1) 15.9039 4.0961  
                                                                                                                                                                  
        Instance                                          Component                                                                               Delta   Delay   
        --------                                          ---------                                                                               -----   -----   
        gauss_blur:core/reg(slc#13.itm#1)                 mgc_reg_pos_5_1_0_0_0_1_1                                                               0.0000  0.0000  
        gauss_blur:core/slc#13.itm#1                                                                                                              0.0000  0.0000  
        gauss_blur:core/conc#60                                                                                                                   0.0000  0.0000  
        gauss_blur:core/conc#60.itm                                                                                                               0.0000  0.0000  
        gauss_blur:core/acc#28                            mgc_add_7_0_6_1_9                                                                       0.7681  0.7681  
        gauss_blur:core/acc#28.itm                                                                                                                0.0000  0.7681  
        gauss_blur:core/slc#14                                                                                                                    0.0000  0.7681  
        gauss_blur:core/slc#14.itm                                                                                                                0.0000  0.7681  
        gauss_blur:core/acc#29                            mgc_add_9_0_8_1_11                                                                      0.9100  1.6781  
        gauss_blur:core/acc#29.itm                                                                                                                0.0000  1.6781  
        gauss_blur:core/acc#30                            mgc_add_12_0_11_1_13                                                                    1.2735  2.9516  
        gauss_blur:core/acc#30.itm                                                                                                                0.0000  2.9516  
        gauss_blur:core/acc#31                            mgc_add_15_0_13_1_16                                                                    1.4675  4.4191  
        gauss_blur:core/acc#31.itm                                                                                                                0.0000  4.4191  
        gauss_blur:core/acc#32                            mgc_add_18_0_16_1_19                                                                    1.6545  6.0736  
        gauss_blur:core/acc#32.itm                                                                                                                0.0000  6.0736  
        gauss_blur:core/acc#33                            mgc_add_21_0_19_1_22                                                                    1.8378  7.9114  
        gauss_blur:core/acc#33.itm                                                                                                                0.0000  7.9114  
        gauss_blur:core/acc#34                            mgc_add_24_0_22_1_25                                                                    2.0183  9.9297  
        gauss_blur:core/acc#34.itm                                                                                                                0.0000  9.9297  
        gauss_blur:core/acc#35                            mgc_add_27_0_25_1_28                                                                    2.1968  12.1265 
        gauss_blur:core/acc#35.itm                                                                                                                0.0000  12.1265 
        gauss_blur:core/acc#2                             mgc_add_29_0_28_1_29                                                                    2.4760  14.6025 
        gauss_blur:core/acc#2.psp.sva                                                                                                             0.0000  14.6025 
        gauss_blur:core/slc(acc#2.psp.sva)#3                                                                                                      0.0000  14.6025 
        gauss_blur:core/slc(acc#2.psp.sva)#3.itm                                                                                                  0.0000  14.6025 
        gauss_blur:core/aif#11:not#1                      mgc_not_9                                                                               0.0000  14.6025 
        gauss_blur:core/aif#11:not#1.itm                                                                                                          0.0000  14.6025 
        gauss_blur:core/conc#134                                                                                                                  0.0000  14.6025 
        gauss_blur:core/conc#134.itm                                                                                                              0.0000  14.6025 
        gauss_blur:core/aif#11:acc                        mgc_add_10_0_10_0_10                                                                    1.3014  15.9039 
        gauss_blur:core/aif#11:acc.itm                                                                                                            0.0000  15.9039 
        gauss_blur:core/aif#11:slc                                                                                                                0.0000  15.9039 
        gauss_blur:core/aif#11:slc.itm                                                                                                            0.0000  15.9039 
        gauss_blur:core/reg(aif#11:slc.svs#1)             mgc_reg_pos_1_1_0_0_0_1_1                                                               0.0000  15.9039 
                                                                                                                                                                  
      3                                                   gauss_blur:core/reg(slc#11.itm#1)                 gauss_blur:core/reg(aif#11:slc.svs#1) 15.9039 4.0961  
                                                                                                                                                                  
        Instance                                          Component                                                                               Delta   Delay   
        --------                                          ---------                                                                               -----   -----   
        gauss_blur:core/reg(slc#11.itm#1)                 mgc_reg_pos_1_1_0_0_0_1_1                                                               0.0000  0.0000  
        gauss_blur:core/slc#11.itm#1                                                                                                              0.0000  0.0000  
        gauss_blur:core/not#7                             mgc_not_1                                                                               0.0000  0.0000  
        gauss_blur:core/not#7.itm                                                                                                                 0.0000  0.0000  
        gauss_blur:core/conc#60                                                                                                                   0.0000  0.0000  
        gauss_blur:core/conc#60.itm                                                                                                               0.0000  0.0000  
        gauss_blur:core/acc#28                            mgc_add_7_0_6_1_9                                                                       0.7681  0.7681  
        gauss_blur:core/acc#28.itm                                                                                                                0.0000  0.7681  
        gauss_blur:core/slc#14                                                                                                                    0.0000  0.7681  
        gauss_blur:core/slc#14.itm                                                                                                                0.0000  0.7681  
        gauss_blur:core/acc#29                            mgc_add_9_0_8_1_11                                                                      0.9100  1.6781  
        gauss_blur:core/acc#29.itm                                                                                                                0.0000  1.6781  
        gauss_blur:core/acc#30                            mgc_add_12_0_11_1_13                                                                    1.2735  2.9516  
        gauss_blur:core/acc#30.itm                                                                                                                0.0000  2.9516  
        gauss_blur:core/acc#31                            mgc_add_15_0_13_1_16                                                                    1.4675  4.4191  
        gauss_blur:core/acc#31.itm                                                                                                                0.0000  4.4191  
        gauss_blur:core/acc#32                            mgc_add_18_0_16_1_19                                                                    1.6545  6.0736  
        gauss_blur:core/acc#32.itm                                                                                                                0.0000  6.0736  
        gauss_blur:core/acc#33                            mgc_add_21_0_19_1_22                                                                    1.8378  7.9114  
        gauss_blur:core/acc#33.itm                                                                                                                0.0000  7.9114  
        gauss_blur:core/acc#34                            mgc_add_24_0_22_1_25                                                                    2.0183  9.9297  
        gauss_blur:core/acc#34.itm                                                                                                                0.0000  9.9297  
        gauss_blur:core/acc#35                            mgc_add_27_0_25_1_28                                                                    2.1968  12.1265 
        gauss_blur:core/acc#35.itm                                                                                                                0.0000  12.1265 
        gauss_blur:core/acc#2                             mgc_add_29_0_28_1_29                                                                    2.4760  14.6025 
        gauss_blur:core/acc#2.psp.sva                                                                                                             0.0000  14.6025 
        gauss_blur:core/slc(acc#2.psp.sva)#3                                                                                                      0.0000  14.6025 
        gauss_blur:core/slc(acc#2.psp.sva)#3.itm                                                                                                  0.0000  14.6025 
        gauss_blur:core/aif#11:not#1                      mgc_not_9                                                                               0.0000  14.6025 
        gauss_blur:core/aif#11:not#1.itm                                                                                                          0.0000  14.6025 
        gauss_blur:core/conc#134                                                                                                                  0.0000  14.6025 
        gauss_blur:core/conc#134.itm                                                                                                              0.0000  14.6025 
        gauss_blur:core/aif#11:acc                        mgc_add_10_0_10_0_10                                                                    1.3014  15.9039 
        gauss_blur:core/aif#11:acc.itm                                                                                                            0.0000  15.9039 
        gauss_blur:core/aif#11:slc                                                                                                                0.0000  15.9039 
        gauss_blur:core/aif#11:slc.itm                                                                                                            0.0000  15.9039 
        gauss_blur:core/reg(aif#11:slc.svs#1)             mgc_reg_pos_1_1_0_0_0_1_1                                                               0.0000  15.9039 
                                                                                                                                                                  
      4                                                   gauss_blur:core/reg(regs.regs(1).sva)             gauss_blur:core/reg(slc#13.itm#1)     15.5447 4.4553  
                                                                                                                                                                  
        Instance                                          Component                                                                               Delta   Delay   
        --------                                          ---------                                                                               -----   -----   
        gauss_blur:core/reg(regs.regs(1).sva)             mgc_reg_pos_90_1_0_0_0_1_1                                                              0.0000  0.0000  
        gauss_blur:core/regs.regs(1).sva                                                                                                          0.0000  0.0000  
        gauss_blur:core/slc(regs.regs(1).sva)                                                                                                     0.0000  0.0000  
        gauss_blur:core/slc(regs.regs(1).sva).itm                                                                                                 0.0000  0.0000  
        gauss_blur:core/MAC1:acc#9                        mgc_add_30_0_30_0_31                                                                    2.5334  2.5334  
        gauss_blur:core/MAC1:acc#9.itm                                                                                                            0.0000  2.5334  
        gauss_blur:core/MAC1:acc#11                       mgc_add_31_0_31_0_32                                                                    2.5920  5.1254  
        gauss_blur:core/MAC1:acc#11.itm                                                                                                           0.0000  5.1254  
        gauss_blur:core/MAC1:acc                          mgc_add_32_0_32_0_32                                                                    2.6506  7.7760  
        gauss_blur:core/MAC1:acc.itm                                                                                                              0.0000  7.7760  
        gauss_blur:core/ACC2-3:MAC1-3:acc#1               mgc_add_32_0_32_0_32                                                                    2.6506  10.4266 
        gauss_blur:core/gauss_blur_val#2.sva                                                                                                      0.0000  10.4266 
        gauss_blur:core/slc(gauss_blur_val#2.sva)#7                                                                                               0.0000  10.4266 
        gauss_blur:core/slc(gauss_blur_val#2.sva)#7.itm                                                                                           0.0000  10.4266 
        gauss_blur:core/conc#158                                                                                                                  0.0000  10.4266 
        gauss_blur:core/conc#158.itm                                                                                                              0.0000  10.4266 
        gauss_blur:core/acc#18                            mgc_add_4_0_4_0_5                                                                       0.8536  11.2801 
        gauss_blur:core/acc#18.itm                                                                                                                0.0000  11.2801 
        gauss_blur:core/slc                                                                                                                       0.0000  11.2801 
        gauss_blur:core/slc.itm                                                                                                                   0.0000  11.2801 
        gauss_blur:core/acc#23                            mgc_add_4_0_4_0_5                                                                       0.8536  12.1337 
        gauss_blur:core/acc#23.itm                                                                                                                0.0000  12.1337 
        gauss_blur:core/acc#25                            mgc_add_5_0_5_1_6                                                                       0.7751  12.9088 
        gauss_blur:core/acc#25.itm                                                                                                                0.0000  12.9088 
        gauss_blur:core/acc#26                            mgc_add_6_0_6_1_7                                                                       0.8537  13.7625 
        gauss_blur:core/acc#26.itm                                                                                                                0.0000  13.7625 
        gauss_blur:core/acc                               mgc_add_7_0_7_1_8                                                                       0.9285  14.6910 
        gauss_blur:core/acc.imod.sva                                                                                                              0.0000  14.6910 
        gauss_blur:core/slc(acc.imod.sva)#3                                                                                                       0.0000  14.6910 
        gauss_blur:core/slc(acc.imod.sva)#3.itm                                                                                                   0.0000  14.6910 
        gauss_blur:core/conc#137                                                                                                                  0.0000  14.6910 
        gauss_blur:core/conc#137.itm                                                                                                              0.0000  14.6910 
        gauss_blur:core/acc#27                            mgc_add_6_0_6_1_7                                                                       0.8537  15.5447 
        gauss_blur:core/acc#27.itm                                                                                                                0.0000  15.5447 
        gauss_blur:core/slc#13                                                                                                                    0.0000  15.5447 
        gauss_blur:core/slc#13.itm                                                                                                                0.0000  15.5447 
        gauss_blur:core/reg(slc#13.itm#1)                 mgc_reg_pos_5_1_0_0_0_1_1                                                               0.0000  15.5447 
                                                                                                                                                                  
      5                                                   gauss_blur:core/reg(regs.regs(1).sva)             gauss_blur:core/reg(slc#13.itm#1)     15.5447 4.4553  
                                                                                                                                                                  
        Instance                                          Component                                                                               Delta   Delay   
        --------                                          ---------                                                                               -----   -----   
        gauss_blur:core/reg(regs.regs(1).sva)             mgc_reg_pos_90_1_0_0_0_1_1                                                              0.0000  0.0000  
        gauss_blur:core/regs.regs(1).sva                                                                                                          0.0000  0.0000  
        gauss_blur:core/slc(regs.regs(1).sva)                                                                                                     0.0000  0.0000  
        gauss_blur:core/slc(regs.regs(1).sva).itm                                                                                                 0.0000  0.0000  
        gauss_blur:core/MAC1:acc#9                        mgc_add_30_0_30_0_31                                                                    2.5334  2.5334  
        gauss_blur:core/MAC1:acc#9.itm                                                                                                            0.0000  2.5334  
        gauss_blur:core/MAC1:acc#11                       mgc_add_31_0_31_0_32                                                                    2.5920  5.1254  
        gauss_blur:core/MAC1:acc#11.itm                                                                                                           0.0000  5.1254  
        gauss_blur:core/MAC1:acc                          mgc_add_32_0_32_0_32                                                                    2.6506  7.7760  
        gauss_blur:core/MAC1:acc.itm                                                                                                              0.0000  7.7760  
        gauss_blur:core/ACC2-3:MAC1-3:acc#1               mgc_add_32_0_32_0_32                                                                    2.6506  10.4266 
        gauss_blur:core/gauss_blur_val#2.sva                                                                                                      0.0000  10.4266 
        gauss_blur:core/slc(gauss_blur_val#2.sva)#7                                                                                               0.0000  10.4266 
        gauss_blur:core/slc(gauss_blur_val#2.sva)#7.itm                                                                                           0.0000  10.4266 
        gauss_blur:core/conc#158                                                                                                                  0.0000  10.4266 
        gauss_blur:core/conc#158.itm                                                                                                              0.0000  10.4266 
        gauss_blur:core/acc#18                            mgc_add_4_0_4_0_5                                                                       0.8536  11.2801 
        gauss_blur:core/acc#18.itm                                                                                                                0.0000  11.2801 
        gauss_blur:core/slc                                                                                                                       0.0000  11.2801 
        gauss_blur:core/slc.itm                                                                                                                   0.0000  11.2801 
        gauss_blur:core/acc#23                            mgc_add_4_0_4_0_5                                                                       0.8536  12.1337 
        gauss_blur:core/acc#23.itm                                                                                                                0.0000  12.1337 
        gauss_blur:core/acc#25                            mgc_add_5_0_5_1_6                                                                       0.7751  12.9088 
        gauss_blur:core/acc#25.itm                                                                                                                0.0000  12.9088 
        gauss_blur:core/acc#26                            mgc_add_6_0_6_1_7                                                                       0.8537  13.7625 
        gauss_blur:core/acc#26.itm                                                                                                                0.0000  13.7625 
        gauss_blur:core/acc                               mgc_add_7_0_7_1_8                                                                       0.9285  14.6910 
        gauss_blur:core/acc.imod.sva                                                                                                              0.0000  14.6910 
        gauss_blur:core/slc(acc.imod.sva)#5                                                                                                       0.0000  14.6910 
        gauss_blur:core/slc(acc.imod.sva)#5.itm                                                                                                   0.0000  14.6910 
        gauss_blur:core/not#8                             mgc_not_1                                                                               0.0000  14.6910 
        gauss_blur:core/not#8.itm                                                                                                                 0.0000  14.6910 
        gauss_blur:core/conc#65                                                                                                                   0.0000  14.6910 
        gauss_blur:core/conc#65.itm                                                                                                               0.0000  14.6910 
        gauss_blur:core/acc#27                            mgc_add_6_0_6_1_7                                                                       0.8537  15.5447 
        gauss_blur:core/acc#27.itm                                                                                                                0.0000  15.5447 
        gauss_blur:core/slc#13                                                                                                                    0.0000  15.5447 
        gauss_blur:core/slc#13.itm                                                                                                                0.0000  15.5447 
        gauss_blur:core/reg(slc#13.itm#1)                 mgc_reg_pos_5_1_0_0_0_1_1                                                               0.0000  15.5447 
                                                                                                                                                                  
      6                                                   gauss_blur:core/reg(regs.regs(1).sva)             gauss_blur:core/reg(slc#13.itm#1)     15.5447 4.4553  
                                                                                                                                                                  
        Instance                                          Component                                                                               Delta   Delay   
        --------                                          ---------                                                                               -----   -----   
        gauss_blur:core/reg(regs.regs(1).sva)             mgc_reg_pos_90_1_0_0_0_1_1                                                              0.0000  0.0000  
        gauss_blur:core/regs.regs(1).sva                                                                                                          0.0000  0.0000  
        gauss_blur:core/slc(regs.regs(1).sva)#1                                                                                                   0.0000  0.0000  
        gauss_blur:core/slc(regs.regs(1).sva)#1.itm                                                                                               0.0000  0.0000  
        gauss_blur:core/MAC1:acc#9                        mgc_add_30_0_30_0_31                                                                    2.5334  2.5334  
        gauss_blur:core/MAC1:acc#9.itm                                                                                                            0.0000  2.5334  
        gauss_blur:core/MAC1:acc#11                       mgc_add_31_0_31_0_32                                                                    2.5920  5.1254  
        gauss_blur:core/MAC1:acc#11.itm                                                                                                           0.0000  5.1254  
        gauss_blur:core/MAC1:acc                          mgc_add_32_0_32_0_32                                                                    2.6506  7.7760  
        gauss_blur:core/MAC1:acc.itm                                                                                                              0.0000  7.7760  
        gauss_blur:core/ACC2-3:MAC1-3:acc#1               mgc_add_32_0_32_0_32                                                                    2.6506  10.4266 
        gauss_blur:core/gauss_blur_val#2.sva                                                                                                      0.0000  10.4266 
        gauss_blur:core/slc(gauss_blur_val#2.sva)#7                                                                                               0.0000  10.4266 
        gauss_blur:core/slc(gauss_blur_val#2.sva)#7.itm                                                                                           0.0000  10.4266 
        gauss_blur:core/conc#158                                                                                                                  0.0000  10.4266 
        gauss_blur:core/conc#158.itm                                                                                                              0.0000  10.4266 
        gauss_blur:core/acc#18                            mgc_add_4_0_4_0_5                                                                       0.8536  11.2801 
        gauss_blur:core/acc#18.itm                                                                                                                0.0000  11.2801 
        gauss_blur:core/slc                                                                                                                       0.0000  11.2801 
        gauss_blur:core/slc.itm                                                                                                                   0.0000  11.2801 
        gauss_blur:core/acc#23                            mgc_add_4_0_4_0_5                                                                       0.8536  12.1337 
        gauss_blur:core/acc#23.itm                                                                                                                0.0000  12.1337 
        gauss_blur:core/acc#25                            mgc_add_5_0_5_1_6                                                                       0.7751  12.9088 
        gauss_blur:core/acc#25.itm                                                                                                                0.0000  12.9088 
        gauss_blur:core/acc#26                            mgc_add_6_0_6_1_7                                                                       0.8537  13.7625 
        gauss_blur:core/acc#26.itm                                                                                                                0.0000  13.7625 
        gauss_blur:core/acc                               mgc_add_7_0_7_1_8                                                                       0.9285  14.6910 
        gauss_blur:core/acc.imod.sva                                                                                                              0.0000  14.6910 
        gauss_blur:core/slc(acc.imod.sva)#5                                                                                                       0.0000  14.6910 
        gauss_blur:core/slc(acc.imod.sva)#5.itm                                                                                                   0.0000  14.6910 
        gauss_blur:core/not#8                             mgc_not_1                                                                               0.0000  14.6910 
        gauss_blur:core/not#8.itm                                                                                                                 0.0000  14.6910 
        gauss_blur:core/conc#65                                                                                                                   0.0000  14.6910 
        gauss_blur:core/conc#65.itm                                                                                                               0.0000  14.6910 
        gauss_blur:core/acc#27                            mgc_add_6_0_6_1_7                                                                       0.8537  15.5447 
        gauss_blur:core/acc#27.itm                                                                                                                0.0000  15.5447 
        gauss_blur:core/slc#13                                                                                                                    0.0000  15.5447 
        gauss_blur:core/slc#13.itm                                                                                                                0.0000  15.5447 
        gauss_blur:core/reg(slc#13.itm#1)                 mgc_reg_pos_5_1_0_0_0_1_1                                                               0.0000  15.5447 
                                                                                                                                                                  
      7                                                   gauss_blur:core/reg(regs.regs(1).sva)             gauss_blur:core/reg(slc#13.itm#1)     15.5447 4.4553  
                                                                                                                                                                  
        Instance                                          Component                                                                               Delta   Delay   
        --------                                          ---------                                                                               -----   -----   
        gauss_blur:core/reg(regs.regs(1).sva)             mgc_reg_pos_90_1_0_0_0_1_1                                                              0.0000  0.0000  
        gauss_blur:core/regs.regs(1).sva                                                                                                          0.0000  0.0000  
        gauss_blur:core/slc(regs.regs(1).sva)                                                                                                     0.0000  0.0000  
        gauss_blur:core/slc(regs.regs(1).sva).itm                                                                                                 0.0000  0.0000  
        gauss_blur:core/MAC1:acc#9                        mgc_add_30_0_30_0_31                                                                    2.5334  2.5334  
        gauss_blur:core/MAC1:acc#9.itm                                                                                                            0.0000  2.5334  
        gauss_blur:core/MAC1:acc#11                       mgc_add_31_0_31_0_32                                                                    2.5920  5.1254  
        gauss_blur:core/MAC1:acc#11.itm                                                                                                           0.0000  5.1254  
        gauss_blur:core/MAC1:acc                          mgc_add_32_0_32_0_32                                                                    2.6506  7.7760  
        gauss_blur:core/MAC1:acc.itm                                                                                                              0.0000  7.7760  
        gauss_blur:core/ACC2-3:MAC1-3:acc#1               mgc_add_32_0_32_0_32                                                                    2.6506  10.4266 
        gauss_blur:core/gauss_blur_val#2.sva                                                                                                      0.0000  10.4266 
        gauss_blur:core/slc(gauss_blur_val#2.sva)#7                                                                                               0.0000  10.4266 
        gauss_blur:core/slc(gauss_blur_val#2.sva)#7.itm                                                                                           0.0000  10.4266 
        gauss_blur:core/conc#158                                                                                                                  0.0000  10.4266 
        gauss_blur:core/conc#158.itm                                                                                                              0.0000  10.4266 
        gauss_blur:core/acc#18                            mgc_add_4_0_4_0_5                                                                       0.8536  11.2801 
        gauss_blur:core/acc#18.itm                                                                                                                0.0000  11.2801 
        gauss_blur:core/slc                                                                                                                       0.0000  11.2801 
        gauss_blur:core/slc.itm                                                                                                                   0.0000  11.2801 
        gauss_blur:core/acc#23                            mgc_add_4_0_4_0_5                                                                       0.8536  12.1337 
        gauss_blur:core/acc#23.itm                                                                                                                0.0000  12.1337 
        gauss_blur:core/acc#25                            mgc_add_5_0_5_1_6                                                                       0.7751  12.9088 
        gauss_blur:core/acc#25.itm                                                                                                                0.0000  12.9088 
        gauss_blur:core/acc#26                            mgc_add_6_0_6_1_7                                                                       0.8537  13.7625 
        gauss_blur:core/acc#26.itm                                                                                                                0.0000  13.7625 
        gauss_blur:core/acc                               mgc_add_7_0_7_1_8                                                                       0.9285  14.6910 
        gauss_blur:core/acc.imod.sva                                                                                                              0.0000  14.6910 
        gauss_blur:core/slc(acc.imod.sva)#4                                                                                                       0.0000  14.6910 
        gauss_blur:core/slc(acc.imod.sva)#4.itm                                                                                                   0.0000  14.6910 
        gauss_blur:core/conc#65                                                                                                                   0.0000  14.6910 
        gauss_blur:core/conc#65.itm                                                                                                               0.0000  14.6910 
        gauss_blur:core/acc#27                            mgc_add_6_0_6_1_7                                                                       0.8537  15.5447 
        gauss_blur:core/acc#27.itm                                                                                                                0.0000  15.5447 
        gauss_blur:core/slc#13                                                                                                                    0.0000  15.5447 
        gauss_blur:core/slc#13.itm                                                                                                                0.0000  15.5447 
        gauss_blur:core/reg(slc#13.itm#1)                 mgc_reg_pos_5_1_0_0_0_1_1                                                               0.0000  15.5447 
                                                                                                                                                                  
      8                                                   gauss_blur:core/reg(regs.regs(1).sva)             gauss_blur:core/reg(slc#13.itm#1)     15.5447 4.4553  
                                                                                                                                                                  
        Instance                                          Component                                                                               Delta   Delay   
        --------                                          ---------                                                                               -----   -----   
        gauss_blur:core/reg(regs.regs(1).sva)             mgc_reg_pos_90_1_0_0_0_1_1                                                              0.0000  0.0000  
        gauss_blur:core/regs.regs(1).sva                                                                                                          0.0000  0.0000  
        gauss_blur:core/slc(regs.regs(1).sva)                                                                                                     0.0000  0.0000  
        gauss_blur:core/slc(regs.regs(1).sva).itm                                                                                                 0.0000  0.0000  
        gauss_blur:core/MAC1:acc#9                        mgc_add_30_0_30_0_31                                                                    2.5334  2.5334  
        gauss_blur:core/MAC1:acc#9.itm                                                                                                            0.0000  2.5334  
        gauss_blur:core/MAC1:acc#11                       mgc_add_31_0_31_0_32                                                                    2.5920  5.1254  
        gauss_blur:core/MAC1:acc#11.itm                                                                                                           0.0000  5.1254  
        gauss_blur:core/MAC1:acc                          mgc_add_32_0_32_0_32                                                                    2.6506  7.7760  
        gauss_blur:core/MAC1:acc.itm                                                                                                              0.0000  7.7760  
        gauss_blur:core/ACC2-3:MAC1-3:acc#1               mgc_add_32_0_32_0_32                                                                    2.6506  10.4266 
        gauss_blur:core/gauss_blur_val#2.sva                                                                                                      0.0000  10.4266 
        gauss_blur:core/slc(gauss_blur_val#2.sva)#8                                                                                               0.0000  10.4266 
        gauss_blur:core/slc(gauss_blur_val#2.sva)#8.itm                                                                                           0.0000  10.4266 
        gauss_blur:core/not#4                             mgc_not_3                                                                               0.0000  10.4266 
        gauss_blur:core/not#4.itm                                                                                                                 0.0000  10.4266 
        gauss_blur:core/conc#159                                                                                                                  0.0000  10.4266 
        gauss_blur:core/conc#159.itm                                                                                                              0.0000  10.4266 
        gauss_blur:core/acc#18                            mgc_add_4_0_4_0_5                                                                       0.8536  11.2801 
        gauss_blur:core/acc#18.itm                                                                                                                0.0000  11.2801 
        gauss_blur:core/slc                                                                                                                       0.0000  11.2801 
        gauss_blur:core/slc.itm                                                                                                                   0.0000  11.2801 
        gauss_blur:core/acc#23                            mgc_add_4_0_4_0_5                                                                       0.8536  12.1337 
        gauss_blur:core/acc#23.itm                                                                                                                0.0000  12.1337 
        gauss_blur:core/acc#25                            mgc_add_5_0_5_1_6                                                                       0.7751  12.9088 
        gauss_blur:core/acc#25.itm                                                                                                                0.0000  12.9088 
        gauss_blur:core/acc#26                            mgc_add_6_0_6_1_7                                                                       0.8537  13.7625 
        gauss_blur:core/acc#26.itm                                                                                                                0.0000  13.7625 
        gauss_blur:core/acc                               mgc_add_7_0_7_1_8                                                                       0.9285  14.6910 
        gauss_blur:core/acc.imod.sva                                                                                                              0.0000  14.6910 
        gauss_blur:core/slc(acc.imod.sva)#4                                                                                                       0.0000  14.6910 
        gauss_blur:core/slc(acc.imod.sva)#4.itm                                                                                                   0.0000  14.6910 
        gauss_blur:core/conc#65                                                                                                                   0.0000  14.6910 
        gauss_blur:core/conc#65.itm                                                                                                               0.0000  14.6910 
        gauss_blur:core/acc#27                            mgc_add_6_0_6_1_7                                                                       0.8537  15.5447 
        gauss_blur:core/acc#27.itm                                                                                                                0.0000  15.5447 
        gauss_blur:core/slc#13                                                                                                                    0.0000  15.5447 
        gauss_blur:core/slc#13.itm                                                                                                                0.0000  15.5447 
        gauss_blur:core/reg(slc#13.itm#1)                 mgc_reg_pos_5_1_0_0_0_1_1                                                               0.0000  15.5447 
                                                                                                                                                                  
      9                                                   gauss_blur:core/reg(regs.regs(1).sva)             gauss_blur:core/reg(slc#13.itm#1)     15.5447 4.4553  
                                                                                                                                                                  
        Instance                                          Component                                                                               Delta   Delay   
        --------                                          ---------                                                                               -----   -----   
        gauss_blur:core/reg(regs.regs(1).sva)             mgc_reg_pos_90_1_0_0_0_1_1                                                              0.0000  0.0000  
        gauss_blur:core/regs.regs(1).sva                                                                                                          0.0000  0.0000  
        gauss_blur:core/slc(regs.regs(1).sva)#1                                                                                                   0.0000  0.0000  
        gauss_blur:core/slc(regs.regs(1).sva)#1.itm                                                                                               0.0000  0.0000  
        gauss_blur:core/MAC1:acc#9                        mgc_add_30_0_30_0_31                                                                    2.5334  2.5334  
        gauss_blur:core/MAC1:acc#9.itm                                                                                                            0.0000  2.5334  
        gauss_blur:core/MAC1:acc#11                       mgc_add_31_0_31_0_32                                                                    2.5920  5.1254  
        gauss_blur:core/MAC1:acc#11.itm                                                                                                           0.0000  5.1254  
        gauss_blur:core/MAC1:acc                          mgc_add_32_0_32_0_32                                                                    2.6506  7.7760  
        gauss_blur:core/MAC1:acc.itm                                                                                                              0.0000  7.7760  
        gauss_blur:core/ACC2-3:MAC1-3:acc#1               mgc_add_32_0_32_0_32                                                                    2.6506  10.4266 
        gauss_blur:core/gauss_blur_val#2.sva                                                                                                      0.0000  10.4266 
        gauss_blur:core/slc(gauss_blur_val#2.sva)#8                                                                                               0.0000  10.4266 
        gauss_blur:core/slc(gauss_blur_val#2.sva)#8.itm                                                                                           0.0000  10.4266 
        gauss_blur:core/not#4                             mgc_not_3                                                                               0.0000  10.4266 
        gauss_blur:core/not#4.itm                                                                                                                 0.0000  10.4266 
        gauss_blur:core/conc#159                                                                                                                  0.0000  10.4266 
        gauss_blur:core/conc#159.itm                                                                                                              0.0000  10.4266 
        gauss_blur:core/acc#18                            mgc_add_4_0_4_0_5                                                                       0.8536  11.2801 
        gauss_blur:core/acc#18.itm                                                                                                                0.0000  11.2801 
        gauss_blur:core/slc                                                                                                                       0.0000  11.2801 
        gauss_blur:core/slc.itm                                                                                                                   0.0000  11.2801 
        gauss_blur:core/acc#23                            mgc_add_4_0_4_0_5                                                                       0.8536  12.1337 
        gauss_blur:core/acc#23.itm                                                                                                                0.0000  12.1337 
        gauss_blur:core/acc#25                            mgc_add_5_0_5_1_6                                                                       0.7751  12.9088 
        gauss_blur:core/acc#25.itm                                                                                                                0.0000  12.9088 
        gauss_blur:core/acc#26                            mgc_add_6_0_6_1_7                                                                       0.8537  13.7625 
        gauss_blur:core/acc#26.itm                                                                                                                0.0000  13.7625 
        gauss_blur:core/acc                               mgc_add_7_0_7_1_8                                                                       0.9285  14.6910 
        gauss_blur:core/acc.imod.sva                                                                                                              0.0000  14.6910 
        gauss_blur:core/slc(acc.imod.sva)#4                                                                                                       0.0000  14.6910 
        gauss_blur:core/slc(acc.imod.sva)#4.itm                                                                                                   0.0000  14.6910 
        gauss_blur:core/conc#65                                                                                                                   0.0000  14.6910 
        gauss_blur:core/conc#65.itm                                                                                                               0.0000  14.6910 
        gauss_blur:core/acc#27                            mgc_add_6_0_6_1_7                                                                       0.8537  15.5447 
        gauss_blur:core/acc#27.itm                                                                                                                0.0000  15.5447 
        gauss_blur:core/slc#13                                                                                                                    0.0000  15.5447 
        gauss_blur:core/slc#13.itm                                                                                                                0.0000  15.5447 
        gauss_blur:core/reg(slc#13.itm#1)                 mgc_reg_pos_5_1_0_0_0_1_1                                                               0.0000  15.5447 
                                                                                                                                                                  
      10                                                  gauss_blur:core/reg(regs.regs(1).sva)             gauss_blur:core/reg(slc#11.itm#1)     15.4661 4.5339  
                                                                                                                                                                  
        Instance                                          Component                                                                               Delta   Delay   
        --------                                          ---------                                                                               -----   -----   
        gauss_blur:core/reg(regs.regs(1).sva)             mgc_reg_pos_90_1_0_0_0_1_1                                                              0.0000  0.0000  
        gauss_blur:core/regs.regs(1).sva                                                                                                          0.0000  0.0000  
        gauss_blur:core/slc(regs.regs(1).sva)                                                                                                     0.0000  0.0000  
        gauss_blur:core/slc(regs.regs(1).sva).itm                                                                                                 0.0000  0.0000  
        gauss_blur:core/MAC1:acc#9                        mgc_add_30_0_30_0_31                                                                    2.5334  2.5334  
        gauss_blur:core/MAC1:acc#9.itm                                                                                                            0.0000  2.5334  
        gauss_blur:core/MAC1:acc#11                       mgc_add_31_0_31_0_32                                                                    2.5920  5.1254  
        gauss_blur:core/MAC1:acc#11.itm                                                                                                           0.0000  5.1254  
        gauss_blur:core/MAC1:acc                          mgc_add_32_0_32_0_32                                                                    2.6506  7.7760  
        gauss_blur:core/MAC1:acc.itm                                                                                                              0.0000  7.7760  
        gauss_blur:core/ACC2-3:MAC1-3:acc#1               mgc_add_32_0_32_0_32                                                                    2.6506  10.4266 
        gauss_blur:core/gauss_blur_val#2.sva                                                                                                      0.0000  10.4266 
        gauss_blur:core/slc(gauss_blur_val#2.sva)#7                                                                                               0.0000  10.4266 
        gauss_blur:core/slc(gauss_blur_val#2.sva)#7.itm                                                                                           0.0000  10.4266 
        gauss_blur:core/conc#158                                                                                                                  0.0000  10.4266 
        gauss_blur:core/conc#158.itm                                                                                                              0.0000  10.4266 
        gauss_blur:core/acc#18                            mgc_add_4_0_4_0_5                                                                       0.8536  11.2801 
        gauss_blur:core/acc#18.itm                                                                                                                0.0000  11.2801 
        gauss_blur:core/slc                                                                                                                       0.0000  11.2801 
        gauss_blur:core/slc.itm                                                                                                                   0.0000  11.2801 
        gauss_blur:core/acc#23                            mgc_add_4_0_4_0_5                                                                       0.8536  12.1337 
        gauss_blur:core/acc#23.itm                                                                                                                0.0000  12.1337 
        gauss_blur:core/acc#25                            mgc_add_5_0_5_1_6                                                                       0.7751  12.9088 
        gauss_blur:core/acc#25.itm                                                                                                                0.0000  12.9088 
        gauss_blur:core/acc#26                            mgc_add_6_0_6_1_7                                                                       0.8537  13.7625 
        gauss_blur:core/acc#26.itm                                                                                                                0.0000  13.7625 
        gauss_blur:core/acc                               mgc_add_7_0_7_1_8                                                                       0.9285  14.6910 
        gauss_blur:core/acc.imod.sva                                                                                                              0.0000  14.6910 
        gauss_blur:core/slc(acc.imod.sva)                                                                                                         0.0000  14.6910 
        gauss_blur:core/slc(acc.imod.sva).itm                                                                                                     0.0000  14.6910 
        gauss_blur:core/conc#138                                                                                                                  0.0000  14.6910 
        gauss_blur:core/conc#138.itm                                                                                                              0.0000  14.6910 
        gauss_blur:core/acc#36                            mgc_add_5_0_5_1_6                                                                       0.7751  15.4661 
        gauss_blur:core/acc#36.itm                                                                                                                0.0000  15.4661 
        gauss_blur:core/slc#15                                                                                                                    0.0000  15.4661 
        gauss_blur:core/slc#15.itm                                                                                                                0.0000  15.4661 
        gauss_blur:core/reg(slc#11.itm#1)                 mgc_reg_pos_1_1_0_0_0_1_1                                                               0.0000  15.4661 
                                                                                                                                                                  
      
    Register Input and Register-to-Output Slack
      Clock period or pin-to-reg delay constraint (clk): 20.0
      Clock uncertainty constraint (clk)               : 0.0
      
      Instance                                            Port                              Slack (Delay) Messages 
      --------------------------------------------------- ------------------------------- ------- ------- --------
      gauss_blur:core/reg(vout:rsc:mgc_out_stdreg.d)      mux.itm                         11.7084  8.2916          
      gauss_blur:core/reg(volume:rsc:mgc_out_stdreg.d)    mux1h.itm                        5.7239 14.2761          
      gauss_blur:core/reg(acc#16(1).sva.dfm#2)            and.itm                         17.0937  2.9063          
      gauss_blur:core/reg(acc#2.psp.sva#2)                slc(acc#2.psp.sva)#1.itm         5.3975 14.6025          
      gauss_blur:core/reg(blue_xy(1).sva.dfm#3)           and#3.itm                       15.6817  4.3183          
      gauss_blur:core/reg(blue_xy(0).sva.dfm#3)           and#2.itm                       15.6817  4.3183          
      gauss_blur:core/reg(volume_previous.sva)            mux#9.itm                        6.1281 13.8719          
      gauss_blur:core/reg(land#11.lpi#1.dfm#2)            land#11.lpi#1.dfm#1             19.7321  0.2679          
      gauss_blur:core/reg(or#3.itm#1)                     or#3.itm                         5.1296 14.8704          
      gauss_blur:core/reg(aif#11:slc.svs#1)               aif#11:slc.itm                   4.0961 15.9039          
      gauss_blur:core/reg(main.stage_0#2)                 C1023_10#1                      20.0000  0.0000          
      gauss_blur:core/reg(main.stage_0#3)                 main.stage_0#2                   6.8433 13.1567          
      gauss_blur:core/reg(blue_xy(1).sva)                 blue_xy(1).sva:mx0              15.6817  4.3183          
      gauss_blur:core/reg(blue_xy(0).sva)                 blue_xy(0).sva:mx0              15.6817  4.3183          
      gauss_blur:core/reg(acc#16(1).sva)                  acc#16(1).sva:mx0               17.0937  2.9063          
      gauss_blur:core/reg(land#11.lpi#1.dfm#1)            if#15:nor.itm                   18.3674  1.6326          
      gauss_blur:core/reg(or.itm#1)                       or.itm                          14.7344  5.2656          
      gauss_blur:core/reg(mul#7.itm#1)                    mul#7.itm                        5.6776 14.3224          
      gauss_blur:core/reg(mul#6.itm#1)                    mul#6.itm                        5.8526 14.1474          
      gauss_blur:core/reg(mul#5.itm#1)                    mul#5.itm                        6.0275 13.9725          
      gauss_blur:core/reg(mul#4.itm#1)                    mul#4.itm                        6.2025 13.7975          
      gauss_blur:core/reg(mul#3.itm#1)                    mul#3.itm                        6.3774 13.6226          
      gauss_blur:core/reg(mul#2.itm#1)                    mul#2.itm                        6.5524 13.4476          
      gauss_blur:core/reg(mul#1.itm#1)                    mul#1.itm                        6.7273 13.2727          
      gauss_blur:core/reg(slc(gauss_blur_val)#20.itm#1)   slc(gauss_blur_val#2.sva)#1.itm  9.5734 10.4266          
      gauss_blur:core/reg(slc#13.itm#1)                   slc#13.itm                       4.4553 15.5447          
      gauss_blur:core/reg(slc#11.itm#1)                   slc#15.itm                       4.5339 15.4661          
      gauss_blur:core/reg(mul.itm#1.sg8)                  slc(mul.itm)#5.itm               5.7621 14.2379          
      gauss_blur:core/reg(mul.itm#1.sg6)                  slc(mul.itm)#7.itm               5.7621 14.2379          
      gauss_blur:core/reg(mul.itm#1.sg4)                  slc(mul.itm)#9.itm               5.7621 14.2379          
      gauss_blur:core/reg(mul.itm#1.sg2)                  slc(mul.itm)#8.itm               5.7621 14.2379          
      gauss_blur:core/reg(mul.itm#2)                      slc(mul.itm)#6.itm               5.7621 14.2379          
      gauss_blur:core/reg(regs.regs(1).sva)               regs.regs(0).sva:mx0             6.8433 13.1567          
      gauss_blur:core/reg(deltay_square_blue:acc.psp.sva) mux#8.itm                       12.5013  7.4987          
      gauss_blur                                          vout:rsc.z                      20.0000  0.0000          
      gauss_blur                                          volume:rsc.z                    20.0000  0.0000          
      
  Operator Bitwidth Summary
    Operation  Size (bits) Count 
    ---------- ----------- -----
    add                          
    -                   32     4 
    -                   31     4 
    -                   29     1 
    -                   28     1 
    -                   25     1 
    -                   22     1 
    -                   19     1 
    -                   16     1 
    -                   13     1 
    -                   12     2 
    -                   11     8 
    -                   10     1 
    -                    9     1 
    -                    8     3 
    -                    7     6 
    -                    6     7 
    -                    5     8 
    -                    4     6 
    -                    3     2 
    -                    2     2 
    and                          
    -                    3     1 
    -                    2     6 
    mul                          
    -                   29     1 
    -                   27     1 
    -                   24     1 
    -                   21     1 
    -                   18     1 
    -                   15     1 
    -                   12     1 
    -                    9     1 
    mux                          
    -                    1    10 
    mux1h                        
    -                    3     1 
    nand                         
    -                    2     3 
    nor                          
    -                   20     1 
    -                   10     2 
    -                    4     1 
    -                    2     1 
    not                          
    -                   10     9 
    -                    9     1 
    -                    5     1 
    -                    4     2 
    -                    3     7 
    -                    1    13 
    or                           
    -                    7     1 
    -                    4     2 
    -                    2     4 
    reg                          
    -                   90     1 
    -                   30     1 
    -                   27     1 
    -                   24     1 
    -                   21     1 
    -                   20     1 
    -                   18     1 
    -                   15     1 
    -                   12     1 
    -                   10     4 
    -                    9     2 
    -                    6     1 
    -                    5     6 
    -                    4     4 
    -                    1     8 
    write_port                   
    -                   30     1 
    -                    4     1 
    
  End of Report
