-- Catapult University Version: Report                                              
-- ---------------------------- ---------------------------------------------------
-- Version:                     2011a.126 Production Release                        
-- Build Date:                  Wed Aug  8 00:52:07 PDT 2012                        
                                                                                    
-- Generated by:                mf2915@EEWS305-026                                  
-- Generated date:              Fri May 06 09:22:53 +0100 2016                      

Solution Settings: markers.v68
  Current state: extract
  Project: Catapult
  
  Design Input Files Specified
    $PROJECT_HOME/../markers_source/shift_class.h
    $PROJECT_HOME/../markers_source/blur.c
      $MGC_HOME/shared/include/ac_fixed.h
        $MGC_HOME/shared/include/ac_int.h
      $PROJECT_HOME/../markers_source/blur.h
      $PROJECT_HOME/../markers_source/shift_class.h
    $PROJECT_HOME/../markers_source/blur.h
      $MGC_HOME/shared/include/ac_int.h
  
  Processes/Blocks in Design
    Process       Real Operation(s) count Latency Throughput Reset Length II Comments 
    ------------- ----------------------- ------- ---------- ------------ -- --------
    /markers/core                      71       3          1            0  1          
    Design Total:                      71       3          1            0  0          
    
  Bill Of Materials (Datapath)
    Component Name                          Area Score Area(LUTs) Delay Post Alloc Post Assign 
    --------------------------------------- ---------- ---------- ----- ---------- -----------
    [Lib: mgc_Altera-Cyclone-III-6_beh_psr]                                                    
    mgc_add(1,0,1,0,2)                           2.319      2.319 0.506          0           1 
    mgc_add(11,0,10,1,11)                       12.000     12.000 1.370          6           6 
    mgc_add(11,0,11,0,11)                       12.233     12.233 1.368          1           1 
    mgc_add(12,0,11,0,12)                       13.228     13.228 1.436          2           2 
    mgc_add(2,0,1,0,2)                           3.315      3.315 0.658          0           1 
    mgc_add(4,0,2,1,4)                           5.000      5.000 0.860          2           2 
    mgc_add(4,0,4,0,5)                           5.293      5.293 0.854          2           2 
    mgc_add(5,0,5,0,6)                           6.285      6.285 0.938          1           0 
    mgc_add(5,0,5,1,6)                           6.000      6.000 0.775          4           4 
    mgc_add(7,0,7,1,8)                           8.000      8.000 0.929          1           1 
    mgc_and(1,2)                                 0.730      0.730 0.263          0           1 
    mgc_and(10,2)                                7.298      7.298 0.263          2           0 
    mgc_and(10,3)                               10.545     10.545 0.416          0           2 
    mgc_and(4,2)                                 2.919      2.919 0.263          1           0 
    mgc_and(4,3)                                 4.218      4.218 0.416          0           1 
    mgc_mux(1,1,2)                               0.919      0.919 0.369          0           4 
    mgc_mux(10,1,2)                              9.194      9.194 0.369          4           6 
    mgc_mux(30,1,2)                             27.583     27.583 0.369          0           1 
    mgc_mux(4,1,2)                               3.678      3.678 0.369          1           1 
    mgc_nand(1,2)                                0.730      0.730 0.268          0           2 
    mgc_nor(1,10)                                3.327      3.327 0.872          0           3 
    mgc_nor(1,20)                                6.573      6.573 1.135          0           1 
    mgc_nor(1,3)                                 1.054      1.054 0.416          0           1 
    mgc_nor(1,4)                                 1.379      1.379 0.525          0           2 
    mgc_not(1)                                   0.000      0.000 0.000          0           4 
    mgc_not(10)                                  0.000      0.000 0.000          0           9 
    mgc_not(4)                                   0.000      0.000 0.000          0           1 
    mgc_or(1,11)                                 3.652      3.652 0.927          0           1 
    mgc_or(1,2)                                  0.730      0.730 0.268          0           2 
    mgc_or(1,4)                                  1.379      1.379 0.536          0           1 
    mgc_reg_pos(1,1,0,0,0,1,1)                   0.000      0.000 0.000          0          10 
    mgc_reg_pos(10,1,0,0,0,1,1)                  0.000      0.000 0.000          0           6 
    mgc_reg_pos(30,1,0,0,0,1,1)                  0.000      0.000 0.000          0           1 
    mgc_reg_pos(4,1,0,0,0,1,1)                   0.000      0.000 0.000          0           1 
    [Lib: mgc_ioport]                                                                          
    mgc_out_stdreg(2,30)                         0.000      0.000 0.000          1           1 
    mgc_out_stdreg(4,8)                          0.000      0.000 0.000          1           1 
                                                                                               
    TOTAL AREA (After Assignment):             313.366    313.000                              
    
  Area Scores
                      Post-Scheduling  Post-DP & FSM Post-Assignment 
    ----------------- --------------- -------------- ---------------
    Total Area Score:    227.5          336.3           313.4        
    Total Reg:             0.0            0.0             0.0        
                                                                     
    DataPath:            227.5 (100%)   336.3 (100%)    313.4 (100%) 
      MUX:                40.5  (18%)   120.1  (36%)     90.1  (29%) 
      FUNC:              169.6  (75%)   168.9  (50%)    168.9  (54%) 
      LOGIC:              17.5   (8%)    47.3  (14%)     54.4  (17%) 
      BUFFER:              0.0            0.0             0.0        
      MEM:                 0.0            0.0             0.0        
      ROM:                 0.0            0.0             0.0        
      REG:                 0.0            0.0             0.0        
                                                                     
    
    FSM:                   0.0            0.0             0.0        
      FSM-REG:             0.0            0.0             0.0        
      FSM-COMB:            0.0            0.0             0.0        
                                                                     
    
  Register-to-Variable Mappings
    Register                                                 Size(bits) Gated Register CG Opt Done Variables                                                
    -------------------------------------------------------- ---------- -------------- ----------- --------------------------------------------------------
    vout:rsc:mgc_out_stdreg.d                                        30         Y                  vout:rsc:mgc_out_stdreg.d                                
    blue_xy(0).sva.dfm#3                                             10         Y                  blue_xy(0).sva.dfm#3                                     
    blue_xy(1).sva.dfm#3                                             10         Y                  blue_xy(1).sva.dfm#3                                     
    blue_xy_previous(0).sva                                          10         Y                  blue_xy_previous(0).sva                                  
    blue_xy_previous(1).sva                                          10         Y                  blue_xy_previous(1).sva                                  
    blue_xy_previous(1).sva.dfm#1                                    10         Y                  blue_xy_previous(1).sva.dfm#1                            
    deltax_square_blue:slc(deltax_square_blue:acc.psp).itm#1         10         Y                  deltax_square_blue:slc(deltax_square_blue:acc.psp).itm#1 
    acc#8(1).sva.dfm#2                                                4         Y                  acc#8(1).sva.dfm#2                                       
    aif#17:slc.svs                                                    1         Y                  aif#17:slc.svs                                           
    aif#49:slc.svs#1                                                  1         Y                  aif#49:slc.svs#1                                         
    aif#49:slc.svs#2                                                  1         Y                  aif#49:slc.svs#2                                         
    aif#51:aif:slc.itm#1                                              1         Y                  aif#51:aif:slc.itm#1                                     
    aif#51:aif:slc.itm#2                                              1         Y                  aif#51:aif:slc.itm#2                                     
    land#4.lpi#1.dfm#1                                                1         Y                  land#4.lpi#1.dfm#1                                       
    main.stage_0#2                                                    1         Y                  main.stage_0#2                                           
    main.stage_0#3                                                    1         Y                  main.stage_0#3                                           
    reg(deltay_square_blue:acc.psp.sva).tmp                           1         Y                  reg(deltay_square_blue:acc.psp.sva).tmp                  
    slc#7.itm#1                                                       1         Y                  slc#7.itm#1                                              
                                                                                                                                                            
    Total:                                                          104            104           0 (Total Gating Ratio: 1.00, CG Opt Gating Ratio: 0.00)    
    
  Timing Report
    Critical Path
      Max Delay:  6.2444939999999995
      Slack:      0.4221730000000008
      
      Path                                                                         Startpoint                           Endpoint                                                                   Delay  Slack  
      ---------------------------------------------------------------------------- ------------------------------------ -------------------------------------------------------------------------- ------ ------
      1                                                                            markers:core/reg(acc#8(1).sva.dfm#2) markers:core/reg(deltax_square_blue:slc(deltax_square_blue:acc.psp).itm#1) 6.2445 0.4222 
                                                                                                                                                                                                                 
        Instance                                                                   Component                                                                                                       Delta  Delay  
        --------                                                                   ---------                                                                                                       -----  -----  
        markers:core/reg(acc#8(1).sva.dfm#2)                                       mgc_reg_pos_4_1_0_0_0_1_1                                                                                       0.0000 0.0000 
        markers:core/acc#8(1).sva.dfm#2                                                                                                                                                            0.0000 0.0000 
        markers:core/if#3:acc                                                      mgc_add_4_0_2_1_4                                                                                               0.8599 0.8599 
        markers:core/if#3:acc.itm                                                                                                                                                                  0.0000 0.8599 
        markers:core/mux#8                                                         mgc_mux_4_1_2                                                                                                   0.3690 1.2289 
        markers:core/acc#8(1).sva.dfm#1:mx0                                                                                                                                                        0.0000 1.2289 
        markers:core/not#3                                                         mgc_not_4                                                                                                       0.0000 1.2289 
        markers:core/not#3.itm                                                                                                                                                                     0.0000 1.2289 
        markers:core/conc#83                                                                                                                                                                       0.0000 1.2289 
        markers:core/conc#83.itm                                                                                                                                                                   0.0000 1.2289 
        markers:core/acc#3                                                         mgc_add_5_0_5_1_6                                                                                               0.7751 2.0040 
        markers:core/acc#3.itm                                                                                                                                                                     0.0000 2.0040 
        markers:core/slc#3                                                                                                                                                                         0.0000 2.0040 
        markers:core/slc#3.itm                                                                                                                                                                     0.0000 2.0040 
        markers:core/nand                                                          mgc_nand_1_2                                                                                                    0.2679 2.2719 
        markers:core/or.dcpl#2                                                                                                                                                                     0.0000 2.2719 
        markers:core/mux#5                                                         mgc_mux_10_1_2                                                                                                  0.3690 2.6408 
        markers:core/blue_xy(0).sva.dfm#2:mx0                                                                                                                                                      0.0000 2.6408 
        markers:core/slc(blue_xy(0).sva.dfm#2:mx0)                                                                                                                                                 0.0000 2.6408 
        markers:core/slc(blue_xy(0).sva.dfm#2:mx0).itm                                                                                                                                             0.0000 2.6408 
        markers:core/if#11:nor#1                                                   mgc_nor_1_10                                                                                                    0.8720 3.5129 
        markers:core/if#11:nor#1.itm                                                                                                                                                               0.0000 3.5129 
        markers:core/or#6                                                          mgc_or_1_11                                                                                                     0.9267 4.4396 
        markers:core/not.tmp#3                                                                                                                                                                     0.0000 4.4396 
        markers:core/mux#7                                                         mgc_mux_10_1_2                                                                                                  0.3690 4.8085 
        markers:core/mux#7.itm                                                                                                                                                                     0.0000 4.8085 
        markers:core/deltax_square_blue:not                                        mgc_not_10                                                                                                      0.0000 4.8085 
        markers:core/deltax_square_blue:not.itm                                                                                                                                                    0.0000 4.8085 
        markers:core/conc#74                                                                                                                                                                       0.0000 4.8085 
        markers:core/conc#74.itm                                                                                                                                                                   0.0000 4.8085 
        markers:core/deltax_square_blue:acc#1                                      mgc_add_12_0_11_0_12                                                                                            1.4360 6.2445 
        markers:core/deltax_square_blue:acc#1.itm                                                                                                                                                  0.0000 6.2445 
        markers:core/deltax_square_blue:slc#2                                                                                                                                                      0.0000 6.2445 
        markers:core/deltax_square_blue:slc#2.itm                                                                                                                                                  0.0000 6.2445 
        markers:core/reg(deltax_square_blue:slc(deltax_square_blue:acc.psp).itm#1) mgc_reg_pos_10_1_0_0_0_1_1                                                                                      0.0000 6.2445 
                                                                                                                                                                                                                 
      2                                                                            markers:core/reg(acc#8(1).sva.dfm#2) markers:core/reg(slc#7.itm#1)                                              6.2445 0.4222 
                                                                                                                                                                                                                 
        Instance                                                                   Component                                                                                                       Delta  Delay  
        --------                                                                   ---------                                                                                                       -----  -----  
        markers:core/reg(acc#8(1).sva.dfm#2)                                       mgc_reg_pos_4_1_0_0_0_1_1                                                                                       0.0000 0.0000 
        markers:core/acc#8(1).sva.dfm#2                                                                                                                                                            0.0000 0.0000 
        markers:core/if#3:acc                                                      mgc_add_4_0_2_1_4                                                                                               0.8599 0.8599 
        markers:core/if#3:acc.itm                                                                                                                                                                  0.0000 0.8599 
        markers:core/mux#8                                                         mgc_mux_4_1_2                                                                                                   0.3690 1.2289 
        markers:core/acc#8(1).sva.dfm#1:mx0                                                                                                                                                        0.0000 1.2289 
        markers:core/not#3                                                         mgc_not_4                                                                                                       0.0000 1.2289 
        markers:core/not#3.itm                                                                                                                                                                     0.0000 1.2289 
        markers:core/conc#83                                                                                                                                                                       0.0000 1.2289 
        markers:core/conc#83.itm                                                                                                                                                                   0.0000 1.2289 
        markers:core/acc#3                                                         mgc_add_5_0_5_1_6                                                                                               0.7751 2.0040 
        markers:core/acc#3.itm                                                                                                                                                                     0.0000 2.0040 
        markers:core/slc#3                                                                                                                                                                         0.0000 2.0040 
        markers:core/slc#3.itm                                                                                                                                                                     0.0000 2.0040 
        markers:core/nand                                                          mgc_nand_1_2                                                                                                    0.2679 2.2719 
        markers:core/or.dcpl#2                                                                                                                                                                     0.0000 2.2719 
        markers:core/mux#5                                                         mgc_mux_10_1_2                                                                                                  0.3690 2.6408 
        markers:core/blue_xy(0).sva.dfm#2:mx0                                                                                                                                                      0.0000 2.6408 
        markers:core/slc(blue_xy(0).sva.dfm#2:mx0)                                                                                                                                                 0.0000 2.6408 
        markers:core/slc(blue_xy(0).sva.dfm#2:mx0).itm                                                                                                                                             0.0000 2.6408 
        markers:core/if#11:nor#1                                                   mgc_nor_1_10                                                                                                    0.8720 3.5129 
        markers:core/if#11:nor#1.itm                                                                                                                                                               0.0000 3.5129 
        markers:core/or#6                                                          mgc_or_1_11                                                                                                     0.9267 4.4396 
        markers:core/not.tmp#3                                                                                                                                                                     0.0000 4.4396 
        markers:core/mux#7                                                         mgc_mux_10_1_2                                                                                                  0.3690 4.8085 
        markers:core/mux#7.itm                                                                                                                                                                     0.0000 4.8085 
        markers:core/deltax_square_blue:not                                        mgc_not_10                                                                                                      0.0000 4.8085 
        markers:core/deltax_square_blue:not.itm                                                                                                                                                    0.0000 4.8085 
        markers:core/conc#74                                                                                                                                                                       0.0000 4.8085 
        markers:core/conc#74.itm                                                                                                                                                                   0.0000 4.8085 
        markers:core/deltax_square_blue:acc#1                                      mgc_add_12_0_11_0_12                                                                                            1.4360 6.2445 
        markers:core/deltax_square_blue:acc#1.itm                                                                                                                                                  0.0000 6.2445 
        markers:core/deltax_square_blue:slc                                                                                                                                                        0.0000 6.2445 
        markers:core/deltax_square_blue:slc.itm                                                                                                                                                    0.0000 6.2445 
        markers:core/reg(slc#7.itm#1)                                              mgc_reg_pos_1_1_0_0_0_1_1                                                                                       0.0000 6.2445 
                                                                                                                                                                                                                 
      3                                                                            markers:core/reg(acc#8(1).sva.dfm#2) markers:core/reg(slc#7.itm#1)                                              6.2445 0.4222 
                                                                                                                                                                                                                 
        Instance                                                                   Component                                                                                                       Delta  Delay  
        --------                                                                   ---------                                                                                                       -----  -----  
        markers:core/reg(acc#8(1).sva.dfm#2)                                       mgc_reg_pos_4_1_0_0_0_1_1                                                                                       0.0000 0.0000 
        markers:core/acc#8(1).sva.dfm#2                                                                                                                                                            0.0000 0.0000 
        markers:core/if#3:acc                                                      mgc_add_4_0_2_1_4                                                                                               0.8599 0.8599 
        markers:core/if#3:acc.itm                                                                                                                                                                  0.0000 0.8599 
        markers:core/mux#8                                                         mgc_mux_4_1_2                                                                                                   0.3690 1.2289 
        markers:core/acc#8(1).sva.dfm#1:mx0                                                                                                                                                        0.0000 1.2289 
        markers:core/not#3                                                         mgc_not_4                                                                                                       0.0000 1.2289 
        markers:core/not#3.itm                                                                                                                                                                     0.0000 1.2289 
        markers:core/conc#83                                                                                                                                                                       0.0000 1.2289 
        markers:core/conc#83.itm                                                                                                                                                                   0.0000 1.2289 
        markers:core/acc#3                                                         mgc_add_5_0_5_1_6                                                                                               0.7751 2.0040 
        markers:core/acc#3.itm                                                                                                                                                                     0.0000 2.0040 
        markers:core/slc#3                                                                                                                                                                         0.0000 2.0040 
        markers:core/slc#3.itm                                                                                                                                                                     0.0000 2.0040 
        markers:core/nand                                                          mgc_nand_1_2                                                                                                    0.2679 2.2719 
        markers:core/or.dcpl#2                                                                                                                                                                     0.0000 2.2719 
        markers:core/mux#5                                                         mgc_mux_10_1_2                                                                                                  0.3690 2.6408 
        markers:core/blue_xy(0).sva.dfm#2:mx0                                                                                                                                                      0.0000 2.6408 
        markers:core/slc(blue_xy(0).sva.dfm#2:mx0)#5                                                                                                                                               0.0000 2.6408 
        markers:core/slc(blue_xy(0).sva.dfm#2:mx0)#5.itm                                                                                                                                           0.0000 2.6408 
        markers:core/if#11:nor#1                                                   mgc_nor_1_10                                                                                                    0.8720 3.5129 
        markers:core/if#11:nor#1.itm                                                                                                                                                               0.0000 3.5129 
        markers:core/or#6                                                          mgc_or_1_11                                                                                                     0.9267 4.4396 
        markers:core/not.tmp#3                                                                                                                                                                     0.0000 4.4396 
        markers:core/mux#7                                                         mgc_mux_10_1_2                                                                                                  0.3690 4.8085 
        markers:core/mux#7.itm                                                                                                                                                                     0.0000 4.8085 
        markers:core/deltax_square_blue:not                                        mgc_not_10                                                                                                      0.0000 4.8085 
        markers:core/deltax_square_blue:not.itm                                                                                                                                                    0.0000 4.8085 
        markers:core/conc#74                                                                                                                                                                       0.0000 4.8085 
        markers:core/conc#74.itm                                                                                                                                                                   0.0000 4.8085 
        markers:core/deltax_square_blue:acc#1                                      mgc_add_12_0_11_0_12                                                                                            1.4360 6.2445 
        markers:core/deltax_square_blue:acc#1.itm                                                                                                                                                  0.0000 6.2445 
        markers:core/deltax_square_blue:slc                                                                                                                                                        0.0000 6.2445 
        markers:core/deltax_square_blue:slc.itm                                                                                                                                                    0.0000 6.2445 
        markers:core/reg(slc#7.itm#1)                                              mgc_reg_pos_1_1_0_0_0_1_1                                                                                       0.0000 6.2445 
                                                                                                                                                                                                                 
      4                                                                            markers:core/reg(acc#8(1).sva.dfm#2) markers:core/reg(slc#7.itm#1)                                              6.2445 0.4222 
                                                                                                                                                                                                                 
        Instance                                                                   Component                                                                                                       Delta  Delay  
        --------                                                                   ---------                                                                                                       -----  -----  
        markers:core/reg(acc#8(1).sva.dfm#2)                                       mgc_reg_pos_4_1_0_0_0_1_1                                                                                       0.0000 0.0000 
        markers:core/acc#8(1).sva.dfm#2                                                                                                                                                            0.0000 0.0000 
        markers:core/if#3:acc                                                      mgc_add_4_0_2_1_4                                                                                               0.8599 0.8599 
        markers:core/if#3:acc.itm                                                                                                                                                                  0.0000 0.8599 
        markers:core/mux#8                                                         mgc_mux_4_1_2                                                                                                   0.3690 1.2289 
        markers:core/acc#8(1).sva.dfm#1:mx0                                                                                                                                                        0.0000 1.2289 
        markers:core/not#3                                                         mgc_not_4                                                                                                       0.0000 1.2289 
        markers:core/not#3.itm                                                                                                                                                                     0.0000 1.2289 
        markers:core/conc#83                                                                                                                                                                       0.0000 1.2289 
        markers:core/conc#83.itm                                                                                                                                                                   0.0000 1.2289 
        markers:core/acc#3                                                         mgc_add_5_0_5_1_6                                                                                               0.7751 2.0040 
        markers:core/acc#3.itm                                                                                                                                                                     0.0000 2.0040 
        markers:core/slc#3                                                                                                                                                                         0.0000 2.0040 
        markers:core/slc#3.itm                                                                                                                                                                     0.0000 2.0040 
        markers:core/nand                                                          mgc_nand_1_2                                                                                                    0.2679 2.2719 
        markers:core/or.dcpl#2                                                                                                                                                                     0.0000 2.2719 
        markers:core/mux#5                                                         mgc_mux_10_1_2                                                                                                  0.3690 2.6408 
        markers:core/blue_xy(0).sva.dfm#2:mx0                                                                                                                                                      0.0000 2.6408 
        markers:core/slc(blue_xy(0).sva.dfm#2:mx0)#2                                                                                                                                               0.0000 2.6408 
        markers:core/slc(blue_xy(0).sva.dfm#2:mx0)#2.itm                                                                                                                                           0.0000 2.6408 
        markers:core/if#11:nor#1                                                   mgc_nor_1_10                                                                                                    0.8720 3.5129 
        markers:core/if#11:nor#1.itm                                                                                                                                                               0.0000 3.5129 
        markers:core/or#6                                                          mgc_or_1_11                                                                                                     0.9267 4.4396 
        markers:core/not.tmp#3                                                                                                                                                                     0.0000 4.4396 
        markers:core/mux#7                                                         mgc_mux_10_1_2                                                                                                  0.3690 4.8085 
        markers:core/mux#7.itm                                                                                                                                                                     0.0000 4.8085 
        markers:core/deltax_square_blue:not                                        mgc_not_10                                                                                                      0.0000 4.8085 
        markers:core/deltax_square_blue:not.itm                                                                                                                                                    0.0000 4.8085 
        markers:core/conc#74                                                                                                                                                                       0.0000 4.8085 
        markers:core/conc#74.itm                                                                                                                                                                   0.0000 4.8085 
        markers:core/deltax_square_blue:acc#1                                      mgc_add_12_0_11_0_12                                                                                            1.4360 6.2445 
        markers:core/deltax_square_blue:acc#1.itm                                                                                                                                                  0.0000 6.2445 
        markers:core/deltax_square_blue:slc                                                                                                                                                        0.0000 6.2445 
        markers:core/deltax_square_blue:slc.itm                                                                                                                                                    0.0000 6.2445 
        markers:core/reg(slc#7.itm#1)                                              mgc_reg_pos_1_1_0_0_0_1_1                                                                                       0.0000 6.2445 
                                                                                                                                                                                                                 
      5                                                                            markers:core/reg(acc#8(1).sva.dfm#2) markers:core/reg(slc#7.itm#1)                                              6.2445 0.4222 
                                                                                                                                                                                                                 
        Instance                                                                   Component                                                                                                       Delta  Delay  
        --------                                                                   ---------                                                                                                       -----  -----  
        markers:core/reg(acc#8(1).sva.dfm#2)                                       mgc_reg_pos_4_1_0_0_0_1_1                                                                                       0.0000 0.0000 
        markers:core/acc#8(1).sva.dfm#2                                                                                                                                                            0.0000 0.0000 
        markers:core/if#3:acc                                                      mgc_add_4_0_2_1_4                                                                                               0.8599 0.8599 
        markers:core/if#3:acc.itm                                                                                                                                                                  0.0000 0.8599 
        markers:core/mux#8                                                         mgc_mux_4_1_2                                                                                                   0.3690 1.2289 
        markers:core/acc#8(1).sva.dfm#1:mx0                                                                                                                                                        0.0000 1.2289 
        markers:core/not#3                                                         mgc_not_4                                                                                                       0.0000 1.2289 
        markers:core/not#3.itm                                                                                                                                                                     0.0000 1.2289 
        markers:core/conc#83                                                                                                                                                                       0.0000 1.2289 
        markers:core/conc#83.itm                                                                                                                                                                   0.0000 1.2289 
        markers:core/acc#3                                                         mgc_add_5_0_5_1_6                                                                                               0.7751 2.0040 
        markers:core/acc#3.itm                                                                                                                                                                     0.0000 2.0040 
        markers:core/slc#3                                                                                                                                                                         0.0000 2.0040 
        markers:core/slc#3.itm                                                                                                                                                                     0.0000 2.0040 
        markers:core/nand                                                          mgc_nand_1_2                                                                                                    0.2679 2.2719 
        markers:core/or.dcpl#2                                                                                                                                                                     0.0000 2.2719 
        markers:core/mux#5                                                         mgc_mux_10_1_2                                                                                                  0.3690 2.6408 
        markers:core/blue_xy(0).sva.dfm#2:mx0                                                                                                                                                      0.0000 2.6408 
        markers:core/slc(blue_xy(0).sva.dfm#2:mx0)#3                                                                                                                                               0.0000 2.6408 
        markers:core/slc(blue_xy(0).sva.dfm#2:mx0)#3.itm                                                                                                                                           0.0000 2.6408 
        markers:core/if#11:nor#1                                                   mgc_nor_1_10                                                                                                    0.8720 3.5129 
        markers:core/if#11:nor#1.itm                                                                                                                                                               0.0000 3.5129 
        markers:core/or#6                                                          mgc_or_1_11                                                                                                     0.9267 4.4396 
        markers:core/not.tmp#3                                                                                                                                                                     0.0000 4.4396 
        markers:core/mux#7                                                         mgc_mux_10_1_2                                                                                                  0.3690 4.8085 
        markers:core/mux#7.itm                                                                                                                                                                     0.0000 4.8085 
        markers:core/deltax_square_blue:not                                        mgc_not_10                                                                                                      0.0000 4.8085 
        markers:core/deltax_square_blue:not.itm                                                                                                                                                    0.0000 4.8085 
        markers:core/conc#74                                                                                                                                                                       0.0000 4.8085 
        markers:core/conc#74.itm                                                                                                                                                                   0.0000 4.8085 
        markers:core/deltax_square_blue:acc#1                                      mgc_add_12_0_11_0_12                                                                                            1.4360 6.2445 
        markers:core/deltax_square_blue:acc#1.itm                                                                                                                                                  0.0000 6.2445 
        markers:core/deltax_square_blue:slc                                                                                                                                                        0.0000 6.2445 
        markers:core/deltax_square_blue:slc.itm                                                                                                                                                    0.0000 6.2445 
        markers:core/reg(slc#7.itm#1)                                              mgc_reg_pos_1_1_0_0_0_1_1                                                                                       0.0000 6.2445 
                                                                                                                                                                                                                 
      6                                                                            markers:core/reg(acc#8(1).sva.dfm#2) markers:core/reg(slc#7.itm#1)                                              6.2445 0.4222 
                                                                                                                                                                                                                 
        Instance                                                                   Component                                                                                                       Delta  Delay  
        --------                                                                   ---------                                                                                                       -----  -----  
        markers:core/reg(acc#8(1).sva.dfm#2)                                       mgc_reg_pos_4_1_0_0_0_1_1                                                                                       0.0000 0.0000 
        markers:core/acc#8(1).sva.dfm#2                                                                                                                                                            0.0000 0.0000 
        markers:core/if#3:acc                                                      mgc_add_4_0_2_1_4                                                                                               0.8599 0.8599 
        markers:core/if#3:acc.itm                                                                                                                                                                  0.0000 0.8599 
        markers:core/mux#8                                                         mgc_mux_4_1_2                                                                                                   0.3690 1.2289 
        markers:core/acc#8(1).sva.dfm#1:mx0                                                                                                                                                        0.0000 1.2289 
        markers:core/not#3                                                         mgc_not_4                                                                                                       0.0000 1.2289 
        markers:core/not#3.itm                                                                                                                                                                     0.0000 1.2289 
        markers:core/conc#83                                                                                                                                                                       0.0000 1.2289 
        markers:core/conc#83.itm                                                                                                                                                                   0.0000 1.2289 
        markers:core/acc#3                                                         mgc_add_5_0_5_1_6                                                                                               0.7751 2.0040 
        markers:core/acc#3.itm                                                                                                                                                                     0.0000 2.0040 
        markers:core/slc#3                                                                                                                                                                         0.0000 2.0040 
        markers:core/slc#3.itm                                                                                                                                                                     0.0000 2.0040 
        markers:core/nand                                                          mgc_nand_1_2                                                                                                    0.2679 2.2719 
        markers:core/or.dcpl#2                                                                                                                                                                     0.0000 2.2719 
        markers:core/mux#5                                                         mgc_mux_10_1_2                                                                                                  0.3690 2.6408 
        markers:core/blue_xy(0).sva.dfm#2:mx0                                                                                                                                                      0.0000 2.6408 
        markers:core/slc(blue_xy(0).sva.dfm#2:mx0)#4                                                                                                                                               0.0000 2.6408 
        markers:core/slc(blue_xy(0).sva.dfm#2:mx0)#4.itm                                                                                                                                           0.0000 2.6408 
        markers:core/if#11:nor#1                                                   mgc_nor_1_10                                                                                                    0.8720 3.5129 
        markers:core/if#11:nor#1.itm                                                                                                                                                               0.0000 3.5129 
        markers:core/or#6                                                          mgc_or_1_11                                                                                                     0.9267 4.4396 
        markers:core/not.tmp#3                                                                                                                                                                     0.0000 4.4396 
        markers:core/mux#7                                                         mgc_mux_10_1_2                                                                                                  0.3690 4.8085 
        markers:core/mux#7.itm                                                                                                                                                                     0.0000 4.8085 
        markers:core/deltax_square_blue:not                                        mgc_not_10                                                                                                      0.0000 4.8085 
        markers:core/deltax_square_blue:not.itm                                                                                                                                                    0.0000 4.8085 
        markers:core/conc#74                                                                                                                                                                       0.0000 4.8085 
        markers:core/conc#74.itm                                                                                                                                                                   0.0000 4.8085 
        markers:core/deltax_square_blue:acc#1                                      mgc_add_12_0_11_0_12                                                                                            1.4360 6.2445 
        markers:core/deltax_square_blue:acc#1.itm                                                                                                                                                  0.0000 6.2445 
        markers:core/deltax_square_blue:slc                                                                                                                                                        0.0000 6.2445 
        markers:core/deltax_square_blue:slc.itm                                                                                                                                                    0.0000 6.2445 
        markers:core/reg(slc#7.itm#1)                                              mgc_reg_pos_1_1_0_0_0_1_1                                                                                       0.0000 6.2445 
                                                                                                                                                                                                                 
      7                                                                            markers:core/reg(acc#8(1).sva.dfm#2) markers:core/reg(slc#7.itm#1)                                              6.2445 0.4222 
                                                                                                                                                                                                                 
        Instance                                                                   Component                                                                                                       Delta  Delay  
        --------                                                                   ---------                                                                                                       -----  -----  
        markers:core/reg(acc#8(1).sva.dfm#2)                                       mgc_reg_pos_4_1_0_0_0_1_1                                                                                       0.0000 0.0000 
        markers:core/acc#8(1).sva.dfm#2                                                                                                                                                            0.0000 0.0000 
        markers:core/if#3:acc                                                      mgc_add_4_0_2_1_4                                                                                               0.8599 0.8599 
        markers:core/if#3:acc.itm                                                                                                                                                                  0.0000 0.8599 
        markers:core/mux#8                                                         mgc_mux_4_1_2                                                                                                   0.3690 1.2289 
        markers:core/acc#8(1).sva.dfm#1:mx0                                                                                                                                                        0.0000 1.2289 
        markers:core/not#3                                                         mgc_not_4                                                                                                       0.0000 1.2289 
        markers:core/not#3.itm                                                                                                                                                                     0.0000 1.2289 
        markers:core/conc#83                                                                                                                                                                       0.0000 1.2289 
        markers:core/conc#83.itm                                                                                                                                                                   0.0000 1.2289 
        markers:core/acc#3                                                         mgc_add_5_0_5_1_6                                                                                               0.7751 2.0040 
        markers:core/acc#3.itm                                                                                                                                                                     0.0000 2.0040 
        markers:core/slc#3                                                                                                                                                                         0.0000 2.0040 
        markers:core/slc#3.itm                                                                                                                                                                     0.0000 2.0040 
        markers:core/nand                                                          mgc_nand_1_2                                                                                                    0.2679 2.2719 
        markers:core/or.dcpl#2                                                                                                                                                                     0.0000 2.2719 
        markers:core/mux#5                                                         mgc_mux_10_1_2                                                                                                  0.3690 2.6408 
        markers:core/blue_xy(0).sva.dfm#2:mx0                                                                                                                                                      0.0000 2.6408 
        markers:core/slc(blue_xy(0).sva.dfm#2:mx0)#6                                                                                                                                               0.0000 2.6408 
        markers:core/slc(blue_xy(0).sva.dfm#2:mx0)#6.itm                                                                                                                                           0.0000 2.6408 
        markers:core/if#11:nor#1                                                   mgc_nor_1_10                                                                                                    0.8720 3.5129 
        markers:core/if#11:nor#1.itm                                                                                                                                                               0.0000 3.5129 
        markers:core/or#6                                                          mgc_or_1_11                                                                                                     0.9267 4.4396 
        markers:core/not.tmp#3                                                                                                                                                                     0.0000 4.4396 
        markers:core/mux#7                                                         mgc_mux_10_1_2                                                                                                  0.3690 4.8085 
        markers:core/mux#7.itm                                                                                                                                                                     0.0000 4.8085 
        markers:core/deltax_square_blue:not                                        mgc_not_10                                                                                                      0.0000 4.8085 
        markers:core/deltax_square_blue:not.itm                                                                                                                                                    0.0000 4.8085 
        markers:core/conc#74                                                                                                                                                                       0.0000 4.8085 
        markers:core/conc#74.itm                                                                                                                                                                   0.0000 4.8085 
        markers:core/deltax_square_blue:acc#1                                      mgc_add_12_0_11_0_12                                                                                            1.4360 6.2445 
        markers:core/deltax_square_blue:acc#1.itm                                                                                                                                                  0.0000 6.2445 
        markers:core/deltax_square_blue:slc                                                                                                                                                        0.0000 6.2445 
        markers:core/deltax_square_blue:slc.itm                                                                                                                                                    0.0000 6.2445 
        markers:core/reg(slc#7.itm#1)                                              mgc_reg_pos_1_1_0_0_0_1_1                                                                                       0.0000 6.2445 
                                                                                                                                                                                                                 
      8                                                                            markers:core/reg(acc#8(1).sva.dfm#2) markers:core/reg(slc#7.itm#1)                                              6.2445 0.4222 
                                                                                                                                                                                                                 
        Instance                                                                   Component                                                                                                       Delta  Delay  
        --------                                                                   ---------                                                                                                       -----  -----  
        markers:core/reg(acc#8(1).sva.dfm#2)                                       mgc_reg_pos_4_1_0_0_0_1_1                                                                                       0.0000 0.0000 
        markers:core/acc#8(1).sva.dfm#2                                                                                                                                                            0.0000 0.0000 
        markers:core/if#3:acc                                                      mgc_add_4_0_2_1_4                                                                                               0.8599 0.8599 
        markers:core/if#3:acc.itm                                                                                                                                                                  0.0000 0.8599 
        markers:core/mux#8                                                         mgc_mux_4_1_2                                                                                                   0.3690 1.2289 
        markers:core/acc#8(1).sva.dfm#1:mx0                                                                                                                                                        0.0000 1.2289 
        markers:core/not#3                                                         mgc_not_4                                                                                                       0.0000 1.2289 
        markers:core/not#3.itm                                                                                                                                                                     0.0000 1.2289 
        markers:core/conc#83                                                                                                                                                                       0.0000 1.2289 
        markers:core/conc#83.itm                                                                                                                                                                   0.0000 1.2289 
        markers:core/acc#3                                                         mgc_add_5_0_5_1_6                                                                                               0.7751 2.0040 
        markers:core/acc#3.itm                                                                                                                                                                     0.0000 2.0040 
        markers:core/slc#3                                                                                                                                                                         0.0000 2.0040 
        markers:core/slc#3.itm                                                                                                                                                                     0.0000 2.0040 
        markers:core/nand                                                          mgc_nand_1_2                                                                                                    0.2679 2.2719 
        markers:core/or.dcpl#2                                                                                                                                                                     0.0000 2.2719 
        markers:core/mux#5                                                         mgc_mux_10_1_2                                                                                                  0.3690 2.6408 
        markers:core/blue_xy(0).sva.dfm#2:mx0                                                                                                                                                      0.0000 2.6408 
        markers:core/slc(blue_xy(0).sva.dfm#2:mx0)#9                                                                                                                                               0.0000 2.6408 
        markers:core/slc(blue_xy(0).sva.dfm#2:mx0)#9.itm                                                                                                                                           0.0000 2.6408 
        markers:core/if#11:nor#1                                                   mgc_nor_1_10                                                                                                    0.8720 3.5129 
        markers:core/if#11:nor#1.itm                                                                                                                                                               0.0000 3.5129 
        markers:core/or#6                                                          mgc_or_1_11                                                                                                     0.9267 4.4396 
        markers:core/not.tmp#3                                                                                                                                                                     0.0000 4.4396 
        markers:core/mux#7                                                         mgc_mux_10_1_2                                                                                                  0.3690 4.8085 
        markers:core/mux#7.itm                                                                                                                                                                     0.0000 4.8085 
        markers:core/deltax_square_blue:not                                        mgc_not_10                                                                                                      0.0000 4.8085 
        markers:core/deltax_square_blue:not.itm                                                                                                                                                    0.0000 4.8085 
        markers:core/conc#74                                                                                                                                                                       0.0000 4.8085 
        markers:core/conc#74.itm                                                                                                                                                                   0.0000 4.8085 
        markers:core/deltax_square_blue:acc#1                                      mgc_add_12_0_11_0_12                                                                                            1.4360 6.2445 
        markers:core/deltax_square_blue:acc#1.itm                                                                                                                                                  0.0000 6.2445 
        markers:core/deltax_square_blue:slc                                                                                                                                                        0.0000 6.2445 
        markers:core/deltax_square_blue:slc.itm                                                                                                                                                    0.0000 6.2445 
        markers:core/reg(slc#7.itm#1)                                              mgc_reg_pos_1_1_0_0_0_1_1                                                                                       0.0000 6.2445 
                                                                                                                                                                                                                 
      9                                                                            markers:core/reg(acc#8(1).sva.dfm#2) markers:core/reg(slc#7.itm#1)                                              6.2445 0.4222 
                                                                                                                                                                                                                 
        Instance                                                                   Component                                                                                                       Delta  Delay  
        --------                                                                   ---------                                                                                                       -----  -----  
        markers:core/reg(acc#8(1).sva.dfm#2)                                       mgc_reg_pos_4_1_0_0_0_1_1                                                                                       0.0000 0.0000 
        markers:core/acc#8(1).sva.dfm#2                                                                                                                                                            0.0000 0.0000 
        markers:core/if#3:acc                                                      mgc_add_4_0_2_1_4                                                                                               0.8599 0.8599 
        markers:core/if#3:acc.itm                                                                                                                                                                  0.0000 0.8599 
        markers:core/mux#8                                                         mgc_mux_4_1_2                                                                                                   0.3690 1.2289 
        markers:core/acc#8(1).sva.dfm#1:mx0                                                                                                                                                        0.0000 1.2289 
        markers:core/not#3                                                         mgc_not_4                                                                                                       0.0000 1.2289 
        markers:core/not#3.itm                                                                                                                                                                     0.0000 1.2289 
        markers:core/conc#83                                                                                                                                                                       0.0000 1.2289 
        markers:core/conc#83.itm                                                                                                                                                                   0.0000 1.2289 
        markers:core/acc#3                                                         mgc_add_5_0_5_1_6                                                                                               0.7751 2.0040 
        markers:core/acc#3.itm                                                                                                                                                                     0.0000 2.0040 
        markers:core/slc#3                                                                                                                                                                         0.0000 2.0040 
        markers:core/slc#3.itm                                                                                                                                                                     0.0000 2.0040 
        markers:core/nand                                                          mgc_nand_1_2                                                                                                    0.2679 2.2719 
        markers:core/or.dcpl#2                                                                                                                                                                     0.0000 2.2719 
        markers:core/mux#5                                                         mgc_mux_10_1_2                                                                                                  0.3690 2.6408 
        markers:core/blue_xy(0).sva.dfm#2:mx0                                                                                                                                                      0.0000 2.6408 
        markers:core/slc(blue_xy(0).sva.dfm#2:mx0)#8                                                                                                                                               0.0000 2.6408 
        markers:core/slc(blue_xy(0).sva.dfm#2:mx0)#8.itm                                                                                                                                           0.0000 2.6408 
        markers:core/if#11:nor#1                                                   mgc_nor_1_10                                                                                                    0.8720 3.5129 
        markers:core/if#11:nor#1.itm                                                                                                                                                               0.0000 3.5129 
        markers:core/or#6                                                          mgc_or_1_11                                                                                                     0.9267 4.4396 
        markers:core/not.tmp#3                                                                                                                                                                     0.0000 4.4396 
        markers:core/mux#7                                                         mgc_mux_10_1_2                                                                                                  0.3690 4.8085 
        markers:core/mux#7.itm                                                                                                                                                                     0.0000 4.8085 
        markers:core/deltax_square_blue:not                                        mgc_not_10                                                                                                      0.0000 4.8085 
        markers:core/deltax_square_blue:not.itm                                                                                                                                                    0.0000 4.8085 
        markers:core/conc#74                                                                                                                                                                       0.0000 4.8085 
        markers:core/conc#74.itm                                                                                                                                                                   0.0000 4.8085 
        markers:core/deltax_square_blue:acc#1                                      mgc_add_12_0_11_0_12                                                                                            1.4360 6.2445 
        markers:core/deltax_square_blue:acc#1.itm                                                                                                                                                  0.0000 6.2445 
        markers:core/deltax_square_blue:slc                                                                                                                                                        0.0000 6.2445 
        markers:core/deltax_square_blue:slc.itm                                                                                                                                                    0.0000 6.2445 
        markers:core/reg(slc#7.itm#1)                                              mgc_reg_pos_1_1_0_0_0_1_1                                                                                       0.0000 6.2445 
                                                                                                                                                                                                                 
      10                                                                           markers:core/reg(acc#8(1).sva.dfm#2) markers:core/reg(slc#7.itm#1)                                              6.2445 0.4222 
                                                                                                                                                                                                                 
        Instance                                                                   Component                                                                                                       Delta  Delay  
        --------                                                                   ---------                                                                                                       -----  -----  
        markers:core/reg(acc#8(1).sva.dfm#2)                                       mgc_reg_pos_4_1_0_0_0_1_1                                                                                       0.0000 0.0000 
        markers:core/acc#8(1).sva.dfm#2                                                                                                                                                            0.0000 0.0000 
        markers:core/if#3:acc                                                      mgc_add_4_0_2_1_4                                                                                               0.8599 0.8599 
        markers:core/if#3:acc.itm                                                                                                                                                                  0.0000 0.8599 
        markers:core/mux#8                                                         mgc_mux_4_1_2                                                                                                   0.3690 1.2289 
        markers:core/acc#8(1).sva.dfm#1:mx0                                                                                                                                                        0.0000 1.2289 
        markers:core/not#3                                                         mgc_not_4                                                                                                       0.0000 1.2289 
        markers:core/not#3.itm                                                                                                                                                                     0.0000 1.2289 
        markers:core/conc#83                                                                                                                                                                       0.0000 1.2289 
        markers:core/conc#83.itm                                                                                                                                                                   0.0000 1.2289 
        markers:core/acc#3                                                         mgc_add_5_0_5_1_6                                                                                               0.7751 2.0040 
        markers:core/acc#3.itm                                                                                                                                                                     0.0000 2.0040 
        markers:core/slc#3                                                                                                                                                                         0.0000 2.0040 
        markers:core/slc#3.itm                                                                                                                                                                     0.0000 2.0040 
        markers:core/nand                                                          mgc_nand_1_2                                                                                                    0.2679 2.2719 
        markers:core/or.dcpl#2                                                                                                                                                                     0.0000 2.2719 
        markers:core/mux#5                                                         mgc_mux_10_1_2                                                                                                  0.3690 2.6408 
        markers:core/blue_xy(0).sva.dfm#2:mx0                                                                                                                                                      0.0000 2.6408 
        markers:core/slc(blue_xy(0).sva.dfm#2:mx0)#1                                                                                                                                               0.0000 2.6408 
        markers:core/slc(blue_xy(0).sva.dfm#2:mx0)#1.itm                                                                                                                                           0.0000 2.6408 
        markers:core/if#11:nor#1                                                   mgc_nor_1_10                                                                                                    0.8720 3.5129 
        markers:core/if#11:nor#1.itm                                                                                                                                                               0.0000 3.5129 
        markers:core/or#6                                                          mgc_or_1_11                                                                                                     0.9267 4.4396 
        markers:core/not.tmp#3                                                                                                                                                                     0.0000 4.4396 
        markers:core/mux#7                                                         mgc_mux_10_1_2                                                                                                  0.3690 4.8085 
        markers:core/mux#7.itm                                                                                                                                                                     0.0000 4.8085 
        markers:core/deltax_square_blue:not                                        mgc_not_10                                                                                                      0.0000 4.8085 
        markers:core/deltax_square_blue:not.itm                                                                                                                                                    0.0000 4.8085 
        markers:core/conc#74                                                                                                                                                                       0.0000 4.8085 
        markers:core/conc#74.itm                                                                                                                                                                   0.0000 4.8085 
        markers:core/deltax_square_blue:acc#1                                      mgc_add_12_0_11_0_12                                                                                            1.4360 6.2445 
        markers:core/deltax_square_blue:acc#1.itm                                                                                                                                                  0.0000 6.2445 
        markers:core/deltax_square_blue:slc                                                                                                                                                        0.0000 6.2445 
        markers:core/deltax_square_blue:slc.itm                                                                                                                                                    0.0000 6.2445 
        markers:core/reg(slc#7.itm#1)                                              mgc_reg_pos_1_1_0_0_0_1_1                                                                                       0.0000 6.2445 
                                                                                                                                                                                                                 
      
    Register Input and Register-to-Output Slack
      Clock period or pin-to-reg delay constraint (clk): 6.666667
      Clock uncertainty constraint (clk)               : 0.0
      
      Instance                                                                   Port                          Slack (Delay) Messages 
      -------------------------------------------------------------------------- ---------------------------- ------ ------- --------
      markers:core/reg(vout:rsc:mgc_out_stdreg.d)                                mux.itm                      2.5505  4.1161          
      markers:core/reg(blue_xy_previous(1).sva.dfm#1)                            mux#3.itm                    1.8581  4.8085          
      markers:core/reg(deltax_square_blue:slc(deltax_square_blue:acc.psp).itm#1) deltax_square_blue:slc#2.itm 0.4222  6.2445          
      markers:core/reg(aif#51:aif:slc.itm#2)                                     aif#51:aif:slc.itm#1         6.2977  0.3690          
      markers:core/reg(aif#49:slc.svs#2)                                         aif#49:slc.svs#1             6.6667  0.0000          
      markers:core/reg(slc#7.itm#1)                                              deltax_square_blue:slc.itm   0.4222  6.2445          
      markers:core/reg(acc#8(1).sva.dfm#2)                                       and.itm                      0.8225  5.8442          
      markers:core/reg(blue_xy(0).sva.dfm#3)                                     and#1.itm                    3.6098  3.0569          
      markers:core/reg(blue_xy(1).sva.dfm#3)                                     and#2.itm                    3.6098  3.0569          
      markers:core/reg(blue_xy_previous(0).sva)                                  mux#6.itm                    1.5956  5.0711          
      markers:core/reg(land#4.lpi#1.dfm#1)                                       if#3:nor.itm                 4.1347  2.5320          
      markers:core/reg(aif#17:slc.svs)                                           aif#17:slc.svs:mx0           4.1347  2.5320          
      markers:core/reg(main.stage_0#2)                                           C1023_10#2                   6.6667  0.0000          
      markers:core/reg(main.stage_0#3)                                           main.stage_0#2               6.0352  0.6315          
      markers:core/reg(blue_xy_previous(1).sva)                                  blue_xy_previous(1).sva:mx0  5.9287  0.7379          
      markers:core/reg(aif#51:aif:slc.itm#1)                                     mux#15.itm                   4.9276  1.7391          
      markers:core/reg(aif#49:slc.svs#1)                                         aif#49:slc.itm               5.2965  1.3701          
      markers:core/reg(deltay_square_blue:acc.psp.sva)                           mux#2.itm                    4.2907  2.3759          
      markers                                                                    vout:rsc.z                   6.6667  0.0000          
      markers                                                                    volume:rsc.z                 6.6667  0.0000          
      
  Operator Bitwidth Summary
    Operation  Size (bits) Count 
    ---------- ----------- -----
    add                          
    -                   12     2 
    -                   11     7 
    -                    8     1 
    -                    6     4 
    -                    5     2 
    -                    4     2 
    -                    2     2 
    and                          
    -                    3     3 
    -                    2     1 
    mux                          
    -                    1    12 
    nand                         
    -                    2     2 
    nor                          
    -                   20     1 
    -                   10     3 
    -                    4     2 
    -                    3     1 
    not                          
    -                   10     9 
    -                    4     1 
    -                    1     4 
    or                           
    -                   11     1 
    -                    4     1 
    -                    2     2 
    reg                          
    -                   30     1 
    -                   10     6 
    -                    4     1 
    -                    1    10 
    write_port                   
    -                   30     1 
    -                    8     1 
    
  End of Report
