-- Catapult University Version: Report                                              
-- ---------------------------- ---------------------------------------------------
-- Version:                     2011a.126 Production Release                        
-- Build Date:                  Wed Aug  8 00:52:07 PDT 2012                        
                                                                                    
-- Generated by:                mf2915@EEWS104A-015                                 
-- Generated date:              Wed May 04 11:40:24 +0100 2016                      

Solution Settings: markers.v29
  Current state: extract
  Project: Catapult
  
  Design Input Files Specified
    $PROJECT_HOME/../markers_source/shift_class.h
    $PROJECT_HOME/../markers_source/blur.c
      $MGC_HOME/shared/include/ac_fixed.h
        $MGC_HOME/shared/include/ac_int.h
      $PROJECT_HOME/../markers_source/blur.h
      $PROJECT_HOME/../markers_source/shift_class.h
    $PROJECT_HOME/../markers_source/blur.h
      $MGC_HOME/shared/include/ac_int.h
  
  Processes/Blocks in Design
    Process       Real Operation(s) count Latency Throughput Reset Length II Comments 
    ------------- ----------------------- ------- ---------- ------------ -- --------
    /markers/core                      44       1          1            0  1          
    Design Total:                      44       1          1            0  1          
    
  Bill Of Materials (Datapath)
    Component Name                          Area Score Area(LUTs) Delay Post Alloc Post Assign 
    --------------------------------------- ---------- ---------- ----- ---------- -----------
    [Lib: mgc_Altera-Cyclone-III-6_beh_psr]                                                    
    mgc_add(4,0,4,1,5)                           5.000      5.000 0.691          1           1 
    mgc_add(5,0,4,1,6)                           6.000      6.000 0.778          1           1 
    mgc_add(7,0,7,1,8)                           8.000      8.000 0.929          3           3 
    mgc_add(8,0,7,1,9)                           9.000      9.000 1.003          1           1 
    mgc_add(8,0,8,0,8)                           9.259      9.259 1.163          4           4 
    mgc_add(9,0,8,0,9)                          10.254     10.254 1.235          1           1 
    mgc_add(9,0,8,1,9)                          10.000     10.000 1.235          1           1 
    mgc_and(1,2)                                 0.730      0.730 0.263          0           1 
    mgc_and(8,2)                                 5.839      5.839 0.263          3           3 
    mgc_mux(1,1,2)                               0.919      0.919 0.369          0           4 
    mgc_mux(8,1,2)                               7.355      7.355 0.369          3           3 
    mgc_nor(1,3)                                 1.054      1.054 0.416          0           2 
    mgc_nor(1,6)                                 2.028      2.028 0.679          0           1 
    mgc_not(5)                                   0.000      0.000 0.000          0           1 
    mgc_not(7)                                   0.000      0.000 0.000          0           4 
    mgc_not(8)                                   0.000      0.000 0.000          0           1 
    mgc_or(1,2)                                  0.730      0.730 0.268          0           3 
    mgc_or(1,3)                                  1.054      1.054 0.425          0           1 
    mgc_or(1,6)                                  2.028      2.028 0.692          0           1 
    mgc_reg_pos(1,1,0,0,0,1,1)                   0.000      0.000 0.000          0           2 
    mgc_reg_pos(8,1,0,0,0,1,1)                   0.000      0.000 0.000          0           3 
    [Lib: mgc_ioport]                                                                          
    mgc_out_stdreg(2,30)                         0.000      0.000 0.000          1           1 
    mgc_out_stdreg(4,8)                          0.000      0.000 0.000          1           1 
                                                                                               
    TOTAL AREA (After Assignment):             154.688    155.000                              
    
  Area Scores
                      Post-Scheduling  Post-DP & FSM Post-Assignment 
    ----------------- --------------- -------------- ---------------
    Total Area Score:    140.9          154.7           154.7        
    Total Reg:             0.0            0.0             0.0        
                                                                     
    DataPath:            140.9 (100%)   154.7 (100%)    154.7 (100%) 
      MUX:                22.1  (16%)    25.7  (17%)     25.7  (17%) 
      FUNC:              101.3  (72%)   101.3  (65%)    101.3  (65%) 
      LOGIC:              17.5  (12%)    27.7  (18%)     27.7  (18%) 
      BUFFER:              0.0            0.0             0.0        
      MEM:                 0.0            0.0             0.0        
      ROM:                 0.0            0.0             0.0        
      REG:                 0.0            0.0             0.0        
                                                                     
    
    FSM:                   0.0            0.0             0.0        
      FSM-REG:             0.0            0.0             0.0        
      FSM-COMB:            0.0            0.0             0.0        
                                                                     
    
  Register-to-Variable Mappings
    Register                             Size(bits) Gated Register CG Opt Done Variables                                             
    ------------------------------------ ---------- -------------- ----------- -----------------------------------------------------
    reg(vout:rsc:mgc_out_stdreg.d).tmp            8         Y                  reg(vout:rsc:mgc_out_stdreg.d).tmp                    
    reg(vout:rsc:mgc_out_stdreg.d).tmp#1          8         Y                  reg(vout:rsc:mgc_out_stdreg.d).tmp#1                  
    reg(vout:rsc:mgc_out_stdreg.d).tmp#2          8         Y                  reg(vout:rsc:mgc_out_stdreg.d).tmp#2                  
    else:aif#1:slc.svs                            1         Y                  else:aif#1:slc.svs                                    
    else:aif#2:slc.svs                            1         Y                  else:aif#2:slc.svs                                    
                                                                                                                                     
    Total:                                       26             26           0 (Total Gating Ratio: 1.00, CG Opt Gating Ratio: 0.00) 
    
  Timing Report
    Critical Path
      Max Delay:  3.5346
      Slack:      16.4654
      
      Path                                                Startpoint                Endpoint                                      Delay  Slack   
      --------------------------------------------------- ------------------------- --------------------------------------------- ------ -------
      1                                                   markers:core/vin          markers:core/reg(vout:rsc:mgc_out_stdreg.d)   3.5346 16.4654 
                                                                                                                                                 
        Instance                                          Component                                                               Delta  Delay   
        --------                                          ---------                                                               -----  -----   
        markers:core/vin                                                                                                          0.0000 0.0000  
        markers:core/slc(vin)#18                                                                                                  0.0000 0.0000  
        markers:core/slc(vin)#18.itm                                                                                              0.0000 0.0000  
        markers:core/else:if:acc                          mgc_add_8_0_8_0_8                                                       1.1631 1.1631  
        markers:core/else:if:acc.itm                                                                                              0.0000 1.1631  
        markers:core/else:slc#1                                                                                                   0.0000 1.1631  
        markers:core/else:slc#1.itm                                                                                               0.0000 1.1631  
        markers:core/or#16                                mgc_or_1_2                                                              0.2679 1.4310  
        markers:core/or.dcpl#16                                                                                                   0.0000 1.4310  
        markers:core/or#17                                mgc_or_1_3                                                              0.4246 1.8556  
        markers:core/or#17.cse                                                                                                    0.0000 1.8556  
        markers:core/mux#3                                mgc_mux_1_1_2                                                           0.3690 2.2245  
        markers:core/mux#3.itm                                                                                                    0.0000 2.2245  
        markers:core/else:if:nor                          mgc_nor_1_6                                                             0.6786 2.9031  
        markers:core/else:if:nor.itm                                                                                              0.0000 2.9031  
        markers:core/else:exs#3                                                                                                   0.0000 2.9031  
        markers:core/else:exs#4                                                                                                   0.0000 2.9031  
        markers:core/slc(else:exs#4)#2                                                                                            0.0000 2.9031  
        markers:core/slc(else:exs#4)#2.itm                                                                                        0.0000 2.9031  
        markers:core/exs#2                                                                                                        0.0000 2.9031  
        markers:core/exs#2.itm                                                                                                    0.0000 2.9031  
        markers:core/else:and                             mgc_and_8_2                                                             0.2625 3.1656  
        markers:core/else:and.itm                                                                                                 0.0000 3.1656  
        markers:core/mux#2                                mgc_mux_8_1_2                                                           0.3690 3.5346  
        markers:core/mux#2.itm                                                                                                    0.0000 3.5346  
        markers:core/conc#22                                                                                                      0.0000 3.5346  
        markers:core/vout:rsc:mgc_out_stdreg.d#1                                                                                  0.0000 3.5346  
        markers:core/slc(vout:rsc:mgc_out_stdreg.d)                                                                               0.0000 3.5346  
        markers:core/slc(vout:rsc:mgc_out_stdreg.d).itm                                                                           0.0000 3.5346  
        markers:core/reg(vout:rsc:mgc_out_stdreg.d)       mgc_reg_pos_8_1_0_0_0_1_1                                               0.0000 3.5346  
                                                                                                                                                 
      2                                                   markers:core/vin          markers:core/reg(vout:rsc:mgc_out_stdreg.d)#2 3.5346 16.4654 
                                                                                                                                                 
        Instance                                          Component                                                               Delta  Delay   
        --------                                          ---------                                                               -----  -----   
        markers:core/vin                                                                                                          0.0000 0.0000  
        markers:core/slc(vin)#18                                                                                                  0.0000 0.0000  
        markers:core/slc(vin)#18.itm                                                                                              0.0000 0.0000  
        markers:core/else:if:acc                          mgc_add_8_0_8_0_8                                                       1.1631 1.1631  
        markers:core/else:if:acc.itm                                                                                              0.0000 1.1631  
        markers:core/else:slc#1                                                                                                   0.0000 1.1631  
        markers:core/else:slc#1.itm                                                                                               0.0000 1.1631  
        markers:core/or#16                                mgc_or_1_2                                                              0.2679 1.4310  
        markers:core/or.dcpl#16                                                                                                   0.0000 1.4310  
        markers:core/or#17                                mgc_or_1_3                                                              0.4246 1.8556  
        markers:core/or#17.cse                                                                                                    0.0000 1.8556  
        markers:core/mux#3                                mgc_mux_1_1_2                                                           0.3690 2.2245  
        markers:core/mux#3.itm                                                                                                    0.0000 2.2245  
        markers:core/else:if:nor                          mgc_nor_1_6                                                             0.6786 2.9031  
        markers:core/else:if:nor.itm                                                                                              0.0000 2.9031  
        markers:core/else:exs#3                                                                                                   0.0000 2.9031  
        markers:core/else:exs#4                                                                                                   0.0000 2.9031  
        markers:core/slc(else:exs#4)#2                                                                                            0.0000 2.9031  
        markers:core/slc(else:exs#4)#2.itm                                                                                        0.0000 2.9031  
        markers:core/exs#2                                                                                                        0.0000 2.9031  
        markers:core/exs#2.itm                                                                                                    0.0000 2.9031  
        markers:core/else:and                             mgc_and_8_2                                                             0.2625 3.1656  
        markers:core/else:and.itm                                                                                                 0.0000 3.1656  
        markers:core/mux#2                                mgc_mux_8_1_2                                                           0.3690 3.5346  
        markers:core/mux#2.itm                                                                                                    0.0000 3.5346  
        markers:core/conc#22                                                                                                      0.0000 3.5346  
        markers:core/vout:rsc:mgc_out_stdreg.d#1                                                                                  0.0000 3.5346  
        markers:core/slc(vout:rsc:mgc_out_stdreg.d)#2                                                                             0.0000 3.5346  
        markers:core/slc(vout:rsc:mgc_out_stdreg.d)#2.itm                                                                         0.0000 3.5346  
        markers:core/reg(vout:rsc:mgc_out_stdreg.d)#2     mgc_reg_pos_8_1_0_0_0_1_1                                               0.0000 3.5346  
                                                                                                                                                 
      3                                                   markers:core/vin          markers:core/reg(vout:rsc:mgc_out_stdreg.d)#2 3.5346 16.4654 
                                                                                                                                                 
        Instance                                          Component                                                               Delta  Delay   
        --------                                          ---------                                                               -----  -----   
        markers:core/vin                                                                                                          0.0000 0.0000  
        markers:core/slc(vin)#18                                                                                                  0.0000 0.0000  
        markers:core/slc(vin)#18.itm                                                                                              0.0000 0.0000  
        markers:core/else:if:acc                          mgc_add_8_0_8_0_8                                                       1.1631 1.1631  
        markers:core/else:if:acc.itm                                                                                              0.0000 1.1631  
        markers:core/else:slc#1                                                                                                   0.0000 1.1631  
        markers:core/else:slc#1.itm                                                                                               0.0000 1.1631  
        markers:core/or#16                                mgc_or_1_2                                                              0.2679 1.4310  
        markers:core/or.dcpl#16                                                                                                   0.0000 1.4310  
        markers:core/or#17                                mgc_or_1_3                                                              0.4246 1.8556  
        markers:core/or#17.cse                                                                                                    0.0000 1.8556  
        markers:core/mux#3                                mgc_mux_1_1_2                                                           0.3690 2.2245  
        markers:core/mux#3.itm                                                                                                    0.0000 2.2245  
        markers:core/else:if:nor                          mgc_nor_1_6                                                             0.6786 2.9031  
        markers:core/else:if:nor.itm                                                                                              0.0000 2.9031  
        markers:core/else:exs#3                                                                                                   0.0000 2.9031  
        markers:core/else:exs#4                                                                                                   0.0000 2.9031  
        markers:core/slc(else:exs#4)#1                                                                                            0.0000 2.9031  
        markers:core/slc(else:exs#4)#1.itm                                                                                        0.0000 2.9031  
        markers:core/exs#1                                                                                                        0.0000 2.9031  
        markers:core/exs#1.itm                                                                                                    0.0000 2.9031  
        markers:core/else:and#1                           mgc_and_8_2                                                             0.2625 3.1656  
        markers:core/else:and#1.itm                                                                                               0.0000 3.1656  
        markers:core/mux#1                                mgc_mux_8_1_2                                                           0.3690 3.5346  
        markers:core/mux#1.itm                                                                                                    0.0000 3.5346  
        markers:core/conc#22                                                                                                      0.0000 3.5346  
        markers:core/vout:rsc:mgc_out_stdreg.d#1                                                                                  0.0000 3.5346  
        markers:core/slc(vout:rsc:mgc_out_stdreg.d)#2                                                                             0.0000 3.5346  
        markers:core/slc(vout:rsc:mgc_out_stdreg.d)#2.itm                                                                         0.0000 3.5346  
        markers:core/reg(vout:rsc:mgc_out_stdreg.d)#2     mgc_reg_pos_8_1_0_0_0_1_1                                               0.0000 3.5346  
                                                                                                                                                 
      4                                                   markers:core/vin          markers:core/reg(vout:rsc:mgc_out_stdreg.d)#1 3.5346 16.4654 
                                                                                                                                                 
        Instance                                          Component                                                               Delta  Delay   
        --------                                          ---------                                                               -----  -----   
        markers:core/vin                                                                                                          0.0000 0.0000  
        markers:core/slc(vin)#18                                                                                                  0.0000 0.0000  
        markers:core/slc(vin)#18.itm                                                                                              0.0000 0.0000  
        markers:core/else:if:acc                          mgc_add_8_0_8_0_8                                                       1.1631 1.1631  
        markers:core/else:if:acc.itm                                                                                              0.0000 1.1631  
        markers:core/else:slc#1                                                                                                   0.0000 1.1631  
        markers:core/else:slc#1.itm                                                                                               0.0000 1.1631  
        markers:core/or#16                                mgc_or_1_2                                                              0.2679 1.4310  
        markers:core/or.dcpl#16                                                                                                   0.0000 1.4310  
        markers:core/or#17                                mgc_or_1_3                                                              0.4246 1.8556  
        markers:core/or#17.cse                                                                                                    0.0000 1.8556  
        markers:core/mux#3                                mgc_mux_1_1_2                                                           0.3690 2.2245  
        markers:core/mux#3.itm                                                                                                    0.0000 2.2245  
        markers:core/else:if:nor                          mgc_nor_1_6                                                             0.6786 2.9031  
        markers:core/else:if:nor.itm                                                                                              0.0000 2.9031  
        markers:core/else:exs#3                                                                                                   0.0000 2.9031  
        markers:core/else:exs#4                                                                                                   0.0000 2.9031  
        markers:core/slc(else:exs#4)#2                                                                                            0.0000 2.9031  
        markers:core/slc(else:exs#4)#2.itm                                                                                        0.0000 2.9031  
        markers:core/exs#2                                                                                                        0.0000 2.9031  
        markers:core/exs#2.itm                                                                                                    0.0000 2.9031  
        markers:core/else:and                             mgc_and_8_2                                                             0.2625 3.1656  
        markers:core/else:and.itm                                                                                                 0.0000 3.1656  
        markers:core/mux#2                                mgc_mux_8_1_2                                                           0.3690 3.5346  
        markers:core/mux#2.itm                                                                                                    0.0000 3.5346  
        markers:core/conc#22                                                                                                      0.0000 3.5346  
        markers:core/vout:rsc:mgc_out_stdreg.d#1                                                                                  0.0000 3.5346  
        markers:core/slc(vout:rsc:mgc_out_stdreg.d)#1                                                                             0.0000 3.5346  
        markers:core/slc(vout:rsc:mgc_out_stdreg.d)#1.itm                                                                         0.0000 3.5346  
        markers:core/reg(vout:rsc:mgc_out_stdreg.d)#1     mgc_reg_pos_8_1_0_0_0_1_1                                               0.0000 3.5346  
                                                                                                                                                 
      5                                                   markers:core/vin          markers:core/reg(vout:rsc:mgc_out_stdreg.d)#1 3.5346 16.4654 
                                                                                                                                                 
        Instance                                          Component                                                               Delta  Delay   
        --------                                          ---------                                                               -----  -----   
        markers:core/vin                                                                                                          0.0000 0.0000  
        markers:core/slc(vin)#18                                                                                                  0.0000 0.0000  
        markers:core/slc(vin)#18.itm                                                                                              0.0000 0.0000  
        markers:core/else:if:acc                          mgc_add_8_0_8_0_8                                                       1.1631 1.1631  
        markers:core/else:if:acc.itm                                                                                              0.0000 1.1631  
        markers:core/else:slc#1                                                                                                   0.0000 1.1631  
        markers:core/else:slc#1.itm                                                                                               0.0000 1.1631  
        markers:core/or#16                                mgc_or_1_2                                                              0.2679 1.4310  
        markers:core/or.dcpl#16                                                                                                   0.0000 1.4310  
        markers:core/or#17                                mgc_or_1_3                                                              0.4246 1.8556  
        markers:core/or#17.cse                                                                                                    0.0000 1.8556  
        markers:core/mux#3                                mgc_mux_1_1_2                                                           0.3690 2.2245  
        markers:core/mux#3.itm                                                                                                    0.0000 2.2245  
        markers:core/else:if:nor                          mgc_nor_1_6                                                             0.6786 2.9031  
        markers:core/else:if:nor.itm                                                                                              0.0000 2.9031  
        markers:core/else:exs#3                                                                                                   0.0000 2.9031  
        markers:core/else:exs#4                                                                                                   0.0000 2.9031  
        markers:core/slc(else:exs#4)#1                                                                                            0.0000 2.9031  
        markers:core/slc(else:exs#4)#1.itm                                                                                        0.0000 2.9031  
        markers:core/exs#1                                                                                                        0.0000 2.9031  
        markers:core/exs#1.itm                                                                                                    0.0000 2.9031  
        markers:core/else:and#1                           mgc_and_8_2                                                             0.2625 3.1656  
        markers:core/else:and#1.itm                                                                                               0.0000 3.1656  
        markers:core/mux#1                                mgc_mux_8_1_2                                                           0.3690 3.5346  
        markers:core/mux#1.itm                                                                                                    0.0000 3.5346  
        markers:core/conc#22                                                                                                      0.0000 3.5346  
        markers:core/vout:rsc:mgc_out_stdreg.d#1                                                                                  0.0000 3.5346  
        markers:core/slc(vout:rsc:mgc_out_stdreg.d)#1                                                                             0.0000 3.5346  
        markers:core/slc(vout:rsc:mgc_out_stdreg.d)#1.itm                                                                         0.0000 3.5346  
        markers:core/reg(vout:rsc:mgc_out_stdreg.d)#1     mgc_reg_pos_8_1_0_0_0_1_1                                               0.0000 3.5346  
                                                                                                                                                 
      6                                                   markers:core/vin          markers:core/reg(vout:rsc:mgc_out_stdreg.d)#1 3.5346 16.4654 
                                                                                                                                                 
        Instance                                          Component                                                               Delta  Delay   
        --------                                          ---------                                                               -----  -----   
        markers:core/vin                                                                                                          0.0000 0.0000  
        markers:core/slc(vin)#18                                                                                                  0.0000 0.0000  
        markers:core/slc(vin)#18.itm                                                                                              0.0000 0.0000  
        markers:core/else:if:acc                          mgc_add_8_0_8_0_8                                                       1.1631 1.1631  
        markers:core/else:if:acc.itm                                                                                              0.0000 1.1631  
        markers:core/else:slc#1                                                                                                   0.0000 1.1631  
        markers:core/else:slc#1.itm                                                                                               0.0000 1.1631  
        markers:core/or#16                                mgc_or_1_2                                                              0.2679 1.4310  
        markers:core/or.dcpl#16                                                                                                   0.0000 1.4310  
        markers:core/or#17                                mgc_or_1_3                                                              0.4246 1.8556  
        markers:core/or#17.cse                                                                                                    0.0000 1.8556  
        markers:core/mux#3                                mgc_mux_1_1_2                                                           0.3690 2.2245  
        markers:core/mux#3.itm                                                                                                    0.0000 2.2245  
        markers:core/else:if:nor                          mgc_nor_1_6                                                             0.6786 2.9031  
        markers:core/else:if:nor.itm                                                                                              0.0000 2.9031  
        markers:core/else:exs#3                                                                                                   0.0000 2.9031  
        markers:core/else:exs#4                                                                                                   0.0000 2.9031  
        markers:core/slc(else:exs#4)                                                                                              0.0000 2.9031  
        markers:core/slc(else:exs#4).itm                                                                                          0.0000 2.9031  
        markers:core/exs                                                                                                          0.0000 2.9031  
        markers:core/exs.itm                                                                                                      0.0000 2.9031  
        markers:core/else:and#2                           mgc_and_8_2                                                             0.2625 3.1656  
        markers:core/else:and#2.itm                                                                                               0.0000 3.1656  
        markers:core/mux                                  mgc_mux_8_1_2                                                           0.3690 3.5346  
        markers:core/mux.itm                                                                                                      0.0000 3.5346  
        markers:core/conc#22                                                                                                      0.0000 3.5346  
        markers:core/vout:rsc:mgc_out_stdreg.d#1                                                                                  0.0000 3.5346  
        markers:core/slc(vout:rsc:mgc_out_stdreg.d)#1                                                                             0.0000 3.5346  
        markers:core/slc(vout:rsc:mgc_out_stdreg.d)#1.itm                                                                         0.0000 3.5346  
        markers:core/reg(vout:rsc:mgc_out_stdreg.d)#1     mgc_reg_pos_8_1_0_0_0_1_1                                               0.0000 3.5346  
                                                                                                                                                 
      7                                                   markers:core/vin          markers:core/reg(vout:rsc:mgc_out_stdreg.d)#1 3.3385 16.6615 
                                                                                                                                                 
        Instance                                          Component                                                               Delta  Delay   
        --------                                          ---------                                                               -----  -----   
        markers:core/vin                                                                                                          0.0000 0.0000  
        markers:core/slc(vin)#10                                                                                                  0.0000 0.0000  
        markers:core/slc(vin)#10.itm                                                                                              0.0000 0.0000  
        markers:core/else:aif#1:acc                       mgc_add_9_0_8_0_9                                                       1.2349 1.2349  
        markers:core/else:aif#1:acc.itm                                                                                           0.0000 1.2349  
        markers:core/else:aif#1:slc#1                                                                                             0.0000 1.2349  
        markers:core/else:aif#1:slc#1.itm                                                                                         0.0000 1.2349  
        markers:core/or#17                                mgc_or_1_3                                                              0.4246 1.6595  
        markers:core/or#17.cse                                                                                                    0.0000 1.6595  
        markers:core/mux#3                                mgc_mux_1_1_2                                                           0.3690 2.0285  
        markers:core/mux#3.itm                                                                                                    0.0000 2.0285  
        markers:core/else:if:nor                          mgc_nor_1_6                                                             0.6786 2.7071  
        markers:core/else:if:nor.itm                                                                                              0.0000 2.7071  
        markers:core/else:exs#3                                                                                                   0.0000 2.7071  
        markers:core/else:exs#4                                                                                                   0.0000 2.7071  
        markers:core/slc(else:exs#4)                                                                                              0.0000 2.7071  
        markers:core/slc(else:exs#4).itm                                                                                          0.0000 2.7071  
        markers:core/exs                                                                                                          0.0000 2.7071  
        markers:core/exs.itm                                                                                                      0.0000 2.7071  
        markers:core/else:and#2                           mgc_and_8_2                                                             0.2625 2.9696  
        markers:core/else:and#2.itm                                                                                               0.0000 2.9696  
        markers:core/mux                                  mgc_mux_8_1_2                                                           0.3690 3.3385  
        markers:core/mux.itm                                                                                                      0.0000 3.3385  
        markers:core/conc#22                                                                                                      0.0000 3.3385  
        markers:core/vout:rsc:mgc_out_stdreg.d#1                                                                                  0.0000 3.3385  
        markers:core/slc(vout:rsc:mgc_out_stdreg.d)#1                                                                             0.0000 3.3385  
        markers:core/slc(vout:rsc:mgc_out_stdreg.d)#1.itm                                                                         0.0000 3.3385  
        markers:core/reg(vout:rsc:mgc_out_stdreg.d)#1     mgc_reg_pos_8_1_0_0_0_1_1                                               0.0000 3.3385  
                                                                                                                                                 
      8                                                   markers:core/vin          markers:core/reg(vout:rsc:mgc_out_stdreg.d)#1 3.3000 16.7000 
                                                                                                                                                 
        Instance                                          Component                                                               Delta  Delay   
        --------                                          ---------                                                               -----  -----   
        markers:core/vin                                                                                                          0.0000 0.0000  
        markers:core/slc(vin)#13                                                                                                  0.0000 0.0000  
        markers:core/slc(vin)#13.itm                                                                                              0.0000 0.0000  
        markers:core/else:aif:not#1                       mgc_not_7                                                               0.0000 0.0000  
        markers:core/else:aif:not#1.itm                                                                                           0.0000 0.0000  
        markers:core/else:aif:acc                         mgc_add_7_0_7_1_8                                                       0.9285 0.9285  
        markers:core/else:aif:acc.itm                                                                                             0.0000 0.9285  
        markers:core/else:aif:slc#1                                                                                               0.0000 0.9285  
        markers:core/else:aif:slc#1.itm                                                                                           0.0000 0.9285  
        markers:core/or#16                                mgc_or_1_2                                                              0.2679 1.1964  
        markers:core/or.dcpl#16                                                                                                   0.0000 1.1964  
        markers:core/or#17                                mgc_or_1_3                                                              0.4246 1.6210  
        markers:core/or#17.cse                                                                                                    0.0000 1.6210  
        markers:core/mux#3                                mgc_mux_1_1_2                                                           0.3690 1.9900  
        markers:core/mux#3.itm                                                                                                    0.0000 1.9900  
        markers:core/else:if:nor                          mgc_nor_1_6                                                             0.6786 2.6686  
        markers:core/else:if:nor.itm                                                                                              0.0000 2.6686  
        markers:core/else:exs#3                                                                                                   0.0000 2.6686  
        markers:core/else:exs#4                                                                                                   0.0000 2.6686  
        markers:core/slc(else:exs#4)                                                                                              0.0000 2.6686  
        markers:core/slc(else:exs#4).itm                                                                                          0.0000 2.6686  
        markers:core/exs                                                                                                          0.0000 2.6686  
        markers:core/exs.itm                                                                                                      0.0000 2.6686  
        markers:core/else:and#2                           mgc_and_8_2                                                             0.2625 2.9311  
        markers:core/else:and#2.itm                                                                                               0.0000 2.9311  
        markers:core/mux                                  mgc_mux_8_1_2                                                           0.3690 3.3000  
        markers:core/mux.itm                                                                                                      0.0000 3.3000  
        markers:core/conc#22                                                                                                      0.0000 3.3000  
        markers:core/vout:rsc:mgc_out_stdreg.d#1                                                                                  0.0000 3.3000  
        markers:core/slc(vout:rsc:mgc_out_stdreg.d)#1                                                                             0.0000 3.3000  
        markers:core/slc(vout:rsc:mgc_out_stdreg.d)#1.itm                                                                         0.0000 3.3000  
        markers:core/reg(vout:rsc:mgc_out_stdreg.d)#1     mgc_reg_pos_8_1_0_0_0_1_1                                               0.0000 3.3000  
                                                                                                                                                 
      9                                                   markers:core/vin          markers:core/reg(vout:rsc:mgc_out_stdreg.d)#1 3.1100 16.8900 
                                                                                                                                                 
        Instance                                          Component                                                               Delta  Delay   
        --------                                          ---------                                                               -----  -----   
        markers:core/vin                                                                                                          0.0000 0.0000  
        markers:core/slc(vin)#18                                                                                                  0.0000 0.0000  
        markers:core/slc(vin)#18.itm                                                                                              0.0000 0.0000  
        markers:core/else:if:acc                          mgc_add_8_0_8_0_8                                                       1.1631 1.1631  
        markers:core/else:if:acc.itm                                                                                              0.0000 1.1631  
        markers:core/else:slc#1                                                                                                   0.0000 1.1631  
        markers:core/else:slc#1.itm                                                                                               0.0000 1.1631  
        markers:core/or#16                                mgc_or_1_2                                                              0.2679 1.4310  
        markers:core/or.dcpl#16                                                                                                   0.0000 1.4310  
        markers:core/mux#5                                mgc_mux_1_1_2                                                           0.3690 1.8000  
        markers:core/mux#5.itm                                                                                                    0.0000 1.8000  
        markers:core/else:if:nor                          mgc_nor_1_6                                                             0.6786 2.4785  
        markers:core/else:if:nor.itm                                                                                              0.0000 2.4785  
        markers:core/else:exs#3                                                                                                   0.0000 2.4785  
        markers:core/else:exs#4                                                                                                   0.0000 2.4785  
        markers:core/slc(else:exs#4)                                                                                              0.0000 2.4785  
        markers:core/slc(else:exs#4).itm                                                                                          0.0000 2.4785  
        markers:core/exs                                                                                                          0.0000 2.4785  
        markers:core/exs.itm                                                                                                      0.0000 2.4785  
        markers:core/else:and#2                           mgc_and_8_2                                                             0.2625 2.7411  
        markers:core/else:and#2.itm                                                                                               0.0000 2.7411  
        markers:core/mux                                  mgc_mux_8_1_2                                                           0.3690 3.1100  
        markers:core/mux.itm                                                                                                      0.0000 3.1100  
        markers:core/conc#22                                                                                                      0.0000 3.1100  
        markers:core/vout:rsc:mgc_out_stdreg.d#1                                                                                  0.0000 3.1100  
        markers:core/slc(vout:rsc:mgc_out_stdreg.d)#1                                                                             0.0000 3.1100  
        markers:core/slc(vout:rsc:mgc_out_stdreg.d)#1.itm                                                                         0.0000 3.1100  
        markers:core/reg(vout:rsc:mgc_out_stdreg.d)#1     mgc_reg_pos_8_1_0_0_0_1_1                                               0.0000 3.1100  
                                                                                                                                                 
      10                                                  markers:core/vin          markers:core/reg(vout:rsc:mgc_out_stdreg.d)#1 2.9140 17.0860 
                                                                                                                                                 
        Instance                                          Component                                                               Delta  Delay   
        --------                                          ---------                                                               -----  -----   
        markers:core/vin                                                                                                          0.0000 0.0000  
        markers:core/slc(vin)#10                                                                                                  0.0000 0.0000  
        markers:core/slc(vin)#10.itm                                                                                              0.0000 0.0000  
        markers:core/else:aif#1:acc                       mgc_add_9_0_8_0_9                                                       1.2349 1.2349  
        markers:core/else:aif#1:acc.itm                                                                                           0.0000 1.2349  
        markers:core/else:aif#1:slc                                                                                               0.0000 1.2349  
        markers:core/else:aif#1:slc.itm                                                                                           0.0000 1.2349  
        markers:core/mux#5                                mgc_mux_1_1_2                                                           0.3690 1.6039  
        markers:core/mux#5.itm                                                                                                    0.0000 1.6039  
        markers:core/else:if:nor                          mgc_nor_1_6                                                             0.6786 2.2825  
        markers:core/else:if:nor.itm                                                                                              0.0000 2.2825  
        markers:core/else:exs#3                                                                                                   0.0000 2.2825  
        markers:core/else:exs#4                                                                                                   0.0000 2.2825  
        markers:core/slc(else:exs#4)                                                                                              0.0000 2.2825  
        markers:core/slc(else:exs#4).itm                                                                                          0.0000 2.2825  
        markers:core/exs                                                                                                          0.0000 2.2825  
        markers:core/exs.itm                                                                                                      0.0000 2.2825  
        markers:core/else:and#2                           mgc_and_8_2                                                             0.2625 2.5450  
        markers:core/else:and#2.itm                                                                                               0.0000 2.5450  
        markers:core/mux                                  mgc_mux_8_1_2                                                           0.3690 2.9140  
        markers:core/mux.itm                                                                                                      0.0000 2.9140  
        markers:core/conc#22                                                                                                      0.0000 2.9140  
        markers:core/vout:rsc:mgc_out_stdreg.d#1                                                                                  0.0000 2.9140  
        markers:core/slc(vout:rsc:mgc_out_stdreg.d)#1                                                                             0.0000 2.9140  
        markers:core/slc(vout:rsc:mgc_out_stdreg.d)#1.itm                                                                         0.0000 2.9140  
        markers:core/reg(vout:rsc:mgc_out_stdreg.d)#1     mgc_reg_pos_8_1_0_0_0_1_1                                               0.0000 2.9140  
                                                                                                                                                 
      
    Register Input and Register-to-Output Slack
      Clock period or pin-to-reg delay constraint (clk): 20.0
      Clock uncertainty constraint (clk)               : 0.0
      
      Instance                                      Port                                   Slack (Delay) Messages 
      --------------------------------------------- ------------------------------------ ------- ------- --------
      markers:core/reg(else:aif#2:slc.svs)          mux#4.itm                            17.4496  2.5504          
      markers:core/reg(else:aif#1:slc.svs)          mux#6.itm                            17.4496  2.5504          
      markers:core/reg(vout:rsc:mgc_out_stdreg.d)   slc(vout:rsc:mgc_out_stdreg.d).itm   16.4654  3.5346          
      markers:core/reg(vout:rsc:mgc_out_stdreg.d)#1 slc(vout:rsc:mgc_out_stdreg.d)#1.itm 16.4654  3.5346          
      markers:core/reg(vout:rsc:mgc_out_stdreg.d)#2 slc(vout:rsc:mgc_out_stdreg.d)#2.itm 16.4654  3.5346          
      markers                                       vout:rsc.z                           20.0000  0.0000          
      markers                                       volume:rsc.z                         20.0000  0.0000          
      
  Operator Bitwidth Summary
    Operation  Size (bits) Count 
    ---------- ----------- -----
    add                          
    -                    9     3 
    -                    8     7 
    -                    6     1 
    -                    5     1 
    and                          
    -                    2     4 
    mux                          
    -                    1     7 
    nor                          
    -                    6     1 
    -                    3     2 
    not                          
    -                    8     1 
    -                    7     4 
    -                    5     1 
    or                           
    -                    6     1 
    -                    3     1 
    -                    2     3 
    reg                          
    -                    8     3 
    -                    1     2 
    write_port                   
    -                   30     1 
    -                    8     1 
    
  End of Report
