-- Catapult University Version: Report                                              
-- ---------------------------- ---------------------------------------------------
-- Version:                     2011a.126 Production Release                        
-- Build Date:                  Wed Aug  8 00:52:07 PDT 2012                        
                                                                                    
-- Generated by:                mf2915@EEWS305-026                                  
-- Generated date:              Thu May 05 15:45:37 +0100 2016                      

Solution Settings: markers.v57
  Current state: extract
  Project: Catapult
  
  Design Input Files Specified
    $PROJECT_HOME/../markers_source/shift_class.h
    $PROJECT_HOME/../markers_source/blur.c
      $MGC_HOME/shared/include/ac_fixed.h
        $MGC_HOME/shared/include/ac_int.h
      $PROJECT_HOME/../markers_source/blur.h
      $PROJECT_HOME/../markers_source/shift_class.h
    $PROJECT_HOME/../markers_source/blur.h
      $MGC_HOME/shared/include/ac_int.h
  
  Processes/Blocks in Design
    Process       Real Operation(s) count Latency Throughput Reset Length II Comments 
    ------------- ----------------------- ------- ---------- ------------ -- --------
    /markers/core                     117       4          1            0  1          
    Design Total:                     117       4          1            0  0          
    
  Bill Of Materials (Datapath)
    Component Name                          Area Score Area(LUTs) Delay Post Alloc Post Assign 
    --------------------------------------- ---------- ---------- ----- ---------- -----------
    [Lib: mgc_Altera-Cyclone-III-6_beh_psr]                                                    
    mgc_add(1,0,1,0,2)                           2.319      2.319 0.506          0           1 
    mgc_add(11,0,7,1,11)                        12.000     12.000 1.376          4           4 
    mgc_add(11,1,6,1,12)                        12.000     12.000 1.215          2           2 
    mgc_add(12,0,11,0,12)                       13.228     13.228 1.436          6           6 
    mgc_add(2,0,1,0,2)                           3.315      3.315 0.658          0           1 
    mgc_add(4,0,2,1,4)                           5.000      5.000 0.860          3           3 
    mgc_add(4,0,4,0,5)                           5.293      5.293 0.854          2           2 
    mgc_add(5,0,5,0,6)                           6.285      6.285 0.938          1           0 
    mgc_add(5,0,5,1,6)                           6.000      6.000 0.775          5           5 
    mgc_add(7,0,6,0,7)                           8.271      8.271 1.093          2           2 
    mgc_add(9,0,8,1,9)                          10.000     10.000 1.235          3           2 
    mgc_add(9,1,4,1,10)                         10.000     10.000 1.081          2           2 
    mgc_and(1,2)                                 0.730      0.730 0.263          0           4 
    mgc_and(1,3)                                 1.054      1.054 0.416          0           1 
    mgc_and(10,2)                                7.298      7.298 0.263          4           0 
    mgc_and(10,3)                               10.545     10.545 0.416          0           4 
    mgc_and(4,2)                                 2.919      2.919 0.263          2           0 
    mgc_and(4,3)                                 4.218      4.218 0.416          0           2 
    mgc_mux(1,1,2)                               0.919      0.919 0.369          0           4 
    mgc_mux(10,1,2)                              9.194      9.194 0.369         10          14 
    mgc_mux(30,1,2)                             27.583     27.583 0.369          0           1 
    mgc_mux(4,1,2)                               3.678      3.678 0.369          2           2 
    mgc_nand(1,2)                                0.730      0.730 0.268          0           3 
    mgc_nor(1,10)                                3.327      3.327 0.872          0           4 
    mgc_nor(1,11)                                3.652      3.652 0.908          0           2 
    mgc_nor(1,2)                                 0.730      0.730 0.263          0           5 
    mgc_nor(1,20)                                6.573      6.573 1.135          0           2 
    mgc_nor(1,3)                                 1.054      1.054 0.416          0           1 
    mgc_nor(1,4)                                 1.379      1.379 0.525          0           1 
    mgc_not(1)                                   0.000      0.000 0.000          0           8 
    mgc_not(10)                                  0.000      0.000 0.000          0          10 
    mgc_not(11)                                  0.000      0.000 0.000          0           2 
    mgc_not(4)                                   0.000      0.000 0.000          0           2 
    mgc_not(8)                                   0.000      0.000 0.000          0           2 
    mgc_or(1,4)                                  1.379      1.379 0.536          0           1 
    mgc_reg_pos(1,1,0,0,0,1,1)                   0.000      0.000 0.000          0          13 
    mgc_reg_pos(10,1,0,0,0,1,1)                  0.000      0.000 0.000          0          14 
    mgc_reg_pos(11,1,0,0,0,1,1)                  0.000      0.000 0.000          0           2 
    mgc_reg_pos(30,1,0,0,0,1,1)                  0.000      0.000 0.000          0           1 
    mgc_reg_pos(4,1,0,0,0,1,1)                   0.000      0.000 0.000          0           2 
    [Lib: mgc_ioport]                                                                          
    mgc_out_stdreg(2,30)                         0.000      0.000 0.000          1           1 
    mgc_out_stdreg(4,8)                          0.000      0.000 0.000          1           1 
                                                                                               
    TOTAL AREA (After Assignment):             534.462    534.000                              
    
  Area Scores
                      Post-Scheduling  Post-DP & FSM Post-Assignment 
    ----------------- --------------- -------------- ---------------
    Total Area Score:    414.1          665.4           534.5        
    Total Reg:             0.0            0.0             0.0        
                                                                     
    DataPath:            414.1 (100%)   665.4 (100%)    534.5 (100%) 
      MUX:                99.3  (24%)   303.8  (46%)    167.3  (31%) 
      FUNC:              279.8  (68%)   269.1  (40%)    269.1  (50%) 
      LOGIC:              35.0   (8%)    92.5  (14%)     98.0  (18%) 
      BUFFER:              0.0            0.0             0.0        
      MEM:                 0.0            0.0             0.0        
      ROM:                 0.0            0.0             0.0        
      REG:                 0.0            0.0             0.0        
                                                                     
    
    FSM:                   0.0            0.0             0.0        
      FSM-REG:             0.0            0.0             0.0        
      FSM-COMB:            0.0            0.0             0.0        
                                                                     
    
  Register-to-Variable Mappings
    Register                                Size(bits) Gated Register CG Opt Done Variables                                             
    --------------------------------------- ---------- -------------- ----------- -----------------------------------------------------
    vout:rsc:mgc_out_stdreg.d                       30         Y                  vout:rsc:mgc_out_stdreg.d                             
    deltax_blue:acc.psp.sva#1                       11         Y                  deltax_blue:acc.psp.sva#1                             
    deltax_red:acc.psp.sva#1                        11         Y                  deltax_red:acc.psp.sva#1                              
    blue_xy(0).sva.dfm#3                            10         Y                  blue_xy(0).sva.dfm#3                                  
    blue_xy(0).sva.dfm#4                            10         Y                  blue_xy(0).sva.dfm#4                                  
    blue_xy(1).sva.dfm#3                            10         Y                  blue_xy(1).sva.dfm#3                                  
    blue_xy(1).sva.dfm#4                            10         Y                  blue_xy(1).sva.dfm#4                                  
    blue_xy_previous(0).sva                         10         Y                  blue_xy_previous(0).sva                               
    blue_xy_previous(1).sva                         10         Y                  blue_xy_previous(1).sva                               
    blue_xy_previous(1).sva.dfm#2                   10         Y                  blue_xy_previous(1).sva.dfm#2                         
    red_xy(0).sva.dfm#3                             10         Y                  red_xy(0).sva.dfm#3                                   
    red_xy(0).sva.dfm#4                             10         Y                  red_xy(0).sva.dfm#4                                   
    red_xy(1).sva.dfm#3                             10         Y                  red_xy(1).sva.dfm#3                                   
    red_xy(1).sva.dfm#4                             10         Y                  red_xy(1).sva.dfm#4                                   
    red_xy_previous(0).sva                          10         Y                  red_xy_previous(0).sva                                
    red_xy_previous(1).sva                          10         Y                  red_xy_previous(1).sva                                
    red_xy_previous(1).sva.dfm#2                    10         Y                  red_xy_previous(1).sva.dfm#2                          
    acc#8(0).sva.dfm#2                               4         Y                  acc#8(0).sva.dfm#2                                    
    acc#8(1).sva.dfm#2                               4         Y                  acc#8(1).sva.dfm#2                                    
    aif#29:slc.svs#1                                 1         Y                  aif#29:slc.svs#1                                      
    land#10.lpi#1.dfm#1                              1         Y                  land#10.lpi#1.dfm#1                                   
    land#13.lpi#1.dfm#1                              1         Y                  land#13.lpi#1.dfm#1                                   
    land#15.lpi#1.dfm#1                              1         Y                  land#15.lpi#1.dfm#1                                   
    land#2.lpi#1.dfm#1                               1         Y                  land#2.lpi#1.dfm#1                                    
    land#4.lpi#1.dfm#1                               1         Y                  land#4.lpi#1.dfm#1                                    
    land#7.lpi#1.dfm#1                               1         Y                  land#7.lpi#1.dfm#1                                    
    main.stage_0#2                                   1         Y                  main.stage_0#2                                        
    main.stage_0#3                                   1         Y                  main.stage_0#3                                        
    main.stage_0#4                                   1         Y                  main.stage_0#4                                        
    reg(deltay_square_blue:acc.psp.sva).tmp          1         Y                  reg(deltay_square_blue:acc.psp.sva).tmp               
    reg(deltay_square_red:acc.psp.sva).tmp           1         Y                  reg(deltay_square_red:acc.psp.sva).tmp                
    slc#5.svs#1                                      1         Y                  slc#5.svs#1                                           
                                                                                                                                        
    Total:                                         213            213           0 (Total Gating Ratio: 1.00, CG Opt Gating Ratio: 0.00) 
    
  Timing Report
    Critical Path
      Max Delay:  7.307003999999999
      Slack:      -0.6403369999999988
      
      Path                                               Startpoint                           Endpoint                           Delay  Slack   
      -------------------------------------------------- ------------------------------------ ---------------------------------- ------ -------
      1                                                  markers:core/reg(acc#8(0).sva.dfm#2) markers:core/reg(aif#29:slc.svs#1) 7.3070 -0.6403 
                                                                                                                                                
        Instance                                         Component                                                               Delta  Delay   
        --------                                         ---------                                                               -----  -----   
        markers:core/reg(acc#8(0).sva.dfm#2)             mgc_reg_pos_4_1_0_0_0_1_1                                               0.0000 0.0000  
        markers:core/acc#8(0).sva.dfm#2                                                                                          0.0000 0.0000  
        markers:core/if#2:acc                            mgc_add_4_0_2_1_4                                                       0.8599 0.8599  
        markers:core/if#2:acc.itm                                                                                                0.0000 0.8599  
        markers:core/mux#21                              mgc_mux_4_1_2                                                           0.3690 1.2289  
        markers:core/acc#8(0).sva.dfm#1:mx0                                                                                      0.0000 1.2289  
        markers:core/not#2                               mgc_not_4                                                               0.0000 1.2289  
        markers:core/not#2.itm                                                                                                   0.0000 1.2289  
        markers:core/conc#153                                                                                                    0.0000 1.2289  
        markers:core/conc#153.itm                                                                                                0.0000 1.2289  
        markers:core/acc#2                               mgc_add_5_0_5_1_6                                                       0.7751 2.0040  
        markers:core/acc#2.itm                                                                                                   0.0000 2.0040  
        markers:core/slc#2                                                                                                       0.0000 2.0040  
        markers:core/slc#2.itm                                                                                                   0.0000 2.0040  
        markers:core/nand#4                              mgc_nand_1_2                                                            0.2679 2.2719  
        markers:core/or.dcpl#15                                                                                                  0.0000 2.2719  
        markers:core/mux#9                               mgc_mux_10_1_2                                                          0.3690 2.6408  
        markers:core/red_xy(0).sva.dfm#4:mx0                                                                                     0.0000 2.6408  
        markers:core/slc(red_xy(0).sva.dfm#4:mx0)                                                                                0.0000 2.6408  
        markers:core/slc(red_xy(0).sva.dfm#4:mx0).itm                                                                            0.0000 2.6408  
        markers:core/if#8:nor#1                          mgc_nor_1_10                                                            0.8720 3.5129  
        markers:core/if#8:nor#1.itm                                                                                              0.0000 3.5129  
        markers:core/if#8:nor                            mgc_nor_1_11                                                            0.9081 4.4210  
        markers:core/if#8:nor.tmp                                                                                                0.0000 4.4210  
        markers:core/mux#13                              mgc_mux_10_1_2                                                          0.3690 4.7900  
        markers:core/mux#13.itm                                                                                                  0.0000 4.7900  
        markers:core/deltax_red:not                      mgc_not_10                                                              0.0000 4.7900  
        markers:core/deltax_red:not.itm                                                                                          0.0000 4.7900  
        markers:core/conc#138                                                                                                    0.0000 4.7900  
        markers:core/conc#138.itm                                                                                                0.0000 4.7900  
        markers:core/deltax_red:acc#1                    mgc_add_12_0_11_0_12                                                    1.4360 6.2259  
        markers:core/deltax_red:acc#1.itm                                                                                        0.0000 6.2259  
        markers:core/deltax_red:slc                                                                                              0.0000 6.2259  
        markers:core/deltax_red:acc.psp.sva                                                                                      0.0000 6.2259  
        markers:core/slc(deltax_red:acc.psp.sva)                                                                                 0.0000 6.2259  
        markers:core/slc(deltax_red:acc.psp.sva).itm                                                                             0.0000 6.2259  
        markers:core/if#9:acc                            mgc_add_9_1_4_1_10                                                      1.0811 7.3070  
        markers:core/if#9:acc.itm                                                                                                0.0000 7.3070  
        markers:core/aif#29:slc                                                                                                  0.0000 7.3070  
        markers:core/aif#29:slc.itm                                                                                              0.0000 7.3070  
        markers:core/reg(aif#29:slc.svs#1)               mgc_reg_pos_1_1_0_0_0_1_1                                               0.0000 7.3070  
                                                                                                                                                
      2                                                  markers:core/reg(acc#8(1).sva.dfm#2) markers:core/reg(slc#5.svs#1)      7.3070 -0.6403 
                                                                                                                                                
        Instance                                         Component                                                               Delta  Delay   
        --------                                         ---------                                                               -----  -----   
        markers:core/reg(acc#8(1).sva.dfm#2)             mgc_reg_pos_4_1_0_0_0_1_1                                               0.0000 0.0000  
        markers:core/acc#8(1).sva.dfm#2                                                                                          0.0000 0.0000  
        markers:core/if#3:acc                            mgc_add_4_0_2_1_4                                                       0.8599 0.8599  
        markers:core/if#3:acc.itm                                                                                                0.0000 0.8599  
        markers:core/mux#20                              mgc_mux_4_1_2                                                           0.3690 1.2289  
        markers:core/acc#8(1).sva.dfm#1:mx0                                                                                      0.0000 1.2289  
        markers:core/not#3                               mgc_not_4                                                               0.0000 1.2289  
        markers:core/not#3.itm                                                                                                   0.0000 1.2289  
        markers:core/conc#154                                                                                                    0.0000 1.2289  
        markers:core/conc#154.itm                                                                                                0.0000 1.2289  
        markers:core/acc#3                               mgc_add_5_0_5_1_6                                                       0.7751 2.0040  
        markers:core/acc#3.itm                                                                                                   0.0000 2.0040  
        markers:core/slc#3                                                                                                       0.0000 2.0040  
        markers:core/slc#3.itm                                                                                                   0.0000 2.0040  
        markers:core/nand#5                              mgc_nand_1_2                                                            0.2679 2.2719  
        markers:core/or.dcpl#17                                                                                                  0.0000 2.2719  
        markers:core/mux#16                              mgc_mux_10_1_2                                                          0.3690 2.6408  
        markers:core/blue_xy(0).sva.dfm#4:mx0                                                                                    0.0000 2.6408  
        markers:core/slc(blue_xy(0).sva.dfm#4:mx0)                                                                               0.0000 2.6408  
        markers:core/slc(blue_xy(0).sva.dfm#4:mx0).itm                                                                           0.0000 2.6408  
        markers:core/if#10:nor#1                         mgc_nor_1_10                                                            0.8720 3.5129  
        markers:core/if#10:nor#1.itm                                                                                             0.0000 3.5129  
        markers:core/if#10:nor                           mgc_nor_1_11                                                            0.9081 4.4210  
        markers:core/if#10:nor.tmp                                                                                               0.0000 4.4210  
        markers:core/mux#17                              mgc_mux_10_1_2                                                          0.3690 4.7900  
        markers:core/mux#17.itm                                                                                                  0.0000 4.7900  
        markers:core/deltax_blue:not                     mgc_not_10                                                              0.0000 4.7900  
        markers:core/deltax_blue:not.itm                                                                                         0.0000 4.7900  
        markers:core/conc#140                                                                                                    0.0000 4.7900  
        markers:core/conc#140.itm                                                                                                0.0000 4.7900  
        markers:core/deltax_blue:acc#1                   mgc_add_12_0_11_0_12                                                    1.4360 6.2259  
        markers:core/deltax_blue:acc#1.itm                                                                                       0.0000 6.2259  
        markers:core/deltax_blue:slc                                                                                             0.0000 6.2259  
        markers:core/deltax_blue:acc.psp.sva                                                                                     0.0000 6.2259  
        markers:core/slc(deltax_blue:acc.psp.sva)                                                                                0.0000 6.2259  
        markers:core/slc(deltax_blue:acc.psp.sva).itm                                                                            0.0000 6.2259  
        markers:core/if#11:acc                           mgc_add_9_1_4_1_10                                                      1.0811 7.3070  
        markers:core/if#11:acc.itm                                                                                               0.0000 7.3070  
        markers:core/slc#5                                                                                                       0.0000 7.3070  
        markers:core/slc#5.itm                                                                                                   0.0000 7.3070  
        markers:core/reg(slc#5.svs#1)                    mgc_reg_pos_1_1_0_0_0_1_1                                               0.0000 7.3070  
                                                                                                                                                
      3                                                  markers:core/reg(acc#8(0).sva.dfm#2) markers:core/reg(aif#29:slc.svs#1) 7.3070 -0.6403 
                                                                                                                                                
        Instance                                         Component                                                               Delta  Delay   
        --------                                         ---------                                                               -----  -----   
        markers:core/reg(acc#8(0).sva.dfm#2)             mgc_reg_pos_4_1_0_0_0_1_1                                               0.0000 0.0000  
        markers:core/acc#8(0).sva.dfm#2                                                                                          0.0000 0.0000  
        markers:core/if#2:acc                            mgc_add_4_0_2_1_4                                                       0.8599 0.8599  
        markers:core/if#2:acc.itm                                                                                                0.0000 0.8599  
        markers:core/mux#21                              mgc_mux_4_1_2                                                           0.3690 1.2289  
        markers:core/acc#8(0).sva.dfm#1:mx0                                                                                      0.0000 1.2289  
        markers:core/not#2                               mgc_not_4                                                               0.0000 1.2289  
        markers:core/not#2.itm                                                                                                   0.0000 1.2289  
        markers:core/conc#153                                                                                                    0.0000 1.2289  
        markers:core/conc#153.itm                                                                                                0.0000 1.2289  
        markers:core/acc#2                               mgc_add_5_0_5_1_6                                                       0.7751 2.0040  
        markers:core/acc#2.itm                                                                                                   0.0000 2.0040  
        markers:core/slc#2                                                                                                       0.0000 2.0040  
        markers:core/slc#2.itm                                                                                                   0.0000 2.0040  
        markers:core/nand#4                              mgc_nand_1_2                                                            0.2679 2.2719  
        markers:core/or.dcpl#15                                                                                                  0.0000 2.2719  
        markers:core/mux#9                               mgc_mux_10_1_2                                                          0.3690 2.6408  
        markers:core/red_xy(0).sva.dfm#4:mx0                                                                                     0.0000 2.6408  
        markers:core/slc(red_xy(0).sva.dfm#4:mx0)#1                                                                              0.0000 2.6408  
        markers:core/slc(red_xy(0).sva.dfm#4:mx0)#1.itm                                                                          0.0000 2.6408  
        markers:core/if#8:nor#1                          mgc_nor_1_10                                                            0.8720 3.5129  
        markers:core/if#8:nor#1.itm                                                                                              0.0000 3.5129  
        markers:core/if#8:nor                            mgc_nor_1_11                                                            0.9081 4.4210  
        markers:core/if#8:nor.tmp                                                                                                0.0000 4.4210  
        markers:core/mux#13                              mgc_mux_10_1_2                                                          0.3690 4.7900  
        markers:core/mux#13.itm                                                                                                  0.0000 4.7900  
        markers:core/deltax_red:not                      mgc_not_10                                                              0.0000 4.7900  
        markers:core/deltax_red:not.itm                                                                                          0.0000 4.7900  
        markers:core/conc#138                                                                                                    0.0000 4.7900  
        markers:core/conc#138.itm                                                                                                0.0000 4.7900  
        markers:core/deltax_red:acc#1                    mgc_add_12_0_11_0_12                                                    1.4360 6.2259  
        markers:core/deltax_red:acc#1.itm                                                                                        0.0000 6.2259  
        markers:core/deltax_red:slc                                                                                              0.0000 6.2259  
        markers:core/deltax_red:acc.psp.sva                                                                                      0.0000 6.2259  
        markers:core/slc(deltax_red:acc.psp.sva)                                                                                 0.0000 6.2259  
        markers:core/slc(deltax_red:acc.psp.sva).itm                                                                             0.0000 6.2259  
        markers:core/if#9:acc                            mgc_add_9_1_4_1_10                                                      1.0811 7.3070  
        markers:core/if#9:acc.itm                                                                                                0.0000 7.3070  
        markers:core/aif#29:slc                                                                                                  0.0000 7.3070  
        markers:core/aif#29:slc.itm                                                                                              0.0000 7.3070  
        markers:core/reg(aif#29:slc.svs#1)               mgc_reg_pos_1_1_0_0_0_1_1                                               0.0000 7.3070  
                                                                                                                                                
      4                                                  markers:core/reg(acc#8(1).sva.dfm#2) markers:core/reg(slc#5.svs#1)      7.3070 -0.6403 
                                                                                                                                                
        Instance                                         Component                                                               Delta  Delay   
        --------                                         ---------                                                               -----  -----   
        markers:core/reg(acc#8(1).sva.dfm#2)             mgc_reg_pos_4_1_0_0_0_1_1                                               0.0000 0.0000  
        markers:core/acc#8(1).sva.dfm#2                                                                                          0.0000 0.0000  
        markers:core/if#3:acc                            mgc_add_4_0_2_1_4                                                       0.8599 0.8599  
        markers:core/if#3:acc.itm                                                                                                0.0000 0.8599  
        markers:core/mux#20                              mgc_mux_4_1_2                                                           0.3690 1.2289  
        markers:core/acc#8(1).sva.dfm#1:mx0                                                                                      0.0000 1.2289  
        markers:core/not#3                               mgc_not_4                                                               0.0000 1.2289  
        markers:core/not#3.itm                                                                                                   0.0000 1.2289  
        markers:core/conc#154                                                                                                    0.0000 1.2289  
        markers:core/conc#154.itm                                                                                                0.0000 1.2289  
        markers:core/acc#3                               mgc_add_5_0_5_1_6                                                       0.7751 2.0040  
        markers:core/acc#3.itm                                                                                                   0.0000 2.0040  
        markers:core/slc#3                                                                                                       0.0000 2.0040  
        markers:core/slc#3.itm                                                                                                   0.0000 2.0040  
        markers:core/nand#5                              mgc_nand_1_2                                                            0.2679 2.2719  
        markers:core/or.dcpl#17                                                                                                  0.0000 2.2719  
        markers:core/mux#16                              mgc_mux_10_1_2                                                          0.3690 2.6408  
        markers:core/blue_xy(0).sva.dfm#4:mx0                                                                                    0.0000 2.6408  
        markers:core/slc(blue_xy(0).sva.dfm#4:mx0)#8                                                                             0.0000 2.6408  
        markers:core/slc(blue_xy(0).sva.dfm#4:mx0)#8.itm                                                                         0.0000 2.6408  
        markers:core/if#10:nor#1                         mgc_nor_1_10                                                            0.8720 3.5129  
        markers:core/if#10:nor#1.itm                                                                                             0.0000 3.5129  
        markers:core/if#10:nor                           mgc_nor_1_11                                                            0.9081 4.4210  
        markers:core/if#10:nor.tmp                                                                                               0.0000 4.4210  
        markers:core/mux#17                              mgc_mux_10_1_2                                                          0.3690 4.7900  
        markers:core/mux#17.itm                                                                                                  0.0000 4.7900  
        markers:core/deltax_blue:not                     mgc_not_10                                                              0.0000 4.7900  
        markers:core/deltax_blue:not.itm                                                                                         0.0000 4.7900  
        markers:core/conc#140                                                                                                    0.0000 4.7900  
        markers:core/conc#140.itm                                                                                                0.0000 4.7900  
        markers:core/deltax_blue:acc#1                   mgc_add_12_0_11_0_12                                                    1.4360 6.2259  
        markers:core/deltax_blue:acc#1.itm                                                                                       0.0000 6.2259  
        markers:core/deltax_blue:slc                                                                                             0.0000 6.2259  
        markers:core/deltax_blue:acc.psp.sva                                                                                     0.0000 6.2259  
        markers:core/slc(deltax_blue:acc.psp.sva)                                                                                0.0000 6.2259  
        markers:core/slc(deltax_blue:acc.psp.sva).itm                                                                            0.0000 6.2259  
        markers:core/if#11:acc                           mgc_add_9_1_4_1_10                                                      1.0811 7.3070  
        markers:core/if#11:acc.itm                                                                                               0.0000 7.3070  
        markers:core/slc#5                                                                                                       0.0000 7.3070  
        markers:core/slc#5.itm                                                                                                   0.0000 7.3070  
        markers:core/reg(slc#5.svs#1)                    mgc_reg_pos_1_1_0_0_0_1_1                                               0.0000 7.3070  
                                                                                                                                                
      5                                                  markers:core/reg(acc#8(1).sva.dfm#2) markers:core/reg(slc#5.svs#1)      7.3070 -0.6403 
                                                                                                                                                
        Instance                                         Component                                                               Delta  Delay   
        --------                                         ---------                                                               -----  -----   
        markers:core/reg(acc#8(1).sva.dfm#2)             mgc_reg_pos_4_1_0_0_0_1_1                                               0.0000 0.0000  
        markers:core/acc#8(1).sva.dfm#2                                                                                          0.0000 0.0000  
        markers:core/if#3:acc                            mgc_add_4_0_2_1_4                                                       0.8599 0.8599  
        markers:core/if#3:acc.itm                                                                                                0.0000 0.8599  
        markers:core/mux#20                              mgc_mux_4_1_2                                                           0.3690 1.2289  
        markers:core/acc#8(1).sva.dfm#1:mx0                                                                                      0.0000 1.2289  
        markers:core/not#3                               mgc_not_4                                                               0.0000 1.2289  
        markers:core/not#3.itm                                                                                                   0.0000 1.2289  
        markers:core/conc#154                                                                                                    0.0000 1.2289  
        markers:core/conc#154.itm                                                                                                0.0000 1.2289  
        markers:core/acc#3                               mgc_add_5_0_5_1_6                                                       0.7751 2.0040  
        markers:core/acc#3.itm                                                                                                   0.0000 2.0040  
        markers:core/slc#3                                                                                                       0.0000 2.0040  
        markers:core/slc#3.itm                                                                                                   0.0000 2.0040  
        markers:core/nand#5                              mgc_nand_1_2                                                            0.2679 2.2719  
        markers:core/or.dcpl#17                                                                                                  0.0000 2.2719  
        markers:core/mux#16                              mgc_mux_10_1_2                                                          0.3690 2.6408  
        markers:core/blue_xy(0).sva.dfm#4:mx0                                                                                    0.0000 2.6408  
        markers:core/slc(blue_xy(0).sva.dfm#4:mx0)#4                                                                             0.0000 2.6408  
        markers:core/slc(blue_xy(0).sva.dfm#4:mx0)#4.itm                                                                         0.0000 2.6408  
        markers:core/if#10:nor#1                         mgc_nor_1_10                                                            0.8720 3.5129  
        markers:core/if#10:nor#1.itm                                                                                             0.0000 3.5129  
        markers:core/if#10:nor                           mgc_nor_1_11                                                            0.9081 4.4210  
        markers:core/if#10:nor.tmp                                                                                               0.0000 4.4210  
        markers:core/mux#17                              mgc_mux_10_1_2                                                          0.3690 4.7900  
        markers:core/mux#17.itm                                                                                                  0.0000 4.7900  
        markers:core/deltax_blue:not                     mgc_not_10                                                              0.0000 4.7900  
        markers:core/deltax_blue:not.itm                                                                                         0.0000 4.7900  
        markers:core/conc#140                                                                                                    0.0000 4.7900  
        markers:core/conc#140.itm                                                                                                0.0000 4.7900  
        markers:core/deltax_blue:acc#1                   mgc_add_12_0_11_0_12                                                    1.4360 6.2259  
        markers:core/deltax_blue:acc#1.itm                                                                                       0.0000 6.2259  
        markers:core/deltax_blue:slc                                                                                             0.0000 6.2259  
        markers:core/deltax_blue:acc.psp.sva                                                                                     0.0000 6.2259  
        markers:core/slc(deltax_blue:acc.psp.sva)                                                                                0.0000 6.2259  
        markers:core/slc(deltax_blue:acc.psp.sva).itm                                                                            0.0000 6.2259  
        markers:core/if#11:acc                           mgc_add_9_1_4_1_10                                                      1.0811 7.3070  
        markers:core/if#11:acc.itm                                                                                               0.0000 7.3070  
        markers:core/slc#5                                                                                                       0.0000 7.3070  
        markers:core/slc#5.itm                                                                                                   0.0000 7.3070  
        markers:core/reg(slc#5.svs#1)                    mgc_reg_pos_1_1_0_0_0_1_1                                               0.0000 7.3070  
                                                                                                                                                
      6                                                  markers:core/reg(acc#8(1).sva.dfm#2) markers:core/reg(slc#5.svs#1)      7.3070 -0.6403 
                                                                                                                                                
        Instance                                         Component                                                               Delta  Delay   
        --------                                         ---------                                                               -----  -----   
        markers:core/reg(acc#8(1).sva.dfm#2)             mgc_reg_pos_4_1_0_0_0_1_1                                               0.0000 0.0000  
        markers:core/acc#8(1).sva.dfm#2                                                                                          0.0000 0.0000  
        markers:core/if#3:acc                            mgc_add_4_0_2_1_4                                                       0.8599 0.8599  
        markers:core/if#3:acc.itm                                                                                                0.0000 0.8599  
        markers:core/mux#20                              mgc_mux_4_1_2                                                           0.3690 1.2289  
        markers:core/acc#8(1).sva.dfm#1:mx0                                                                                      0.0000 1.2289  
        markers:core/not#3                               mgc_not_4                                                               0.0000 1.2289  
        markers:core/not#3.itm                                                                                                   0.0000 1.2289  
        markers:core/conc#154                                                                                                    0.0000 1.2289  
        markers:core/conc#154.itm                                                                                                0.0000 1.2289  
        markers:core/acc#3                               mgc_add_5_0_5_1_6                                                       0.7751 2.0040  
        markers:core/acc#3.itm                                                                                                   0.0000 2.0040  
        markers:core/slc#3                                                                                                       0.0000 2.0040  
        markers:core/slc#3.itm                                                                                                   0.0000 2.0040  
        markers:core/nand#5                              mgc_nand_1_2                                                            0.2679 2.2719  
        markers:core/or.dcpl#17                                                                                                  0.0000 2.2719  
        markers:core/mux#16                              mgc_mux_10_1_2                                                          0.3690 2.6408  
        markers:core/blue_xy(0).sva.dfm#4:mx0                                                                                    0.0000 2.6408  
        markers:core/slc(blue_xy(0).sva.dfm#4:mx0)#6                                                                             0.0000 2.6408  
        markers:core/slc(blue_xy(0).sva.dfm#4:mx0)#6.itm                                                                         0.0000 2.6408  
        markers:core/if#10:nor#1                         mgc_nor_1_10                                                            0.8720 3.5129  
        markers:core/if#10:nor#1.itm                                                                                             0.0000 3.5129  
        markers:core/if#10:nor                           mgc_nor_1_11                                                            0.9081 4.4210  
        markers:core/if#10:nor.tmp                                                                                               0.0000 4.4210  
        markers:core/mux#17                              mgc_mux_10_1_2                                                          0.3690 4.7900  
        markers:core/mux#17.itm                                                                                                  0.0000 4.7900  
        markers:core/deltax_blue:not                     mgc_not_10                                                              0.0000 4.7900  
        markers:core/deltax_blue:not.itm                                                                                         0.0000 4.7900  
        markers:core/conc#140                                                                                                    0.0000 4.7900  
        markers:core/conc#140.itm                                                                                                0.0000 4.7900  
        markers:core/deltax_blue:acc#1                   mgc_add_12_0_11_0_12                                                    1.4360 6.2259  
        markers:core/deltax_blue:acc#1.itm                                                                                       0.0000 6.2259  
        markers:core/deltax_blue:slc                                                                                             0.0000 6.2259  
        markers:core/deltax_blue:acc.psp.sva                                                                                     0.0000 6.2259  
        markers:core/slc(deltax_blue:acc.psp.sva)                                                                                0.0000 6.2259  
        markers:core/slc(deltax_blue:acc.psp.sva).itm                                                                            0.0000 6.2259  
        markers:core/if#11:acc                           mgc_add_9_1_4_1_10                                                      1.0811 7.3070  
        markers:core/if#11:acc.itm                                                                                               0.0000 7.3070  
        markers:core/slc#5                                                                                                       0.0000 7.3070  
        markers:core/slc#5.itm                                                                                                   0.0000 7.3070  
        markers:core/reg(slc#5.svs#1)                    mgc_reg_pos_1_1_0_0_0_1_1                                               0.0000 7.3070  
                                                                                                                                                
      7                                                  markers:core/reg(acc#8(1).sva.dfm#2) markers:core/reg(slc#5.svs#1)      7.3070 -0.6403 
                                                                                                                                                
        Instance                                         Component                                                               Delta  Delay   
        --------                                         ---------                                                               -----  -----   
        markers:core/reg(acc#8(1).sva.dfm#2)             mgc_reg_pos_4_1_0_0_0_1_1                                               0.0000 0.0000  
        markers:core/acc#8(1).sva.dfm#2                                                                                          0.0000 0.0000  
        markers:core/if#3:acc                            mgc_add_4_0_2_1_4                                                       0.8599 0.8599  
        markers:core/if#3:acc.itm                                                                                                0.0000 0.8599  
        markers:core/mux#20                              mgc_mux_4_1_2                                                           0.3690 1.2289  
        markers:core/acc#8(1).sva.dfm#1:mx0                                                                                      0.0000 1.2289  
        markers:core/not#3                               mgc_not_4                                                               0.0000 1.2289  
        markers:core/not#3.itm                                                                                                   0.0000 1.2289  
        markers:core/conc#154                                                                                                    0.0000 1.2289  
        markers:core/conc#154.itm                                                                                                0.0000 1.2289  
        markers:core/acc#3                               mgc_add_5_0_5_1_6                                                       0.7751 2.0040  
        markers:core/acc#3.itm                                                                                                   0.0000 2.0040  
        markers:core/slc#3                                                                                                       0.0000 2.0040  
        markers:core/slc#3.itm                                                                                                   0.0000 2.0040  
        markers:core/nand#5                              mgc_nand_1_2                                                            0.2679 2.2719  
        markers:core/or.dcpl#17                                                                                                  0.0000 2.2719  
        markers:core/mux#16                              mgc_mux_10_1_2                                                          0.3690 2.6408  
        markers:core/blue_xy(0).sva.dfm#4:mx0                                                                                    0.0000 2.6408  
        markers:core/slc(blue_xy(0).sva.dfm#4:mx0)#7                                                                             0.0000 2.6408  
        markers:core/slc(blue_xy(0).sva.dfm#4:mx0)#7.itm                                                                         0.0000 2.6408  
        markers:core/if#10:nor#1                         mgc_nor_1_10                                                            0.8720 3.5129  
        markers:core/if#10:nor#1.itm                                                                                             0.0000 3.5129  
        markers:core/if#10:nor                           mgc_nor_1_11                                                            0.9081 4.4210  
        markers:core/if#10:nor.tmp                                                                                               0.0000 4.4210  
        markers:core/mux#17                              mgc_mux_10_1_2                                                          0.3690 4.7900  
        markers:core/mux#17.itm                                                                                                  0.0000 4.7900  
        markers:core/deltax_blue:not                     mgc_not_10                                                              0.0000 4.7900  
        markers:core/deltax_blue:not.itm                                                                                         0.0000 4.7900  
        markers:core/conc#140                                                                                                    0.0000 4.7900  
        markers:core/conc#140.itm                                                                                                0.0000 4.7900  
        markers:core/deltax_blue:acc#1                   mgc_add_12_0_11_0_12                                                    1.4360 6.2259  
        markers:core/deltax_blue:acc#1.itm                                                                                       0.0000 6.2259  
        markers:core/deltax_blue:slc                                                                                             0.0000 6.2259  
        markers:core/deltax_blue:acc.psp.sva                                                                                     0.0000 6.2259  
        markers:core/slc(deltax_blue:acc.psp.sva)                                                                                0.0000 6.2259  
        markers:core/slc(deltax_blue:acc.psp.sva).itm                                                                            0.0000 6.2259  
        markers:core/if#11:acc                           mgc_add_9_1_4_1_10                                                      1.0811 7.3070  
        markers:core/if#11:acc.itm                                                                                               0.0000 7.3070  
        markers:core/slc#5                                                                                                       0.0000 7.3070  
        markers:core/slc#5.itm                                                                                                   0.0000 7.3070  
        markers:core/reg(slc#5.svs#1)                    mgc_reg_pos_1_1_0_0_0_1_1                                               0.0000 7.3070  
                                                                                                                                                
      8                                                  markers:core/reg(acc#8(1).sva.dfm#2) markers:core/reg(slc#5.svs#1)      7.3070 -0.6403 
                                                                                                                                                
        Instance                                         Component                                                               Delta  Delay   
        --------                                         ---------                                                               -----  -----   
        markers:core/reg(acc#8(1).sva.dfm#2)             mgc_reg_pos_4_1_0_0_0_1_1                                               0.0000 0.0000  
        markers:core/acc#8(1).sva.dfm#2                                                                                          0.0000 0.0000  
        markers:core/if#3:acc                            mgc_add_4_0_2_1_4                                                       0.8599 0.8599  
        markers:core/if#3:acc.itm                                                                                                0.0000 0.8599  
        markers:core/mux#20                              mgc_mux_4_1_2                                                           0.3690 1.2289  
        markers:core/acc#8(1).sva.dfm#1:mx0                                                                                      0.0000 1.2289  
        markers:core/not#3                               mgc_not_4                                                               0.0000 1.2289  
        markers:core/not#3.itm                                                                                                   0.0000 1.2289  
        markers:core/conc#154                                                                                                    0.0000 1.2289  
        markers:core/conc#154.itm                                                                                                0.0000 1.2289  
        markers:core/acc#3                               mgc_add_5_0_5_1_6                                                       0.7751 2.0040  
        markers:core/acc#3.itm                                                                                                   0.0000 2.0040  
        markers:core/slc#3                                                                                                       0.0000 2.0040  
        markers:core/slc#3.itm                                                                                                   0.0000 2.0040  
        markers:core/nand#5                              mgc_nand_1_2                                                            0.2679 2.2719  
        markers:core/or.dcpl#17                                                                                                  0.0000 2.2719  
        markers:core/mux#16                              mgc_mux_10_1_2                                                          0.3690 2.6408  
        markers:core/blue_xy(0).sva.dfm#4:mx0                                                                                    0.0000 2.6408  
        markers:core/slc(blue_xy(0).sva.dfm#4:mx0)#3                                                                             0.0000 2.6408  
        markers:core/slc(blue_xy(0).sva.dfm#4:mx0)#3.itm                                                                         0.0000 2.6408  
        markers:core/if#10:nor#1                         mgc_nor_1_10                                                            0.8720 3.5129  
        markers:core/if#10:nor#1.itm                                                                                             0.0000 3.5129  
        markers:core/if#10:nor                           mgc_nor_1_11                                                            0.9081 4.4210  
        markers:core/if#10:nor.tmp                                                                                               0.0000 4.4210  
        markers:core/mux#17                              mgc_mux_10_1_2                                                          0.3690 4.7900  
        markers:core/mux#17.itm                                                                                                  0.0000 4.7900  
        markers:core/deltax_blue:not                     mgc_not_10                                                              0.0000 4.7900  
        markers:core/deltax_blue:not.itm                                                                                         0.0000 4.7900  
        markers:core/conc#140                                                                                                    0.0000 4.7900  
        markers:core/conc#140.itm                                                                                                0.0000 4.7900  
        markers:core/deltax_blue:acc#1                   mgc_add_12_0_11_0_12                                                    1.4360 6.2259  
        markers:core/deltax_blue:acc#1.itm                                                                                       0.0000 6.2259  
        markers:core/deltax_blue:slc                                                                                             0.0000 6.2259  
        markers:core/deltax_blue:acc.psp.sva                                                                                     0.0000 6.2259  
        markers:core/slc(deltax_blue:acc.psp.sva)                                                                                0.0000 6.2259  
        markers:core/slc(deltax_blue:acc.psp.sva).itm                                                                            0.0000 6.2259  
        markers:core/if#11:acc                           mgc_add_9_1_4_1_10                                                      1.0811 7.3070  
        markers:core/if#11:acc.itm                                                                                               0.0000 7.3070  
        markers:core/slc#5                                                                                                       0.0000 7.3070  
        markers:core/slc#5.itm                                                                                                   0.0000 7.3070  
        markers:core/reg(slc#5.svs#1)                    mgc_reg_pos_1_1_0_0_0_1_1                                               0.0000 7.3070  
                                                                                                                                                
      9                                                  markers:core/reg(acc#8(1).sva.dfm#2) markers:core/reg(slc#5.svs#1)      7.3070 -0.6403 
                                                                                                                                                
        Instance                                         Component                                                               Delta  Delay   
        --------                                         ---------                                                               -----  -----   
        markers:core/reg(acc#8(1).sva.dfm#2)             mgc_reg_pos_4_1_0_0_0_1_1                                               0.0000 0.0000  
        markers:core/acc#8(1).sva.dfm#2                                                                                          0.0000 0.0000  
        markers:core/if#3:acc                            mgc_add_4_0_2_1_4                                                       0.8599 0.8599  
        markers:core/if#3:acc.itm                                                                                                0.0000 0.8599  
        markers:core/mux#20                              mgc_mux_4_1_2                                                           0.3690 1.2289  
        markers:core/acc#8(1).sva.dfm#1:mx0                                                                                      0.0000 1.2289  
        markers:core/not#3                               mgc_not_4                                                               0.0000 1.2289  
        markers:core/not#3.itm                                                                                                   0.0000 1.2289  
        markers:core/conc#154                                                                                                    0.0000 1.2289  
        markers:core/conc#154.itm                                                                                                0.0000 1.2289  
        markers:core/acc#3                               mgc_add_5_0_5_1_6                                                       0.7751 2.0040  
        markers:core/acc#3.itm                                                                                                   0.0000 2.0040  
        markers:core/slc#3                                                                                                       0.0000 2.0040  
        markers:core/slc#3.itm                                                                                                   0.0000 2.0040  
        markers:core/nand#5                              mgc_nand_1_2                                                            0.2679 2.2719  
        markers:core/or.dcpl#17                                                                                                  0.0000 2.2719  
        markers:core/mux#16                              mgc_mux_10_1_2                                                          0.3690 2.6408  
        markers:core/blue_xy(0).sva.dfm#4:mx0                                                                                    0.0000 2.6408  
        markers:core/slc(blue_xy(0).sva.dfm#4:mx0)#1                                                                             0.0000 2.6408  
        markers:core/slc(blue_xy(0).sva.dfm#4:mx0)#1.itm                                                                         0.0000 2.6408  
        markers:core/if#10:nor#1                         mgc_nor_1_10                                                            0.8720 3.5129  
        markers:core/if#10:nor#1.itm                                                                                             0.0000 3.5129  
        markers:core/if#10:nor                           mgc_nor_1_11                                                            0.9081 4.4210  
        markers:core/if#10:nor.tmp                                                                                               0.0000 4.4210  
        markers:core/mux#17                              mgc_mux_10_1_2                                                          0.3690 4.7900  
        markers:core/mux#17.itm                                                                                                  0.0000 4.7900  
        markers:core/deltax_blue:not                     mgc_not_10                                                              0.0000 4.7900  
        markers:core/deltax_blue:not.itm                                                                                         0.0000 4.7900  
        markers:core/conc#140                                                                                                    0.0000 4.7900  
        markers:core/conc#140.itm                                                                                                0.0000 4.7900  
        markers:core/deltax_blue:acc#1                   mgc_add_12_0_11_0_12                                                    1.4360 6.2259  
        markers:core/deltax_blue:acc#1.itm                                                                                       0.0000 6.2259  
        markers:core/deltax_blue:slc                                                                                             0.0000 6.2259  
        markers:core/deltax_blue:acc.psp.sva                                                                                     0.0000 6.2259  
        markers:core/slc(deltax_blue:acc.psp.sva)                                                                                0.0000 6.2259  
        markers:core/slc(deltax_blue:acc.psp.sva).itm                                                                            0.0000 6.2259  
        markers:core/if#11:acc                           mgc_add_9_1_4_1_10                                                      1.0811 7.3070  
        markers:core/if#11:acc.itm                                                                                               0.0000 7.3070  
        markers:core/slc#5                                                                                                       0.0000 7.3070  
        markers:core/slc#5.itm                                                                                                   0.0000 7.3070  
        markers:core/reg(slc#5.svs#1)                    mgc_reg_pos_1_1_0_0_0_1_1                                               0.0000 7.3070  
                                                                                                                                                
      10                                                 markers:core/reg(acc#8(0).sva.dfm#2) markers:core/reg(aif#29:slc.svs#1) 7.3070 -0.6403 
                                                                                                                                                
        Instance                                         Component                                                               Delta  Delay   
        --------                                         ---------                                                               -----  -----   
        markers:core/reg(acc#8(0).sva.dfm#2)             mgc_reg_pos_4_1_0_0_0_1_1                                               0.0000 0.0000  
        markers:core/acc#8(0).sva.dfm#2                                                                                          0.0000 0.0000  
        markers:core/if#2:acc                            mgc_add_4_0_2_1_4                                                       0.8599 0.8599  
        markers:core/if#2:acc.itm                                                                                                0.0000 0.8599  
        markers:core/mux#21                              mgc_mux_4_1_2                                                           0.3690 1.2289  
        markers:core/acc#8(0).sva.dfm#1:mx0                                                                                      0.0000 1.2289  
        markers:core/not#2                               mgc_not_4                                                               0.0000 1.2289  
        markers:core/not#2.itm                                                                                                   0.0000 1.2289  
        markers:core/conc#153                                                                                                    0.0000 1.2289  
        markers:core/conc#153.itm                                                                                                0.0000 1.2289  
        markers:core/acc#2                               mgc_add_5_0_5_1_6                                                       0.7751 2.0040  
        markers:core/acc#2.itm                                                                                                   0.0000 2.0040  
        markers:core/slc#2                                                                                                       0.0000 2.0040  
        markers:core/slc#2.itm                                                                                                   0.0000 2.0040  
        markers:core/nand#4                              mgc_nand_1_2                                                            0.2679 2.2719  
        markers:core/or.dcpl#15                                                                                                  0.0000 2.2719  
        markers:core/mux#9                               mgc_mux_10_1_2                                                          0.3690 2.6408  
        markers:core/red_xy(0).sva.dfm#4:mx0                                                                                     0.0000 2.6408  
        markers:core/slc(red_xy(0).sva.dfm#4:mx0)#2                                                                              0.0000 2.6408  
        markers:core/slc(red_xy(0).sva.dfm#4:mx0)#2.itm                                                                          0.0000 2.6408  
        markers:core/if#8:nor#1                          mgc_nor_1_10                                                            0.8720 3.5129  
        markers:core/if#8:nor#1.itm                                                                                              0.0000 3.5129  
        markers:core/if#8:nor                            mgc_nor_1_11                                                            0.9081 4.4210  
        markers:core/if#8:nor.tmp                                                                                                0.0000 4.4210  
        markers:core/mux#13                              mgc_mux_10_1_2                                                          0.3690 4.7900  
        markers:core/mux#13.itm                                                                                                  0.0000 4.7900  
        markers:core/deltax_red:not                      mgc_not_10                                                              0.0000 4.7900  
        markers:core/deltax_red:not.itm                                                                                          0.0000 4.7900  
        markers:core/conc#138                                                                                                    0.0000 4.7900  
        markers:core/conc#138.itm                                                                                                0.0000 4.7900  
        markers:core/deltax_red:acc#1                    mgc_add_12_0_11_0_12                                                    1.4360 6.2259  
        markers:core/deltax_red:acc#1.itm                                                                                        0.0000 6.2259  
        markers:core/deltax_red:slc                                                                                              0.0000 6.2259  
        markers:core/deltax_red:acc.psp.sva                                                                                      0.0000 6.2259  
        markers:core/slc(deltax_red:acc.psp.sva)                                                                                 0.0000 6.2259  
        markers:core/slc(deltax_red:acc.psp.sva).itm                                                                             0.0000 6.2259  
        markers:core/if#9:acc                            mgc_add_9_1_4_1_10                                                      1.0811 7.3070  
        markers:core/if#9:acc.itm                                                                                                0.0000 7.3070  
        markers:core/aif#29:slc                                                                                                  0.0000 7.3070  
        markers:core/aif#29:slc.itm                                                                                              0.0000 7.3070  
        markers:core/reg(aif#29:slc.svs#1)               mgc_reg_pos_1_1_0_0_0_1_1                                               0.0000 7.3070  
                                                                                                                                                
      
    Register Input and Register-to-Output Slack
      Clock period or pin-to-reg delay constraint (clk): 6.666667
      Clock uncertainty constraint (clk)               : 0.0
      
      Instance                                         Port                          Slack (Delay) Messages                
      ------------------------------------------------ --------------------------- ------- ------- -----------------------
      markers:core/reg(vout:rsc:mgc_out_stdreg.d)      mux.itm                      2.5450  4.1216                         
      markers:core/reg(red_xy_previous(1).sva.dfm#2)   mux#3.itm                    4.5575  2.1092                         
      markers:core/reg(blue_xy_previous(1).sva.dfm#2)  mux#6.itm                    4.5575  2.1092                         
      markers:core/reg(land#13.lpi#1.dfm#1)            if#12:nor.itm                1.4834  5.1833                         
      markers:core/reg(land#15.lpi#1.dfm#1)            if#13:nor.itm                1.4834  5.1833                         
      markers:core/reg(red_xy_previous(0).sva)         red_xy_previous(0).sva:mx0   0.5008  6.1659                         
      markers:core/reg(red_xy(0).sva.dfm#4)            red_xy(0).sva.dfm#4:mx0     -0.6403  7.3070 (clock period exceeded) 
      markers:core/reg(deltax_red:acc.psp.sva#1)       deltax_red:acc.psp.sva      -0.6403  7.3070 (clock period exceeded) 
      markers:core/reg(blue_xy_previous(0).sva)        blue_xy_previous(0).sva:mx0  0.5008  6.1659                         
      markers:core/reg(blue_xy(0).sva.dfm#4)           blue_xy(0).sva.dfm#4:mx0    -0.6403  7.3070 (clock period exceeded) 
      markers:core/reg(deltax_blue:acc.psp.sva#1)      deltax_blue:acc.psp.sva     -0.6403  7.3070 (clock period exceeded) 
      markers:core/reg(land#10.lpi#1.dfm#1)            if#10:nor.tmp               -0.6403  7.3070 (clock period exceeded) 
      markers:core/reg(slc#5.svs#1)                    slc#5.itm                   -0.6403  7.3070 (clock period exceeded) 
      markers:core/reg(land#7.lpi#1.dfm#1)             if#8:nor.tmp                -0.6403  7.3070 (clock period exceeded) 
      markers:core/reg(aif#29:slc.svs#1)               aif#29:slc.itm              -0.6403  7.3070 (clock period exceeded) 
      markers:core/reg(acc#8(0).sva.dfm#2)             and.itm                      0.8225  5.8442                         
      markers:core/reg(acc#8(1).sva.dfm#2)             and#1.itm                    0.8225  5.8442                         
      markers:core/reg(red_xy(1).sva.dfm#3)            and#3.itm                    3.6098  3.0569                         
      markers:core/reg(red_xy(0).sva.dfm#3)            and#2.itm                    3.6098  3.0569                         
      markers:core/reg(blue_xy(1).sva.dfm#3)           and#5.itm                    3.6098  3.0569                         
      markers:core/reg(blue_xy(0).sva.dfm#3)           and#4.itm                    3.6098  3.0569                         
      markers:core/reg(land#4.lpi#1.dfm#1)             if#3:nor.itm                 5.0157  1.6510                         
      markers:core/reg(land#2.lpi#1.dfm#1)             if#2:nor.itm                 5.1692  1.4974                         
      markers:core/reg(main.stage_0#2)                 C1023_10#2                   6.6667  0.0000                         
      markers:core/reg(main.stage_0#3)                 main.stage_0#2               6.2506  0.4161                         
      markers:core/reg(main.stage_0#4)                 main.stage_0#3               2.2410  4.4256                         
      markers:core/reg(red_xy_previous(1).sva)         mux#22.itm                   4.2950  2.3717                         
      markers:core/reg(red_xy(1).sva.dfm#4)            red_xy(1).sva.dfm#4:mx0      3.6098  3.0569                         
      markers:core/reg(blue_xy_previous(1).sva)        mux#24.itm                   4.2950  2.3717                         
      markers:core/reg(blue_xy(1).sva.dfm#4)           blue_xy(1).sva.dfm#4:mx0     3.6098  3.0569                         
      markers:core/reg(deltay_square_red:acc.psp.sva)  mux#2.itm                    4.4928  2.1739                         
      markers:core/reg(deltay_square_blue:acc.psp.sva) mux#5.itm                    4.4928  2.1739                         
      markers                                          vout:rsc.z                   6.6667  0.0000                         
      markers                                          volume:rsc.z                 6.6667  0.0000                         
      
  Operator Bitwidth Summary
    Operation  Size (bits) Count 
    ---------- ----------- -----
    add                          
    -                   12     8 
    -                   11     4 
    -                   10     2 
    -                    9     2 
    -                    7     2 
    -                    6     5 
    -                    5     2 
    -                    4     3 
    -                    2     2 
    and                          
    -                    3     7 
    -                    2     4 
    mux                          
    -                    1    21 
    nand                         
    -                    2     3 
    nor                          
    -                   20     2 
    -                   11     2 
    -                   10     4 
    -                    4     1 
    -                    3     1 
    -                    2     5 
    not                          
    -                   11     2 
    -                   10    10 
    -                    8     2 
    -                    4     2 
    -                    1     8 
    or                           
    -                    4     1 
    reg                          
    -                   30     1 
    -                   11     2 
    -                   10    14 
    -                    4     2 
    -                    1    13 
    write_port                   
    -                   30     1 
    -                    8     1 
    
  End of Report
