-- Catapult University Version: Report                                              
-- ---------------------------- ---------------------------------------------------
-- Version:                     2011a.126 Production Release                        
-- Build Date:                  Wed Aug  8 00:52:07 PDT 2012                        
                                                                                    
-- Generated by:                al3515@EEWS104A-002                                 
-- Generated date:              Tue Mar 08 15:03:53 +0000 2016                      

Solution Settings: multiplication.v2
  Current state: extract
  Project: Catapult
  
  Design Input Files Specified
    $PROJECT_HOME/../multiplication_source/multiplication.cpp
      $PROJECT_HOME/../multiplication_source/multiplication.h
        $MGC_HOME/shared/include/ac_int.h
    $PROJECT_HOME/../multiplication_source/tb_multiplication.cpp
      $PROJECT_HOME/../multiplication_source/multiplication.h
        $MGC_HOME/shared/include/ac_int.h
      $MGC_HOME/shared/include/mc_scverify.h
    $PROJECT_HOME/../multiplication_source/multiplication.h
      $MGC_HOME/shared/include/ac_int.h
  
  Processes/Blocks in Design
    Process              Real Operation(s) count Latency Throughput Reset Length II Comments 
    -------------------- ----------------------- ------- ---------- ------------ -- --------
    /multiplication/core                      35       5          5            0  1          
    Design Total:                             35       5          5            0  1          
    
  Bill Of Materials (Datapath)
    Component Name                          Area Score Area(DSP_block_9-bit_elems) Area(LUTs) Delay Post Alloc Post Assign 
    --------------------------------------- ---------- --------------------------- ---------- ----- ---------- -----------
    [Lib: mgc_Altera-Cyclone-III-6_beh_psr]                                                                                
    mgc_add(3,0,2,0,3)                           4.306                       0.000      4.306 0.764          0           1 
    mgc_add(3,0,2,1,3)                           4.000                       0.000      4.000 0.764          1           1 
    mgc_add(4,0,3,0,4)                           5.297                       0.000      5.297 0.856          1           0 
    mgc_and(1,2)                                 0.730                       0.000      0.730 0.263          0           3 
    mgc_and(3,2)                                 2.189                       0.000      2.189 0.263          1           1 
    mgc_mul(8,0,8,0,8)                         330.250                       2.000     10.250 2.659          1           1 
    mgc_mux(8,1,2)                               7.355                       0.000      7.355 0.369          5           5 
    mgc_mux(8,3,8)                              38.710                       0.000     38.710 1.504          2           2 
    mgc_not(1)                                   0.000                       0.000      0.000 0.000          0          10 
    mgc_or(1,2)                                  0.730                       0.000      0.730 0.268          0           3 
    mgc_or(1,3)                                  1.054                       0.000      1.054 0.425          0           2 
    mgc_or(1,4)                                  1.379                       0.000      1.379 0.536          0           2 
    mgc_reg_pos(1,1,0,0,0,1,1)                   0.000                       0.000      0.000 0.000          0           1 
    mgc_reg_pos(3,1,0,0,0,1,1)                   0.000                       0.000      0.000 0.000          0           1 
    mgc_reg_pos(8,1,0,0,0,1,1)                   0.000                       0.000      0.000 0.000          0           5 
    [Lib: mgc_ioport]                                                                                                      
    mgc_in_wire(1,40)                            0.000                       0.000      0.000 0.000          1           1 
    mgc_in_wire(2,40)                            0.000                       0.000      0.000 0.000          1           1 
    mgc_out_stdreg(3,40)                         0.000                       0.000      0.000 0.000          1           1 
                                                                                                                           
    TOTAL AREA (After Assignment):             464.189                       2.000    144.000                              
    
  Area Scores
                      Post-Scheduling  Post-DP & FSM Post-Assignment 
    ----------------- --------------- -------------- ---------------
    Total Area Score:    455.9          473.5           464.2        
    Total Reg:             0.0            0.0             0.0        
                                                                     
    DataPath:            455.9 (100%)   473.5 (100%)    464.2 (100%) 
      MUX:               114.2  (25%)   121.5  (26%)    114.2  (25%) 
      FUNC:              339.5  (74%)   339.5  (72%)    338.6  (73%) 
      LOGIC:               2.2   (0%)    12.5   (3%)     11.4   (2%) 
      BUFFER:              0.0            0.0             0.0        
      MEM:                 0.0            0.0             0.0        
      ROM:                 0.0            0.0             0.0        
      REG:                 0.0            0.0             0.0        
                                                                     
    
    FSM:                   0.0            0.0             0.0        
      FSM-REG:             0.0            0.0             0.0        
      FSM-COMB:            0.0            0.0             0.0        
                                                                     
    
  Register-to-Variable Mappings
    Register                              Size(bits) Gated Register CG Opt Done Variables                                             
    ------------------------------------- ---------- -------------- ----------- -----------------------------------------------------
    io_read(output:rsc.d).sdt#1.lpi.dfm            8         Y                  io_read(output:rsc.d).sdt#1.lpi.dfm                   
    io_read(output:rsc.d).sdt.sg1.lpi.dfm          8         Y                  io_read(output:rsc.d).sdt.sg1.lpi.dfm                 
    io_read(output:rsc.d).sdt.sg2.lpi.dfm          8         Y                  io_read(output:rsc.d).sdt.sg2.lpi.dfm                 
    io_read(output:rsc.d).sdt.sg3.lpi.dfm          8         Y                  io_read(output:rsc.d).sdt.sg3.lpi.dfm                 
    io_read(output:rsc.d).sdt.sg4.lpi.dfm          8         Y                  io_read(output:rsc.d).sdt.sg4.lpi.dfm                 
    i#1.sva#1                                      3         Y                  i#1.sva#1                                             
    exit:MAC.lpi                                   1         Y                  exit:MAC.lpi                                          
                                                                                                                                      
    Total:                                        44             44           0 (Total Gating Ratio: 1.00, CG Opt Gating Ratio: 0.00) 
    
  Timing Report
    Critical Path
      Max Delay:  4.794619
      Slack:      15.205381
      
      Path                                                             Startpoint                                    Endpoint                                                       Delay  Slack   
      ---------------------------------------------------------------- --------------------------------------------- -------------------------------------------------------------- ------ -------
      1                                                                multiplication:core/reg(i#1.sva#1)            multiplication:core/reg(io_read(output:rsc.d).sdt.sg4.lpi.dfm) 4.7946 15.2054 
                                                                                                                                                                                                   
        Instance                                                       Component                                                                                                    Delta  Delay   
        --------                                                       ---------                                                                                                    -----  -----   
        multiplication:core/reg(i#1.sva#1)                             mgc_reg_pos_3_1_0_0_0_1_1                                                                                    0.0000 0.0000  
        multiplication:core/i#1.sva#1                                                                                                                                               0.0000 0.0000  
        multiplication:core/MAC:and#8                                  mgc_and_3_2                                                                                                  0.2625 0.2625  
        multiplication:core/i#1.lpi.dfm                                                                                                                                             0.0000 0.2625  
        multiplication:core/MAC:mux                                    mgc_mux_8_3_8                                                                                                1.5039 1.7664  
        multiplication:core/MAC:mux.itm                                                                                                                                             0.0000 1.7664  
        multiplication:core/MAC:mul                                    mgc_mul_8_0_8_0_8                                                                                            2.6592 4.4256  
        multiplication:core/MAC:mul.cmx.sva                                                                                                                                         0.0000 4.4256  
        multiplication:core/mux                                        mgc_mux_8_1_2                                                                                                0.3690 4.7946  
        multiplication:core/mux.itm                                                                                                                                                 0.0000 4.7946  
        multiplication:core/reg(io_read(output:rsc.d).sdt.sg4.lpi.dfm) mgc_reg_pos_8_1_0_0_0_1_1                                                                                    0.0000 4.7946  
                                                                                                                                                                                                   
      2                                                                multiplication:core/reg(i#1.sva#1)            multiplication:core/reg(io_read(output:rsc.d).sdt.sg2.lpi.dfm) 4.7946 15.2054 
                                                                                                                                                                                                   
        Instance                                                       Component                                                                                                    Delta  Delay   
        --------                                                       ---------                                                                                                    -----  -----   
        multiplication:core/reg(i#1.sva#1)                             mgc_reg_pos_3_1_0_0_0_1_1                                                                                    0.0000 0.0000  
        multiplication:core/i#1.sva#1                                                                                                                                               0.0000 0.0000  
        multiplication:core/MAC:and#8                                  mgc_and_3_2                                                                                                  0.2625 0.2625  
        multiplication:core/i#1.lpi.dfm                                                                                                                                             0.0000 0.2625  
        multiplication:core/MAC:mux                                    mgc_mux_8_3_8                                                                                                1.5039 1.7664  
        multiplication:core/MAC:mux.itm                                                                                                                                             0.0000 1.7664  
        multiplication:core/MAC:mul                                    mgc_mul_8_0_8_0_8                                                                                            2.6592 4.4256  
        multiplication:core/MAC:mul.cmx.sva                                                                                                                                         0.0000 4.4256  
        multiplication:core/mux#2                                      mgc_mux_8_1_2                                                                                                0.3690 4.7946  
        multiplication:core/mux#2.itm                                                                                                                                               0.0000 4.7946  
        multiplication:core/reg(io_read(output:rsc.d).sdt.sg2.lpi.dfm) mgc_reg_pos_8_1_0_0_0_1_1                                                                                    0.0000 4.7946  
                                                                                                                                                                                                   
      3                                                                multiplication:core/reg(i#1.sva#1)            multiplication:core/reg(io_read(output:rsc.d).sdt.sg1.lpi.dfm) 4.7946 15.2054 
                                                                                                                                                                                                   
        Instance                                                       Component                                                                                                    Delta  Delay   
        --------                                                       ---------                                                                                                    -----  -----   
        multiplication:core/reg(i#1.sva#1)                             mgc_reg_pos_3_1_0_0_0_1_1                                                                                    0.0000 0.0000  
        multiplication:core/i#1.sva#1                                                                                                                                               0.0000 0.0000  
        multiplication:core/MAC:and#8                                  mgc_and_3_2                                                                                                  0.2625 0.2625  
        multiplication:core/i#1.lpi.dfm                                                                                                                                             0.0000 0.2625  
        multiplication:core/MAC:mux                                    mgc_mux_8_3_8                                                                                                1.5039 1.7664  
        multiplication:core/MAC:mux.itm                                                                                                                                             0.0000 1.7664  
        multiplication:core/MAC:mul                                    mgc_mul_8_0_8_0_8                                                                                            2.6592 4.4256  
        multiplication:core/MAC:mul.cmx.sva                                                                                                                                         0.0000 4.4256  
        multiplication:core/mux#3                                      mgc_mux_8_1_2                                                                                                0.3690 4.7946  
        multiplication:core/mux#3.itm                                                                                                                                               0.0000 4.7946  
        multiplication:core/reg(io_read(output:rsc.d).sdt.sg1.lpi.dfm) mgc_reg_pos_8_1_0_0_0_1_1                                                                                    0.0000 4.7946  
                                                                                                                                                                                                   
      4                                                                multiplication:core/reg(i#1.sva#1)            multiplication:core/reg(io_read(output:rsc.d).sdt#1.lpi.dfm)   4.7946 15.2054 
                                                                                                                                                                                                   
        Instance                                                       Component                                                                                                    Delta  Delay   
        --------                                                       ---------                                                                                                    -----  -----   
        multiplication:core/reg(i#1.sva#1)                             mgc_reg_pos_3_1_0_0_0_1_1                                                                                    0.0000 0.0000  
        multiplication:core/i#1.sva#1                                                                                                                                               0.0000 0.0000  
        multiplication:core/MAC:and#8                                  mgc_and_3_2                                                                                                  0.2625 0.2625  
        multiplication:core/i#1.lpi.dfm                                                                                                                                             0.0000 0.2625  
        multiplication:core/MAC:mux                                    mgc_mux_8_3_8                                                                                                1.5039 1.7664  
        multiplication:core/MAC:mux.itm                                                                                                                                             0.0000 1.7664  
        multiplication:core/MAC:mul                                    mgc_mul_8_0_8_0_8                                                                                            2.6592 4.4256  
        multiplication:core/MAC:mul.cmx.sva                                                                                                                                         0.0000 4.4256  
        multiplication:core/mux#4                                      mgc_mux_8_1_2                                                                                                0.3690 4.7946  
        multiplication:core/mux#4.itm                                                                                                                                               0.0000 4.7946  
        multiplication:core/reg(io_read(output:rsc.d).sdt#1.lpi.dfm)   mgc_reg_pos_8_1_0_0_0_1_1                                                                                    0.0000 4.7946  
                                                                                                                                                                                                   
      5                                                                multiplication:core/reg(i#1.sva#1)            multiplication:core/reg(io_read(output:rsc.d).sdt#1.lpi.dfm)   4.7946 15.2054 
                                                                                                                                                                                                   
        Instance                                                       Component                                                                                                    Delta  Delay   
        --------                                                       ---------                                                                                                    -----  -----   
        multiplication:core/reg(i#1.sva#1)                             mgc_reg_pos_3_1_0_0_0_1_1                                                                                    0.0000 0.0000  
        multiplication:core/i#1.sva#1                                                                                                                                               0.0000 0.0000  
        multiplication:core/MAC:and#8                                  mgc_and_3_2                                                                                                  0.2625 0.2625  
        multiplication:core/i#1.lpi.dfm                                                                                                                                             0.0000 0.2625  
        multiplication:core/MAC:mux#7                                  mgc_mux_8_3_8                                                                                                1.5039 1.7664  
        multiplication:core/MAC:mux#7.itm                                                                                                                                           0.0000 1.7664  
        multiplication:core/MAC:mul                                    mgc_mul_8_0_8_0_8                                                                                            2.6592 4.4256  
        multiplication:core/MAC:mul.cmx.sva                                                                                                                                         0.0000 4.4256  
        multiplication:core/mux#4                                      mgc_mux_8_1_2                                                                                                0.3690 4.7946  
        multiplication:core/mux#4.itm                                                                                                                                               0.0000 4.7946  
        multiplication:core/reg(io_read(output:rsc.d).sdt#1.lpi.dfm)   mgc_reg_pos_8_1_0_0_0_1_1                                                                                    0.0000 4.7946  
                                                                                                                                                                                                   
      6                                                                multiplication:core/reg(exit:MAC.lpi)         multiplication:core/reg(io_read(output:rsc.d).sdt#1.lpi.dfm)   4.7946 15.2054 
                                                                                                                                                                                                   
        Instance                                                       Component                                                                                                    Delta  Delay   
        --------                                                       ---------                                                                                                    -----  -----   
        multiplication:core/reg(exit:MAC.lpi)                          mgc_reg_pos_1_1_0_0_0_1_1                                                                                    0.0000 0.0000  
        multiplication:core/exit:MAC.lpi                                                                                                                                            0.0000 0.0000  
        multiplication:core/MAC:not#4                                  mgc_not_1                                                                                                    0.0000 0.0000  
        multiplication:core/MAC:not#4.itm                                                                                                                                           0.0000 0.0000  
        multiplication:core/MAC:exs#1                                                                                                                                               0.0000 0.0000  
        multiplication:core/MAC:exs#1.itm                                                                                                                                           0.0000 0.0000  
        multiplication:core/MAC:and#8                                  mgc_and_3_2                                                                                                  0.2625 0.2625  
        multiplication:core/i#1.lpi.dfm                                                                                                                                             0.0000 0.2625  
        multiplication:core/MAC:mux#7                                  mgc_mux_8_3_8                                                                                                1.5039 1.7664  
        multiplication:core/MAC:mux#7.itm                                                                                                                                           0.0000 1.7664  
        multiplication:core/MAC:mul                                    mgc_mul_8_0_8_0_8                                                                                            2.6592 4.4256  
        multiplication:core/MAC:mul.cmx.sva                                                                                                                                         0.0000 4.4256  
        multiplication:core/mux#4                                      mgc_mux_8_1_2                                                                                                0.3690 4.7946  
        multiplication:core/mux#4.itm                                                                                                                                               0.0000 4.7946  
        multiplication:core/reg(io_read(output:rsc.d).sdt#1.lpi.dfm)   mgc_reg_pos_8_1_0_0_0_1_1                                                                                    0.0000 4.7946  
                                                                                                                                                                                                   
      7                                                                multiplication:core/reg(i#1.sva#1)            multiplication:core/reg(io_read(output:rsc.d).sdt.sg3.lpi.dfm) 4.7946 15.2054 
                                                                                                                                                                                                   
        Instance                                                       Component                                                                                                    Delta  Delay   
        --------                                                       ---------                                                                                                    -----  -----   
        multiplication:core/reg(i#1.sva#1)                             mgc_reg_pos_3_1_0_0_0_1_1                                                                                    0.0000 0.0000  
        multiplication:core/i#1.sva#1                                                                                                                                               0.0000 0.0000  
        multiplication:core/MAC:and#8                                  mgc_and_3_2                                                                                                  0.2625 0.2625  
        multiplication:core/i#1.lpi.dfm                                                                                                                                             0.0000 0.2625  
        multiplication:core/MAC:mux                                    mgc_mux_8_3_8                                                                                                1.5039 1.7664  
        multiplication:core/MAC:mux.itm                                                                                                                                             0.0000 1.7664  
        multiplication:core/MAC:mul                                    mgc_mul_8_0_8_0_8                                                                                            2.6592 4.4256  
        multiplication:core/MAC:mul.cmx.sva                                                                                                                                         0.0000 4.4256  
        multiplication:core/mux#1                                      mgc_mux_8_1_2                                                                                                0.3690 4.7946  
        multiplication:core/mux#1.itm                                                                                                                                               0.0000 4.7946  
        multiplication:core/reg(io_read(output:rsc.d).sdt.sg3.lpi.dfm) mgc_reg_pos_8_1_0_0_0_1_1                                                                                    0.0000 4.7946  
                                                                                                                                                                                                   
      8                                                                multiplication:core/reg(i#1.sva#1)            multiplication:core/reg(io_read(output:rsc.d).sdt.sg3.lpi.dfm) 4.7946 15.2054 
                                                                                                                                                                                                   
        Instance                                                       Component                                                                                                    Delta  Delay   
        --------                                                       ---------                                                                                                    -----  -----   
        multiplication:core/reg(i#1.sva#1)                             mgc_reg_pos_3_1_0_0_0_1_1                                                                                    0.0000 0.0000  
        multiplication:core/i#1.sva#1                                                                                                                                               0.0000 0.0000  
        multiplication:core/MAC:and#8                                  mgc_and_3_2                                                                                                  0.2625 0.2625  
        multiplication:core/i#1.lpi.dfm                                                                                                                                             0.0000 0.2625  
        multiplication:core/MAC:mux#7                                  mgc_mux_8_3_8                                                                                                1.5039 1.7664  
        multiplication:core/MAC:mux#7.itm                                                                                                                                           0.0000 1.7664  
        multiplication:core/MAC:mul                                    mgc_mul_8_0_8_0_8                                                                                            2.6592 4.4256  
        multiplication:core/MAC:mul.cmx.sva                                                                                                                                         0.0000 4.4256  
        multiplication:core/mux#1                                      mgc_mux_8_1_2                                                                                                0.3690 4.7946  
        multiplication:core/mux#1.itm                                                                                                                                               0.0000 4.7946  
        multiplication:core/reg(io_read(output:rsc.d).sdt.sg3.lpi.dfm) mgc_reg_pos_8_1_0_0_0_1_1                                                                                    0.0000 4.7946  
                                                                                                                                                                                                   
      9                                                                multiplication:core/reg(exit:MAC.lpi)         multiplication:core/reg(io_read(output:rsc.d).sdt.sg3.lpi.dfm) 4.7946 15.2054 
                                                                                                                                                                                                   
        Instance                                                       Component                                                                                                    Delta  Delay   
        --------                                                       ---------                                                                                                    -----  -----   
        multiplication:core/reg(exit:MAC.lpi)                          mgc_reg_pos_1_1_0_0_0_1_1                                                                                    0.0000 0.0000  
        multiplication:core/exit:MAC.lpi                                                                                                                                            0.0000 0.0000  
        multiplication:core/MAC:not#4                                  mgc_not_1                                                                                                    0.0000 0.0000  
        multiplication:core/MAC:not#4.itm                                                                                                                                           0.0000 0.0000  
        multiplication:core/MAC:exs#1                                                                                                                                               0.0000 0.0000  
        multiplication:core/MAC:exs#1.itm                                                                                                                                           0.0000 0.0000  
        multiplication:core/MAC:and#8                                  mgc_and_3_2                                                                                                  0.2625 0.2625  
        multiplication:core/i#1.lpi.dfm                                                                                                                                             0.0000 0.2625  
        multiplication:core/MAC:mux#7                                  mgc_mux_8_3_8                                                                                                1.5039 1.7664  
        multiplication:core/MAC:mux#7.itm                                                                                                                                           0.0000 1.7664  
        multiplication:core/MAC:mul                                    mgc_mul_8_0_8_0_8                                                                                            2.6592 4.4256  
        multiplication:core/MAC:mul.cmx.sva                                                                                                                                         0.0000 4.4256  
        multiplication:core/mux#1                                      mgc_mux_8_1_2                                                                                                0.3690 4.7946  
        multiplication:core/mux#1.itm                                                                                                                                               0.0000 4.7946  
        multiplication:core/reg(io_read(output:rsc.d).sdt.sg3.lpi.dfm) mgc_reg_pos_8_1_0_0_0_1_1                                                                                    0.0000 4.7946  
                                                                                                                                                                                                   
      10                                                               multiplication:core/input_a:rsc:mgc_in_wire.d multiplication:core/reg(io_read(output:rsc.d).sdt.sg3.lpi.dfm) 4.5321 15.4679 
                                                                                                                                                                                                   
        Instance                                                       Component                                                                                                    Delta  Delay   
        --------                                                       ---------                                                                                                    -----  -----   
        multiplication:core/input_a:rsc:mgc_in_wire.d                                                                                                                               0.0000 0.0000  
        multiplication:core/slc(input_a:rsc:mgc_in_wire.d)#4                                                                                                                        0.0000 0.0000  
        multiplication:core/slc(input_a:rsc:mgc_in_wire.d)#4.itm                                                                                                                    0.0000 0.0000  
        multiplication:core/MAC:mux                                    mgc_mux_8_3_8                                                                                                1.5039 1.5039  
        multiplication:core/MAC:mux.itm                                                                                                                                             0.0000 1.5039  
        multiplication:core/MAC:mul                                    mgc_mul_8_0_8_0_8                                                                                            2.6592 4.1631  
        multiplication:core/MAC:mul.cmx.sva                                                                                                                                         0.0000 4.1631  
        multiplication:core/mux#1                                      mgc_mux_8_1_2                                                                                                0.3690 4.5321  
        multiplication:core/mux#1.itm                                                                                                                                               0.0000 4.5321  
        multiplication:core/reg(io_read(output:rsc.d).sdt.sg3.lpi.dfm) mgc_reg_pos_8_1_0_0_0_1_1                                                                                    0.0000 4.5321  
                                                                                                                                                                                                   
      
    Register Input and Register-to-Output Slack
      Clock period or pin-to-reg delay constraint (clk): 20.0
      Clock uncertainty constraint (clk)               : 0.0
      
      Instance                                                       Port            Slack (Delay) Messages 
      -------------------------------------------------------------- ------------- ------- ------- --------
      multiplication:core/reg(io_read(output:rsc.d).sdt.sg4.lpi.dfm) mux.itm       15.2054  4.7946          
      multiplication:core/reg(io_read(output:rsc.d).sdt.sg3.lpi.dfm) mux#1.itm     15.2054  4.7946          
      multiplication:core/reg(io_read(output:rsc.d).sdt.sg2.lpi.dfm) mux#2.itm     15.2054  4.7946          
      multiplication:core/reg(io_read(output:rsc.d).sdt.sg1.lpi.dfm) mux#3.itm     15.2054  4.7946          
      multiplication:core/reg(io_read(output:rsc.d).sdt#1.lpi.dfm)   mux#4.itm     15.2054  4.7946          
      multiplication:core/reg(i#1.sva#1)                             MAC:acc#4.tmp 18.2087  1.7913          
      multiplication:core/reg(exit:MAC.lpi)                          MAC:not.itm   18.2087  1.7913          
      multiplication                                                 output:rsc.z  20.0000  0.0000          
      
  Operator Bitwidth Summary
    Operation  Size (bits) Count 
    ---------- ----------- -----
    add                          
    -                    3     2 
    and                          
    -                    2     4 
    mul                          
    -                    8     1 
    mux                          
    -                    3     2 
    -                    1     5 
    not                          
    -                    1    10 
    or                           
    -                    4     2 
    -                    3     2 
    -                    2     3 
    read_port                    
    -                   40     2 
    reg                          
    -                    8     5 
    -                    3     1 
    -                    1     1 
    write_port                   
    -                   40     1 
    
  End of Report
