-- Catapult University Version: Report                                              
-- ---------------------------- ---------------------------------------------------
-- Version:                     2011a.126 Production Release                        
-- Build Date:                  Wed Aug  8 00:52:07 PDT 2012                        
                                                                                    
-- Generated by:                mf2915@EEWS104A-015                                 
-- Generated date:              Wed May 04 11:23:53 +0100 2016                      

Solution Settings: markers.v28
  Current state: extract
  Project: Catapult
  
  Design Input Files Specified
    $PROJECT_HOME/../markers_source/shift_class.h
    $PROJECT_HOME/../markers_source/blur.c
      $MGC_HOME/shared/include/ac_fixed.h
        $MGC_HOME/shared/include/ac_int.h
      $PROJECT_HOME/../markers_source/blur.h
      $PROJECT_HOME/../markers_source/shift_class.h
    $PROJECT_HOME/../markers_source/blur.h
      $MGC_HOME/shared/include/ac_int.h
  
  Processes/Blocks in Design
    Process       Real Operation(s) count Latency Throughput Reset Length II Comments 
    ------------- ----------------------- ------- ---------- ------------ -- --------
    /markers/core                      26       1          1            0  1          
    Design Total:                      26       1          1            0  1          
    
  Bill Of Materials (Datapath)
    Component Name                          Area Score Area(LUTs) Delay Post Alloc Post Assign 
    --------------------------------------- ---------- ---------- ----- ---------- -----------
    [Lib: mgc_Altera-Cyclone-III-6_beh_psr]                                                    
    mgc_add(4,0,4,1,5)                           5.000      5.000 0.691          1           1 
    mgc_add(7,0,6,1,8)                           8.000      8.000 0.931          2           2 
    mgc_add(8,0,8,0,8)                           9.259      9.259 1.163          2           2 
    mgc_add(9,0,8,1,9)                          10.000     10.000 1.235          1           1 
    mgc_and(8,2)                                 5.839      5.839 0.263          3           3 
    mgc_mux(1,1,2)                               0.919      0.919 0.369          0           2 
    mgc_not(7)                                   0.000      0.000 0.000          0           2 
    mgc_not(8)                                   0.000      0.000 0.000          0           1 
    mgc_or(1,2)                                  0.730      0.730 0.268          0           1 
    mgc_or(1,3)                                  1.054      1.054 0.425          0           1 
    mgc_or(1,6)                                  2.028      2.028 0.692          0           1 
    mgc_reg_pos(1,1,0,0,0,1,1)                   0.000      0.000 0.000          0           2 
    mgc_reg_pos(8,1,0,0,0,1,1)                   0.000      0.000 0.000          0           3 
    [Lib: mgc_ioport]                                                                          
    mgc_out_stdreg(2,30)                         0.000      0.000 0.000          1           1 
    mgc_out_stdreg(4,8)                          0.000      0.000 0.000          1           1 
                                                                                               
    TOTAL AREA (After Assignment):              72.685     73.000                              
    
  Area Scores
                      Post-Scheduling Post-DP & FSM Post-Assignment 
    ----------------- --------------- ------------- ---------------
    Total Area Score:     67.0          72.7            72.7        
    Total Reg:             0.0           0.0             0.0        
                                                                    
    DataPath:             67.0 (100%)   72.7 (100%)     72.7 (100%) 
      MUX:                 0.0           1.8   (3%)      1.8   (3%) 
      FUNC:               49.5  (74%)   49.5  (68%)     49.5  (68%) 
      LOGIC:              17.5  (26%)   21.3  (29%)     21.3  (29%) 
      BUFFER:              0.0           0.0             0.0        
      MEM:                 0.0           0.0             0.0        
      ROM:                 0.0           0.0             0.0        
      REG:                 0.0           0.0             0.0        
                                                                    
    
    FSM:                   0.0           0.0             0.0        
      FSM-REG:             0.0           0.0             0.0        
      FSM-COMB:            0.0           0.0             0.0        
                                                                    
    
  Register-to-Variable Mappings
    Register                             Size(bits) Gated Register CG Opt Done Variables                                             
    ------------------------------------ ---------- -------------- ----------- -----------------------------------------------------
    reg(vout:rsc:mgc_out_stdreg.d).tmp            8         Y                  reg(vout:rsc:mgc_out_stdreg.d).tmp                    
    reg(vout:rsc:mgc_out_stdreg.d).tmp#1          8         Y                  reg(vout:rsc:mgc_out_stdreg.d).tmp#1                  
    reg(vout:rsc:mgc_out_stdreg.d).tmp#2          8         Y                  reg(vout:rsc:mgc_out_stdreg.d).tmp#2                  
    aif#1:slc.svs                                 1         Y                  aif#1:slc.svs                                         
    aif#5:slc.svs                                 1         Y                  aif#5:slc.svs                                         
                                                                                                                                     
    Total:                                       26             26           0 (Total Gating Ratio: 1.00, CG Opt Gating Ratio: 0.00) 
    
  Timing Report
    Critical Path
      Max Delay:  3.179514
      Slack:      16.820486
      
      Path                                                Startpoint                Endpoint                                      Delay  Slack   
      --------------------------------------------------- ------------------------- --------------------------------------------- ------ -------
      1                                                   markers:core/vin          markers:core/reg(vout:rsc:mgc_out_stdreg.d)   3.1795 16.8205 
                                                                                                                                                 
        Instance                                          Component                                                               Delta  Delay   
        --------                                          ---------                                                               -----  -----   
        markers:core/vin                                                                                                          0.0000 0.0000  
        markers:core/slc(vin)#4                                                                                                   0.0000 0.0000  
        markers:core/slc(vin)#4.itm                                                                                               0.0000 0.0000  
        markers:core/aif:not#1                            mgc_not_7                                                               0.0000 0.0000  
        markers:core/aif:not#1.itm                                                                                                0.0000 0.0000  
        markers:core/conc#8                                                                                                       0.0000 0.0000  
        markers:core/conc#8.itm                                                                                                   0.0000 0.0000  
        markers:core/slc(conc#8.itm)                                                                                              0.0000 0.0000  
        markers:core/if:acc#1                             mgc_add_8_0_8_0_8                                                       1.1631 1.1631  
        markers:core/exs#9                                                                                                        0.0000 1.1631  
        markers:core/if:acc#1.itm                                                                                                 0.0000 1.1631  
        markers:core/slc(if:acc#1.itm)#1                                                                                          0.0000 1.1631  
        markers:core/slc(if:acc#1.itm)#1.itm                                                                                      0.0000 1.1631  
        markers:core/or#1                                 mgc_or_1_2                                                              0.2679 1.4310  
        markers:core/or.dcpl#1                                                                                                    0.0000 1.4310  
        markers:core/or#2                                 mgc_or_1_3                                                              0.4246 1.8556  
        markers:core/or#2.itm                                                                                                     0.0000 1.8556  
        markers:core/mux                                  mgc_mux_1_1_2                                                           0.3690 2.2245  
        markers:core/aif#5:slc.svs:mx0                                                                                            0.0000 2.2245  
        markers:core/or                                   mgc_or_1_6                                                              0.6925 2.9170  
        markers:core/or.itm                                                                                                       0.0000 2.9170  
        markers:core/exs#3                                                                                                        0.0000 2.9170  
        markers:core/exs#4                                                                                                        0.0000 2.9170  
        markers:core/slc(exs#4)                                                                                                   0.0000 2.9170  
        markers:core/slc(exs#4).itm                                                                                               0.0000 2.9170  
        markers:core/exs                                                                                                          0.0000 2.9170  
        markers:core/exs.itm                                                                                                      0.0000 2.9170  
        markers:core/and                                  mgc_and_8_2                                                             0.2625 3.1795  
        markers:core/and.itm                                                                                                      0.0000 3.1795  
        markers:core/conc#7                                                                                                       0.0000 3.1795  
        markers:core/vout:rsc:mgc_out_stdreg.d#1                                                                                  0.0000 3.1795  
        markers:core/slc(vout:rsc:mgc_out_stdreg.d)                                                                               0.0000 3.1795  
        markers:core/slc(vout:rsc:mgc_out_stdreg.d).itm                                                                           0.0000 3.1795  
        markers:core/reg(vout:rsc:mgc_out_stdreg.d)       mgc_reg_pos_8_1_0_0_0_1_1                                               0.0000 3.1795  
                                                                                                                                                 
      2                                                   markers:core/vin          markers:core/reg(vout:rsc:mgc_out_stdreg.d)   3.1795 16.8205 
                                                                                                                                                 
        Instance                                          Component                                                               Delta  Delay   
        --------                                          ---------                                                               -----  -----   
        markers:core/vin                                                                                                          0.0000 0.0000  
        markers:core/slc(vin)#4                                                                                                   0.0000 0.0000  
        markers:core/slc(vin)#4.itm                                                                                               0.0000 0.0000  
        markers:core/aif:not#1                            mgc_not_7                                                               0.0000 0.0000  
        markers:core/aif:not#1.itm                                                                                                0.0000 0.0000  
        markers:core/conc#8                                                                                                       0.0000 0.0000  
        markers:core/conc#8.itm                                                                                                   0.0000 0.0000  
        markers:core/slc(conc#8.itm)                                                                                              0.0000 0.0000  
        markers:core/if:acc#1                             mgc_add_8_0_8_0_8                                                       1.1631 1.1631  
        markers:core/exs#9                                                                                                        0.0000 1.1631  
        markers:core/if:acc#1.itm                                                                                                 0.0000 1.1631  
        markers:core/slc(if:acc#1.itm)#1                                                                                          0.0000 1.1631  
        markers:core/slc(if:acc#1.itm)#1.itm                                                                                      0.0000 1.1631  
        markers:core/or#1                                 mgc_or_1_2                                                              0.2679 1.4310  
        markers:core/or.dcpl#1                                                                                                    0.0000 1.4310  
        markers:core/or#2                                 mgc_or_1_3                                                              0.4246 1.8556  
        markers:core/or#2.itm                                                                                                     0.0000 1.8556  
        markers:core/mux                                  mgc_mux_1_1_2                                                           0.3690 2.2245  
        markers:core/aif#5:slc.svs:mx0                                                                                            0.0000 2.2245  
        markers:core/or                                   mgc_or_1_6                                                              0.6925 2.9170  
        markers:core/or.itm                                                                                                       0.0000 2.9170  
        markers:core/exs#3                                                                                                        0.0000 2.9170  
        markers:core/exs#4                                                                                                        0.0000 2.9170  
        markers:core/slc(exs#4)#2                                                                                                 0.0000 2.9170  
        markers:core/slc(exs#4)#2.itm                                                                                             0.0000 2.9170  
        markers:core/exs#6                                                                                                        0.0000 2.9170  
        markers:core/exs#6.itm                                                                                                    0.0000 2.9170  
        markers:core/and#2                                mgc_and_8_2                                                             0.2625 3.1795  
        markers:core/and#2.itm                                                                                                    0.0000 3.1795  
        markers:core/conc#7                                                                                                       0.0000 3.1795  
        markers:core/vout:rsc:mgc_out_stdreg.d#1                                                                                  0.0000 3.1795  
        markers:core/slc(vout:rsc:mgc_out_stdreg.d)                                                                               0.0000 3.1795  
        markers:core/slc(vout:rsc:mgc_out_stdreg.d).itm                                                                           0.0000 3.1795  
        markers:core/reg(vout:rsc:mgc_out_stdreg.d)       mgc_reg_pos_8_1_0_0_0_1_1                                               0.0000 3.1795  
                                                                                                                                                 
      3                                                   markers:core/vin          markers:core/reg(vout:rsc:mgc_out_stdreg.d)#2 3.1795 16.8205 
                                                                                                                                                 
        Instance                                          Component                                                               Delta  Delay   
        --------                                          ---------                                                               -----  -----   
        markers:core/vin                                                                                                          0.0000 0.0000  
        markers:core/slc(vin)#4                                                                                                   0.0000 0.0000  
        markers:core/slc(vin)#4.itm                                                                                               0.0000 0.0000  
        markers:core/aif:not#1                            mgc_not_7                                                               0.0000 0.0000  
        markers:core/aif:not#1.itm                                                                                                0.0000 0.0000  
        markers:core/conc#8                                                                                                       0.0000 0.0000  
        markers:core/conc#8.itm                                                                                                   0.0000 0.0000  
        markers:core/slc(conc#8.itm)                                                                                              0.0000 0.0000  
        markers:core/if:acc#1                             mgc_add_8_0_8_0_8                                                       1.1631 1.1631  
        markers:core/exs#9                                                                                                        0.0000 1.1631  
        markers:core/if:acc#1.itm                                                                                                 0.0000 1.1631  
        markers:core/slc(if:acc#1.itm)#1                                                                                          0.0000 1.1631  
        markers:core/slc(if:acc#1.itm)#1.itm                                                                                      0.0000 1.1631  
        markers:core/or#1                                 mgc_or_1_2                                                              0.2679 1.4310  
        markers:core/or.dcpl#1                                                                                                    0.0000 1.4310  
        markers:core/or#2                                 mgc_or_1_3                                                              0.4246 1.8556  
        markers:core/or#2.itm                                                                                                     0.0000 1.8556  
        markers:core/mux                                  mgc_mux_1_1_2                                                           0.3690 2.2245  
        markers:core/aif#5:slc.svs:mx0                                                                                            0.0000 2.2245  
        markers:core/or                                   mgc_or_1_6                                                              0.6925 2.9170  
        markers:core/or.itm                                                                                                       0.0000 2.9170  
        markers:core/exs#3                                                                                                        0.0000 2.9170  
        markers:core/exs#4                                                                                                        0.0000 2.9170  
        markers:core/slc(exs#4)                                                                                                   0.0000 2.9170  
        markers:core/slc(exs#4).itm                                                                                               0.0000 2.9170  
        markers:core/exs                                                                                                          0.0000 2.9170  
        markers:core/exs.itm                                                                                                      0.0000 2.9170  
        markers:core/and                                  mgc_and_8_2                                                             0.2625 3.1795  
        markers:core/and.itm                                                                                                      0.0000 3.1795  
        markers:core/conc#7                                                                                                       0.0000 3.1795  
        markers:core/vout:rsc:mgc_out_stdreg.d#1                                                                                  0.0000 3.1795  
        markers:core/slc(vout:rsc:mgc_out_stdreg.d)#2                                                                             0.0000 3.1795  
        markers:core/slc(vout:rsc:mgc_out_stdreg.d)#2.itm                                                                         0.0000 3.1795  
        markers:core/reg(vout:rsc:mgc_out_stdreg.d)#2     mgc_reg_pos_8_1_0_0_0_1_1                                               0.0000 3.1795  
                                                                                                                                                 
      4                                                   markers:core/vin          markers:core/reg(vout:rsc:mgc_out_stdreg.d)#1 3.1795 16.8205 
                                                                                                                                                 
        Instance                                          Component                                                               Delta  Delay   
        --------                                          ---------                                                               -----  -----   
        markers:core/vin                                                                                                          0.0000 0.0000  
        markers:core/slc(vin)#4                                                                                                   0.0000 0.0000  
        markers:core/slc(vin)#4.itm                                                                                               0.0000 0.0000  
        markers:core/aif:not#1                            mgc_not_7                                                               0.0000 0.0000  
        markers:core/aif:not#1.itm                                                                                                0.0000 0.0000  
        markers:core/conc#8                                                                                                       0.0000 0.0000  
        markers:core/conc#8.itm                                                                                                   0.0000 0.0000  
        markers:core/slc(conc#8.itm)                                                                                              0.0000 0.0000  
        markers:core/if:acc#1                             mgc_add_8_0_8_0_8                                                       1.1631 1.1631  
        markers:core/exs#9                                                                                                        0.0000 1.1631  
        markers:core/if:acc#1.itm                                                                                                 0.0000 1.1631  
        markers:core/slc(if:acc#1.itm)#1                                                                                          0.0000 1.1631  
        markers:core/slc(if:acc#1.itm)#1.itm                                                                                      0.0000 1.1631  
        markers:core/or#1                                 mgc_or_1_2                                                              0.2679 1.4310  
        markers:core/or.dcpl#1                                                                                                    0.0000 1.4310  
        markers:core/or#2                                 mgc_or_1_3                                                              0.4246 1.8556  
        markers:core/or#2.itm                                                                                                     0.0000 1.8556  
        markers:core/mux                                  mgc_mux_1_1_2                                                           0.3690 2.2245  
        markers:core/aif#5:slc.svs:mx0                                                                                            0.0000 2.2245  
        markers:core/or                                   mgc_or_1_6                                                              0.6925 2.9170  
        markers:core/or.itm                                                                                                       0.0000 2.9170  
        markers:core/exs#3                                                                                                        0.0000 2.9170  
        markers:core/exs#4                                                                                                        0.0000 2.9170  
        markers:core/slc(exs#4)                                                                                                   0.0000 2.9170  
        markers:core/slc(exs#4).itm                                                                                               0.0000 2.9170  
        markers:core/exs                                                                                                          0.0000 2.9170  
        markers:core/exs.itm                                                                                                      0.0000 2.9170  
        markers:core/and                                  mgc_and_8_2                                                             0.2625 3.1795  
        markers:core/and.itm                                                                                                      0.0000 3.1795  
        markers:core/conc#7                                                                                                       0.0000 3.1795  
        markers:core/vout:rsc:mgc_out_stdreg.d#1                                                                                  0.0000 3.1795  
        markers:core/slc(vout:rsc:mgc_out_stdreg.d)#1                                                                             0.0000 3.1795  
        markers:core/slc(vout:rsc:mgc_out_stdreg.d)#1.itm                                                                         0.0000 3.1795  
        markers:core/reg(vout:rsc:mgc_out_stdreg.d)#1     mgc_reg_pos_8_1_0_0_0_1_1                                               0.0000 3.1795  
                                                                                                                                                 
      5                                                   markers:core/vin          markers:core/reg(vout:rsc:mgc_out_stdreg.d)#1 3.1795 16.8205 
                                                                                                                                                 
        Instance                                          Component                                                               Delta  Delay   
        --------                                          ---------                                                               -----  -----   
        markers:core/vin                                                                                                          0.0000 0.0000  
        markers:core/slc(vin)#4                                                                                                   0.0000 0.0000  
        markers:core/slc(vin)#4.itm                                                                                               0.0000 0.0000  
        markers:core/aif:not#1                            mgc_not_7                                                               0.0000 0.0000  
        markers:core/aif:not#1.itm                                                                                                0.0000 0.0000  
        markers:core/conc#8                                                                                                       0.0000 0.0000  
        markers:core/conc#8.itm                                                                                                   0.0000 0.0000  
        markers:core/slc(conc#8.itm)                                                                                              0.0000 0.0000  
        markers:core/if:acc#1                             mgc_add_8_0_8_0_8                                                       1.1631 1.1631  
        markers:core/exs#9                                                                                                        0.0000 1.1631  
        markers:core/if:acc#1.itm                                                                                                 0.0000 1.1631  
        markers:core/slc(if:acc#1.itm)#1                                                                                          0.0000 1.1631  
        markers:core/slc(if:acc#1.itm)#1.itm                                                                                      0.0000 1.1631  
        markers:core/or#1                                 mgc_or_1_2                                                              0.2679 1.4310  
        markers:core/or.dcpl#1                                                                                                    0.0000 1.4310  
        markers:core/or#2                                 mgc_or_1_3                                                              0.4246 1.8556  
        markers:core/or#2.itm                                                                                                     0.0000 1.8556  
        markers:core/mux                                  mgc_mux_1_1_2                                                           0.3690 2.2245  
        markers:core/aif#5:slc.svs:mx0                                                                                            0.0000 2.2245  
        markers:core/or                                   mgc_or_1_6                                                              0.6925 2.9170  
        markers:core/or.itm                                                                                                       0.0000 2.9170  
        markers:core/exs#3                                                                                                        0.0000 2.9170  
        markers:core/exs#4                                                                                                        0.0000 2.9170  
        markers:core/slc(exs#4)#1                                                                                                 0.0000 2.9170  
        markers:core/slc(exs#4)#1.itm                                                                                             0.0000 2.9170  
        markers:core/exs#5                                                                                                        0.0000 2.9170  
        markers:core/exs#5.itm                                                                                                    0.0000 2.9170  
        markers:core/and#1                                mgc_and_8_2                                                             0.2625 3.1795  
        markers:core/and#1.itm                                                                                                    0.0000 3.1795  
        markers:core/conc#7                                                                                                       0.0000 3.1795  
        markers:core/vout:rsc:mgc_out_stdreg.d#1                                                                                  0.0000 3.1795  
        markers:core/slc(vout:rsc:mgc_out_stdreg.d)#1                                                                             0.0000 3.1795  
        markers:core/slc(vout:rsc:mgc_out_stdreg.d)#1.itm                                                                         0.0000 3.1795  
        markers:core/reg(vout:rsc:mgc_out_stdreg.d)#1     mgc_reg_pos_8_1_0_0_0_1_1                                               0.0000 3.1795  
                                                                                                                                                 
      6                                                   markers:core/vin          markers:core/reg(vout:rsc:mgc_out_stdreg.d)#1 3.1795 16.8205 
                                                                                                                                                 
        Instance                                          Component                                                               Delta  Delay   
        --------                                          ---------                                                               -----  -----   
        markers:core/vin                                                                                                          0.0000 0.0000  
        markers:core/slc(vin)#4                                                                                                   0.0000 0.0000  
        markers:core/slc(vin)#4.itm                                                                                               0.0000 0.0000  
        markers:core/aif:not#1                            mgc_not_7                                                               0.0000 0.0000  
        markers:core/aif:not#1.itm                                                                                                0.0000 0.0000  
        markers:core/conc#8                                                                                                       0.0000 0.0000  
        markers:core/conc#8.itm                                                                                                   0.0000 0.0000  
        markers:core/slc(conc#8.itm)                                                                                              0.0000 0.0000  
        markers:core/if:acc#1                             mgc_add_8_0_8_0_8                                                       1.1631 1.1631  
        markers:core/exs#9                                                                                                        0.0000 1.1631  
        markers:core/if:acc#1.itm                                                                                                 0.0000 1.1631  
        markers:core/slc(if:acc#1.itm)#1                                                                                          0.0000 1.1631  
        markers:core/slc(if:acc#1.itm)#1.itm                                                                                      0.0000 1.1631  
        markers:core/or#1                                 mgc_or_1_2                                                              0.2679 1.4310  
        markers:core/or.dcpl#1                                                                                                    0.0000 1.4310  
        markers:core/or#2                                 mgc_or_1_3                                                              0.4246 1.8556  
        markers:core/or#2.itm                                                                                                     0.0000 1.8556  
        markers:core/mux                                  mgc_mux_1_1_2                                                           0.3690 2.2245  
        markers:core/aif#5:slc.svs:mx0                                                                                            0.0000 2.2245  
        markers:core/or                                   mgc_or_1_6                                                              0.6925 2.9170  
        markers:core/or.itm                                                                                                       0.0000 2.9170  
        markers:core/exs#3                                                                                                        0.0000 2.9170  
        markers:core/exs#4                                                                                                        0.0000 2.9170  
        markers:core/slc(exs#4)#2                                                                                                 0.0000 2.9170  
        markers:core/slc(exs#4)#2.itm                                                                                             0.0000 2.9170  
        markers:core/exs#6                                                                                                        0.0000 2.9170  
        markers:core/exs#6.itm                                                                                                    0.0000 2.9170  
        markers:core/and#2                                mgc_and_8_2                                                             0.2625 3.1795  
        markers:core/and#2.itm                                                                                                    0.0000 3.1795  
        markers:core/conc#7                                                                                                       0.0000 3.1795  
        markers:core/vout:rsc:mgc_out_stdreg.d#1                                                                                  0.0000 3.1795  
        markers:core/slc(vout:rsc:mgc_out_stdreg.d)#1                                                                             0.0000 3.1795  
        markers:core/slc(vout:rsc:mgc_out_stdreg.d)#1.itm                                                                         0.0000 3.1795  
        markers:core/reg(vout:rsc:mgc_out_stdreg.d)#1     mgc_reg_pos_8_1_0_0_0_1_1                                               0.0000 3.1795  
                                                                                                                                                 
      7                                                   markers:core/vin          markers:core/reg(vout:rsc:mgc_out_stdreg.d)#1 2.9116 17.0884 
                                                                                                                                                 
        Instance                                          Component                                                               Delta  Delay   
        --------                                          ---------                                                               -----  -----   
        markers:core/vin                                                                                                          0.0000 0.0000  
        markers:core/slc(vin)#5                                                                                                   0.0000 0.0000  
        markers:core/slc(vin)#5.itm                                                                                               0.0000 0.0000  
        markers:core/if:acc#2                             mgc_add_8_0_8_0_8                                                       1.1631 1.1631  
        markers:core/if:acc#2.itm                                                                                                 0.0000 1.1631  
        markers:core/aif#1:slc#1                                                                                                  0.0000 1.1631  
        markers:core/aif#1:slc#1.itm                                                                                              0.0000 1.1631  
        markers:core/or#2                                 mgc_or_1_3                                                              0.4246 1.5877  
        markers:core/or#2.itm                                                                                                     0.0000 1.5877  
        markers:core/mux                                  mgc_mux_1_1_2                                                           0.3690 1.9567  
        markers:core/aif#5:slc.svs:mx0                                                                                            0.0000 1.9567  
        markers:core/or                                   mgc_or_1_6                                                              0.6925 2.6491  
        markers:core/or.itm                                                                                                       0.0000 2.6491  
        markers:core/exs#3                                                                                                        0.0000 2.6491  
        markers:core/exs#4                                                                                                        0.0000 2.6491  
        markers:core/slc(exs#4)#2                                                                                                 0.0000 2.6491  
        markers:core/slc(exs#4)#2.itm                                                                                             0.0000 2.6491  
        markers:core/exs#6                                                                                                        0.0000 2.6491  
        markers:core/exs#6.itm                                                                                                    0.0000 2.6491  
        markers:core/and#2                                mgc_and_8_2                                                             0.2625 2.9116  
        markers:core/and#2.itm                                                                                                    0.0000 2.9116  
        markers:core/conc#7                                                                                                       0.0000 2.9116  
        markers:core/vout:rsc:mgc_out_stdreg.d#1                                                                                  0.0000 2.9116  
        markers:core/slc(vout:rsc:mgc_out_stdreg.d)#1                                                                             0.0000 2.9116  
        markers:core/slc(vout:rsc:mgc_out_stdreg.d)#1.itm                                                                         0.0000 2.9116  
        markers:core/reg(vout:rsc:mgc_out_stdreg.d)#1     mgc_reg_pos_8_1_0_0_0_1_1                                               0.0000 2.9116  
                                                                                                                                                 
      8                                                   markers:core/vin          markers:core/reg(vout:rsc:mgc_out_stdreg.d)#1 2.7549 17.2451 
                                                                                                                                                 
        Instance                                          Component                                                               Delta  Delay   
        --------                                          ---------                                                               -----  -----   
        markers:core/vin                                                                                                          0.0000 0.0000  
        markers:core/slc(vin)#4                                                                                                   0.0000 0.0000  
        markers:core/slc(vin)#4.itm                                                                                               0.0000 0.0000  
        markers:core/aif:not#1                            mgc_not_7                                                               0.0000 0.0000  
        markers:core/aif:not#1.itm                                                                                                0.0000 0.0000  
        markers:core/conc#8                                                                                                       0.0000 0.0000  
        markers:core/conc#8.itm                                                                                                   0.0000 0.0000  
        markers:core/slc(conc#8.itm)                                                                                              0.0000 0.0000  
        markers:core/if:acc#1                             mgc_add_8_0_8_0_8                                                       1.1631 1.1631  
        markers:core/exs#9                                                                                                        0.0000 1.1631  
        markers:core/if:acc#1.itm                                                                                                 0.0000 1.1631  
        markers:core/slc(if:acc#1.itm)#1                                                                                          0.0000 1.1631  
        markers:core/slc(if:acc#1.itm)#1.itm                                                                                      0.0000 1.1631  
        markers:core/or#1                                 mgc_or_1_2                                                              0.2679 1.4310  
        markers:core/or.dcpl#1                                                                                                    0.0000 1.4310  
        markers:core/mux#1                                mgc_mux_1_1_2                                                           0.3690 1.8000  
        markers:core/aif#1:slc.svs:mx0                                                                                            0.0000 1.8000  
        markers:core/or                                   mgc_or_1_6                                                              0.6925 2.4924  
        markers:core/or.itm                                                                                                       0.0000 2.4924  
        markers:core/exs#3                                                                                                        0.0000 2.4924  
        markers:core/exs#4                                                                                                        0.0000 2.4924  
        markers:core/slc(exs#4)#2                                                                                                 0.0000 2.4924  
        markers:core/slc(exs#4)#2.itm                                                                                             0.0000 2.4924  
        markers:core/exs#6                                                                                                        0.0000 2.4924  
        markers:core/exs#6.itm                                                                                                    0.0000 2.4924  
        markers:core/and#2                                mgc_and_8_2                                                             0.2625 2.7549  
        markers:core/and#2.itm                                                                                                    0.0000 2.7549  
        markers:core/conc#7                                                                                                       0.0000 2.7549  
        markers:core/vout:rsc:mgc_out_stdreg.d#1                                                                                  0.0000 2.7549  
        markers:core/slc(vout:rsc:mgc_out_stdreg.d)#1                                                                             0.0000 2.7549  
        markers:core/slc(vout:rsc:mgc_out_stdreg.d)#1.itm                                                                         0.0000 2.7549  
        markers:core/reg(vout:rsc:mgc_out_stdreg.d)#1     mgc_reg_pos_8_1_0_0_0_1_1                                               0.0000 2.7549  
                                                                                                                                                 
      9                                                   markers:core/vin          markers:core/reg(vout:rsc:mgc_out_stdreg.d)#1 2.6791 17.3209 
                                                                                                                                                 
        Instance                                          Component                                                               Delta  Delay   
        --------                                          ---------                                                               -----  -----   
        markers:core/vin                                                                                                          0.0000 0.0000  
        markers:core/slc(vin)#6                                                                                                   0.0000 0.0000  
        markers:core/slc(vin)#6.itm                                                                                               0.0000 0.0000  
        markers:core/aif#1:aif:not#1                      mgc_not_7                                                               0.0000 0.0000  
        markers:core/aif#1:aif:not#1.itm                                                                                          0.0000 0.0000  
        markers:core/aif#1:aif:acc                        mgc_add_7_0_6_1_8                                                       0.9306 0.9306  
        markers:core/aif#1:aif:acc.itm                                                                                            0.0000 0.9306  
        markers:core/aif#1:aif:slc#1                                                                                              0.0000 0.9306  
        markers:core/aif#1:aif:slc#1.itm                                                                                          0.0000 0.9306  
        markers:core/or#2                                 mgc_or_1_3                                                              0.4246 1.3552  
        markers:core/or#2.itm                                                                                                     0.0000 1.3552  
        markers:core/mux                                  mgc_mux_1_1_2                                                           0.3690 1.7241  
        markers:core/aif#5:slc.svs:mx0                                                                                            0.0000 1.7241  
        markers:core/or                                   mgc_or_1_6                                                              0.6925 2.4166  
        markers:core/or.itm                                                                                                       0.0000 2.4166  
        markers:core/exs#3                                                                                                        0.0000 2.4166  
        markers:core/exs#4                                                                                                        0.0000 2.4166  
        markers:core/slc(exs#4)#2                                                                                                 0.0000 2.4166  
        markers:core/slc(exs#4)#2.itm                                                                                             0.0000 2.4166  
        markers:core/exs#6                                                                                                        0.0000 2.4166  
        markers:core/exs#6.itm                                                                                                    0.0000 2.4166  
        markers:core/and#2                                mgc_and_8_2                                                             0.2625 2.6791  
        markers:core/and#2.itm                                                                                                    0.0000 2.6791  
        markers:core/conc#7                                                                                                       0.0000 2.6791  
        markers:core/vout:rsc:mgc_out_stdreg.d#1                                                                                  0.0000 2.6791  
        markers:core/slc(vout:rsc:mgc_out_stdreg.d)#1                                                                             0.0000 2.6791  
        markers:core/slc(vout:rsc:mgc_out_stdreg.d)#1.itm                                                                         0.0000 2.6791  
        markers:core/reg(vout:rsc:mgc_out_stdreg.d)#1     mgc_reg_pos_8_1_0_0_0_1_1                                               0.0000 2.6791  
                                                                                                                                                 
      10                                                  markers:core/vin          markers:core/reg(vout:rsc:mgc_out_stdreg.d)#1 2.4871 17.5129 
                                                                                                                                                 
        Instance                                          Component                                                               Delta  Delay   
        --------                                          ---------                                                               -----  -----   
        markers:core/vin                                                                                                          0.0000 0.0000  
        markers:core/slc(vin)#5                                                                                                   0.0000 0.0000  
        markers:core/slc(vin)#5.itm                                                                                               0.0000 0.0000  
        markers:core/if:acc#2                             mgc_add_8_0_8_0_8                                                       1.1631 1.1631  
        markers:core/if:acc#2.itm                                                                                                 0.0000 1.1631  
        markers:core/aif#1:slc                                                                                                    0.0000 1.1631  
        markers:core/aif#1:slc.itm                                                                                                0.0000 1.1631  
        markers:core/mux#1                                mgc_mux_1_1_2                                                           0.3690 1.5321  
        markers:core/aif#1:slc.svs:mx0                                                                                            0.0000 1.5321  
        markers:core/or                                   mgc_or_1_6                                                              0.6925 2.2245  
        markers:core/or.itm                                                                                                       0.0000 2.2245  
        markers:core/exs#3                                                                                                        0.0000 2.2245  
        markers:core/exs#4                                                                                                        0.0000 2.2245  
        markers:core/slc(exs#4)#2                                                                                                 0.0000 2.2245  
        markers:core/slc(exs#4)#2.itm                                                                                             0.0000 2.2245  
        markers:core/exs#6                                                                                                        0.0000 2.2245  
        markers:core/exs#6.itm                                                                                                    0.0000 2.2245  
        markers:core/and#2                                mgc_and_8_2                                                             0.2625 2.4871  
        markers:core/and#2.itm                                                                                                    0.0000 2.4871  
        markers:core/conc#7                                                                                                       0.0000 2.4871  
        markers:core/vout:rsc:mgc_out_stdreg.d#1                                                                                  0.0000 2.4871  
        markers:core/slc(vout:rsc:mgc_out_stdreg.d)#1                                                                             0.0000 2.4871  
        markers:core/slc(vout:rsc:mgc_out_stdreg.d)#1.itm                                                                         0.0000 2.4871  
        markers:core/reg(vout:rsc:mgc_out_stdreg.d)#1     mgc_reg_pos_8_1_0_0_0_1_1                                               0.0000 2.4871  
                                                                                                                                                 
      
    Register Input and Register-to-Output Slack
      Clock period or pin-to-reg delay constraint (clk): 20.0
      Clock uncertainty constraint (clk)               : 0.0
      
      Instance                                      Port                                   Slack (Delay) Messages 
      --------------------------------------------- ------------------------------------ ------- ------- --------
      markers:core/reg(aif#5:slc.svs)               aif#5:slc.svs:mx0                    16.8205  3.1795          
      markers:core/reg(aif#1:slc.svs)               aif#1:slc.svs:mx0                    17.2451  2.7549          
      markers:core/reg(vout:rsc:mgc_out_stdreg.d)   slc(vout:rsc:mgc_out_stdreg.d).itm   16.8205  3.1795          
      markers:core/reg(vout:rsc:mgc_out_stdreg.d)#1 slc(vout:rsc:mgc_out_stdreg.d)#1.itm 16.8205  3.1795          
      markers:core/reg(vout:rsc:mgc_out_stdreg.d)#2 slc(vout:rsc:mgc_out_stdreg.d)#2.itm 16.8205  3.1795          
      markers                                       vout:rsc.z                           20.0000  0.0000          
      markers                                       volume:rsc.z                         20.0000  0.0000          
      
  Operator Bitwidth Summary
    Operation  Size (bits) Count 
    ---------- ----------- -----
    add                          
    -                    9     1 
    -                    8     4 
    -                    5     1 
    and                          
    -                    2     3 
    mux                          
    -                    1     2 
    not                          
    -                    8     1 
    -                    7     2 
    or                           
    -                    6     1 
    -                    3     1 
    -                    2     1 
    reg                          
    -                    8     3 
    -                    1     2 
    write_port                   
    -                   30     1 
    -                    8     1 
    
  End of Report
